NEW RUN________________________________________
positive data: [[1.46446611 1.46446611]]
positive utility: 10.0
____iterstion: 0
init time = 2.1144 s
NFG time = 0
plot time = 0
BR time = 0
Train time = 0
Matrix update time = 0
positive data: [[1.46446611]
 [1.46446611]]
positive support: [1.]
classifires probs: [1.]
BR point: [1.46446611 1.46446611]
BR value: 9.999999998021368
BR point: [1.46446611 1.46446611]
BR value: 9.999999998021368
Points utilities = [[10.]]
new point utility = 9.999999998021368
new point = [1.46446611 1.46446611]
3
classifier utilities = 10.000000006757414
new classifier utility = [0.]
new classifier is better = True
classifier utilities = 10.000000006757414
new classifier utility = [0.]
new classifier is better = True
classifier utilities = [10.00000001]
new classifier utility = [0.]
classifier added
classifires probs: [1.]
____iterstion: 1
init time = 2.1144 s
NFG time = 0.2991 s
plot time = 0.0000 s
BR time = 0.7546 s
Train time = 0.3253 s
Matrix update time = 0.0006 s
positive data: [[1.46446611]
 [1.46446611]]
positive support: [1.]
classifires probs: [-2.63694171e-11  1.00000000e+00]
BR point: [8.53553396 8.53553395]
BR value: 10.000000000232049
BR point: [8.53553396 8.53553395]
BR value: 10.000000000232049
Points utilities = [[-2.63694171e-10]]
new point utility = 10.000000000232049
new point = [8.53553396 8.53553395]
point added
3
classifires probs: [-2.63694171e-11  1.00000000e+00]
____iterstion: 2
init time = 2.1144 s
NFG time = 0.3008 s
plot time = 0.0000 s
BR time = 1.4775 s
Train time = 0.3259 s
Matrix update time = 0.0016 s
positive data: [[1.46446611 8.53553396]
 [1.46446611 8.53553395]]
positive support: [1.43641857e-10 1.00000000e+00]
classifires probs: [0.88406325 0.11593675]
BR point: [8.53553398 8.53553398]
BR value: 9.99999999651658
BR point: [8.53553398 8.53553398]
BR value: 9.99999999651658
Points utilities = [[ 8.84063247 10.        ]]
new point utility = 9.99999999651658
new point = [8.53553398 8.53553398]
3
classifier utilities = 10.000000022520684
new classifier utility = [0.]
new classifier is better = True
classifier utilities = 10.000000022520684
new classifier utility = [0.]
new classifier is better = True
classifier utilities = [10.00000002 10.00000002]
new classifier utility = [0.]
classifier added
classifires probs: [0.88406325 0.11593675]
____iterstion: 3
init time = 2.1144 s
NFG time = 0.3026 s
plot time = 0.0000 s
BR time = 1.5113 s
Train time = 0.6102 s
Matrix update time = 0.0021 s
positive data: [[1.46446611 8.53553396]
 [1.46446611 8.53553395]]
positive support: [1.29882965e-09 1.00000000e+00]
classifires probs: [0.26364834 0.46135166 0.275     ]
BR point: [8.80274272 8.16241096]
BR value: 9.513086839314164
BR point: [8.80274272 8.16241096]
BR value: 9.513086839314164
Points utilities = [[2.63648341 7.24999998]]
new point utility = 9.513086839314164
new point = [8.80274272 8.16241096]
point added
3
classifires probs: [0.26364834 0.46135166 0.275     ]
____iterstion: 4
init time = 2.1144 s
NFG time = 0.3323 s
plot time = 0.0000 s
BR time = 2.6693 s
Train time = 0.6107 s
Matrix update time = 0.0030 s
positive data: [[1.46446611 8.53553396 8.80274272]
 [1.46446611 8.53553395 8.16241096]]
positive support: [3.20067762e-10 5.78393494e-09 1.00000000e+00]
classifires probs: [0.82249859 0.0800121  0.09748931]
BR point: [8.80506759 8.16470006]
BR value: 9.513148701756476
BR point: [8.80506759 8.16470006]
BR value: 9.513148701756476
Points utilities = [[8.22498591 9.0251069  9.51308683]]
new point utility = 9.513148701756476
new point = [8.80506759 8.16470006]
3
classifier utilities = 9.513086865494628
new classifier utility = [0.]
new classifier is better = True
classifier utilities = 9.513086865494628
new classifier utility = [0.]
new classifier is better = True
classifier utilities = [9.51308693 9.51308692 9.51308687]
new classifier utility = [3.20067762e-09]
classifier added
classifires probs: [0.82249859 0.0800121  0.09748931]
____iterstion: 5
init time = 2.1144 s
NFG time = 0.3339 s
plot time = 0.0000 s
BR time = 3.2707 s
Train time = 0.8947 s
Matrix update time = 0.0036 s
positive data: [[1.46446611 8.53553396 8.80274272]
 [1.46446611 8.53553395 8.16241096]]
positive support: [4.87523419e-01 4.91062374e-09 5.12476577e-01]
classifires probs: [-6.05063540e-11  4.81754256e-01  3.07223237e-02  4.87523420e-01]
BR point: [8.52961009 8.54103421]
BR value: 9.692624840622656
BR point: [8.52961009 8.54103421]
BR value: 9.692624840622656
Points utilities = [[4.8752342  4.81754256 4.8752342 ]]
new point utility = 9.692624840622656
new point = [8.52961009 8.54103421]
point added
3
classifier utilities = 4.875234175901923
new classifier utility = [4.87523418]
new classifier is better = False
classifier utilities = 4.875234175901923
new classifier utility = [0.]
new classifier is better = True
classifier utilities = [9.75046842 4.87523423 4.87523418 4.87523419]
new classifier utility = [4.91062374e-08]
classifier added
classifires probs: [-6.05063540e-11  4.81754256e-01  3.07223237e-02  4.87523420e-01]
____iterstion: 6
init time = 2.1144 s
NFG time = 0.3358 s
plot time = 0.0000 s
BR time = 4.6430 s
Train time = 1.1789 s
Matrix update time = 0.0198 s
positive data: [[1.46446611 8.53553396 8.80274272 8.52961009]
 [1.46446611 8.53553395 8.16241096 8.54103421]]
positive support: [1.57315431e-09 3.82850331e-08 3.44513080e-01 6.55486900e-01]
classifires probs: [0.18140902 0.46561949 0.19702858 0.11264428 0.04329863]
BR point: [8.14933727 8.8193696 ]
BR value: 9.467684988486942
BR point: [8.14933727 8.8193696 ]
BR value: 9.467684988486942
Points utilities = [[2.94053299 6.90327147 8.02958839 8.0295884 ]]
new point utility = 9.467684988486942
new point = [8.14933727 8.8193696 ]
point added
3
classifier utilities = 3.277382849021495
new classifier utility = [0.]
new classifier is better = True
classifier utilities = 3.277382849021495
new classifier utility = [0.]
new classifier is better = True
classifier utilities = [9.83214951 9.83214949 3.27738285 6.55476627 6.55476686]
new classifier utility = [0.]
classifier added
classifires probs: [0.18140902 0.46561949 0.19702858 0.11264428 0.04329863]
____iterstion: 7
init time = 2.1144 s
NFG time = 0.3382 s
plot time = 0.0000 s
BR time = 6.1041 s
Train time = 1.4639 s
Matrix update time = 0.0211 s
positive data: [[1.46446611 8.53553396 8.80274272 8.52961009 8.14933727]
 [1.46446611 8.53553395 8.16241096 8.54103421 8.8193696 ]]
positive support: [1.74805427e-08 4.99952708e-01 6.00891708e-07 5.00046605e-01
 1.52869545e-07]
classifires probs: [3.27664919e-01 3.97329310e-01 1.17172007e-02 1.13538869e-05
 7.31001528e-09 2.63277209e-01]
BR point: [8.0728533  8.80366033]
BR value: 9.363292822801323
BR point: [8.0728533  8.80366033]
BR value: 9.363292822801323
Points utilities = [[3.27676272 7.24994236 7.0083998  7.24994226 6.97505931]]
new point utility = 9.363292822801323
new point = [8.0728533  8.80366033]
point added
3
classifires probs: [3.27664919e-01 3.97329310e-01 1.17172007e-02 1.13538869e-05
 7.31001528e-09 2.63277209e-01]
____iterstion: 8
init time = 2.1144 s
NFG time = 0.3405 s
plot time = 0.0000 s
BR time = 7.6761 s
Train time = 1.4645 s
Matrix update time = 0.0223 s
positive data: [[1.46446611 8.53553396 8.80274272 8.52961009 8.14933727 8.0728533 ]
 [1.46446611 8.53553395 8.16241096 8.54103421 8.8193696  8.80366033]]
positive support: [3.02649488e-09 7.36772154e-09 3.07488799e-09 1.17529185e-08
 8.41413137e-09 1.00000001e+00]
classifires probs: [0.75141592 0.06653954 0.05364864 0.04542869 0.0337864  0.04918081]
BR point: [8.11825021 8.84941595]
BR value: 9.367528973248195
BR point: [8.11825021 8.84941595]
BR value: 9.367528973248195
Points utilities = [[7.96844616 8.51741865 8.29164546 8.97156496 9.0020566  9.36329281]]
new point utility = 9.367528973248195
new point = [8.11825021 8.84941595]
3
classifier utilities = 9.36329292820281
new classifier utility = [0.]
new classifier is better = True
classifier utilities = 9.36329292820281
new classifier utility = [0.]
new classifier is better = True
classifier utilities = [9.36329326 9.36329323 9.36329304 9.36329316 9.3632932  9.36329293]
new classifier utility = [2.50721183e-07]
classifier added
classifires probs: [0.75141592 0.06653954 0.05364864 0.04542869 0.0337864  0.04918081]
____iterstion: 9
init time = 2.1144 s
NFG time = 0.3422 s
plot time = 0.0000 s
BR time = 8.7949 s
Train time = 1.7558 s
Matrix update time = 0.0229 s
positive data: [[1.46446611 8.53553396 8.80274272 8.52961009 8.14933727 8.0728533 ]
 [1.46446611 8.53553395 8.16241096 8.54103421 8.8193696  8.80366033]]
positive support: [4.12175207e-09 1.92148252e-01 1.09444379e-07 1.92173193e-01
 1.73698654e-08 6.15678468e-01]
classifires probs: [5.82330810e-01 1.86034241e-01 2.16881275e-02 1.34092683e-05
 6.11623201e-09 1.23189785e-01 8.67436201e-02]
BR point: [8.88866788 7.9741333 ]
BR value: 9.017998249645242
BR point: [8.88866788 7.9741333 ]
BR value: 9.017998249645242
Points utilities = [[6.69087839 8.55108677 8.34104408 8.55108683 7.48010164 8.5510869 ]]
new point utility = 9.017998249645242
new point = [8.88866788 7.9741333 ]
point added
3
classifier utilities = 3.8431854090464808
new classifier utility = [1.04115388e-06]
new classifier is better = True
classifier utilities = 3.8431854090464808
new classifier utility = [1.04115388e-06]
new classifier is better = True
classifier utilities = [9.60796335 9.60796331 5.76477899 7.68647979 9.60796234 5.76477778
 3.84318541]
new classifier utility = [1.0823714e-06]
classifier added
classifires probs: [5.82330810e-01 1.86034241e-01 2.16881275e-02 1.34092683e-05
 6.11623201e-09 1.23189785e-01 8.67436201e-02]
____iterstion: 10
init time = 2.1144 s
NFG time = 0.3448 s
plot time = 0.0000 s
BR time = 10.8368 s
Train time = 2.0414 s
Matrix update time = 0.0243 s
positive data: [[1.46446611 8.53553396 8.80274272 8.52961009 8.14933727 8.0728533
  8.88866788]
 [1.46446611 8.53553395 8.16241096 8.54103421 8.8193696  8.80366033
  7.9741333 ]]
positive support: [1.15251287e-09 6.02552766e-09 2.83979731e-08 3.81327974e-01
 7.46758406e-09 4.07252092e-01 2.11419901e-01]
classifires probs: [ 6.24814652e-01  1.64458858e-01  5.47065192e-03  5.91813006e-02
 -1.01436162e-11  5.22103686e-02  1.01234639e-09  9.38641677e-02]
BR point: [8.71244971 8.19963864]
BR value: 8.547373908570805
BR point: [8.71244971 8.19963864]
BR value: 8.547373908570805
Points utilities = [[7.77860121 7.89273511 8.45340822 8.48441513 8.08469729 8.48441513
  8.48441513]]
new point utility = 8.547373908570805
new point = [8.71244971 8.19963864]
point added
3
classifier utilities = 1.906610073422715
new classifier utility = [1.90660986]
new classifier is better = False
classifier utilities = 1.906610073422715
new classifier utility = [0.]
new classifier is better = True
classifier utilities = [9.53305084 9.53305083 5.71983079 7.62644065 9.53305068 5.71983045
 5.71983017 1.90661007]
new classifier utility = [0.]
classifier added
classifires probs: [ 6.24814652e-01  1.64458858e-01  5.47065192e-03  5.91813006e-02
 -1.01436162e-11  5.22103686e-02  1.01234639e-09  9.38641677e-02]
____iterstion: 11
init time = 2.1144 s
NFG time = 0.3476 s
plot time = 0.0000 s
BR time = 12.7346 s
Train time = 2.3265 s
Matrix update time = 0.0257 s
positive data: [[1.46446611 8.53553396 8.80274272 8.52961009 8.14933727 8.0728533
  8.88866788 8.71244971]
 [1.46446611 8.53553395 8.16241096 8.54103421 8.8193696  8.80366033
  7.9741333  8.19963864]]
positive support: [4.96862258e-09 3.25664920e-01 3.53752079e-08 3.26227168e-01
 4.46791622e-08 3.48107819e-01 3.25792402e-08 2.57198025e-08]
classifires probs: [5.58079761e-01 2.40481888e-01 1.01903274e-02 1.25120043e-05
 4.52465392e-09 4.40996289e-02 1.15135694e-09 4.68603965e-09
 1.47135872e-01]
BR point: [8.89823666 7.96533   ]
BR value: 8.979433440771238
BR point: [8.89823666 7.96533   ]
BR value: 8.979433440771238
Points utilities = [[5.58092278 7.98561654 7.69372784 7.9856165  7.65712745 7.98561651
  7.69111751 7.72881196]]
new point utility = 8.979433440771238
new point = [8.89823666 7.96533   ]
point added
3
classifires probs: [5.58079761e-01 2.40481888e-01 1.01903274e-02 1.25120043e-05
 4.52465392e-09 4.40996289e-02 1.15135694e-09 4.68603965e-09
 1.47135872e-01]
____iterstion: 12
init time = 2.1144 s
NFG time = 0.3500 s
plot time = 0.0000 s
BR time = 14.8449 s
Train time = 2.3270 s
Matrix update time = 0.0276 s
positive data: [[1.46446611 8.53553396 8.80274272 8.52961009 8.14933727 8.0728533
  8.88866788 8.71244971 8.89823666]
 [1.46446611 8.53553395 8.16241096 8.54103421 8.8193696  8.80366033
  7.9741333  8.19963864 7.96533   ]]
positive support: [2.79609270e-09 9.04024916e-09 4.31372506e-09 4.78284880e-01
 4.07000257e-09 2.55400211e-01 3.07246570e-09 3.29992322e-09
 2.66314899e-01]
classifires probs: [3.52872796e-01 3.90955055e-01 1.77604367e-02 8.12135647e-02
 9.62108371e-10 3.83288563e-02 1.23053243e-09 2.69655441e-09
 1.18869286e-01]
BR point: [7.81284101 8.85431479]
BR value: 8.714978266062742
BR point: [7.81284101 8.85431479]
BR value: 8.714978266062742
Points utilities = [[4.34086365 7.43827853 7.24505555 8.25028486 7.97938246 8.25028486
  7.21374819 7.19907547 8.25028487]]
new point utility = 8.714978266062742
new point = [7.81284101 8.85431479]
point added
3
classifier utilities = 2.3913868312299704
new classifier utility = [2.39138683]
new classifier is better = False
classifier utilities = 2.3913868312299704
new classifier utility = [0.]
new classifier is better = True
classifier utilities = [9.56554789 9.56554786 4.78277391 7.17416086 9.56554795 4.78277383
 7.17416088 2.39138696 2.39138683]
new classifier utility = [0.]
classifier added
classifires probs: [3.52872796e-01 3.90955055e-01 1.77604367e-02 8.12135647e-02
 9.62108371e-10 3.83288563e-02 1.23053243e-09 2.69655441e-09
 1.18869286e-01]
____iterstion: 13
init time = 2.1144 s
NFG time = 0.3525 s
plot time = 0.0000 s
BR time = 16.0876 s
Train time = 2.6176 s
Matrix update time = 0.0291 s
positive data: [[1.46446611 8.53553396 8.80274272 8.52961009 8.14933727 8.0728533
  8.88866788 8.71244971 8.89823666 7.81284101]
 [1.46446611 8.53553395 8.16241096 8.54103421 8.8193696  8.80366033
  7.9741333  8.19963864 7.96533    8.85431479]]
positive support: [4.51792306e-10 4.26545588e-09 3.08860618e-09 1.82631514e-01
 1.15161196e-09 2.18572976e-09 4.17942312e-09 1.88696829e-01
 3.78060546e-09 6.28671649e-01]
classifires probs: [5.64137965e-01 2.08092581e-01 5.86591777e-03 3.34126576e-02
 7.60801163e-05 3.51932249e-03 6.99097246e-03 6.04794316e-02
 2.37891103e-10 1.17425071e-01]
BR point: [1.41987257 2.40989143]
BR value: 8.531456160012969
BR point: [1.41987257 2.40989143]
BR value: 8.531456160012969
Points utilities = [[6.65021027 7.79297599 8.04395104 8.12697518 7.68383304 7.63206235
  7.65784654 8.12697518 7.6250915  8.12697519]]
new point utility = 8.531456160012969
new point = [1.41987257 2.40989143]
point added
3
classifier utilities = 1.8262865334533949
new classifier utility = [1.82628643]
new classifier is better = False
classifier utilities = 1.8262865334533949
new classifier utility = [0.]
new classifier is better = True
classifier utilities = [9.13143291 9.1314329  5.47885992 7.30514633 7.3051465  5.47885988
 3.65257309 1.82628653 5.47885982 5.47885973]
new classifier utility = [7.61565788e-08]
classifier added
classifires probs: [5.64137965e-01 2.08092581e-01 5.86591777e-03 3.34126576e-02
 7.60801163e-05 3.51932249e-03 6.99097246e-03 6.04794316e-02
 2.37891103e-10 1.17425071e-01]
____iterstion: 14
init time = 2.1144 s
NFG time = 0.3553 s
plot time = 0.0000 s
BR time = 18.4649 s
Train time = 2.9131 s
Matrix update time = 0.0308 s
positive data: [[1.46446611 8.53553396 8.80274272 8.52961009 8.14933727 8.0728533
  8.88866788 8.71244971 8.89823666 7.81284101 1.41987257]
 [1.46446611 8.53553395 8.16241096 8.54103421 8.8193696  8.80366033
  7.9741333  8.19963864 7.96533    8.85431479 2.40989143]]
positive support: [3.64731705e-09 6.36404632e-09 5.09418751e-09 2.45028526e-08
 3.81546521e-09 7.88790397e-09 7.22694603e-09 2.12595770e-09
 1.10607950e-08 6.57652575e-09 1.00000002e+00]
classifires probs: [0.68828892 0.07709629 0.03922975 0.03548118 0.01777765 0.02190623
 0.02058157 0.02027354 0.01474239 0.03865781 0.02596466]
BR point: [1.33562355 1.53340132]
BR value: 9.005425395207375
BR point: [1.33562355 1.53340132]
BR value: 9.005425395207375
Points utilities = [[7.90589881 8.03744429 8.04303017 8.3921246  8.12207879 8.23763795
  8.21657622 7.80312929 8.31381127 8.13264537 8.53145614]]
new point utility = 9.005425395207375
new point = [1.33562355 1.53340132]
point added
3
classifier utilities = 8.531456322893172
new classifier utility = [0.]
new classifier is better = True
classifier utilities = 8.531456322893172
new classifier utility = [0.]
new classifier is better = True
classifier utilities = [8.53145703 8.531457   8.53145667 8.53145674 8.53145693 8.53145658
 8.53145687 8.53145656 8.53145645 8.53145635 8.53145632]
new classifier utility = [7.09491532e-07]
classifier added
classifires probs: [0.68828892 0.07709629 0.03922975 0.03548118 0.01777765 0.02190623
 0.02058157 0.02027354 0.01474239 0.03865781 0.02596466]
____iterstion: 15
init time = 2.1144 s
NFG time = 0.3572 s
plot time = 0.0000 s
BR time = 20.4365 s
Train time = 3.2057 s
Matrix update time = 0.0324 s
positive data: [[1.46446611 8.53553396 8.80274272 8.52961009 8.14933727 8.0728533
  8.88866788 8.71244971 8.89823666 7.81284101 1.41987257 1.33562355]
 [1.46446611 8.53553395 8.16241096 8.54103421 8.8193696  8.80366033
  7.9741333  8.19963864 7.96533    8.85431479 2.40989143 1.53340132]]
positive support: [3.15146965e-09 2.32713416e-01 3.72510372e-08 2.32956710e-01
 2.32725035e-08 2.00497141e-08 1.42929707e-07 6.56605980e-08
 1.04531282e-07 5.34329528e-01 6.42467596e-09 5.07464698e-09]
classifires probs: [4.55222065e-01 1.59690882e-01 2.18148337e-03 1.25821307e-05
 2.93134598e-09 3.00363023e-03 5.79723353e-09 7.09706108e-03
 2.48604990e-09 1.13245101e-01 7.11846986e-02 1.88362485e-01]
BR point: [8.93724899 7.92190311]
BR value: 8.796707316892501
BR point: [8.93724899 7.92190311]
BR value: 8.796707316892501
Points utilities = [[5.33516413 8.03275441 7.72989659 8.03275432 7.6259315  7.56997067
  7.99674787 7.84312222 7.96254324 8.0327544  6.92444986 6.48645199]]
new point utility = 8.796707316892501
new point = [8.93724899 7.92190311]
point added
3
classifires probs: [4.55222065e-01 1.59690882e-01 2.18148337e-03 1.25821307e-05
 2.93134598e-09 3.00363023e-03 5.79723353e-09 7.09706108e-03
 2.48604990e-09 1.13245101e-01 7.11846986e-02 1.88362485e-01]
____iterstion: 16
init time = 2.1144 s
NFG time = 0.3600 s
plot time = 0.0000 s
BR time = 23.1040 s
Train time = 3.2063 s
Matrix update time = 0.0340 s
positive data: [[1.46446611 8.53553396 8.80274272 8.52961009 8.14933727 8.0728533
  8.88866788 8.71244971 8.89823666 7.81284101 1.41987257 1.33562355
  8.93724899]
 [1.46446611 8.53553395 8.16241096 8.54103421 8.8193696  8.80366033
  7.9741333  8.19963864 7.96533    8.85431479 2.40989143 1.53340132
  7.92190311]]
positive support: [3.33845461e-10 1.21294908e-09 9.26907662e-10 3.68214236e-01
 8.13074718e-10 4.09208727e-10 4.92266269e-10 1.08455462e-09
 4.01986256e-10 4.22500731e-01 9.62945394e-10 8.50007966e-10
 2.09285031e-01]
classifires probs: [3.96042355e-01 1.82130669e-01 8.26802272e-03 6.86816078e-02
 1.12892341e-10 1.57964868e-02 5.18350647e-10 3.46296314e-02
 3.29783091e-10 9.67229295e-02 2.53062479e-02 1.72422049e-01]
BR point: [7.92056254 8.85099411]
BR value: 8.437585124467455
BR point: [7.92056254 8.85099411]
BR value: 8.437585124467455
Points utilities = [[5.24659842 7.50595073 7.54856522 8.1926384  7.83493257 7.89645052
  7.52648134 7.59973141 7.49428818 8.1926384  7.060445   6.42178763
  8.1926384 ]]
new point utility = 8.437585124467455
new point = [7.92056254 8.85099411]
point added
3
classifier utilities = 1.8410423612782993
new classifier utility = [5.52312703]
new classifier is better = False
classifier utilities = 1.8410423612782993
new classifier utility = [1.84104233]
new classifier is better = False
classifier utilities = 1.8410423612782993
new classifier utility = [0.]
new classifier is better = True
classifier utilities = [9.20521176 9.20521174 5.52312708 7.36416938 9.20521185 5.52312706
 5.52312704 1.84104238 5.52312705 5.52312701 1.84104236 9.20521174]
new classifier utility = [2.00108166e-08]
classifier added
classifires probs: [3.96042355e-01 1.82130669e-01 8.26802272e-03 6.86816078e-02
 1.12892341e-10 1.57964868e-02 5.18350647e-10 3.46296314e-02
 3.29783091e-10 9.67229295e-02 2.53062479e-02 1.72422049e-01]
____iterstion: 17
init time = 2.1144 s
NFG time = 0.3625 s
plot time = 0.0000 s
BR time = 24.7646 s
Train time = 3.6098 s
Matrix update time = 0.0358 s
positive data: [[1.46446611 8.53553396 8.80274272 8.52961009 8.14933727 8.0728533
  8.88866788 8.71244971 8.89823666 7.81284101 1.41987257 1.33562355
  8.93724899 7.92056254]
 [1.46446611 8.53553395 8.16241096 8.54103421 8.8193696  8.80366033
  7.9741333  8.19963864 7.96533    8.85431479 2.40989143 1.53340132
  7.92190311 8.85099411]]
positive support: [3.07399506e-10 3.21102991e-01 3.01031676e-09 3.21130923e-01
 2.71668035e-09 3.21586839e-09 1.71394851e-09 3.42565790e-09
 1.80630916e-09 5.53749302e-09 6.06963455e-10 4.94081007e-10
 7.21990984e-09 3.57766062e-01]
classifires probs: [3.64717715e-01 1.73734815e-01 9.80654423e-03 1.23311641e-05
 1.97559442e-10 1.55570184e-02 2.64725043e-11 2.52548329e-10
 8.04468221e-03 6.44205910e-02 1.94741934e-10 2.48277863e-01
 1.15428440e-01]
BR point: [8.92681683 7.82943673]
BR value: 8.599016492056679
BR point: [8.92681683 7.82943673]
BR value: 8.599016492056679
Points utilities = [[4.80158486 7.86730393 7.57752505 7.86730393 7.54147755 7.60398897
  7.32356008 7.61430408 7.36447246 7.70902194 6.41328446 5.75060418
  7.78130655 7.86730393]]
new point utility = 8.599016492056679
new point = [8.92681683 7.82943673]
point added
3
classifires probs: [3.64717715e-01 1.73734815e-01 9.80654423e-03 1.23311641e-05
 1.97559442e-10 1.55570184e-02 2.64725043e-11 2.52548329e-10
 8.04468221e-03 6.44205910e-02 1.94741934e-10 2.48277863e-01
 1.15428440e-01]
____iterstion: 18
init time = 2.1144 s
NFG time = 0.3652 s
plot time = 0.0000 s
BR time = 27.4575 s
Train time = 3.6103 s
Matrix update time = 0.0375 s
positive data: [[1.46446611 8.53553396 8.80274272 8.52961009 8.14933727 8.0728533
  8.88866788 8.71244971 8.89823666 7.81284101 1.41987257 1.33562355
  8.93724899 7.92056254 8.92681683]
 [1.46446611 8.53553395 8.16241096 8.54103421 8.8193696  8.80366033
  7.9741333  8.19963864 7.96533    8.85431479 2.40989143 1.53340132
  7.92190311 8.85099411 7.82943673]]
positive support: [5.77974226e-09 3.07553351e-08 9.52266750e-09 4.67616066e-01
 3.09220288e-08 4.41970995e-08 8.08729907e-09 9.22208627e-09
 9.14978369e-09 6.01111818e-08 1.21922256e-08 1.07828816e-08
 1.15404312e-08 2.60490522e-01 2.71893284e-01]
classifires probs: [4.48489674e-01 1.22922174e-01 1.11150714e-02 6.19680678e-02
 2.19635726e-09 1.71383548e-02 5.18937831e-10 1.88132481e-08
 1.11576830e-02 6.38011750e-02 2.96268027e-09 1.73257876e-01
 9.01498977e-02]
BR point: [8.93994447 7.71878274]
BR value: 8.276035949740649
BR point: [8.93994447 7.71878274]
BR value: 8.276035949740649
Points utilities = [[6.00607661 7.44669727 7.18984658 8.06625152 7.74222654 7.81733098
  6.97031331 7.20722362 7.04068997 7.92932369 7.05331417 7.00255831
  7.45866394 8.06625147 8.06625151]]
new point utility = 8.276035949740649
new point = [8.93994447 7.71878274]
point added
3
classifier utilities = 2.3380439368327877
new classifier utility = [4.67608733]
new classifier is better = False
classifier utilities = 2.3380439368327877
new classifier utility = [2.33804367]
new classifier is better = False
classifier utilities = 2.3380439368327877
new classifier utility = [0.]
new classifier is better = True
classifier utilities = [9.35217694 9.35217678 4.67608912 7.01413253 9.35217675 4.67608873
 7.01413205 2.33804437 2.33804459 4.67608816 2.33804419 9.35217667
 2.33804394]
new classifier utility = [2.69097637e-07]
classifier added
classifires probs: [4.48489674e-01 1.22922174e-01 1.11150714e-02 6.19680678e-02
 2.19635726e-09 1.71383548e-02 5.18937831e-10 1.88132481e-08
 1.11576830e-02 6.38011750e-02 2.96268027e-09 1.73257876e-01
 9.01498977e-02]
____iterstion: 19
init time = 2.1144 s
NFG time = 0.3679 s
plot time = 0.0000 s
BR time = 29.2174 s
Train time = 4.0339 s
Matrix update time = 0.0393 s
positive data: [[1.46446611 8.53553396 8.80274272 8.52961009 8.14933727 8.0728533
  8.88866788 8.71244971 8.89823666 7.81284101 1.41987257 1.33562355
  8.93724899 7.92056254 8.92681683 8.93994447]
 [1.46446611 8.53553395 8.16241096 8.54103421 8.8193696  8.80366033
  7.9741333  8.19963864 7.96533    8.85431479 2.40989143 1.53340132
  7.92190311 8.85099411 7.82943673 7.71878274]]
positive support: [1.51878181e-09 6.22051052e-09 8.72608154e-09 4.96392452e-08
 5.79073052e-09 1.65526987e-08 3.73473080e-09 2.46357120e-09
 5.19183666e-09 6.56809915e-09 7.16099882e-09 1.04241862e-08
 1.80258149e-08 1.36923558e-08 2.08054185e-08 9.99999955e-01]
classifires probs: [0.5974833  0.10824678 0.03287922 0.02510675 0.01425992 0.02162915
 0.01026862 0.02193018 0.01004944 0.02806186 0.01150216 0.06351183
 0.02280661 0.03226419]
BR point: [8.78568639 7.57865151]
BR value: 8.21456705004461
BR point: [8.78568639 7.57865151]
BR value: 8.21456705004461
Points utilities = [[7.21361803 7.93770449 7.93695788 8.18864367 7.96694137 8.08161668
  7.95137619 7.75667662 8.00760504 7.85418458 7.98960774 8.09859499
  8.09151065 7.99881288 8.10578276 8.27603595]]
new point utility = 8.21456705004461
new point = [8.78568639 7.57865151]
3
classifier utilities = 8.27603594506488
new classifier utility = [0.]
new classifier is better = True
classifier utilities = 8.27603594506488
new classifier utility = [0.]
new classifier is better = True
classifier utilities = [8.27603724 8.27603712 8.27603664 8.27603665 8.27603701 8.2760365
 8.27603685 8.27603629 8.27603619 8.27603627 8.27603618 8.27603706
 8.27603595 8.27603607]
new classifier utility = [1.22020268e-06]
classifier added
classifires probs: [0.5974833  0.10824678 0.03287922 0.02510675 0.01425992 0.02162915
 0.01026862 0.02193018 0.01004944 0.02806186 0.01150216 0.06351183
 0.02280661 0.03226419]
____iterstion: 20
init time = 2.1144 s
NFG time = 0.3698 s
plot time = 0.0000 s
BR time = 31.9343 s
Train time = 4.3140 s
Matrix update time = 0.0400 s
positive data: [[1.46446611 8.53553396 8.80274272 8.52961009 8.14933727 8.0728533
  8.88866788 8.71244971 8.89823666 7.81284101 1.41987257 1.33562355
  8.93724899 7.92056254 8.92681683 8.93994447]
 [1.46446611 8.53553395 8.16241096 8.54103421 8.8193696  8.80366033
  7.9741333  8.19963864 7.96533    8.85431479 2.40989143 1.53340132
  7.92190311 8.85099411 7.82943673 7.71878274]]
positive support: [1.11736145e-09 1.77772923e-01 9.57696512e-09 1.77789219e-01
 6.99280449e-09 1.07705083e-08 4.09816252e-09 9.33268531e-09
 3.94474072e-09 7.19701328e-09 4.72961266e-09 2.39974992e-09
 5.11480785e-09 1.30877106e-08 4.26096234e-09 6.44437816e-01]
classifires probs: [2.98205896e-01 2.21827686e-01 8.46005575e-03 1.23986928e-05
 1.00688878e-09 1.46330859e-02 9.85313636e-11 9.21113605e-10
 1.45515579e-09 2.77736319e-02 6.04501133e-10 2.27002145e-01
 1.35382869e-09 1.58001208e-01 4.40838874e-02]
BR point: [7.79538739 8.87151654]
BR value: 8.635973924793676
BR point: [7.79538739 8.87151654]
BR value: 8.635973924793676
Points utilities = [[4.56219505 7.91119615 7.60647085 7.91119614 7.57028584 7.62382856
  6.94511395 7.6567848  6.91540748 7.33800117 6.59479731 5.48379065
  7.01900312 7.5573956  6.86126141 7.91119617]]
new point utility = 8.635973924793676
new point = [7.79538739 8.87151654]
point added
3
classifier utilities = 3.555594144812272
new classifier utility = [0.]
new classifier is better = True
classifier utilities = 3.555594144812272
new classifier utility = [0.]
new classifier is better = True
classifier utilities = [8.88898485 8.88898481 5.33339119 7.11125529 8.88898469 5.33339104
 8.8889845  5.33339095 5.33339078 5.33339086 5.33339077 8.88898477
 5.33339065 5.33339081 3.55559414]
new classifier utility = [4.2264428e-07]
classifier added
classifires probs: [2.98205896e-01 2.21827686e-01 8.46005575e-03 1.23986928e-05
 1.00688878e-09 1.46330859e-02 9.85313636e-11 9.21113605e-10
 1.45515579e-09 2.77736319e-02 6.04501133e-10 2.27002145e-01
 1.35382869e-09 1.58001208e-01 4.40838874e-02]
____iterstion: 21
init time = 2.1144 s
NFG time = 0.3727 s
plot time = 0.0000 s
BR time = 35.5430 s
Train time = 4.6036 s
Matrix update time = 0.0420 s
positive data: [[1.46446611 8.53553396 8.80274272 8.52961009 8.14933727 8.0728533
  8.88866788 8.71244971 8.89823666 7.81284101 1.41987257 1.33562355
  8.93724899 7.92056254 8.92681683 8.93994447 7.79538739]
 [1.46446611 8.53553395 8.16241096 8.54103421 8.8193696  8.80366033
  7.9741333  8.19963864 7.96533    8.85431479 2.40989143 1.53340132
  7.92190311 8.85099411 7.82943673 7.71878274 8.87151654]]
positive support: [7.06799669e-09 6.51445195e-06 1.47931120e-08 8.91086173e-06
 3.06349377e-01 1.20384961e-07 8.64154013e-09 2.39803506e-08
 8.10259197e-09 1.55806910e-08 1.17811408e-08 1.02462669e-08
 8.39129360e-09 3.15748205e-08 2.13925051e-08 5.25699489e-01
 1.67935599e-01]
classifires probs: [ 4.87487159e-01  1.41576291e-01 -3.28979378e-11  5.61465074e-09
  3.22684366e-09  5.38420410e-03  1.99376847e-04  7.29126628e-09
  5.44371309e-09  1.30456063e-02  5.08964632e-09  1.60802961e-01
  8.45695204e-02  6.19708065e-02  1.68977409e-04  4.47950689e-02]
BR point: [8.37336294 8.6919893 ]
BR value: 8.24670763887077
BR point: [8.37336294 8.6919893 ]
BR value: 8.24670763887077
Points utilities = [[6.79021949 7.90234768 7.51757201 7.90222388 7.90391188 7.867176
  7.17346297 7.64822093 7.14277982 7.43614484 7.15957273 6.9408802
  7.11218882 7.65847357 7.67957656 7.9039119  7.90391184]]
new point utility = 8.24670763887077
new point = [8.37336294 8.6919893 ]
point added
3
classifier utilities = 4.350708335574148
new classifier utility = [1.45028858]
new classifier is better = True
classifier utilities = 4.350708335574148
new classifier utility = [1.45028746]
new classifier is better = True
classifier utilities = [8.70157159 8.70157142 8.70141704 8.70150566 8.70157104 5.80099749
 4.35086318 4.35070893 5.800996   5.80099621 4.35070856 8.70157132
 4.35070834 5.80099577 4.35086323 4.35070867]
new classifier utility = [1.45028756]
classifier added
classifires probs: [ 4.87487159e-01  1.41576291e-01 -3.28979378e-11  5.61465074e-09
  3.22684366e-09  5.38420410e-03  1.99376847e-04  7.29126628e-09
  5.44371309e-09  1.30456063e-02  5.08964632e-09  1.60802961e-01
  8.45695204e-02  6.19708065e-02  1.68977409e-04  4.47950689e-02]
____iterstion: 22
init time = 2.1144 s
NFG time = 0.4753 s
plot time = 0.0000 s
BR time = 38.6725 s
Train time = 4.8868 s
Matrix update time = 0.0440 s
positive data: [[1.46446611 8.53553396 8.80274272 8.52961009 8.14933727 8.0728533
  8.88866788 8.71244971 8.89823666 7.81284101 1.41987257 1.33562355
  8.93724899 7.92056254 8.92681683 8.93994447 7.79538739 8.37336294]
 [1.46446611 8.53553395 8.16241096 8.54103421 8.8193696  8.80366033
  7.9741333  8.19963864 7.96533    8.85431479 2.40989143 1.53340132
  7.92190311 8.85099411 7.82943673 7.71878274 8.87151654 8.6919893 ]]
positive support: [2.55814852e-09 1.78883804e-01 1.29161018e-08 1.06830835e-04
 1.56693375e-08 1.62888940e-08 6.61592104e-09 1.62758873e-08
 6.30511297e-09 6.45034035e-09 4.55436103e-09 3.03186543e-09
 6.25085770e-09 9.73702838e-09 2.54647000e-08 4.32551741e-01
 2.07261749e-01 1.81195813e-01]
classifires probs: [5.22386757e-01 1.18726294e-01 6.03735436e-03 5.12127385e-06
 1.25798168e-09 9.40022971e-03 1.23616732e-09 1.25285637e-09
 1.26036393e-09 1.43566198e-02 1.25658923e-09 1.55395532e-01
 7.76852788e-02 5.84344599e-02 1.25372180e-09 9.80763291e-03
 2.77647125e-02]
BR point: [2.57629288 1.52854531]
BR value: 8.149665737881746
BR point: [2.57629288 1.52854531]
BR value: 8.149665737881746
Points utilities = [[6.68319253 7.96508586 7.63468923 7.96501223 7.69115622 7.69436943
  7.32222735 7.70894151 7.29090784 7.28672883 7.20570599 6.94578242
  7.26883529 7.50459029 7.77350419 7.96508588 7.96508587 7.96508587]]
new point utility = 8.149665737881746
new point = [2.57629288 1.52854531]
point added
3
classifier utilities = 1.7899071066519612
new classifier utility = [5.36972083]
new classifier is better = False
classifier utilities = 1.7899071066519612
new classifier utility = [1.78990707]
new classifier is better = False
classifier utilities = 1.7899071066519612
new classifier utility = [0.]
new classifier is better = True
classifier utilities = [8.94953537 8.94953531 5.36972186 7.16069666 8.94953503 5.36972158
 5.36972086 3.57981453 5.36972129 5.36972132 3.57981425 8.94953527
 3.57981408 5.36972105 5.36972119 3.5798146  1.78990711]
new classifier utility = [9.46019386e-08]
classifier added
classifires probs: [5.22386757e-01 1.18726294e-01 6.03735436e-03 5.12127385e-06
 1.25798168e-09 9.40022971e-03 1.23616732e-09 1.25285637e-09
 1.26036393e-09 1.43566198e-02 1.25658923e-09 1.55395532e-01
 7.76852788e-02 5.84344599e-02 1.25372180e-09 9.80763291e-03
 2.77647125e-02]
____iterstion: 23
init time = 2.1144 s
NFG time = 0.4778 s
plot time = 0.0000 s
BR time = 40.5124 s
Train time = 5.3181 s
Matrix update time = 0.0461 s
positive data: [[1.46446611 8.53553396 8.80274272 8.52961009 8.14933727 8.0728533
  8.88866788 8.71244971 8.89823666 7.81284101 1.41987257 1.33562355
  8.93724899 7.92056254 8.92681683 8.93994447 7.79538739 8.37336294
  2.57629288]
 [1.46446611 8.53553395 8.16241096 8.54103421 8.8193696  8.80366033
  7.9741333  8.19963864 7.96533    8.85431479 2.40989143 1.53340132
  7.92190311 8.85099411 7.82943673 7.71878274 8.87151654 8.6919893
  1.52854531]]
positive support: [3.88318291e-10 3.93513385e-09 2.47922485e-09 1.38768755e-08
 1.99077279e-09 3.57393953e-09 1.08200725e-09 9.34061029e-10
 1.09576565e-09 1.01630454e-09 1.78582243e-09 3.82652012e-09
 2.58807878e-09 3.50597069e-09 1.85669617e-09 1.10554959e-09
 8.78080651e-09 1.72364772e-09 9.99999987e-01]
classifires probs: [0.60201104 0.11204044 0.02804207 0.0086549  0.00713228 0.02075068
 0.00709027 0.01233952 0.00882787 0.0294055  0.00903843 0.07012232
 0.01485021 0.03098367 0.0025923  0.00838087 0.0045691  0.02316855]
BR point: [7.77928936 8.88746064]
BR value: 8.189781958255217
BR point: [7.77928936 8.88746064]
BR value: 8.189781958255217
Points utilities = [[7.1651745  8.00988643 7.93617808 8.09630849 7.94316249 8.04987468
  7.83284111 7.80269921 7.87860776 7.82570419 7.93321064 8.02053628
  7.97695815 7.98044528 7.92538661 7.95566384 8.06179414 8.01065255
  8.14966574]]
new point utility = 8.189781958255217
new point = [7.77928936 8.88746064]
3
classifier utilities = 8.149665722693076
new classifier utility = [0.]
new classifier is better = True
classifier utilities = 8.149665722693076
new classifier utility = [0.]
new classifier is better = True
classifier utilities = [8.14966616 8.14966612 8.14966595 8.14966603 8.14966609 8.14966591
 8.14966598 8.1496658  8.14966584 8.14966586 8.14966577 8.1496661
 8.14966572 8.14966578 8.14966609 8.14966588 8.14966573 8.14966579]
new classifier utility = [4.63717204e-07]
classifier added
classifires probs: [0.60201104 0.11204044 0.02804207 0.0086549  0.00713228 0.02075068
 0.00709027 0.01233952 0.00882787 0.0294055  0.00903843 0.07012232
 0.01485021 0.03098367 0.0025923  0.00838087 0.0045691  0.02316855]
____iterstion: 24
init time = 2.1144 s
NFG time = 0.4800 s
plot time = 0.0000 s
BR time = 43.5118 s
Train time = 5.6077 s
Matrix update time = 0.0468 s
positive data: [[1.46446611 8.53553396 8.80274272 8.52961009 8.14933727 8.0728533
  8.88866788 8.71244971 8.89823666 7.81284101 1.41987257 1.33562355
  8.93724899 7.92056254 8.92681683 8.93994447 7.79538739 8.37336294
  2.57629288]
 [1.46446611 8.53553395 8.16241096 8.54103421 8.8193696  8.80366033
  7.9741333  8.19963864 7.96533    8.85431479 2.40989143 1.53340132
  7.92190311 8.85099411 7.82943673 7.71878274 8.87151654 8.6919893
  1.52854531]]
positive support: [1.25025888e-10 4.99995833e-01 1.03690655e-09 5.00004159e-01
 6.46907518e-10 7.02212451e-10 4.62993279e-10 1.33264334e-09
 4.12570127e-10 3.66522647e-10 1.65036568e-10 2.02538385e-10
 4.27821987e-10 5.18623467e-10 3.39079089e-10 3.80588715e-10
 5.65539792e-10 1.33990581e-09 3.05947192e-10]
classifires probs: [ 2.41821332e-01  1.11075258e-01  6.72515867e-03  1.13634598e-05
  1.85622616e-11  9.08876109e-03 -6.48577826e-12  1.17286154e-11
  4.49958175e-11  1.49539471e-02  3.78895815e-12  1.29041204e-01
  4.00412346e-11  3.29168166e-02 -9.84382782e-12  6.33894135e-11
  9.90936297e-12  2.11309635e-01  2.43056524e-01]
BR point: [7.82219948 8.93681483]
BR value: 8.557164480691121
BR point: [7.82219948 8.93681483]
BR value: 8.557164480691121
Points utilities = [[4.86059147 7.24994318 6.96091092 7.24994317 6.92779709 6.93651086
  6.68069698 7.01679666 6.65212149 6.58655007 5.3569207  5.14209824
  6.64830239 6.78347733 6.49889163 6.52722983 6.81110945 7.16182522
  6.16883633]]
new point utility = 8.557164480691121
new point = [7.82219948 8.93681483]
point added
3
classifires probs: [ 2.41821332e-01  1.11075258e-01  6.72515867e-03  1.13634598e-05
  1.85622616e-11  9.08876109e-03 -6.48577826e-12  1.17286154e-11
  4.49958175e-11  1.49539471e-02  3.78895815e-12  1.29041204e-01
  4.00412346e-11  3.29168166e-02 -9.84382782e-12  6.33894135e-11
  9.90936297e-12  2.11309635e-01  2.43056524e-01]
____iterstion: 25
init time = 2.1144 s
NFG time = 0.4832 s
plot time = 0.0000 s
BR time = 47.0839 s
Train time = 5.6082 s
Matrix update time = 0.0489 s
positive data: [[1.46446611 8.53553396 8.80274272 8.52961009 8.14933727 8.0728533
  8.88866788 8.71244971 8.89823666 7.81284101 1.41987257 1.33562355
  8.93724899 7.92056254 8.92681683 8.93994447 7.79538739 8.37336294
  2.57629288 7.82219948]
 [1.46446611 8.53553395 8.16241096 8.54103421 8.8193696  8.80366033
  7.9741333  8.19963864 7.96533    8.85431479 2.40989143 1.53340132
  7.92190311 8.85099411 7.82943673 7.71878274 8.87151654 8.6919893
  1.52854531 8.93681483]]
positive support: [5.94557117e-11 3.15592061e-01 4.57426935e-10 3.15601073e-01
 4.01623258e-10 3.57640395e-10 2.39986359e-10 6.01261501e-10
 2.20809333e-10 1.85234522e-10 7.92718993e-11 6.58271868e-11
 1.97694539e-10 2.44442762e-10 1.05725753e-09 6.40345586e-10
 2.15838019e-10 1.60358599e-09 1.35391071e-10 3.68806861e-01]
classifires probs: [ 3.36527848e-01  1.09891294e-01  3.90716428e-03  1.21192534e-05
  2.51395553e-11  5.64745709e-03  1.60855086e-11  2.62442996e-11
  2.42101216e-11  5.93927761e-03  2.66644784e-11  1.40747122e-01
  9.64231926e-02  2.21153249e-02 -6.30341356e-12  2.48508042e-11
  9.89940904e-13  9.27499281e-02  1.86039272e-01]
BR point: [7.62658811 8.92994656]
BR value: 8.039172954460936
BR point: [7.62658811 8.92994656]
BR value: 8.039172954460936
Points utilities = [[5.47828413 7.73205536 7.3927406  7.73205536 7.357573   7.32932605
  7.05902439 7.48340489 7.02883068 6.87360408 5.74349237 5.60469671
  6.93804539 7.0791138  7.61127793 7.50843423 7.00227981 7.63807768
  6.63350787 7.73205536]]
new point utility = 8.039172954460936
new point = [7.62658811 8.92994656]
point added
3
classifires probs: [ 3.36527848e-01  1.09891294e-01  3.90716428e-03  1.21192534e-05
  2.51395553e-11  5.64745709e-03  1.60855086e-11  2.62442996e-11
  2.42101216e-11  5.93927761e-03  2.66644784e-11  1.40747122e-01
  9.64231926e-02  2.21153249e-02 -6.30341356e-12  2.48508042e-11
  9.89940904e-13  9.27499281e-02  1.86039272e-01]
____iterstion: 26
init time = 2.1144 s
NFG time = 0.4863 s
plot time = 0.0000 s
BR time = 49.0617 s
Train time = 5.6088 s
Matrix update time = 0.0509 s
positive data: [[1.46446611 8.53553396 8.80274272 8.52961009 8.14933727 8.0728533
  8.88866788 8.71244971 8.89823666 7.81284101 1.41987257 1.33562355
  8.93724899 7.92056254 8.92681683 8.93994447 7.79538739 8.37336294
  2.57629288 7.82219948 7.62658811]
 [1.46446611 8.53553395 8.16241096 8.54103421 8.8193696  8.80366033
  7.9741333  8.19963864 7.96533    8.85431479 2.40989143 1.53340132
  7.92190311 8.85099411 7.82943673 7.71878274 8.87151654 8.6919893
  1.52854531 8.93681483 8.92994656]]
positive support: [4.30165280e-10 2.26625072e-01 2.71761113e-09 2.26632527e-01
 1.78984117e-09 1.87915817e-09 1.05859616e-09 3.45108962e-09
 1.11743857e-09 1.00703202e-09 6.99224187e-10 5.71586764e-10
 1.19849088e-09 1.45998421e-09 3.05108714e-09 1.96842018e-09
 1.43646673e-09 2.08565346e-08 1.13050739e-09 2.64838946e-01
 2.81903425e-01]
classifires probs: [ 4.28089204e-01  5.62912937e-02  4.74112308e-03  1.22546849e-05
  2.39012173e-10  2.95652959e-03  5.09876067e-10  2.91133496e-10
  2.49864904e-10  9.32845600e-03  2.74331831e-02  1.43535297e-01
  5.88724651e-02  2.57861780e-02 -6.23843214e-11  4.82952855e-10
  2.80728824e-11  8.90065246e-02  1.53947489e-01]
BR point: [7.77937217 8.88745009]
BR value: 7.822001634901253
BR point: [7.77937217 8.88745009]
BR value: 7.822001634901253
Points utilities = [[6.2919981  7.81863285 7.48303604 7.81863284 7.44743877 7.39300501
  7.36775035 7.56719819 7.33623613 6.96241053 5.9934948  6.42953458
  7.26900933 7.17057541 7.61190063 7.53941477 7.12198259 7.72360287
  6.89504517 7.81863285 7.81863285]]
new point utility = 7.822001634901253
new point = [7.77937217 8.88745009]
3
classifires probs: [ 4.28089204e-01  5.62912937e-02  4.74112308e-03  1.22546849e-05
  2.39012173e-10  2.95652959e-03  5.09876067e-10  2.91133496e-10
  2.49864904e-10  9.32845600e-03  2.74331831e-02  1.43535297e-01
  5.88724651e-02  2.57861780e-02 -6.23843214e-11  4.82952855e-10
  2.80728824e-11  8.90065246e-02  1.53947489e-01]
Objective = 7.818632849535019
Number of iterations = 27
Support of attacker = 4
Support of classifier = 12
Size of game = (21, 19)
init time = 2.1144 s
NFG time = 0.4891 s
plot time = 0.0000 s
BR time = 49.4311 s
Train time = 5.6093 s
Matrix update time = 0.0516 s
NEW RUN________________________________________
positive data: [[1.46446611 1.46446611]]
positive utility: 10.0
____iterstion: 0
init time = 0.9129 s
NFG time = 0
plot time = 0
BR time = 0
Train time = 0
Matrix update time = 0
positive data: [[1.46446611]
 [1.46446611]]
positive support: [1.]
classifires probs: [1.]
BR point: [1.46446611 1.46446611]
BR value: 9.999999998021368
BR point: [1.46446611 1.46446611]
BR value: 9.999999998021368
Points utilities = [[10.]]
new point utility = 9.999999998021368
new point = [1.46446611 1.46446611]
3
classifier utilities = 10.000000006757414
new classifier utility = [0.]
new classifier is better = True
classifier utilities = 10.000000006757414
new classifier utility = [0.]
new classifier is better = True
classifier utilities = [10.00000001]
new classifier utility = [0.]
classifier added
classifires probs: [1.]
____iterstion: 1
init time = 0.9129 s
NFG time = 0.0063 s
plot time = 0.0000 s
BR time = 0.7107 s
Train time = 0.2969 s
Matrix update time = 0.0005 s
positive data: [[1.46446611]
 [1.46446611]]
positive support: [1.]
classifires probs: [-2.63694171e-11  1.00000000e+00]
BR point: [8.53553396 8.53553395]
BR value: 10.000000000232049
BR point: [8.53553396 8.53553395]
BR value: 10.000000000232049
Points utilities = [[-2.63694171e-10]]
new point utility = 10.000000000232049
new point = [8.53553396 8.53553395]
point added
3
classifires probs: [-2.63694171e-11  1.00000000e+00]
____iterstion: 2
init time = 0.9129 s
NFG time = 0.0082 s
plot time = 0.0000 s
BR time = 1.4366 s
Train time = 0.2975 s
Matrix update time = 0.0014 s
positive data: [[1.46446611 8.53553396]
 [1.46446611 8.53553395]]
positive support: [1.43641857e-10 1.00000000e+00]
classifires probs: [0.88406325 0.11593675]
BR point: [8.53553398 8.53553398]
BR value: 9.99999999651658
BR point: [8.53553398 8.53553398]
BR value: 9.99999999651658
Points utilities = [[ 8.84063247 10.        ]]
new point utility = 9.99999999651658
new point = [8.53553398 8.53553398]
3
classifier utilities = 10.000000022520684
new classifier utility = [0.]
new classifier is better = True
classifier utilities = 10.000000022520684
new classifier utility = [0.]
new classifier is better = True
classifier utilities = [10.00000002 10.00000002]
new classifier utility = [1.43641857e-09]
classifier added
classifires probs: [0.88406325 0.11593675]
____iterstion: 3
init time = 0.9129 s
NFG time = 0.0097 s
plot time = 0.0000 s
BR time = 1.4734 s
Train time = 0.5948 s
Matrix update time = 0.0019 s
positive data: [[1.46446611 8.53553396]
 [1.46446611 8.53553395]]
positive support: [5.48709348e-09 9.99999998e-01]
classifires probs: [0.23554203 0.48945796 0.27500001]
BR point: [8.13509239 8.83580193]
BR value: 9.418504156054077
BR point: [8.13509239 8.83580193]
BR value: 9.418504156054077
Points utilities = [[5.10542037 7.24999994]]
new point utility = 9.418504156054077
new point = [8.13509239 8.83580193]
point added
3
classifires probs: [0.23554203 0.48945796 0.27500001]
____iterstion: 4
init time = 0.9129 s
NFG time = 0.0460 s
plot time = 0.0000 s
BR time = 2.6517 s
Train time = 0.5954 s
Matrix update time = 0.0028 s
positive data: [[1.46446611 8.53553396 8.13509239]
 [1.46446611 8.53553395 8.83580193]]
positive support: [4.47529201e-10 1.37922562e-09 1.00000000e+00]
classifires probs: [0.75993669 0.12764862 0.11241469]
BR point: [8.13521121 8.83443354]
BR value: 9.42094758584464
BR point: [8.13521121 8.83443354]
BR value: 9.42094758584464
Points utilities = [[8.72351379 8.87585306 9.41850415]]
new point utility = 9.42094758584464
new point = [8.13521121 8.83443354]
3
classifier utilities = 9.41850418452431
new classifier utility = [0.]
new classifier is better = True
classifier utilities = 9.41850418452431
new classifier utility = [0.]
new classifier is better = True
classifier utilities = [9.4185042  9.41850419 9.41850418]
new classifier utility = [4.47529201e-09]
classifier added
classifires probs: [0.75993669 0.12764862 0.11241469]
____iterstion: 5
init time = 0.9129 s
NFG time = 0.0477 s
plot time = 0.0000 s
BR time = 3.1073 s
Train time = 0.8851 s
Matrix update time = 0.0033 s
positive data: [[1.46446611 8.53553396 8.13509239]
 [1.46446611 8.53553395 8.83580193]]
positive support: [2.21291049e-09 6.53223393e-01 3.46776608e-01]
classifires probs: [0.36434531 0.43585334 0.04940404 0.15039731]
BR point: [8.61973047 8.44824946]
BR value: 9.472434735958792
BR point: [8.61973047 8.44824946]
BR value: 9.472434735958792
Points utilities = [[5.64146661 8.00198649 8.0019865 ]]
new point utility = 9.472434735958792
new point = [8.61973047 8.44824946]
point added
3
classifires probs: [0.36434531 0.43585334 0.04940404 0.15039731]
____iterstion: 6
init time = 0.9129 s
NFG time = 0.0502 s
plot time = 0.0000 s
BR time = 4.7474 s
Train time = 0.8857 s
Matrix update time = 0.0043 s
positive data: [[1.46446611 8.53553396 8.13509239 8.61973047]
 [1.46446611 8.53553395 8.83580193 8.44824946]]
positive support: [1.50503071e-09 4.41553777e-09 6.13450813e-01 3.86549185e-01]
classifires probs: [0.56957778 0.2004462  0.13992806 0.09004796]
BR point: [8.82657223 7.95111908]
BR value: 9.086653062449379
BR point: [8.82657223 7.95111908]
BR value: 9.086653062449379
Points utilities = [[7.99553805 7.70023977 8.57038707 8.57038707]]
new point utility = 9.086653062449379
new point = [8.82657223 7.95111908]
point added
3
classifier utilities = 3.851859370041347
new classifier utility = [0.]
new classifier is better = True
classifier utilities = 3.851859370041347
new classifier utility = [0.]
new classifier is better = True
classifier utilities = [9.62964845 9.62964843 5.77778905 3.85185937]
new classifier utility = [1.50503071e-08]
classifier added
classifires probs: [0.56957778 0.2004462  0.13992806 0.09004796]
____iterstion: 7
init time = 0.9129 s
NFG time = 0.0527 s
plot time = 0.0000 s
BR time = 5.5084 s
Train time = 1.1851 s
Matrix update time = 0.0055 s
positive data: [[1.46446611 8.53553396 8.13509239 8.61973047 8.82657223]
 [1.46446611 8.53553395 8.83580193 8.44824946 7.95111908]]
positive support: [1.23800847e-08 3.89039563e-09 1.46069197e-09 2.55033646e-08
 1.00000004e+00]
classifires probs: [0.69169511 0.14600328 0.07024239 0.0386065  0.05345271]
BR point: [8.82243808 7.94760617]
BR value: 9.0863511120154
BR point: [8.82243808 7.94760617]
BR value: 9.0863511120154
Points utilities = [[8.53996715 8.37698391 8.55144401 8.73214414 9.08665301]]
new point utility = 9.0863511120154
new point = [8.82243808 7.94760617]
3
classifier utilities = 9.086653222782157
new classifier utility = [0.]
new classifier is better = True
classifier utilities = 9.086653222782157
new classifier utility = [0.]
new classifier is better = True
classifier utilities = [9.08665384 9.08665371 9.08665354 9.08665378 9.08665322]
new classifier utility = [4.30596552e-07]
classifier added
classifires probs: [0.69169511 0.14600328 0.07024239 0.0386065  0.05345271]
____iterstion: 8
init time = 0.9129 s
NFG time = 0.0548 s
plot time = 0.0000 s
BR time = 7.1917 s
Train time = 1.4808 s
Matrix update time = 0.0061 s
positive data: [[1.46446611 8.53553396 8.13509239 8.61973047 8.82657223]
 [1.46446611 8.53553395 8.83580193 8.44824946 7.95111908]]
positive support: [2.28644803e-09 6.45054036e-01 6.16803059e-09 3.91822940e-08
 3.54945922e-01]
classifires probs: [2.65246596e-01 3.94562147e-01 2.37922558e-02 1.36430672e-09
 1.86016498e-01 1.30382502e-01]
BR point: [2.23252621 2.05754678]
BR value: 8.765453116588215
BR point: [2.23252621 2.05754678]
BR value: 8.765453116588215
Points utilities = [[6.05437853 7.90191245 7.66650698 7.87404466 7.90191245]]
new point utility = 8.765453116588215
new point = [2.23252621 2.05754678]
point added
3
classifier utilities = 3.2252703588176215
new classifier utility = [3.22527045]
new classifier is better = False
classifier utilities = 3.2252703588176215
new classifier utility = [0.]
new classifier is better = True
classifier utilities = [9.67581128 9.67581125 3.22527053 3.22527086 3.22527036 6.45054083]
new classifier utility = [2.28644803e-08]
classifier added
classifires probs: [2.65246596e-01 3.94562147e-01 2.37922558e-02 1.36430672e-09
 1.86016498e-01 1.30382502e-01]
____iterstion: 9
init time = 0.9129 s
NFG time = 0.0575 s
plot time = 0.0000 s
BR time = 8.6216 s
Train time = 1.7818 s
Matrix update time = 0.0074 s
positive data: [[1.46446611 8.53553396 8.13509239 8.61973047 8.82657223 2.23252621]
 [1.46446611 8.53553395 8.83580193 8.44824946 7.95111908 2.05754678]]
positive support: [8.13740445e-09 4.13618677e-09 9.92766653e-09 1.80846354e-08
 4.66524665e-09 1.00000001e+00]
classifires probs: [0.58690969 0.16277537 0.06786331 0.03270529 0.05716795 0.07060294
 0.02197545]
BR point: [2.23229826 2.05762137]
BR value: 8.76577835448733
BR point: [2.23229826 2.05762137]
BR value: 8.76577835448733
Points utilities = [[8.37224633 8.20287996 8.36505679 8.49985022 8.24542529 8.7654531 ]]
new point utility = 8.76577835448733
new point = [2.23229826 2.05762137]
3
classifier utilities = 8.76545331977369
new classifier utility = [0.]
new classifier is better = True
classifier utilities = 8.76545331977369
new classifier utility = [0.]
new classifier is better = True
classifier utilities = [8.76545363 8.76545355 8.76545341 8.7654535  8.76545332 8.76545359
 8.7654535 ]
new classifier utility = [3.57465674e-07]
classifier added
classifires probs: [0.58690969 0.16277537 0.06786331 0.03270529 0.05716795 0.07060294
 0.02197545]
____iterstion: 10
init time = 0.9129 s
NFG time = 0.0594 s
plot time = 0.0000 s
BR time = 10.5516 s
Train time = 2.0690 s
Matrix update time = 0.0080 s
positive data: [[1.46446611 8.53553396 8.13509239 8.61973047 8.82657223 2.23252621]
 [1.46446611 8.53553395 8.83580193 8.44824946 7.95111908 2.05754678]]
positive support: [2.89627350e-09 9.99999772e-01 2.38884444e-08 1.94461554e-07
 1.14287397e-08 3.15192641e-09]
classifires probs: [1.77152081e-01 1.94587777e-01 1.58475863e-02 6.16814447e-10
 2.90214002e-02 4.64108962e-10 2.30131020e-01 3.53260135e-01]
BR point: [8.06499105 8.81043333]
BR value: 9.067535177778005
BR point: [8.06499105 8.81043333]
BR value: 9.067535177778005
Points utilities = [[4.52152088 7.24999993 6.977676   7.22443125 6.99553231 5.66896802]]
new point utility = 9.067535177778005
new point = [8.06499105 8.81043333]
point added
3
classifires probs: [1.77152081e-01 1.94587777e-01 1.58475863e-02 6.16814447e-10
 2.90214002e-02 4.64108962e-10 2.30131020e-01 3.53260135e-01]
____iterstion: 11
init time = 0.9129 s
NFG time = 0.0624 s
plot time = 0.0000 s
BR time = 12.5461 s
Train time = 2.0696 s
Matrix update time = 0.0093 s
positive data: [[1.46446611 8.53553396 8.13509239 8.61973047 8.82657223 2.23252621
  8.06499105]
 [1.46446611 8.53553395 8.83580193 8.44824946 7.95111908 2.05754678
  8.81043333]]
positive support: [1.74964145e-10 3.15323634e-01 6.40807737e-10 1.36131005e-09
 3.47018461e-01 2.03305617e-10 3.37657904e-01]
classifires probs: [2.66646287e-01 1.51493932e-01 5.24799589e-11 8.68198637e-11
 1.72738120e-01 9.50857946e-02 5.47189831e-02 2.59316883e-01]
BR point: [7.72103858 8.93668583]
BR value: 8.290363111606942
BR point: [7.72103858 8.93668583]
BR value: 8.290363111606942
Points utilities = [[5.89189185 7.72542897 7.27619848 7.69818358 7.72542897 6.49242315
  7.72542897]]
new point utility = 8.290363111606942
new point = [7.72103858 8.93668583]
point added
3
classifier utilities = 3.1532362553831916
new classifier utility = [3.15323626]
new classifier is better = False
classifier utilities = 3.1532362553831916
new classifier utility = [0.]
new classifier is better = True
classifier utilities = [9.45970897 9.45970897 6.30647262 3.15323638 3.15323626 6.30647262
 3.15323626 9.45970897]
new classifier utility = [3.53170731e-09]
classifier added
classifires probs: [2.66646287e-01 1.51493932e-01 5.24799589e-11 8.68198637e-11
 1.72738120e-01 9.50857946e-02 5.47189831e-02 2.59316883e-01]
____iterstion: 12
init time = 0.9129 s
NFG time = 0.0648 s
plot time = 0.0000 s
BR time = 14.0377 s
Train time = 2.3661 s
Matrix update time = 0.0109 s
positive data: [[1.46446611 8.53553396 8.13509239 8.61973047 8.82657223 2.23252621
  8.06499105 7.72103858]
 [1.46446611 8.53553395 8.83580193 8.44824946 7.95111908 2.05754678
  8.81043333 8.93668583]]
positive support: [1.77858478e-09 1.67933672e-08 1.39401352e-09 1.79609999e-01
 1.96966429e-01 2.14212112e-09 1.91653410e-01 4.31770152e-01]
classifires probs: [3.89804615e-01 1.46837128e-01 7.30986886e-10 3.93114277e-02
 9.25316315e-02 1.52954918e-02 9.29046598e-02 2.08015826e-01
 1.52992188e-02]
BR point: [8.86633653 7.70067525]
BR value: 8.140332639944003
BR point: [8.86633653 7.70067525]
BR value: 8.140332639944003
Points utilities = [[6.45147046 7.59953061 7.15762107 7.9644571  7.9644571  6.94210017
  7.9644571  7.9644571 ]]
new point utility = 8.140332639944003
new point = [8.86633653 7.70067525]
point added
3
classifier utilities = 3.5795313037013976
new classifier utility = [5.36929695]
new classifier is better = False
classifier utilities = 3.5795313037013976
new classifier utility = [0.]
new classifier is better = True
classifier utilities = [8.94882837 8.94882835 7.15906254 3.5795313  5.36929692 7.15906276
 5.36929692 8.94882833 3.57953146]
new classifier utility = [3.65625101e-08]
classifier added
classifires probs: [3.89804615e-01 1.46837128e-01 7.30986886e-10 3.93114277e-02
 9.25316315e-02 1.52954918e-02 9.29046598e-02 2.08015826e-01
 1.52992188e-02]
____iterstion: 13
init time = 0.9129 s
NFG time = 0.0677 s
plot time = 0.0000 s
BR time = 16.0700 s
Train time = 2.6647 s
Matrix update time = 0.0124 s
positive data: [[1.46446611 8.53553396 8.13509239 8.61973047 8.82657223 2.23252621
  8.06499105 7.72103858 8.86633653]
 [1.46446611 8.53553395 8.83580193 8.44824946 7.95111908 2.05754678
  8.81043333 8.93668583 7.70067525]]
positive support: [7.05425063e-10 1.78353392e-01 1.24836998e-09 1.78984630e-01
 3.12546807e-08 1.80526650e-09 3.18471292e-08 4.30266779e-01
 2.12395146e-01]
classifires probs: [0.37918322 0.18263115 0.00612908 0.00280896 0.09306981 0.03208498
 0.04171558 0.19977328 0.02275653 0.0398474 ]
BR point: [8.87971285 7.88942067]
BR value: 7.9935204904176995
BR point: [8.87971285 7.88942067]
BR value: 7.9935204904176995
Points utilities = [[6.1759557  7.93672632 7.53293579 7.93672632 7.84719272 7.01434983
  7.85855391 7.93672634 7.93672632]]
new point utility = 7.9935204904176995
new point = [8.87971285 7.88942067]
point added
3
classifier utilities = 1.7835337838074492
new classifier utility = [5.35060167]
new classifier is better = False
classifier utilities = 1.7835337838074492
new classifier utility = [3.56706783]
new classifier is better = False
classifier utilities = 1.7835337838074492
new classifier utility = [0.]
new classifier is better = True
classifier utilities = [8.91767023 8.91767022 5.35060229 3.56706817 5.35060198 7.1341361
 5.35060199 8.9176702  3.56706794 1.78353378]
new classifier utility = [2.28782295e-08]
classifier added
classifires probs: [0.37918322 0.18263115 0.00612908 0.00280896 0.09306981 0.03208498
 0.04171558 0.19977328 0.02275653 0.0398474 ]
____iterstion: 14
init time = 0.9129 s
NFG time = 0.0706 s
plot time = 0.0000 s
BR time = 17.3471 s
Train time = 3.1083 s
Matrix update time = 0.0140 s
positive data: [[1.46446611 8.53553396 8.13509239 8.61973047 8.82657223 2.23252621
  8.06499105 7.72103858 8.86633653 8.87971285]
 [1.46446611 8.53553395 8.83580193 8.44824946 7.95111908 2.05754678
  8.81043333 8.93668583 7.70067525 7.88942067]]
positive support: [1.86426234e-09 3.15323622e-01 5.03212963e-09 2.88887724e-08
 3.47018424e-01 9.87787012e-10 3.37657876e-01 2.75437971e-08
 1.71150855e-08 6.61748579e-09]
classifires probs: [ 2.50901914e-01  2.13845428e-01 -1.63450643e-10  1.10465316e-10
  8.41041804e-02  6.45185795e-03  5.47189840e-02  3.01343694e-01
  9.32501184e-03  6.69423865e-10  7.93089289e-02]
BR point: [7.57972777 8.98518637]
BR value: 7.750673016560461
BR point: [7.57972777 8.98518637]
BR value: 7.750673016560461
Points utilities = [[4.84810877 7.72542894 7.27619846 7.69818355 7.72542894 6.1240391
  7.72542895 7.63286329 7.59878525 7.5223933 ]]
new point utility = 7.750673016560461
new point = [7.57972777 8.98518637]
3
classifires probs: [ 2.50901914e-01  2.13845428e-01 -1.63450643e-10  1.10465316e-10
  8.41041804e-02  6.45185795e-03  5.47189840e-02  3.01343694e-01
  9.32501184e-03  6.69423865e-10  7.93089289e-02]
Objective = 7.725428952593357
Number of iterations = 15
Support of attacker = 3
Support of classifier = 8
Size of game = (10, 11)
init time = 0.9129 s
NFG time = 0.0734 s
plot time = 0.0000 s
BR time = 18.4095 s
Train time = 3.1090 s
Matrix update time = 0.0149 s
