NEW RUN________________________________________
positive data: [[1.46446611 1.46446611]]
positive utility: 10.0
---------------------------- iteration: 0
Size of game = (1, 1)
Objective = 0
Support of attacker = 0
Support of classifier = 0
init time = 0.9182 s
NFG time = 0
plot time = 0
BR time = 0
Train time = 0
Matrix update time = 0
positive data: [[1.46446611]
 [1.46446611]]
positive support: [1.]
classifires probs: [1.]
BR point: [1.46446611 1.46446611]
BR value: 9.999999998021368
Points utilities = [[10.]]
new point utility = 9.999999998021368
new point = [1.46446611 1.46446611]
classifier utilities = 10.000000006757414
new classifier utility = [0.]
new classifier is better = True
classifier utilities = 10.000000006757414
new classifier utility = [0.]
new classifier is better = True
classifier utilities = [10.00000001]
new classifier utility = [0.]
classifier added
classifires probs: [1.]
---------------------------- iteration: 1
Size of game = (1, 2)
Objective = 9.999999998229708
Support of attacker = 1
Support of classifier = 1
init time = 0.9182 s
NFG time = 0.0066 s
plot time = 0.0000 s
BR time = 0.7434 s
Train time = 0.5195 s
Matrix update time = 0.0007 s
positive data: [[1.46446611]
 [1.46446611]]
positive support: [1.]
classifires probs: [-2.63694171e-11  1.00000000e+00]
BR point: [8.53553395 8.53553396]
BR value: 10.000000000232049
Points utilities = [[-2.63694171e-10]]
new point utility = 10.000000000232049
new point = [8.53553395 8.53553396]
point added
classifires probs: [-2.63694171e-11  1.00000000e+00]
---------------------------- iteration: 2
Size of game = (2, 2)
Objective = -2.338272939174942e-10
Support of attacker = 1
Support of classifier = 1
init time = 0.9182 s
NFG time = 0.0086 s
plot time = 0.0000 s
BR time = 1.4877 s
Train time = 0.5200 s
Matrix update time = 0.0016 s
positive data: [[1.46446611 8.53553395]
 [1.46446611 8.53553396]]
positive support: [1.43641857e-10 1.00000000e+00]
classifires probs: [0.88406325 0.11593675]
BR point: [8.53553398 8.53553398]
BR value: 9.99999999651658
Points utilities = [[ 8.84063247 10.        ]]
new point utility = 9.99999999651658
new point = [8.53553398 8.53553398]
classifier utilities = 10.000000022520684
new classifier utility = [0.]
new classifier is better = True
classifier utilities = 10.000000022520684
new classifier utility = [0.]
new classifier is better = True
classifier utilities = [10.00000002 10.00000002]
new classifier utility = [1.43641857e-09]
classifier added
classifires probs: [0.88406325 0.11593675]
---------------------------- iteration: 3
Size of game = (2, 3)
Objective = 9.999999996692305
Support of attacker = 1
Support of classifier = 2
init time = 0.9182 s
NFG time = 0.0104 s
plot time = 0.0000 s
BR time = 1.5267 s
Train time = 0.9949 s
Matrix update time = 0.0023 s
positive data: [[1.46446611 8.53553395]
 [1.46446611 8.53553396]]
positive support: [0.5 0.5]
classifires probs: [-1.96873878e-10  5.00000000e-01  5.00000000e-01]
BR point: [8.01710651 8.85144999]
BR value: 9.177993990280031
Points utilities = [[5. 5.]]
new point utility = 9.177993990280031
new point = [8.01710651 8.85144999]
point added
classifier utilities = 5.0000000072450534
new classifier utility = [0.]
new classifier is better = True
classifier utilities = 5.0000000072450534
new classifier utility = [0.]
new classifier is better = True
classifier utilities = [10.00000001  5.00000001  5.00000001]
new classifier utility = [0.]
classifier added
classifires probs: [-1.96873878e-10  5.00000000e-01  5.00000000e-01]
---------------------------- iteration: 4
Size of game = (3, 4)
Objective = 4.999999998377049
Support of attacker = 2
Support of classifier = 2
init time = 0.9182 s
NFG time = 0.0472 s
plot time = 0.0000 s
BR time = 2.8309 s
Train time = 1.5268 s
Matrix update time = 0.0035 s
positive data: [[1.46446611 8.53553395 8.01710651]
 [1.46446611 8.53553396 8.85144999]]
positive support: [1.97800429e-09 1.97800429e-09 1.00000003e+00]
classifires probs: [0.71115328 0.1283636  0.1283636  0.03211951]
BR point: [8.01728782 8.85167024]
BR value: 9.1779523012876
Points utilities = [[8.39516886 8.39516886 9.17799396]]
new point utility = 9.1779523012876
new point = [8.01728782 8.85167024]
classifier utilities = 9.17799408817179
new classifier utility = [0.]
new classifier is better = True
classifier utilities = 9.17799408817179
new classifier utility = [0.]
new classifier is better = True
classifier utilities = [9.17799435 9.17799433 9.17799433 9.17799409]
new classifier utility = [1.97800429e-08]
classifier added
classifires probs: [0.71115328 0.1283636  0.1283636  0.03211951]
---------------------------- iteration: 5
Size of game = (3, 5)
Objective = 9.177993954811736
Support of attacker = 1
Support of classifier = 4
init time = 0.9182 s
NFG time = 0.0490 s
plot time = 0.0000 s
BR time = 4.3276 s
Train time = 2.0562 s
Matrix update time = 0.0040 s
positive data: [[1.46446611 8.53553395 8.01710651]
 [1.46446611 8.53553396 8.85144999]]
positive support: [4.78569039e-01 5.51279305e-10 5.21430987e-01]
classifires probs: [-2.36954735e-09  4.13013000e-01 -1.87386130e-09  1.08417971e-01
  4.78569030e-01]
BR point: [8.74752088 8.31929523]
BR value: 9.780062928278836
Points utilities = [[4.78569026 4.13012998 4.78569026]]
new point utility = 9.780062928278836
new point = [8.74752088 8.31929523]
point added
classifier utilities = 4.785690349719644
new classifier utility = [0.]
new classifier is better = True
classifier utilities = 4.785690349719644
new classifier utility = [0.]
new classifier is better = True
classifier utilities = [9.57138086 4.78569047 9.57138086 4.78569035 4.78569039]
new classifier utility = [5.51279305e-09]
classifier added
classifires probs: [-2.36954735e-09  4.13013000e-01 -1.87386130e-09  1.08417971e-01
  4.78569030e-01]
---------------------------- iteration: 6
Size of game = (4, 6)
Objective = 4.785690266256109
Support of attacker = 2
Support of classifier = 3
init time = 0.9182 s
NFG time = 0.0511 s
plot time = 0.0000 s
BR time = 5.8471 s
Train time = 2.5029 s
Matrix update time = 0.0052 s
positive data: [[1.46446611 8.53553395 8.01710651 8.74752088]
 [1.46446611 8.53553396 8.85144999 8.31929523]]
positive support: [3.21331493e-01 1.29321360e-10 3.50110812e-01 3.28557695e-01]
classifires probs: [4.31347665e-12 2.32914455e-01 4.03120185e-01 1.08155431e-10
 1.80632026e-01 1.83333334e-01]
BR point: [8.84301443 7.92502797]
BR value: 9.000389947288511
Points utilities = [[5.83752211 4.16247789 5.83752211 5.83752211]]
new point utility = 9.000389947288511
new point = [8.84301443 7.92502797]
point added
classifier utilities = 3.2133148493405317
new classifier utility = [0.]
new classifier is better = True
classifier utilities = 3.2133148493405317
new classifier utility = [3.21331493]
new classifier is better = False
classifier utilities = 3.2133148493405317
new classifier utility = [0.]
new classifier is better = True
classifier utilities = [9.6399448  6.42662987 6.42662986 6.42662979 6.42662986 3.21331485]
new classifier utility = [0.]
classifier added
classifires probs: [4.31347665e-12 2.32914455e-01 4.03120185e-01 1.08155431e-10
 1.80632026e-01 1.83333334e-01]
---------------------------- iteration: 7
Size of game = (5, 7)
Objective = 5.837522108200427
Support of attacker = 3
Support of classifier = 4
init time = 0.9182 s
NFG time = 0.0534 s
plot time = 0.0000 s
BR time = 7.5434 s
Train time = 3.3005 s
Matrix update time = 0.0065 s
positive data: [[1.46446611 8.53553395 8.01710651 8.74752088 8.84301443]
 [1.46446611 8.53553396 8.85144999 8.31929523 7.92502797]]
positive support: [4.37165368e-10 4.67008861e-10 3.75711409e-10 2.85407544e-10
 1.00000000e+00]
classifires probs: [ 1.20070052e-01  2.64589429e-01  2.23369664e-01 -3.83504979e-11
  2.08637520e-01  2.14584018e-11  1.83333334e-01]
BR point: [8.85153757 7.91643487]
BR value: 8.965290974116376
Points utilities = [[5.52077237 3.84659482 5.58048785 5.80248202 7.35031845]]
new point utility = 8.965290974116376
new point = [8.85153757 7.91643487]
point added
classifires probs: [ 1.20070052e-01  2.64589429e-01  2.23369664e-01 -3.83504979e-11
  2.08637520e-01  2.14584018e-11  1.83333334e-01]
---------------------------- iteration: 8
Size of game = (6, 7)
Objective = 7.350318450921819
Support of attacker = 1
Support of classifier = 5
init time = 0.9182 s
NFG time = 0.0558 s
plot time = 0.0000 s
BR time = 9.2383 s
Train time = 3.3010 s
Matrix update time = 0.0078 s
positive data: [[1.46446611 8.53553395 8.01710651 8.74752088 8.84301443 8.85153757]
 [1.46446611 8.53553396 8.85144999 8.31929523 7.92502797 7.91643487]]
positive support: [3.19926960e-09 1.97117032e-09 4.68677366e-09 5.08553167e-09
 1.66862893e-09 1.00000001e+00]
classifires probs: [0.68026212 0.09747415 0.08893342 0.02789341 0.04190161 0.02844599
 0.03508931]
BR point: [8.85207029 7.91689577]
BR value: 8.965310681798206
Points utilities = [[8.11097144 8.06182252 8.21029469 8.56711284 8.68457247 8.96529097]]
new point utility = 8.965310681798206
new point = [8.85207029 7.91689577]
classifier utilities = 8.96529104353732
new classifier utility = [0.]
new classifier is better = True
classifier utilities = 8.96529104353732
new classifier utility = [0.]
new classifier is better = True
classifier utilities = [8.9652912  8.96529117 8.96529113 8.96529115 8.96529114 8.96529113
 8.96529104]
new classifier utility = [9.47195797e-08]
classifier added
classifires probs: [0.68026212 0.09747415 0.08893342 0.02789341 0.04190161 0.02844599
 0.03508931]
---------------------------- iteration: 9
Size of game = (6, 8)
Objective = 8.965290965871015
Support of attacker = 1
Support of classifier = 7
init time = 0.9182 s
NFG time = 0.0573 s
plot time = 0.0000 s
BR time = 10.2809 s
Train time = 3.7663 s
Matrix update time = 0.0084 s
positive data: [[1.46446611 8.53553395 8.01710651 8.74752088 8.84301443 8.85153757]
 [1.46446611 8.53553396 8.85144999 8.31929523 7.92502797 7.91643487]]
positive support: [3.14948603e-01 1.04982863e-01 2.28770842e-01 5.64955269e-10
 1.57918178e-10 3.51297693e-01]
classifires probs: [-5.13462441e-11  2.10347437e-01  1.21881110e-12  5.12438992e-02
  2.10347437e-01  2.96799394e-10  1.66252034e-01  3.61809192e-01]
BR point: [1.81164392 1.21828926]
BR value: 7.565628622608789
Points utilities = [[5.72156629 5.72156629 5.72156629 4.61559091 4.247633   5.72156629]]
new point utility = 7.565628622608789
new point = [1.81164392 1.21828926]
point added
classifier utilities = 3.1494860349650575
new classifier utility = [2.09965741]
new classifier is better = True
classifier utilities = 3.1494860349650575
new classifier utility = [3.14948603]
new classifier is better = False
classifier utilities = 3.1494860349650575
new classifier utility = [0.]
new classifier is better = True
classifier utilities = [9.44845811 6.29897208 8.39862948 5.2491434  6.29897208 4.19931467
 3.14948603 6.29897207]
new classifier utility = [0.]
classifier added
classifires probs: [-5.13462441e-11  2.10347437e-01  1.21881110e-12  5.12438992e-02
  2.10347437e-01  2.96799394e-10  1.66252034e-01  3.61809192e-01]
---------------------------- iteration: 10
Size of game = (7, 9)
Objective = 5.72156629212604
Support of attacker = 4
Support of classifier = 5
init time = 0.9182 s
NFG time = 0.0600 s
plot time = 0.0000 s
BR time = 12.2006 s
Train time = 4.5825 s
Matrix update time = 0.0099 s
positive data: [[1.46446611 8.53553395 8.01710651 8.74752088 8.84301443 8.85153757
  1.81164392]
 [1.46446611 8.53553396 8.85144999 8.31929523 7.92502797 7.91643487
  1.21828926]]
positive support: [1.23859389e-10 3.16977303e-01 1.73887171e-08 1.62842672e-08
 3.52181742e-01 3.17885289e-09 3.30840919e-01]
classifires probs: [ 2.39024536e-11  4.29299408e-01  4.85949833e-02  1.74388919e-10
  1.29619144e-01 -2.47551426e-11  2.75374039e-10  1.17486463e-01
  2.75000001e-01]
BR point: [7.92048586 8.94488335]
BR value: 7.638161140486953
Points utilities = [[2.9570059  5.46785872 5.46440191 5.46625861 5.46785872 5.44653562
  5.46785872]]
new point utility = 7.638161140486953
new point = [7.92048586 8.94488335]
point added
classifier utilities = 3.1697730750588304
new classifier utility = [0.]
new classifier is better = True
classifier utilities = 3.1697730750588304
new classifier utility = [3.1697732]
new classifier is better = False
classifier utilities = 3.1697730750588304
new classifier utility = [0.]
new classifier is better = True
classifier utilities = [9.50931959 6.33954639 6.3395464  6.33954655 6.3395464  9.50931943
 3.16977323 6.33954639 3.16977308]
new classifier utility = [1.59593541e-07]
classifier added
classifires probs: [ 2.39024536e-11  4.29299408e-01  4.85949833e-02  1.74388919e-10
  1.29619144e-01 -2.47551426e-11  2.75374039e-10  1.17486463e-01
  2.75000001e-01]
---------------------------- iteration: 11
Size of game = (8, 10)
Objective = 5.467858719145988
Support of attacker = 3
Support of classifier = 5
init time = 0.9182 s
NFG time = 0.0631 s
plot time = 0.0000 s
BR time = 14.2038 s
Train time = 5.3920 s
Matrix update time = 0.0114 s
positive data: [[1.46446611 8.53553395 8.01710651 8.74752088 8.84301443 8.85153757
  1.81164392 7.92048586]
 [1.46446611 8.53553396 8.85144999 8.31929523 7.92502797 7.91643487
  1.21828926 8.94488335]]
positive support: [2.59327603e-10 3.00059058e-12 5.10740575e-01 4.24585215e-10
 3.13298616e-11 3.31533628e-11 4.89259399e-01 2.13109685e-08]
classifires probs: [-3.85954029e-12  1.46308726e-02 -3.92997330e-12 -3.96542848e-12
  4.63756339e-01  5.45491043e-04  1.64103009e-03 -3.95750193e-12
  2.33165420e-02  4.96109725e-01]
BR point: [1.34981435 1.59297769]
BR value: 9.762173893321956
Points utilities = [[4.63756339 0.15176364 4.68757414 4.68399197 4.31058108 4.30848335
  4.68757414 4.68670059]]
new point utility = 9.762173893321956
new point = [1.34981435 1.59297769]
point added
classifier utilities = 4.68757411632562
new classifier utility = [0.]
new classifier is better = True
classifier utilities = 4.68757411632562
new classifier utility = [0.]
new classifier is better = True
classifier utilities = [9.37514824 4.68757412 9.37514824 9.37514813 4.68757413 4.68757412
 4.68757412 9.37514824 4.68757412 4.68757412]
new classifier utility = [4.76168654e-09]
classifier added
classifires probs: [-3.85954029e-12  1.46308726e-02 -3.92997330e-12 -3.96542848e-12
  4.63756339e-01  5.45491043e-04  1.64103009e-03 -3.95750193e-12
  2.33165420e-02  4.96109725e-01]
---------------------------- iteration: 12
Size of game = (9, 11)
Objective = 4.687574137259166
Support of attacker = 2
Support of classifier = 6
init time = 0.9182 s
NFG time = 0.0663 s
plot time = 0.0000 s
BR time = 16.5762 s
Train time = 5.8640 s
Matrix update time = 0.0130 s
positive data: [[1.46446611 8.53553395 8.01710651 8.74752088 8.84301443 8.85153757
  1.81164392 7.92048586 1.34981435]
 [1.46446611 8.53553396 8.85144999 8.31929523 7.92502797 7.91643487
  1.21828926 8.94488335 1.59297769]]
positive support: [6.74075655e-11 4.42836993e-02 1.44749602e-01 1.27514480e-11
 1.06513249e-11 3.45762227e-01 4.62205302e-02 1.51385985e-01
 2.67597957e-01]
classifires probs: [-6.74837436e-12  2.88150116e-01 -5.56748510e-12  1.97251283e-11
  2.12525997e-01  5.63644935e-11  1.04293541e-01  2.50888873e-01
  2.85364330e-02  8.33843042e-02  3.22207354e-02]
BR point: [7.33675015 8.82805381]
BR value: 7.376144580046676
Points utilities = [[4.6341487  5.71259725 5.71259725 5.21176471 4.79627943 5.71259725
  5.71259725 5.71259725 5.71259725]]
new point utility = 7.376144580046676
new point = [7.33675015 8.82805381]
point added
classifier utilities = 3.5426959645067027
new classifier utility = [1.771348]
new classifier is better = True
classifier utilities = 3.5426959645067027
new classifier utility = [3.09985897]
new classifier is better = True
classifier utilities = [9.29957692 6.19971794 8.85673992 6.19971791 6.19971794 3.98553296
 3.54269596 6.19971794 4.42836996 5.31404395 3.54269597]
new classifier utility = [3.09985897]
classifier added
classifires probs: [-6.74837436e-12  2.88150116e-01 -5.56748510e-12  1.97251283e-11
  2.12525997e-01  5.63644935e-11  1.04293541e-01  2.50888873e-01
  2.85364330e-02  8.33843042e-02  3.22207354e-02]
---------------------------- iteration: 13
Size of game = (10, 12)
Objective = 5.712597246315124
Support of attacker = 6
Support of classifier = 7
init time = 0.9182 s
NFG time = 0.0690 s
plot time = 0.0000 s
BR time = 18.5719 s
Train time = 6.4222 s
Matrix update time = 0.0147 s
positive data: [[1.46446611 8.53553395 8.01710651 8.74752088 8.84301443 8.85153757
  1.81164392 7.92048586 1.34981435 7.33675015]
 [1.46446611 8.53553396 8.85144999 8.31929523 7.92502797 7.91643487
  1.21828926 8.94488335 1.59297769 8.82805381]]
positive support: [2.47363383e-08 2.48881318e-08 3.60234329e-08 2.57472195e-08
 2.41571375e-08 2.78509942e-08 3.39899945e-08 8.60417727e-09
 2.19828234e-08 1.00000004e+00]
classifires probs: [0.36278183 0.17417247 0.0646182  0.03207881 0.09441569 0.02227526
 0.01131617 0.11493909 0.01970721 0.0338264  0.03898311 0.03088576]
BR point: [1.12925418 1.90167436]
BR value: 7.676000171374598
Points utilities = [[6.67640558 7.13151755 7.18101674 7.08768166 7.10423605 7.17798433
  7.21463446 7.03916271 7.16065112 7.37614453]]
new point utility = 7.676000171374598
new point = [1.12925418 1.90167436]
point added
classifier utilities = 7.376145467712638
new classifier utility = [0.]
new classifier is better = True
classifier utilities = 7.376145467712638
new classifier utility = [0.]
new classifier is better = True
classifier utilities = [7.37614706 7.37614627 7.37614656 7.37614634 7.3761464  7.37614619
 7.37614547 7.37614634 7.37614551 7.37614552 7.37614586 7.37614551]
new classifier utility = [1.75909768e-06]
classifier added
classifires probs: [0.36278183 0.17417247 0.0646182  0.03207881 0.09441569 0.02227526
 0.01131617 0.11493909 0.01970721 0.0338264  0.03898311 0.03088576]
---------------------------- iteration: 14
Size of game = (11, 13)
Objective = 7.3761445255686615
Support of attacker = 1
Support of classifier = 12
init time = 0.9182 s
NFG time = 0.0712 s
plot time = 0.0000 s
BR time = 21.5603 s
Train time = 6.9543 s
Matrix update time = 0.0169 s
positive data: [[1.46446611 8.53553395 8.01710651 8.74752088 8.84301443 8.85153757
  1.81164392 7.92048586 1.34981435 7.33675015 1.12925418]
 [1.46446611 8.53553396 8.85144999 8.31929523 7.92502797 7.91643487
  1.21828926 8.94488335 1.59297769 8.82805381 1.90167436]]
positive support: [1.60825212e-12 9.17091445e-02 9.99228649e-02 1.87543055e-01
 1.42805962e-11 1.02293550e-01 1.68617532e-12 1.04504056e-01
 9.23634825e-02 1.24332078e-01 1.97331768e-01]
classifires probs: [-2.63804593e-13  3.63605040e-01  1.43165256e-02  4.79654252e-13
  4.31632543e-02 -5.25195587e-13  4.06505189e-02  2.98608810e-02
  2.95487043e-02  2.36720017e-01 -1.69907136e-13  4.40770060e-02
  1.98058053e-01]
BR point: [8.325047   8.73976431]
BR value: 8.111678293750836
Points utilities = [[3.2947572  5.91523974 5.91523974 5.91523974 5.57252729 5.91523974
  3.82926912 5.91523974 5.91523974 5.91523974 5.91523974]]
new point utility = 8.111678293750836
new point = [8.325047   8.73976431]
point added
classifier utilities = 3.6683656914442038
new classifier utility = [3.66836569]
new classifier is better = False
classifier utilities = 3.6683656914442038
new classifier utility = [3.66836571]
new classifier is better = False
classifier utilities = 3.6683656914442038
new classifier utility = [3.66836571]
new classifier is better = False
classifier utilities = 3.6683656914442038
new classifier utility = [3.66836571]
new classifier is better = False
classifier utilities = 3.6683656914442038
new classifier utility = [3.66836571]
new classifier is better = False
classifier utilities = 3.6683656914442038
new classifier utility = [0.91709139]
new classifier is better = True
classifier utilities = [9.17091437 6.41964004 6.41964004 7.33673143 6.41964004 6.41963997
 3.66836569 6.41964004 4.58545714 5.50254859 6.41964002 3.66836569
 6.41964004]
new classifier utility = [0.91709139]
classifier added
classifires probs: [-2.63804593e-13  3.63605040e-01  1.43165256e-02  4.79654252e-13
  4.31632543e-02 -5.25195587e-13  4.06505189e-02  2.98608810e-02
  2.95487043e-02  2.36720017e-01 -1.69907136e-13  4.40770060e-02
  1.98058053e-01]
---------------------------- iteration: 15
Size of game = (12, 14)
Objective = 5.9152397412366975
Support of attacker = 8
Support of classifier = 9
init time = 0.9182 s
NFG time = 0.0742 s
plot time = 0.0000 s
BR time = 24.5957 s
Train time = 8.5084 s
Matrix update time = 0.0187 s
positive data: [[1.46446611 8.53553395 8.01710651 8.74752088 8.84301443 8.85153757
  1.81164392 7.92048586 1.34981435 7.33675015 1.12925418 8.325047  ]
 [1.46446611 8.53553396 8.85144999 8.31929523 7.92502797 7.91643487
  1.21828926 8.94488335 1.59297769 8.82805381 1.90167436 8.73976431]]
positive support: [6.07328313e-09 4.00259225e-11 5.37751466e-11 6.80403032e-11
 5.71186016e-08 1.81292574e-09 3.05140676e-01 4.43774097e-11
 1.77895252e-08 3.96350754e-01 1.63362509e-10 2.98508488e-01]
classifires probs: [-1.80078799e-11  2.38197188e-01  1.52902645e-01 -1.80278585e-11
  5.11897983e-02 -2.30159064e-11  3.74901273e-05 -1.68983257e-11
  2.56929810e-02  1.51469213e-01  5.21612295e-05  7.90724783e-05
  2.07298447e-01  1.73081004e-01]
BR point: [8.88613781 7.5786316 ]
BR value: 8.004140154021567
Points utilities = [[5.84550966 4.45547797 4.97969545 4.85812494 5.84701548 5.82454989
  5.84708126 4.98687086 5.84462076 5.84708126 5.47212164 5.84708126]]
new point utility = 8.004140154021567
new point = [8.88613781 7.5786316 ]
point added
classifier utilities = 5.847080713764409
new classifier utility = [5.8470807]
new classifier is better = False
classifier utilities = 5.847080713764409
new classifier utility = [2.92354023]
new classifier is better = True
classifier utilities = [8.77062193 5.84708146 5.84708147 8.7706217  5.84708147 8.7706217
 5.84708071 8.7706214  5.84708076 5.84708111 5.84708147 5.84708087
 5.84708147 5.84708076]
new classifier utility = [2.92354076]
classifier added
classifires probs: [-1.80078799e-11  2.38197188e-01  1.52902645e-01 -1.80278585e-11
  5.11897983e-02 -2.30159064e-11  3.74901273e-05 -1.68983257e-11
  2.56929810e-02  1.51469213e-01  5.21612295e-05  7.90724783e-05
  2.07298447e-01  1.73081004e-01]
---------------------------- iteration: 16
Size of game = (13, 15)
Objective = 5.847081261650672
Support of attacker = 3
Support of classifier = 10
init time = 0.9182 s
NFG time = 0.0770 s
plot time = 0.0000 s
BR time = 27.5960 s
Train time = 9.0590 s
Matrix update time = 0.0206 s
positive data: [[1.46446611 8.53553395 8.01710651 8.74752088 8.84301443 8.85153757
  1.81164392 7.92048586 1.34981435 7.33675015 1.12925418 8.325047
  8.88613781]
 [1.46446611 8.53553396 8.85144999 8.31929523 7.92502797 7.91643487
  1.21828926 8.94488335 1.59297769 8.82805381 1.90167436 8.73976431
  7.5786316 ]]
positive support: [8.17546319e-12 1.95064418e-11 9.14074701e-11 8.05398285e-11
 1.20608525e-01 3.03958837e-10 1.88833529e-01 2.24317378e-11
 9.76116533e-12 2.94333641e-01 3.89289290e-02 2.21675094e-01
 1.35620282e-01]
classifires probs: [-3.56598822e-13  3.09638769e-01  5.91806977e-02 -1.01057678e-12
  1.39648311e-01 -1.44292584e-12  7.30083776e-12  2.36005738e-01
  2.33907038e-11  5.21039042e-02  2.16341831e-12  5.89926817e-12
  2.66364360e-02  3.24623387e-02  1.44323806e-01]
BR point: [8.87333648 7.28945482]
BR value: 7.110191358677561
Points utilities = [[4.93933521 5.72280942 6.02929141 6.06605784 6.11511712 6.09126989
  6.11511712 5.76498248 5.09936737 6.11511712 6.11511712 6.11511712
  6.11511712]]
new point utility = 7.110191358677561
new point = [8.87333648 7.28945482]
point added
classifier utilities = 4.342094972606356
new classifier utility = [5.42761873]
new classifier is better = False
classifier utilities = 4.342094972606356
new classifier utility = [2.1710475]
new classifier is better = True
classifier utilities = [8.68419    6.5131425  6.5131425  8.68419    6.5131425  8.68419
 5.42761874 6.5131425  5.42761866 5.78945999 6.87498375 5.42761868
 6.5131425  5.06577748 4.34209497]
new classifier utility = [2.1710475]
classifier added
classifires probs: [-3.56598822e-13  3.09638769e-01  5.91806977e-02 -1.01057678e-12
  1.39648311e-01 -1.44292584e-12  7.30083776e-12  2.36005738e-01
  2.33907038e-11  5.21039042e-02  2.16341831e-12  5.89926817e-12
  2.66364360e-02  3.24623387e-02  1.44323806e-01]
---------------------------- iteration: 17
Size of game = (14, 16)
Objective = 6.115117116644723
Support of attacker = 6
Support of classifier = 8
init time = 0.9182 s
NFG time = 0.0803 s
plot time = 0.0000 s
BR time = 30.4466 s
Train time = 9.6282 s
Matrix update time = 0.0225 s
positive data: [[1.46446611 8.53553395 8.01710651 8.74752088 8.84301443 8.85153757
  1.81164392 7.92048586 1.34981435 7.33675015 1.12925418 8.325047
  8.88613781 8.87333648]
 [1.46446611 8.53553396 8.85144999 8.31929523 7.92502797 7.91643487
  1.21828926 8.94488335 1.59297769 8.82805381 1.90167436 8.73976431
  7.5786316  7.28945482]]
positive support: [1.21592256e-08 1.08129980e-08 3.06599317e-08 1.43663855e-08
 3.90649449e-08 5.80991025e-08 6.78281449e-08 1.47470563e-08
 6.37379240e-09 3.33611601e-08 4.23262515e-08 6.87636758e-08
 1.44145940e-08 1.00000003e+00]
classifires probs: [0.28926808 0.22955846 0.08740928 0.01279601 0.08618401 0.01068805
 0.00675626 0.10694678 0.02185137 0.02404556 0.01608277 0.02311773
 0.02616179 0.02197263 0.01190583 0.02525538]
BR point: [1.21844606 2.01185413]
BR value: 7.116138825810275
Points utilities = [[6.66315682 6.78705935 6.88371738 6.67631113 6.93078891 6.9643326
  6.9971006  6.77371259 6.85350063 6.90906497 6.95695796 7.0079484
  6.9459755  7.1101913 ]]
new point utility = 7.116138825810275
new point = [1.21844606 2.01185413]
classifier utilities = 7.110192711401941
new classifier utility = [0.]
new classifier is better = True
classifier utilities = 7.110192711401941
new classifier utility = [0.]
new classifier is better = True
classifier utilities = [7.11019537 7.11019415 7.11019445 7.11019508 7.11019418 7.11019478
 7.1101935  7.11019425 7.11019318 7.11019348 7.11019413 7.11019317
 7.11019472 7.11019271 7.11019375 7.11019279]
new classifier utility = [2.80713853e-06]
classifier added
classifires probs: [0.28926808 0.22955846 0.08740928 0.01279601 0.08618401 0.01068805
 0.00675626 0.10694678 0.02185137 0.02404556 0.01608277 0.02311773
 0.02616179 0.02197263 0.01190583 0.02525538]
---------------------------- iteration: 18
Size of game = (14, 17)
Objective = 7.110191298296847
Support of attacker = 1
Support of classifier = 16
init time = 0.9182 s
NFG time = 0.0824 s
plot time = 0.0000 s
BR time = 33.7149 s
Train time = 10.1589 s
Matrix update time = 0.0233 s
positive data: [[1.46446611 8.53553395 8.01710651 8.74752088 8.84301443 8.85153757
  1.81164392 7.92048586 1.34981435 7.33675015 1.12925418 8.325047
  8.88613781 8.87333648]
 [1.46446611 8.53553396 8.85144999 8.31929523 7.92502797 7.91643487
  1.21828926 8.94488335 1.59297769 8.82805381 1.90167436 8.73976431
  7.5786316  7.28945482]]
positive support: [3.56034694e-02 1.14252349e-11 1.16376656e-01 1.09212410e-01
 8.62094828e-12 1.26412029e-11 1.48642643e-01 9.32903780e-11
 3.58575022e-02 1.44805219e-01 1.93923827e-11 1.09058924e-01
 1.53037403e-09 3.00443175e-01]
classifires probs: [-8.94849363e-13  3.16513271e-01  1.29851914e-01 -1.21940788e-12
  5.63362101e-02 -1.16710767e-12  4.06176319e-12 -6.21890324e-13
  2.63164269e-02  5.54715822e-02  8.77869566e-12  6.34549130e-12
  8.86287050e-02  7.74949467e-02  2.57063947e-11  9.56352236e-02
  1.53751721e-01]
BR point: [3.00004997 2.21090885]
BR value: 6.725591776724284
Points utilities = [[6.0169872  5.58893696 6.0169872  6.0169872  5.32220149 5.30144641
  6.0169872  5.98416151 6.0169872  6.0169872  5.6326447  6.0169872
  6.0080121  6.0169872 ]]
new point utility = 6.725591776724284
new point = [3.00004997 2.21090885]
point added
classifier utilities = 4.272416934972072
new classifier utility = [4.98448647]
new classifier is better = False
classifier utilities = 4.272416934972072
new classifier utility = [3.20431271]
new classifier is better = True
classifier utilities = [8.5448339  6.40862543 6.40862543 7.83276443 6.40862543 6.76466019
 4.62845174 7.47672964 4.98448643 5.69655593 5.34052118 5.34052116
 6.40862543 4.98448643 4.62845175 4.27241693 6.40862543]
new classifier utility = [3.20431271]
classifier added
classifires probs: [-8.94849363e-13  3.16513271e-01  1.29851914e-01 -1.21940788e-12
  5.63362101e-02 -1.16710767e-12  4.06176319e-12 -6.21890324e-13
  2.63164269e-02  5.54715822e-02  8.77869566e-12  6.34549130e-12
  8.86287050e-02  7.74949467e-02  2.57063947e-11  9.56352236e-02
  1.53751721e-01]
---------------------------- iteration: 19
Size of game = (15, 18)
Objective = 6.016987202272404
Support of attacker = 8
Support of classifier = 9
init time = 0.9182 s
NFG time = 0.0855 s
plot time = 0.0000 s
BR time = 37.1595 s
Train time = 10.7248 s
Matrix update time = 0.0254 s
positive data: [[1.46446611 8.53553395 8.01710651 8.74752088 8.84301443 8.85153757
  1.81164392 7.92048586 1.34981435 7.33675015 1.12925418 8.325047
  8.88613781 8.87333648 3.00004997]
 [1.46446611 8.53553396 8.85144999 8.31929523 7.92502797 7.91643487
  1.21828926 8.94488335 1.59297769 8.82805381 1.90167436 8.73976431
  7.5786316  7.28945482 2.21090885]]
positive support: [3.74802543e-09 4.04451716e-09 1.32280678e-08 8.78502362e-09
 1.08011151e-08 2.29113557e-08 2.90430289e-08 6.39791850e-09
 3.30795982e-09 2.20303856e-08 1.55538468e-08 2.83756956e-08
 8.87301680e-09 6.08670748e-09 9.99999997e-01]
classifires probs: [0.16475472 0.26795454 0.12366632 0.00957914 0.06520428 0.00899167
 0.00770686 0.06337122 0.01905257 0.02379797 0.0154899  0.02091647
 0.06047516 0.02155766 0.01223024 0.03078495 0.06305981 0.02140652]
BR point: [1.21837076 2.01180061]
BR value: 6.76149111532015
Points utilities = [[6.3519712  6.44097012 6.57312982 6.53053385 6.55539764 6.59892768
  6.63728191 6.45217918 6.51839185 6.61278477 6.60392672 6.63506422
  6.57442057 6.50961955 6.72559176]]
new point utility = 6.76149111532015
new point = [1.21837076 2.01180061]
classifier utilities = 6.725592292782406
new classifier utility = [0.]
new classifier is better = True
classifier utilities = 6.725592292782406
new classifier utility = [0.]
new classifier is better = True
classifier utilities = [6.72559341 6.72559292 6.72559301 6.7255933  6.72559291 6.72559316
 6.72559266 6.72559295 6.72559254 6.72559267 6.72559288 6.72559253
 6.72559307 6.72559235 6.72559268 6.72559229 6.72559299 6.72559229]
new classifier utility = [1.161242e-06]
classifier added
classifires probs: [0.16475472 0.26795454 0.12366632 0.00957914 0.06520428 0.00899167
 0.00770686 0.06337122 0.01905257 0.02379797 0.0154899  0.02091647
 0.06047516 0.02155766 0.01223024 0.03078495 0.06305981 0.02140652]
---------------------------- iteration: 20
Size of game = (15, 19)
Objective = 6.725591752563737
Support of attacker = 1
Support of classifier = 18
init time = 0.9182 s
NFG time = 0.0878 s
plot time = 0.0000 s
BR time = 40.7931 s
Train time = 11.2566 s
Matrix update time = 0.0261 s
positive data: [[1.46446611 8.53553395 8.01710651 8.74752088 8.84301443 8.85153757
  1.81164392 7.92048586 1.34981435 7.33675015 1.12925418 8.325047
  8.88613781 8.87333648 3.00004997]
 [1.46446611 8.53553396 8.85144999 8.31929523 7.92502797 7.91643487
  1.21828926 8.94488335 1.59297769 8.82805381 1.90167436 8.73976431
  7.5786316  7.28945482 2.21090885]]
positive support: [6.62630066e-02 5.14812915e-08 4.81313784e-02 4.51685954e-02
 1.71784767e-01 1.10451783e-07 9.22142438e-02 2.46988204e-07
 6.67355705e-02 2.39557018e-01 1.28358401e-08 1.80420449e-01
 2.75952191e-02 6.21294181e-02 7.42483508e-09]
classifires probs: [ 2.95404610e-10  1.53590488e-01  1.52857360e-01 -1.57802188e-10
  2.25458166e-02 -6.96802798e-10 -1.96549227e-10  4.61024229e-03
  2.57933297e-02  1.70881416e-02 -3.91046930e-10  4.25124776e-10
  1.12453558e-01  3.86737399e-02  4.98146223e-09  8.80249930e-02
  1.00621460e-01  6.99513977e-02  2.13789468e-01]
BR point: [8.86469914 7.5052039 ]
BR value: 6.459331330034856
Points utilities = [[5.89738568 5.85065215 5.89738575 5.89738572 5.89738576 5.87438762
  5.89738574 5.86521257 5.89738571 5.89738576 5.52068293 5.89738576
  5.89738568 5.89738569 5.28773107]]
new point utility = 6.459331330034856
new point = [8.86469914 7.5052039 ]
point added
classifier utilities = 2.650511069128182
new classifier utility = [3.31313612]
new classifier is better = False
classifier utilities = 2.650511069128182
new classifier utility = [4.4175181]
new classifier is better = False
classifier utilities = 2.650511069128182
new classifier utility = [2.6505109]
new classifier is better = False
classifier utilities = 2.650511069128182
new classifier utility = [2.6505109]
new classifier is better = False
classifier utilities = 2.650511069128182
new classifier utility = [2.6505109]
new classifier is better = False
classifier utilities = 2.650511069128182
new classifier utility = [2.6505109]
new classifier is better = False
classifier utilities = 2.650511069128182
new classifier utility = [2.6505109]
new classifier is better = False
classifier utilities = 2.650511069128182
new classifier utility = [2.6505109]
new classifier is better = False
classifier utilities = 2.650511069128182
new classifier utility = [1.98788084]
new classifier is better = True
classifier utilities = [8.83503569 6.62627672 6.62627682 7.50977718 6.62627686 7.06802602
 3.31313728 6.6262771  3.97576634 5.30102166 6.18452517 4.63839423
 6.62627681 3.97576623 3.53401166 2.65051107 6.62627675 3.97576622
 6.62627667]
new classifier utility = [1.987881]
classifier added
classifires probs: [ 2.95404610e-10  1.53590488e-01  1.52857360e-01 -1.57802188e-10
  2.25458166e-02 -6.96802798e-10 -1.96549227e-10  4.61024229e-03
  2.57933297e-02  1.70881416e-02 -3.91046930e-10  4.25124776e-10
  1.12453558e-01  3.86737399e-02  4.98146223e-09  8.80249930e-02
  1.00621460e-01  6.99513977e-02  2.13789468e-01]
---------------------------- iteration: 21
Size of game = (16, 20)
Objective = 5.897385773959052
Support of attacker = 10
Support of classifier = 12
init time = 0.9182 s
NFG time = 0.0908 s
plot time = 0.0000 s
BR time = 44.9457 s
Train time = 13.8579 s
Matrix update time = 0.0295 s
positive data: [[1.46446611 8.53553395 8.01710651 8.74752088 8.84301443 8.85153757
  1.81164392 7.92048586 1.34981435 7.33675015 1.12925418 8.325047
  8.88613781 8.87333648 3.00004997 8.86469914]
 [1.46446611 8.53553396 8.85144999 8.31929523 7.92502797 7.91643487
  1.21828926 8.94488335 1.59297769 8.82805381 1.90167436 8.73976431
  7.5786316  7.28945482 2.21090885 7.5052039 ]]
positive support: [2.25028895e-10 1.52883221e-09 5.17585348e-10 7.84987253e-09
 3.11598938e-10 3.02600593e-10 2.74242467e-01 2.60955295e-10
 1.66648281e-08 3.56216696e-01 6.29082716e-10 1.26331129e-09
 1.82176682e-10 3.69540816e-01 6.74652595e-10 2.14486322e-10]
classifires probs: [-7.46040704e-11  1.67707132e-01 -7.91629391e-11 -1.03451779e-10
 -9.28280980e-11 -8.06341363e-11 -8.49469976e-11 -8.60685503e-11
 -7.33841735e-11  4.09988787e-03  3.49975313e-03 -5.62705215e-11
  8.22092019e-03 -8.32143524e-11  2.70473002e-02  2.32786113e-03
  4.77166806e-02  2.13201691e-01  2.76208263e-01  2.49970512e-01]
BR point: [7.20546262 8.85721959]
BR value: 6.805450757384129
Points utilities = [[2.71467152 5.03352749 4.54982498 5.18734586 4.34433853 4.32739684
  5.25501181 4.35037213 5.21814456 5.25501181 5.16876153 4.96990329
  3.8962814  5.25501181 4.86792773 3.83034194]]
new point utility = 6.805450757384129
new point = [7.20546262 8.85721959]
point added
classifier utilities = 5.255011776146345
new classifier utility = [7.88251753]
new classifier is better = False
classifier utilities = 5.255011776146345
new classifier utility = [5.25501161]
new classifier is better = False
classifier utilities = 5.255011776146345
new classifier utility = [2.62750576]
new classifier is better = True
classifier utilities = [7.88251783 5.25501189 7.88251772 7.88251765 7.88251779 7.88251765
 7.88251755 7.88251774 7.88251761 5.25501197 5.25501189 7.88251765
 5.25501197 7.88251754 5.25501178 5.25501186 5.2550119  5.25501179
 5.25501189 5.25501186]
new classifier utility = [2.62750594]
classifier added
classifires probs: [-7.46040704e-11  1.67707132e-01 -7.91629391e-11 -1.03451779e-10
 -9.28280980e-11 -8.06341363e-11 -8.49469976e-11 -8.60685503e-11
 -7.33841735e-11  4.09988787e-03  3.49975313e-03 -5.62705215e-11
  8.22092019e-03 -8.32143524e-11  2.70473002e-02  2.32786113e-03
  4.77166806e-02  2.13201691e-01  2.76208263e-01  2.49970512e-01]
---------------------------- iteration: 22
Size of game = (17, 21)
Objective = 5.255011809446492
Support of attacker = 3
Support of classifier = 10
init time = 0.9182 s
NFG time = 0.0940 s
plot time = 0.0000 s
BR time = 49.2390 s
Train time = 14.6875 s
Matrix update time = 0.0318 s
positive data: [[1.46446611 8.53553395 8.01710651 8.74752088 8.84301443 8.85153757
  1.81164392 7.92048586 1.34981435 7.33675015 1.12925418 8.325047
  8.88613781 8.87333648 3.00004997 8.86469914 7.20546262]
 [1.46446611 8.53553396 8.85144999 8.31929523 7.92502797 7.91643487
  1.21828926 8.94488335 1.59297769 8.82805381 1.90167436 8.73976431
  7.5786316  7.28945482 2.21090885 7.5052039  8.85721959]]
positive support: [1.21032229e-09 9.11425260e-09 4.24251757e-09 1.47008619e-08
 7.58323470e-09 4.09253621e-09 2.96337792e-01 2.18073506e-09
 2.30550445e-08 1.41631725e-09 1.39589525e-09 2.89896906e-01
 2.02842523e-08 1.95249619e-08 4.23530665e-10 8.24835504e-09
 4.13765309e-01]
classifires probs: [-6.92450925e-10  1.34050282e-01  1.24087381e-02 -7.15315273e-10
  1.26075029e-02 -8.71333365e-10  7.57095498e-03 -1.25422401e-09
  1.85969844e-02  3.30490418e-02  1.05135224e-02  7.11487705e-03
  1.72469413e-01  5.00138310e-02  7.30640805e-03  9.46230493e-03
  4.14853983e-11  9.73558359e-02  2.29711565e-01  7.61472526e-02
  1.21621487e-01]
BR point: [8.88260511 7.17834953]
BR value: 6.701709136771217
Points utilities = [[4.83053989 5.4674478  3.75581526 5.54195767 5.21183267 5.25938382
  5.67840034 3.75437048 5.56860292 4.52152597 5.4489077  5.67840034
  5.56618407 5.55322068 5.18064554 5.52004198 5.67840034]]
new point utility = 6.701709136771217
new point = [8.88260511 7.17834953]
point added
classifier utilities = 5.67840069906739
new classifier utility = [5.67840043]
new classifier is better = False
classifier utilities = 5.67840069906739
new classifier utility = [2.83920016]
new classifier is better = True
classifier utilities = [8.51760159 5.67840117 5.67840123 8.51760125 5.67840131 8.51760129
 5.67840086 8.51760111 5.67840096 5.67840108 5.67840113 5.67840106
 5.67840125 5.67840082 5.67840106 5.67840089 8.51760112 5.6784007
 5.67840117 5.67840082 5.67840074]
new classifier utility = [2.83920102]
classifier added
classifires probs: [-6.92450925e-10  1.34050282e-01  1.24087381e-02 -7.15315273e-10
  1.26075029e-02 -8.71333365e-10  7.57095498e-03 -1.25422401e-09
  1.85969844e-02  3.30490418e-02  1.05135224e-02  7.11487705e-03
  1.72469413e-01  5.00138310e-02  7.30640805e-03  9.46230493e-03
  4.14853983e-11  9.73558359e-02  2.29711565e-01  7.61472526e-02
  1.21621487e-01]
---------------------------- iteration: 23
Size of game = (18, 22)
Objective = 5.678400342575326
Support of attacker = 3
Support of classifier = 16
init time = 0.9182 s
NFG time = 0.0968 s
plot time = 0.0000 s
BR time = 52.8991 s
Train time = 15.2403 s
Matrix update time = 0.0341 s
positive data: [[1.46446611 8.53553395 8.01710651 8.74752088 8.84301443 8.85153757
  1.81164392 7.92048586 1.34981435 7.33675015 1.12925418 8.325047
  8.88613781 8.87333648 3.00004997 8.86469914 7.20546262 8.88260511]
 [1.46446611 8.53553396 8.85144999 8.31929523 7.92502797 7.91643487
  1.21828926 8.94488335 1.59297769 8.82805381 1.90167436 8.73976431
  7.5786316  7.28945482 2.21090885 7.5052039  8.85721959 7.17834953]]
positive support: [1.50721237e-09 2.49152191e-09 4.13031795e-09 1.02191742e-01
 2.90923369e-09 3.12994107e-09 1.39087225e-01 3.22304217e-09
 6.71048414e-02 2.12345838e-09 2.28709535e-09 1.02048133e-01
 3.61881125e-09 5.14549508e-09 2.80924113e-09 3.66407637e-09
 2.91303365e-01 2.98264712e-01]
classifires probs: [-2.98290963e-10  1.17660804e-01  5.43964225e-02 -3.60573044e-10
  2.48665970e-10 -3.83722817e-10  5.89105305e-10 -4.20013961e-10
  5.90489436e-10  8.41562252e-02  3.01816608e-11  1.95559615e-10
  6.78011219e-02  1.05434491e-01 -2.16175755e-10  4.36554387e-10
  1.32546797e-01  7.26025330e-10  1.91414981e-01  5.88687640e-02
  1.02728792e-01  8.49916003e-02]
BR point: [1.85957239 1.17118476]
BR value: 6.5213107443706875
Points utilities = [[4.62907625 5.09423702 5.32484476 5.81341907 4.64658567 4.62846531
  5.81341907 5.09141699 5.81341906 5.05715643 5.44207972 5.81341907
  5.64976752 5.43733689 5.43821275 5.52771833 5.81341907 5.81341907]]
new point utility = 6.5213107443706875
new point = [1.85957239 1.17118476]
point added
classifier utilities = 4.9972086736111825
new classifier utility = [5.99665015]
new classifier is better = False
classifier utilities = 4.9972086736111825
new classifier utility = [3.9977668]
new classifier is better = True
classifier utilities = [7.99553388 5.99665041 5.99665043 7.32923937 6.99609203 7.3292393
 5.33035586 6.9960921  5.99665027 5.66350315 5.99665036 5.99665031
 5.99665043 5.33035583 6.32979754 5.99665027 5.99665038 5.99665022
 5.99665039 5.99665023 5.99665024 4.99720867]
new classifier utility = [3.99776686]
classifier added
classifires probs: [-2.98290963e-10  1.17660804e-01  5.43964225e-02 -3.60573044e-10
  2.48665970e-10 -3.83722817e-10  5.89105305e-10 -4.20013961e-10
  5.90489436e-10  8.41562252e-02  3.01816608e-11  1.95559615e-10
  6.78011219e-02  1.05434491e-01 -2.16175755e-10  4.36554387e-10
  1.32546797e-01  7.26025330e-10  1.91414981e-01  5.88687640e-02
  1.02728792e-01  8.49916003e-02]
---------------------------- iteration: 24
Size of game = (19, 23)
Objective = 5.813419075691547
Support of attacker = 6
Support of classifier = 10
init time = 0.9182 s
NFG time = 0.0998 s
plot time = 0.0000 s
BR time = 56.8678 s
Train time = 15.8107 s
Matrix update time = 0.0366 s
positive data: [[1.46446611 8.53553395 8.01710651 8.74752088 8.84301443 8.85153757
  1.81164392 7.92048586 1.34981435 7.33675015 1.12925418 8.325047
  8.88613781 8.87333648 3.00004997 8.86469914 7.20546262 8.88260511
  1.85957239]
 [1.46446611 8.53553396 8.85144999 8.31929523 7.92502797 7.91643487
  1.21828926 8.94488335 1.59297769 8.82805381 1.90167436 8.73976431
  7.5786316  7.28945482 2.21090885 7.5052039  8.85721959 7.17834953
  1.17118476]]
positive support: [9.91800506e-10 7.45790121e-09 2.56083121e-10 2.88895156e-01
 7.88093544e-09 1.01658492e-08 1.45488680e-08 2.22804689e-10
 1.14948830e-08 1.15701981e-09 4.95972959e-09 1.71729349e-08
 3.28512059e-09 6.04384936e-09 3.61514585e-09 2.73514080e-09
 4.11756058e-01 2.21214292e-08 2.99348739e-01]
classifires probs: [-7.00763370e-10  1.83615876e-01  2.50176969e-02 -7.27904193e-10
 -8.52123636e-10 -6.67390523e-10  9.26566470e-03  1.36394330e-02
  9.44341893e-03  2.04655924e-02  9.31851328e-03  8.77257585e-03
  1.30860284e-01  3.06513525e-02 -7.17038474e-10  8.12747497e-03
 -7.79320557e-10  1.18323191e-02  2.08368090e-01  3.84947463e-02
  7.66990130e-02  4.56276050e-02  1.69800348e-01]
BR point: [8.85544959 7.10711741]
BR value: 6.5195633841743525
Points utilities = [[4.75400495 5.45802194 4.14025445 5.65082612 5.42550761 5.48741905
  5.54001624 4.04162831 5.54821904 3.91223722 5.36655809 5.54592868
  5.45407445 5.27340368 5.32419306 5.39990085 5.65082612 5.56375661
  5.65082611]]
new point utility = 6.5195633841743525
new point = [8.85544959 7.10711741]
point added
classifier utilities = 5.650826311758239
new classifier utility = [5.65082592]
new classifier is better = False
classifier utilities = 5.650826311758239
new classifier utility = [5.65082592]
new classifier is better = False
classifier utilities = 5.650826311758239
new classifier utility = [2.82541284]
new classifier is better = True
classifier utilities = [8.47623972 5.65082656 5.65082667 8.47623952 8.47623947 8.47623951
 5.65082647 5.6508267  5.65082649 5.65082652 5.6508266  5.6508265
 5.65082663 5.65082634 8.47623934 5.65082646 8.47623931 5.65082641
 5.65082654 5.65082643 5.65082645 5.65082638 5.65082631]
new classifier utility = [2.82541358]
classifier added
classifires probs: [-7.00763370e-10  1.83615876e-01  2.50176969e-02 -7.27904193e-10
 -8.52123636e-10 -6.67390523e-10  9.26566470e-03  1.36394330e-02
  9.44341893e-03  2.04655924e-02  9.31851328e-03  8.77257585e-03
  1.30860284e-01  3.06513525e-02 -7.17038474e-10  8.12747497e-03
 -7.79320557e-10  1.18323191e-02  2.08368090e-01  3.84947463e-02
  7.66990130e-02  4.56276050e-02  1.69800348e-01]
---------------------------- iteration: 25
Size of game = (20, 24)
Objective = 5.650826116046897
Support of attacker = 3
Support of classifier = 17
init time = 0.9182 s
NFG time = 0.1024 s
plot time = 0.0000 s
BR time = 61.4579 s
Train time = 16.6331 s
Matrix update time = 0.0391 s
positive data: [[1.46446611 8.53553395 8.01710651 8.74752088 8.84301443 8.85153757
  1.81164392 7.92048586 1.34981435 7.33675015 1.12925418 8.325047
  8.88613781 8.87333648 3.00004997 8.86469914 7.20546262 8.88260511
  1.85957239 8.85544959]
 [1.46446611 8.53553396 8.85144999 8.31929523 7.92502797 7.91643487
  1.21828926 8.94488335 1.59297769 8.82805381 1.90167436 8.73976431
  7.5786316  7.28945482 2.21090885 7.5052039  8.85721959 7.17834953
  1.17118476 7.10711741]]
positive support: [2.57554181e-10 1.33236557e-01 3.14123577e-09 5.29664146e-07
 9.65783281e-09 8.40720820e-09 6.95319608e-02 1.95931263e-09
 1.34187163e-01 9.35829268e-10 4.06061452e-09 6.80201445e-02
 2.17000130e-09 4.13820939e-09 3.23965333e-09 1.82111620e-09
 2.91254521e-01 9.94048895e-02 1.79630273e-08 2.04364226e-01]
classifires probs: [-1.05873305e-10  1.81293025e-01  9.43027137e-03  1.18503066e-02
  2.51249453e-04 -2.35033247e-10  1.12448028e-09 -4.72819135e-10
  3.20922587e-10  8.79534025e-10 -2.69255009e-11 -2.02331526e-11
  1.39082196e-02  8.75383476e-03  5.10335785e-09 -3.24330041e-11
  1.36561170e-01  2.84657944e-10  2.31162001e-01  9.39705405e-02
  1.23627088e-01  2.84662645e-04  2.34674110e-02  1.65440213e-01]
BR point: [7.22598201 8.92976349]
BR value: 6.644356725062871
Points utilities = [[4.81439456 5.62924415 5.23418036 5.62657425 5.52281887 5.50128145
  5.62924414 5.0047271  5.62924415 4.27301427 5.37981693 5.62924415
  4.98156705 5.09334527 5.17089052 4.87395267 5.62924415 5.62924414
  5.54556241 5.62924415]]
new point utility = 6.644356725062871
new point = [7.22598201 8.92976349]
point added
classifier utilities = 3.9970967831907744
new classifier utility = [5.99564457]
new classifier is better = False
classifier utilities = 3.9970967831907744
new classifier utility = [5.32946192]
new classifier is better = False
classifier utilities = 3.9970967831907744
new classifier utility = [1.99854818]
new classifier is better = True
classifier utilities = [7.99419335 5.99564496 5.99564508 5.32946245 5.99565022 6.66182797
 4.66327961 7.99418798 5.99564486 5.99563959 5.99564495 5.99564487
 5.99564509 4.6632795  4.66328487 5.99564485 5.99564495 5.99564481
 5.99564494 5.99564483 5.99564484 3.99710201 5.32946215 3.99709678]
new classifier utility = [1.99854841]
classifier added
classifires probs: [-1.05873305e-10  1.81293025e-01  9.43027137e-03  1.18503066e-02
  2.51249453e-04 -2.35033247e-10  1.12448028e-09 -4.72819135e-10
  3.20922587e-10  8.79534025e-10 -2.69255009e-11 -2.02331526e-11
  1.39082196e-02  8.75383476e-03  5.10335785e-09 -3.24330041e-11
  1.36561170e-01  2.84657944e-10  2.31162001e-01  9.39705405e-02
  1.23627088e-01  2.84662645e-04  2.34674110e-02  1.65440213e-01]
---------------------------- iteration: 26
Size of game = (21, 25)
Objective = 5.629244154436846
Support of attacker = 7
Support of classifier = 13
init time = 0.9182 s
NFG time = 0.1060 s
plot time = 0.0000 s
BR time = 65.9095 s
Train time = 17.4940 s
Matrix update time = 0.0421 s
positive data: [[1.46446611 8.53553395 8.01710651 8.74752088 8.84301443 8.85153757
  1.81164392 7.92048586 1.34981435 7.33675015 1.12925418 8.325047
  8.88613781 8.87333648 3.00004997 8.86469914 7.20546262 8.88260511
  1.85957239 8.85544959 7.22598201]
 [1.46446611 8.53553396 8.85144999 8.31929523 7.92502797 7.91643487
  1.21828926 8.94488335 1.59297769 8.82805381 1.90167436 8.73976431
  7.5786316  7.28945482 2.21090885 7.5052039  8.85721959 7.17834953
  1.17118476 7.10711741 8.92976349]]
positive support: [1.20435893e-09 4.85557739e-01 4.31810653e-09 1.52156633e-08
 4.27498059e-09 7.19395653e-09 1.41080355e-07 1.53885481e-09
 1.34464545e-08 2.30845385e-09 4.22554671e-09 1.29908587e-07
 6.70062825e-09 2.54168238e-09 1.27527007e-10 5.68002755e-09
 3.72035086e-09 3.29993686e-09 5.14441979e-01 1.60559138e-09
 2.59924261e-09]
classifires probs: [-8.03108441e-10  1.53095714e-01  1.97502424e-02  9.11800079e-04
  2.84638800e-03 -8.21620321e-10  8.59295067e-03 -7.04998130e-10
  1.08962075e-02  8.80024429e-03  5.91316290e-03  6.27875639e-03
 -8.09017065e-10  2.41118082e-02  2.22731992e-03  6.53604842e-03
 -7.71194814e-10  1.05157671e-02  3.26549002e-01  4.48839106e-02
  4.84725530e-02  1.96897130e-03  7.33187016e-03  5.83853580e-03
  3.04478751e-01]
BR point: [7.18235634 8.87880889]
BR value: 6.712569708806854
Points utilities = [[4.36160717 4.85557874 4.67258099 4.82658188 4.67211262 4.73093101
  4.84453395 4.56336817 4.75207682 4.26534441 4.61254307 4.85058786
  4.62464091 4.47373993 4.52935649 4.57592233 4.71899651 4.61204506
  4.85557875 4.53449487 4.67455414]]
new point utility = 6.712569708806854
new point = [7.18235634 8.87880889]
point added
classifier utilities = 4.8555789438476165
new classifier utility = [1.27230222e-06]
new classifier is better = True
classifier utilities = 4.8555789438476165
new classifier utility = [1.27230222e-06]
new classifier is better = True
classifier utilities = [9.71115812 4.85557918 4.85557931 4.85558058 4.8555794  9.71115792
 4.85557907 9.71115777 4.85557915 4.85557911 4.85557916 4.85557915
 9.71115801 4.85557898 4.85557924 4.85557908 9.71115787 4.85557904
 4.85557918 4.85557903 4.85557902 4.85557933 4.8555791  4.85557921
 4.85557894]
new classifier utility = [1.82534105e-06]
classifier added
classifires probs: [-8.03108441e-10  1.53095714e-01  1.97502424e-02  9.11800079e-04
  2.84638800e-03 -8.21620321e-10  8.59295067e-03 -7.04998130e-10
  1.08962075e-02  8.80024429e-03  5.91316290e-03  6.27875639e-03
 -8.09017065e-10  2.41118082e-02  2.22731992e-03  6.53604842e-03
 -7.71194814e-10  1.05157671e-02  3.26549002e-01  4.48839106e-02
  4.84725530e-02  1.96897130e-03  7.33187016e-03  5.83853580e-03
  3.04478751e-01]
---------------------------- iteration: 27
Size of game = (22, 26)
Objective = 4.855578746435814
Support of attacker = 2
Support of classifier = 20
init time = 0.9182 s
NFG time = 0.1088 s
plot time = 0.0000 s
BR time = 70.4244 s
Train time = 18.0533 s
Matrix update time = 0.0449 s
positive data: [[1.46446611 8.53553395 8.01710651 8.74752088 8.84301443 8.85153757
  1.81164392 7.92048586 1.34981435 7.33675015 1.12925418 8.325047
  8.88613781 8.87333648 3.00004997 8.86469914 7.20546262 8.88260511
  1.85957239 8.85544959 7.22598201 7.18235634]
 [1.46446611 8.53553396 8.85144999 8.31929523 7.92502797 7.91643487
  1.21828926 8.94488335 1.59297769 8.82805381 1.90167436 8.73976431
  7.5786316  7.28945482 2.21090885 7.5052039  8.85721959 7.17834953
  1.17118476 7.10711741 8.92976349 8.87880889]]
positive support: [1.24017930e-09 2.21515072e-09 1.04707095e-09 2.86508841e-01
 6.01989110e-09 8.71407385e-09 1.93882544e-08 1.31685410e-09
 8.43185940e-09 1.66215052e-09 5.30290110e-09 2.29530819e-08
 9.14051361e-10 1.84012624e-09 2.87122269e-09 2.22957556e-09
 1.20166081e-09 1.53636621e-08 2.96876070e-01 5.03491891e-09
 8.77161038e-10 4.16615047e-01]
classifires probs: [-5.76735429e-10  1.87231648e-01  3.00591587e-02 -5.81935606e-10
 -6.13639867e-10 -5.68256155e-10  7.75081443e-03  1.18750997e-02
  9.37848474e-03  1.54137972e-02  4.23480522e-03  7.30120767e-03
  1.31786114e-01  3.27480475e-02 -5.72718081e-10  5.95667642e-03
  7.19621893e-11  9.68057249e-03  1.96892856e-01  4.40761934e-02
  6.95298038e-02  3.49838032e-02  2.67023398e-02  1.95353495e-03
  1.54556543e-01  1.78885015e-02]
BR point: [8.83128257 7.03259127]
BR value: 6.312928399501447
Points utilities = [[4.82149098 5.32020522 4.21601305 5.60414941 5.4455097  5.49376206
  5.54103626 4.113496   5.49333884 3.9127127  5.42012254 5.53667385
  5.42378762 5.25820507 5.28106004 5.35326827 4.643559   5.48696483
  5.60414941 5.5119222  4.57427118 5.60414941]]
new point utility = 6.312928399501447
new point = [8.83128257 7.03259127]
point added
classifier utilities = 5.604149574861884
new classifier utility = [5.60414922]
new classifier is better = False
classifier utilities = 5.604149574861884
new classifier utility = [5.60414922]
new classifier is better = False
classifier utilities = 5.604149574861884
new classifier utility = [2.80207448]
new classifier is better = True
classifier utilities = [8.40622467 5.60414986 5.60414993 8.40622455 8.4062244  8.40622448
 5.60414976 5.60415002 5.60414977 5.60414982 5.60414989 5.60414977
 5.60414988 5.60414964 8.40622429 5.60414976 8.40622437 5.60414974
 5.60414984 5.60414973 5.60414972 5.60414962 5.60414968 5.60414989
 5.60414957 5.60414979]
new classifier utility = [2.80207513]
classifier added
classifires probs: [-5.76735429e-10  1.87231648e-01  3.00591587e-02 -5.81935606e-10
 -6.13639867e-10 -5.68256155e-10  7.75081443e-03  1.18750997e-02
  9.37848474e-03  1.54137972e-02  4.23480522e-03  7.30120767e-03
  1.31786114e-01  3.27480475e-02 -5.72718081e-10  5.95667642e-03
  7.19621893e-11  9.68057249e-03  1.96892856e-01  4.40761934e-02
  6.95298038e-02  3.49838032e-02  2.67023398e-02  1.95353495e-03
  1.54556543e-01  1.78885015e-02]
---------------------------- iteration: 28
Size of game = (23, 27)
Objective = 5.604149414278852
Support of attacker = 3
Support of classifier = 20
init time = 0.9182 s
NFG time = 0.1116 s
plot time = 0.0000 s
BR time = 76.2916 s
Train time = 18.7756 s
Matrix update time = 0.0478 s
positive data: [[1.46446611 8.53553395 8.01710651 8.74752088 8.84301443 8.85153757
  1.81164392 7.92048586 1.34981435 7.33675015 1.12925418 8.325047
  8.88613781 8.87333648 3.00004997 8.86469914 7.20546262 8.88260511
  1.85957239 8.85544959 7.22598201 7.18235634 8.83128257]
 [1.46446611 8.53553396 8.85144999 8.31929523 7.92502797 7.91643487
  1.21828926 8.94488335 1.59297769 8.82805381 1.90167436 8.73976431
  7.5786316  7.28945482 2.21090885 7.5052039  8.85721959 7.17834953
  1.17118476 7.10711741 8.92976349 8.87880889 7.03259127]]
positive support: [1.08726363e-09 6.56995837e-02 1.11196315e-09 4.06460792e-08
 3.79043367e-09 2.91774491e-09 6.85730832e-02 7.91386967e-10
 1.32336696e-01 5.43183710e-10 2.30234806e-09 1.34165272e-01
 7.07607889e-10 1.15974572e-09 1.22116801e-09 9.50927441e-10
 2.67482094e-09 9.80340745e-02 7.03455877e-09 5.22209283e-09
 1.86067007e-09 2.93048256e-01 2.08142988e-01]
classifires probs: [-2.06179329e-11  1.79295073e-01  1.09901780e-02  5.94626511e-10
  2.76577056e-04 -1.62234512e-10  6.04834551e-10  3.46292772e-11
  2.01880957e-10  6.36816600e-11 -5.49639358e-11 -1.77349264e-11
  2.56950956e-02  2.03200065e-02  2.17408354e-09 -9.85569421e-11
  1.20595875e-01 -3.33736814e-11  2.29575480e-01  8.15212487e-02
  1.20141770e-01  2.79867173e-04  7.48102747e-03 -3.48811166e-11
  4.35351260e-02  1.16868883e-02  1.48605783e-01]
BR point: [7.20615219 8.95251862]
BR value: 6.434063374341312
Points utilities = [[4.97641439 5.55161524 5.06756968 5.54925523 5.45788097 5.43659679
  5.55161524 4.84542021 5.55161524 4.22461363 5.30562768 5.55161525
  5.01639436 5.03576602 5.10295957 4.90802762 5.36518067 5.55161524
  5.46908749 5.44950092 5.26991231 5.55161525 5.55161525]]
new point utility = 6.434063374341312
new point = [7.20615219 8.95251862]
point added
classifier utilities = 3.941975450066367
new classifier utility = [5.91296294]
new classifier is better = False
classifier utilities = 3.941975450066367
new classifier utility = [5.25596708]
new classifier is better = False
classifier utilities = 3.941975450066367
new classifier utility = [1.97098764]
new classifier is better = True
classifier utilities = [7.8839509  5.91296316 5.91296321 5.91296329 5.91296359 6.56995911
 4.59897139 7.88395043 5.9129631  6.56995871 5.91296316 5.91296313
 5.91296318 4.59897136 4.59897182 5.91296312 5.91296315 5.91296311
 5.91296315 5.91296311 5.91296311 3.94197589 5.25596725 5.91296317
 5.25596719 5.25596728 3.94197545]
new classifier utility = [1.97098774]
classifier added
classifires probs: [-2.06179329e-11  1.79295073e-01  1.09901780e-02  5.94626511e-10
  2.76577056e-04 -1.62234512e-10  6.04834551e-10  3.46292772e-11
  2.01880957e-10  6.36816600e-11 -5.49639358e-11 -1.77349264e-11
  2.56950956e-02  2.03200065e-02  2.17408354e-09 -9.85569421e-11
  1.20595875e-01 -3.33736814e-11  2.29575480e-01  8.15212487e-02
  1.20141770e-01  2.79867173e-04  7.48102747e-03 -3.48811166e-11
  4.35351260e-02  1.16868883e-02  1.48605783e-01]
---------------------------- iteration: 29
Size of game = (24, 28)
Objective = 5.551615248821629
Support of attacker = 7
Support of classifier = 14
init time = 0.9182 s
NFG time = 0.1154 s
plot time = 0.0000 s
BR time = 81.1756 s
Train time = 19.5555 s
Matrix update time = 0.0507 s
positive data: [[1.46446611 8.53553395 8.01710651 8.74752088 8.84301443 8.85153757
  1.81164392 7.92048586 1.34981435 7.33675015 1.12925418 8.325047
  8.88613781 8.87333648 3.00004997 8.86469914 7.20546262 8.88260511
  1.85957239 8.85544959 7.22598201 7.18235634 8.83128257 7.20615219]
 [1.46446611 8.53553396 8.85144999 8.31929523 7.92502797 7.91643487
  1.21828926 8.94488335 1.59297769 8.82805381 1.90167436 8.73976431
  7.5786316  7.28945482 2.21090885 7.5052039  8.85721959 7.17834953
  1.17118476 7.10711741 8.92976349 8.87880889 7.03259127 8.95251862]]
positive support: [2.38080577e-09 8.24051649e-09 2.21819431e-09 1.40038383e-07
 9.42535143e-09 1.62076695e-08 2.91621398e-01 3.49413654e-09
 9.07583236e-09 2.28177315e-09 1.26278466e-08 2.85283045e-01
 1.23255353e-08 3.70483879e-09 7.24344239e-09 1.12190018e-08
 5.52547250e-09 1.07246572e-08 1.68224381e-07 1.41959242e-08
 2.89259675e-09 2.65285852e-09 1.66026190e-08 4.23095276e-01]
classifires probs: [-1.50030976e-09  1.83586081e-01  1.66117636e-02 -1.33174493e-09
  2.23993376e-03 -1.29160748e-09  1.04356063e-02 -6.60035848e-10
  1.54214638e-02  7.28504576e-03  8.57670408e-03  1.27493337e-02
  1.53809494e-01  3.71404826e-02  2.31066425e-03  1.36194931e-02
  4.68711160e-11  3.27451505e-02  1.91948357e-01  3.36109657e-02
  4.29792934e-02  1.69860896e-03  3.45318080e-02  4.29613164e-03
  3.04759419e-02  2.53606916e-02  6.16437165e-03  1.32402617e-01]
BR point: [8.84490669 7.01660565]
BR value: 6.220235902488616
Points utilities = [[5.19765813 5.37920633 3.89873783 5.57004443 5.36965782 5.44227592
  5.58802825 3.86316043 5.36811317 4.01336475 5.45913916 5.58802826
  5.43989163 5.16815058 5.26405981 5.42903367 4.60535784 5.37872228
  5.57371936 5.45766628 4.5525375  4.74791866 5.47708015 5.58802826]]
new point utility = 6.220235902488616
new point = [8.84490669 7.01660565]
point added
classifier utilities = 5.588028758601687
new classifier utility = [5.58802982]
new classifier is better = False
classifier utilities = 5.588028758601687
new classifier utility = [2.79401554]
new classifier is better = True
classifier utilities = [8.3820438  5.5880294  5.58802958 8.3820436  5.5880309  8.38204363
 5.58802933 8.38204201 5.5880292  5.58802951 5.58802947 5.5880293
 5.58802937 5.58802909 5.58803077 5.58802919 8.38204309 5.58802909
 5.58802935 5.58802907 5.58802907 5.58803079 5.588029   5.58802948
 5.58802885 5.58802939 5.58802944 5.58802876]
new classifier utility = [2.7940165]
classifier added
classifires probs: [-1.50030976e-09  1.83586081e-01  1.66117636e-02 -1.33174493e-09
  2.23993376e-03 -1.29160748e-09  1.04356063e-02 -6.60035848e-10
  1.54214638e-02  7.28504576e-03  8.57670408e-03  1.27493337e-02
  1.53809494e-01  3.71404826e-02  2.31066425e-03  1.36194931e-02
  4.68711160e-11  3.27451505e-02  1.91948357e-01  3.36109657e-02
  4.29792934e-02  1.69860896e-03  3.45318080e-02  4.29613164e-03
  3.04759419e-02  2.53606916e-02  6.16437165e-03  1.32402617e-01]
---------------------------- iteration: 30
Size of game = (25, 29)
Objective = 5.588028263811345
Support of attacker = 3
Support of classifier = 23
init time = 0.9182 s
NFG time = 0.1180 s
plot time = 0.0000 s
BR time = 86.2458 s
Train time = 20.1112 s
Matrix update time = 0.0536 s
positive data: [[1.46446611 8.53553395 8.01710651 8.74752088 8.84301443 8.85153757
  1.81164392 7.92048586 1.34981435 7.33675015 1.12925418 8.325047
  8.88613781 8.87333648 3.00004997 8.86469914 7.20546262 8.88260511
  1.85957239 8.85544959 7.22598201 7.18235634 8.83128257 7.20615219
  8.84490669]
 [1.46446611 8.53553396 8.85144999 8.31929523 7.92502797 7.91643487
  1.21828926 8.94488335 1.59297769 8.82805381 1.90167436 8.73976431
  7.5786316  7.28945482 2.21090885 7.5052039  8.85721959 7.17834953
  1.17118476 7.10711741 8.92976349 8.87880889 7.03259127 8.95251862
  7.01660565]]
positive support: [1.04669117e-09 2.89647335e-09 4.86638581e-10 1.96484143e-01
 1.60172003e-09 3.00133703e-09 8.57633238e-09 8.81731513e-10
 8.95897594e-09 1.68790129e-09 5.61134601e-09 8.17524356e-09
 1.24745962e-09 1.98901951e-09 4.51748289e-09 3.27944800e-09
 3.23976110e-09 1.21471481e-08 2.03593843e-01 1.01007329e-08
 2.88195141e-09 7.69603658e-09 9.70453105e-09 2.90990427e-01
 3.08931553e-01]
classifires probs: [-3.66177479e-10  2.07829665e-01  8.77744652e-02 -3.90346155e-10
 -3.41969024e-10 -3.59479274e-10  1.02389422e-02  2.70884708e-02
  1.45351832e-02  1.59162667e-02  6.76018532e-03  1.40623714e-02
  7.56042146e-02  3.08553530e-02 -3.49438721e-10  1.22745716e-02
  7.32052821e-02  2.06229260e-02  1.58333485e-01  2.04080041e-02
  6.11003332e-02 -3.60540675e-10  2.21156699e-02  6.49383751e-03
  2.68815125e-02  1.62950946e-02  5.76692163e-03  3.44127490e-02
  5.14244973e-02]
BR point: [7.18946915 8.97133431]
BR value: 5.9966920593390425
Points utilities = [[4.98258678 5.48821302 5.38236784 5.76488178 5.54678159 5.61694581
  5.69937992 5.27397414 5.65651407 5.04172529 5.60466434 5.69053333
  5.61802978 5.41555921 5.55111123 5.5927912  5.48548377 5.65211953
  5.76488178 5.64268508 5.4318478  5.60120038 5.63354347 5.76488178
  5.76488178]]
new point utility = 5.9966920593390425
new point = [7.18946915 8.97133431]
point added
classifier utilities = 5.764881806468784
new classifier utility = [5.76488152]
new classifier is better = False
classifier utilities = 5.764881806468784
new classifier utility = [3.84325438]
new classifier is better = True
classifier utilities = [7.68650959 5.76488223 5.7648822  7.68650946 7.68650947 7.68650943
 5.76488208 5.76488223 5.76488215 5.76488215 5.76488227 5.76488215
 5.76488223 5.76488201 7.68650936 5.76488213 5.76488215 5.7648821
 5.7648822  5.76488209 5.76488209 7.68650936 5.76488205 5.76488216
 5.7648819  5.76488222 5.76488208 5.76488181 5.76488208]
new classifier utility = [3.84325475]
classifier added
classifires probs: [-3.66177479e-10  2.07829665e-01  8.77744652e-02 -3.90346155e-10
 -3.41969024e-10 -3.59479274e-10  1.02389422e-02  2.70884708e-02
  1.45351832e-02  1.59162667e-02  6.76018532e-03  1.40623714e-02
  7.56042146e-02  3.08553530e-02 -3.49438721e-10  1.22745716e-02
  7.32052821e-02  2.06229260e-02  1.58333485e-01  2.04080041e-02
  6.11003332e-02 -3.60540675e-10  2.21156699e-02  6.49383751e-03
  2.68815125e-02  1.62950946e-02  5.76692163e-03  3.44127490e-02
  5.14244973e-02]
---------------------------- iteration: 31
Size of game = (26, 30)
Objective = 5.764881782027808
Support of attacker = 4
Support of classifier = 23
init time = 0.9182 s
NFG time = 0.1209 s
plot time = 0.0000 s
BR time = 92.7920 s
Train time = 20.6659 s
Matrix update time = 0.0566 s
positive data: [[1.46446611 8.53553395 8.01710651 8.74752088 8.84301443 8.85153757
  1.81164392 7.92048586 1.34981435 7.33675015 1.12925418 8.325047
  8.88613781 8.87333648 3.00004997 8.86469914 7.20546262 8.88260511
  1.85957239 8.85544959 7.22598201 7.18235634 8.83128257 7.20615219
  8.84490669 7.18946915]
 [1.46446611 8.53553396 8.85144999 8.31929523 7.92502797 7.91643487
  1.21828926 8.94488335 1.59297769 8.82805381 1.90167436 8.73976431
  7.5786316  7.28945482 2.21090885 7.5052039  8.85721959 7.17834953
  1.17118476 7.10711741 8.92976349 8.87880889 7.03259127 8.95251862
  7.01660565 8.97133431]]
positive support: [3.64770080e-09 1.24126978e-08 2.22943072e-09 2.84319338e-01
 1.06479118e-08 1.38665478e-08 3.40427154e-08 1.42904681e-09
 1.71450025e-08 2.45604578e-09 1.50930376e-09 3.71846564e-08
 1.25729873e-08 2.33511942e-09 6.68533646e-09 1.14908383e-08
 7.22460336e-09 1.38977326e-08 2.94607346e-01 7.66326291e-09
 5.32224397e-09 9.52920666e-09 6.05643139e-09 4.21073225e-01
 1.50287825e-08 4.98227329e-08]
classifires probs: [-1.40904859e-09  1.93205351e-01  1.27193644e-02 -1.46406591e-09
 -1.63005508e-09 -1.45934430e-09  9.73063069e-03  1.02298710e-03
  2.10476817e-02  1.01741298e-02  4.82982905e-03  1.18371616e-02
  1.44222780e-01  3.17690797e-02 -1.40653485e-09  1.14188156e-02
 -1.39575118e-09  2.06734842e-02  1.98016862e-01  1.70967218e-02
  7.99936358e-02 -1.58581373e-09  1.16334509e-02  5.26077109e-03
  1.92452819e-02  1.47332055e-02  6.54379944e-03  3.52146447e-02
  1.36307208e-02  1.25979619e-01]
BR point: [8.86367046 6.99834181]
BR value: 6.1039734599249575
Points utilities = [[5.17534872 5.41297805 3.94536168 5.56132265 5.33869537 5.40511391
  5.54776429 3.95711414 5.43834835 4.83682846 5.36324932 5.54531513
  5.42457674 5.02875311 5.29472166 5.39681561 5.3239949  5.41449178
  5.56132265 5.34317632 5.26491556 5.38326009 5.29532055 5.56132266
  5.43661296 5.55155328]]
new point utility = 6.1039734599249575
new point = [8.86367046 6.99834181]
point added
classifier utilities = 5.561323262727096
new classifier utility = [5.56132222]
new classifier is better = False
classifier utilities = 5.561323262727096
new classifier utility = [5.56132222]
new classifier is better = False
classifier utilities = 5.561323262727096
new classifier utility = [2.78066105]
new classifier is better = True
classifier utilities = [8.34198554 5.56132395 5.56132404 8.34198521 8.34198502 8.34198523
 5.56132371 5.56132412 5.56132376 5.56132382 5.56132393 5.56132379
 5.56132385 5.5613236  8.3419848  5.56132367 8.34198484 5.56132358
 5.5613239  5.56132354 5.56132356 8.34198482 5.56132353 5.56132394
 5.56132333 5.56132379 5.56132384 5.56132326 5.56132365 5.56132331]
new classifier utility = [2.78066234]
classifier added
classifires probs: [-1.40904859e-09  1.93205351e-01  1.27193644e-02 -1.46406591e-09
 -1.63005508e-09 -1.45934430e-09  9.73063069e-03  1.02298710e-03
  2.10476817e-02  1.01741298e-02  4.82982905e-03  1.18371616e-02
  1.44222780e-01  3.17690797e-02 -1.40653485e-09  1.14188156e-02
 -1.39575118e-09  2.06734842e-02  1.98016862e-01  1.70967218e-02
  7.99936358e-02 -1.58581373e-09  1.16334509e-02  5.26077109e-03
  1.92452819e-02  1.47332055e-02  6.54379944e-03  3.52146447e-02
  1.36307208e-02  1.25979619e-01]
---------------------------- iteration: 32
Size of game = (27, 31)
Objective = 5.561322659000153
Support of attacker = 3
Support of classifier = 23
init time = 0.9182 s
NFG time = 0.1240 s
plot time = 0.0000 s
BR time = 97.7007 s
Train time = 21.4904 s
Matrix update time = 0.0596 s
positive data: [[1.46446611 8.53553395 8.01710651 8.74752088 8.84301443 8.85153757
  1.81164392 7.92048586 1.34981435 7.33675015 1.12925418 8.325047
  8.88613781 8.87333648 3.00004997 8.86469914 7.20546262 8.88260511
  1.85957239 8.85544959 7.22598201 7.18235634 8.83128257 7.20615219
  8.84490669 7.18946915 8.86367046]
 [1.46446611 8.53553396 8.85144999 8.31929523 7.92502797 7.91643487
  1.21828926 8.94488335 1.59297769 8.82805381 1.90167436 8.73976431
  7.5786316  7.28945482 2.21090885 7.5052039  8.85721959 7.17834953
  1.17118476 7.10711741 8.92976349 8.87880889 7.03259127 8.95251862
  7.01660565 8.97133431 6.99834181]]
positive support: [1.87512446e-09 4.37342527e-02 1.43361958e-09 9.47069820e-08
 9.71828995e-02 1.36815750e-08 1.36941032e-01 1.12009596e-09
 8.80925995e-02 7.89184312e-10 2.70540875e-09 8.93097788e-02
 1.44509810e-09 1.79872331e-09 2.40983452e-09 1.57933924e-09
 2.80808607e-09 6.06319396e-09 4.40807911e-08 2.93841028e-09
 2.03493328e-09 2.02450609e-09 2.01587055e-09 3.31131974e-01
 7.03096419e-02 7.61011997e-09 1.43297693e-01]
classifires probs: [-3.33170563e-10  1.82612466e-01 -5.35371449e-10 -3.93279595e-10
 -3.67060353e-11 -3.89149839e-10  3.40497045e-09 -3.61327076e-10
  1.07333468e-09  2.21145569e-03  1.20385755e-10  2.99888600e-10
  1.62869437e-02  2.21409141e-02 -1.55738882e-11  6.15412020e-11
  1.07972325e-01  2.14823957e-10  2.37619589e-01  6.97542847e-02
  8.45907830e-02 -2.15218195e-10  1.43392621e-09 -3.24197420e-10
  1.68443753e-09  9.25081223e-03 -3.03984136e-10  9.16931849e-02
  1.55913494e-03  1.66728952e-02  1.57635206e-01]
BR point: [7.14291111 8.91077711]
BR value: 6.382910084355548
Points utilities = [[4.96992254 5.44491323 4.95305724 5.43088136 5.44491324 5.42367965
  5.44491324 4.73592771 5.44491323 4.26695551 5.18309825 5.44491324
  5.03713765 4.97052722 5.06524223 4.92832281 5.02854735 5.25187205
  5.38484457 5.10913142 4.93925652 4.92884722 4.94719954 5.44491324
  5.44491323 5.35888909 5.44491324]]
new point utility = 6.382910084355548
new point = [7.14291111 8.91077711]
point added
classifier utilities = 4.373424144130243
new classifier utility = [4.81076613]
new classifier is better = False
classifier utilities = 4.373424144130243
new classifier utility = [5.68545133]
new classifier is better = False
classifier utilities = 4.373424144130243
new classifier utility = [3.49873945]
new classifier is better = True
classifier utilities = [7.87216413 5.68545208 6.56013616 6.56013638 6.56013706 6.99747888
 4.81076692 6.99747906 5.68545196 5.24811016 5.68545209 5.68545202
 5.68545212 4.81076679 5.68545184 5.685452   5.68545203 5.68545198
 5.68545207 5.68545197 5.68545198 6.56013699 5.68545194 6.56013611
 5.68545188 5.24810957 6.56013608 5.68545188 4.37342511 5.24810935
 4.37342414]
new classifier utility = [3.49874005]
classifier added
classifires probs: [-3.33170563e-10  1.82612466e-01 -5.35371449e-10 -3.93279595e-10
 -3.67060353e-11 -3.89149839e-10  3.40497045e-09 -3.61327076e-10
  1.07333468e-09  2.21145569e-03  1.20385755e-10  2.99888600e-10
  1.62869437e-02  2.21409141e-02 -1.55738882e-11  6.15412020e-11
  1.07972325e-01  2.14823957e-10  2.37619589e-01  6.97542847e-02
  8.45907830e-02 -2.15218195e-10  1.43392621e-09 -3.24197420e-10
  1.68443753e-09  9.25081223e-03 -3.03984136e-10  9.16931849e-02
  1.55913494e-03  1.66728952e-02  1.57635206e-01]
---------------------------- iteration: 33
Size of game = (28, 32)
Objective = 5.444913242716273
Support of attacker = 8
Support of classifier = 13
init time = 0.9182 s
NFG time = 0.1300 s
plot time = 0.0001 s
BR time = 104.7388 s
Train time = 22.3597 s
Matrix update time = 0.0627 s
positive data: [[1.46446611 8.53553395 8.01710651 8.74752088 8.84301443 8.85153757
  1.81164392 7.92048586 1.34981435 7.33675015 1.12925418 8.325047
  8.88613781 8.87333648 3.00004997 8.86469914 7.20546262 8.88260511
  1.85957239 8.85544959 7.22598201 7.18235634 8.83128257 7.20615219
  8.84490669 7.18946915 8.86367046 7.14291111]
 [1.46446611 8.53553396 8.85144999 8.31929523 7.92502797 7.91643487
  1.21828926 8.94488335 1.59297769 8.82805381 1.90167436 8.73976431
  7.5786316  7.28945482 2.21090885 7.5052039  8.85721959 7.17834953
  1.17118476 7.10711741 8.92976349 8.87880889 7.03259127 8.95251862
  7.01660565 8.97133431 6.99834181 8.91077711]]
positive support: [3.67233244e-10 1.21674380e-09 2.28638407e-10 1.94427238e-01
 2.72226834e-09 4.69190046e-09 7.29521836e-09 2.81949896e-10
 2.44689058e-09 8.60598867e-10 1.37558364e-09 9.37883719e-09
 4.07430997e-10 3.48406859e-10 1.17438025e-09 1.82847280e-09
 1.12311449e-09 4.99848632e-09 2.01462529e-01 8.25054672e-10
 7.72020766e-10 1.12225331e-09 8.52818426e-10 2.31951860e-09
 1.33880260e-09 7.88730446e-09 3.11520139e-01 2.92590081e-01]
classifires probs: [-3.26735935e-10  2.07021887e-01  6.41885878e-02 -3.10545442e-10
 -3.89813202e-10 -2.64430134e-10  7.06954796e-03  6.93037633e-03
  1.38502902e-02  1.28189322e-02  6.13524391e-03  1.16510777e-02
  9.85559737e-02  3.40641861e-02 -3.39834250e-10  1.02441013e-02
  6.54395714e-02  1.55206096e-02  1.63493821e-01  2.88210099e-02
  5.39789040e-02 -3.42452288e-10  2.01994743e-02  5.44314027e-03
  1.58119769e-02  1.89614526e-02  4.36157544e-03  2.13628640e-02
  2.36737857e-02  5.00891376e-02  2.64196455e-02  1.38928301e-02]
BR point: [1.58640612 1.41009962]
BR value: 5.891897749803966
Points utilities = [[5.18154031 5.47576872 4.94560453 5.70453205 5.56453708 5.60621751
  5.66779495 4.85034705 5.59263571 4.9953812  5.53438182 5.67412469
  5.58456178 5.28788225 5.49847209 5.54414511 5.42415205 5.54296337
  5.70453205 5.52400291 5.36452342 5.45956626 5.4487417  5.53035945
  5.50162008 5.67641247 5.70453205 5.70453205]]
new point utility = 5.891897749803966
new point = [1.58640612 1.41009962]
point added
classifier utilities = 5.704532192997662
new classifier utility = [5.704532]
new classifier is better = False
classifier utilities = 5.704532192997662
new classifier utility = [3.80302134]
new classifier is better = True
classifier utilities = [7.60604308 5.70453232 5.70453236 7.60604304 7.60604297 7.606043
 5.7045323  5.70453238 5.70453228 5.70453231 5.70453232 5.70453228
 5.70453229 5.70453225 7.60604294 5.70453227 5.70453228 5.70453226
 5.70453231 5.70453226 5.70453226 7.60604294 5.70453226 5.70453234
 5.70453221 5.70453231 5.70453232 5.70453219 5.70453224 5.70453221
 5.70453223 5.70453226]
new classifier utility = [3.80302155]
classifier added
classifires probs: [-3.26735935e-10  2.07021887e-01  6.41885878e-02 -3.10545442e-10
 -3.89813202e-10 -2.64430134e-10  7.06954796e-03  6.93037633e-03
  1.38502902e-02  1.28189322e-02  6.13524391e-03  1.16510777e-02
  9.85559737e-02  3.40641861e-02 -3.39834250e-10  1.02441013e-02
  6.54395714e-02  1.55206096e-02  1.63493821e-01  2.88210099e-02
  5.39789040e-02 -3.42452288e-10  2.01994743e-02  5.44314027e-03
  1.58119769e-02  1.89614526e-02  4.36157544e-03  2.13628640e-02
  2.36737857e-02  5.00891376e-02  2.64196455e-02  1.38928301e-02]
---------------------------- iteration: 34
Size of game = (29, 33)
Objective = 5.704532050686323
Support of attacker = 4
Support of classifier = 26
init time = 0.9182 s
NFG time = 0.1328 s
plot time = 0.0001 s
BR time = 111.3793 s
Train time = 22.8666 s
Matrix update time = 0.0659 s
positive data: [[1.46446611 8.53553395 8.01710651 8.74752088 8.84301443 8.85153757
  1.81164392 7.92048586 1.34981435 7.33675015 1.12925418 8.325047
  8.88613781 8.87333648 3.00004997 8.86469914 7.20546262 8.88260511
  1.85957239 8.85544959 7.22598201 7.18235634 8.83128257 7.20615219
  8.84490669 7.18946915 8.86367046 7.14291111 1.58640612]
 [1.46446611 8.53553396 8.85144999 8.31929523 7.92502797 7.91643487
  1.21828926 8.94488335 1.59297769 8.82805381 1.90167436 8.73976431
  7.5786316  7.28945482 2.21090885 7.5052039  8.85721959 7.17834953
  1.17118476 7.10711741 8.92976349 8.87880889 7.03259127 8.95251862
  7.01660565 8.97133431 6.99834181 8.91077711 1.41009962]]
positive support: [1.09843646e-09 2.18038346e-09 5.23841832e-10 2.82400712e-01
 4.73822996e-09 5.91364593e-09 3.90652263e-09 4.07394389e-10
 1.96122308e-08 1.02822756e-09 4.29424784e-09 5.90433935e-08
 5.88925924e-09 1.30616993e-09 2.80070331e-09 6.64700424e-09
 1.86631127e-09 5.39411571e-09 2.92619270e-01 2.13865186e-09
 1.55864800e-09 2.40530892e-09 1.79595586e-09 5.25137046e-09
 9.41026389e-09 5.11095174e-08 7.59966916e-09 4.24979827e-01
 6.50124869e-08]
classifires probs: [-5.56438883e-10  1.94316516e-01  2.36642944e-03 -6.11417083e-10
 -6.19451322e-10 -6.27866464e-10  3.70143456e-03  6.79918983e-04
  4.64454115e-03  3.16489666e-02  2.08810220e-03  3.37471109e-03
  1.15700917e-01  2.96122645e-02 -5.62515411e-11  3.63643950e-03
 -5.54143717e-10  1.25802819e-03  2.08874318e-01  3.39739920e-02
  8.14410355e-02 -5.35165352e-10  8.48325124e-03  1.44819210e-03
  1.07856466e-02  9.48235335e-03  1.68117608e-03  4.22470658e-02
  3.43393438e-02  2.02923718e-02  3.41771223e-02  8.37675813e-03
  1.11369108e-01]
