NEW RUN________________________________________
____iterstion: 0
Points utilities = [[10.]]
new point utility = 9.999999998021368
new point = [1.46446611 1.46446611]
3
classifier utilities = [10.00000001]
new classifier utility = [0.]
classifier added
____iterstion: 1
Points utilities = [[-2.63694171e-10]]
new point utility = 10.000000000232049
new point = [8.53553396 8.53553395]
point added
3
____iterstion: 2
Points utilities = [[ 8.84063247 10.        ]]
new point utility = 9.99999999651658
new point = [8.53553398 8.53553398]
3
classifier utilities = [10.00000002 10.00000002]
new classifier utility = [1.43641857e-09]
classifier added
____iterstion: 3
Points utilities = [[5. 5.]]
new point utility = 9.446730884439116
new point = [8.82610656 8.14283043]
point added
3
classifier utilities = [10.00000001  5.00000002  4.99999999]
new classifier utility = [0.]
classifier added
____iterstion: 4
Points utilities = [[8.50049811 8.5935662  9.44673084]]
new point utility = 9.497840525152613
new point = [8.15939303 8.80989772]
point added
3
classifier utilities = [9.4467314  9.44673136 9.44673135 9.44673104]
new classifier utility = [8.2417124e-08]
classifier added
____iterstion: 5
Points utilities = [[8.60833855 8.69102264 8.74661294 9.49784055]]
new point utility = 9.497937528891926
new point = [8.15907909 8.80951154]
3
classifier utilities = [9.49784114 9.4978411  9.49784109 9.49784105 9.49784132]
new classifier utility = [1.8229076e-07]
classifier added
____iterstion: 6
Points utilities = [[5.80020823 7.87417215 7.87417219 7.87417217]]
new point utility = 8.305877288143641
new point = [7.72371533 8.93338227]
point added
3
classifier utilities = [9.64184363 9.64184357 6.4278959  6.42789576 6.42789581 3.21394798]
new classifier utility = [5.44034069e-08]
classifier added
____iterstion: 7
Points utilities = [[7.82308084 7.67030918 8.0211394  7.98468694 8.30587727]]
new point utility = 8.30563733358259
new point = [7.7242434  8.93406628]
3
classifier utilities = [8.30587772 8.30587767 8.30587766 8.30587761 8.30587757 8.3058776
 8.30587785]
new classifier utility = [2.48205703e-07]
classifier added
____iterstion: 8
Points utilities = [[5.90758049 7.18910752 7.18522083 5.94705932 7.18910752]]
new point utility = 8.632909433796543
new point = [8.91968348 7.83633293]
point added
3
classifier utilities = [8.80298876 8.80298875 5.86865931 5.8686593  8.80298844 5.8686593
 5.86865926 2.93432978]
new classifier utility = [3.27413327e-07]
classifier added
____iterstion: 9
Points utilities = [[6.74749842 7.55536509 6.91450196 7.27919799 7.55536512 7.55536511]]
new point utility = 8.167490370675024
new point = [8.96227787 7.70037268]
point added
3
classifier utilities = [8.75984402 8.75984395 6.56988316 6.5698831  6.56988294 6.56988279
 6.56988285 4.379922   2.18996123]
new classifier utility = [6.25845634e-08]
classifier added
____iterstion: 10
Points utilities = [[7.89123455 7.78670995 7.95003722 7.90331793 7.71243908 7.80442198
  8.16749029]]
new point utility = 8.167653897612382
new point = [8.96187224 7.70005104]
3
classifier utilities = [8.16749326 8.16749282 8.16749268 8.16749224 8.16749228 8.16749228
 8.16749183 8.16749253 8.16749195 8.1674906 ]
new classifier utility = [2.19180912e-06]
classifier added
____iterstion: 11
Points utilities = [[6.93137673 7.59817939 7.41399247 7.28076328 7.59817941 7.45314976
  7.59817941]]
new point utility = 8.023347314432616
new point = [7.82732913 8.84415628]
point added
3
classifier utilities = [8.53728062 8.53728058 6.82982444 6.8298244  8.53728005 6.82982425
 6.8298243  5.12236879 3.4149126  3.41491188 5.12236818]
new classifier utility = [4.24992088e-08]
classifier added
____iterstion: 12
Points utilities = [[6.18723896 7.42756226 7.30848522 7.21969566 7.21340511 7.42756225
  7.25804405 7.42756226]]
new point utility = 7.559491565567268
new point = [8.56495579 8.50569975]
point added
3
____iterstion: 13
Points utilities = [[7.13844137 7.42102329 7.28817237 7.22338542 7.26833501 7.445244
  7.32691011 7.46779246 7.46779245]]
new point utility = 7.490851339339402
new point = [8.66615053 8.30892983]
3
Objective = 7.467792459170283
Number of iterations = 14
Support of attacker = 2
Support of classifier = 11
Size of game = (9, 12)
