NEW RUN________________________________________
positive data: [[1.46446611 1.46446611]]
positive utility: 10.0
____iterstion: 0
positive data: [[1.46446611]
 [1.46446611]]
positive support: [1.]
classifires probs: [1.]
BR point: [1.46446611 1.46446611]
BR value: 9.999999998021368
BR point: [1.46446611 1.46446611]
BR value: 9.999999998021368
Points utilities = [[10.]]
new point utility = 9.999999998021368
new point = [1.46446611 1.46446611]
3
classifier utilities = 10.000000006757414
new classifier utility = [0.]
new classifier is better = True
classifier utilities = 10.000000006757414
new classifier utility = [0.]
new classifier is better = True
classifier utilities = [10.00000001]
new classifier utility = [0.]
classifier added
classifires probs: [1.]
____iterstion: 1
positive data: [[1.46446611]
 [1.46446611]]
positive support: [1.]
classifires probs: [-2.63694171e-11  1.00000000e+00]
BR point: [8.53553396 8.53553395]
BR value: 10.000000000232049
BR point: [8.53553396 8.53553395]
BR value: 10.000000000232049
Points utilities = [[-2.63694171e-10]]
new point utility = 10.000000000232049
new point = [8.53553396 8.53553395]
point added
3
classifires probs: [-2.63694171e-11  1.00000000e+00]
____iterstion: 2
positive data: [[1.46446611 8.53553396]
 [1.46446611 8.53553395]]
positive support: [1.43641857e-10 1.00000000e+00]
classifires probs: [0.88406325 0.11593675]
BR point: [8.53553398 8.53553398]
BR value: 9.99999999651658
BR point: [8.53553398 8.53553398]
BR value: 9.99999999651658
Points utilities = [[ 8.84063247 10.        ]]
new point utility = 9.99999999651658
new point = [8.53553398 8.53553398]
3
classifier utilities = 10.000000022520684
new classifier utility = [0.]
new classifier is better = True
classifier utilities = 10.000000022520684
new classifier utility = [0.]
new classifier is better = True
classifier utilities = [10.00000002 10.00000002]
new classifier utility = [1.43641857e-09]
classifier added
classifires probs: [0.88406325 0.11593675]
____iterstion: 3
positive data: [[1.46446611 8.53553396]
 [1.46446611 8.53553395]]
positive support: [0.5 0.5]
classifires probs: [-1.31875722e-10  5.00000000e-01  5.00000000e-01]
BR point: [8.82610656 8.14283043]
BR value: 9.446730884439116
BR point: [8.82610656 8.14283043]
BR value: 9.446730884439116
Points utilities = [[5. 5.]]
new point utility = 9.446730884439116
new point = [8.82610656 8.14283043]
point added
3
classifier utilities = 4.9999999937854405
new classifier utility = [0.]
new classifier is better = True
classifier utilities = 4.9999999937854405
new classifier utility = [0.]
new classifier is better = True
classifier utilities = [10.00000001  5.00000002  4.99999999]
new classifier utility = [0.]
classifier added
classifires probs: [-1.31875722e-10  5.00000000e-01  5.00000000e-01]
____iterstion: 4
positive data: [[1.46446611 8.53553396 8.82610656]
 [1.46446611 8.53553395 8.14283043]]
positive support: [3.35654093e-09 4.88517146e-09 1.00000005e+00]
classifires probs: [0.73485969 0.12449693 0.11519012 0.02545325]
BR point: [8.15939303 8.80989772]
BR value: 9.497840525152613
BR point: [8.15939303 8.80989772]
BR value: 9.497840525152613
Points utilities = [[8.50049811 8.5935662  9.44673084]]
new point utility = 9.497840525152613
new point = [8.15939303 8.80989772]
point added
3
classifier utilities = 9.446731040987796
new classifier utility = [0.]
new classifier is better = True
classifier utilities = 9.446731040987796
new classifier utility = [0.]
new classifier is better = True
classifier utilities = [9.4467314  9.44673136 9.44673135 9.44673104]
new classifier utility = [8.2417124e-08]
classifier added
classifires probs: [0.73485969 0.12449693 0.11519012 0.02545325]
____iterstion: 5
positive data: [[1.46446611 8.53553396 8.82610656 8.15939303]
 [1.46446611 8.53553395 8.14283043 8.80989772]]
positive support: [4.24462774e-09 4.74451839e-09 1.48034790e-08 1.00000004e+00]
classifires probs: [0.6813134  0.11367667 0.10540826 0.02548947 0.07411219]
BR point: [8.15907909 8.80951154]
BR value: 9.497937528891926
BR point: [8.15907909 8.80951154]
BR value: 9.497937528891926
Points utilities = [[8.60833855 8.69102264 8.74661294 9.49784055]]
new point utility = 9.497937528891926
new point = [8.15907909 8.80951154]
3
classifier utilities = 9.497841051178728
new classifier utility = [0.]
new classifier is better = True
classifier utilities = 9.497841051178728
new classifier utility = [0.]
new classifier is better = True
classifier utilities = [9.49784114 9.4978411  9.49784109 9.49784105 9.49784132]
new classifier utility = [1.8229076e-07]
classifier added
classifires probs: [0.6813134  0.11367667 0.10540826 0.02548947 0.07411219]
____iterstion: 6
positive data: [[1.46446611 8.53553396 8.82610656 8.15939303]
 [1.46446611 8.53553395 8.14283043 8.80989772]]
positive support: [5.44034069e-09 3.21394773e-01 3.40218004e-01 3.38387226e-01]
classifires probs: [0.22813257 0.39281873 0.01447102 0.02716044 0.16646591 0.17095133]
BR point: [7.72371533 8.93338227]
BR value: 8.305877288143641
BR point: [7.72371533 8.93338227]
BR value: 8.305877288143641
Points utilities = [[5.80020823 7.87417215 7.87417219 7.87417217]]
new point utility = 8.305877288143641
new point = [7.72371533 8.93338227]
point added
3
classifier utilities = 3.213947982249816
new classifier utility = [0.]
new classifier is better = True
classifier utilities = 3.213947982249816
new classifier utility = [0.]
new classifier is better = True
classifier utilities = [9.64184363 9.64184357 6.4278959  6.42789576 6.42789581 3.21394798]
new classifier utility = [5.44034069e-08]
classifier added
classifires probs: [0.22813257 0.39281873 0.01447102 0.02716044 0.16646591 0.17095133]
____iterstion: 7
positive data: [[1.46446611 8.53553396 8.82610656 8.15939303 7.72371533]
 [1.46446611 8.53553395 8.14283043 8.80989772 8.93338227]]
positive support: [4.39705065e-09 5.95503513e-09 1.53158640e-08 6.11065226e-09
 1.00000001e+00]
classifires probs: [0.41178085 0.20500051 0.06096213 0.01269141 0.15024956 0.15865666
 0.00065889]
BR point: [7.7242434  8.93406628]
BR value: 8.30563733358259
BR point: [7.7242434  8.93406628]
BR value: 8.30563733358259
Points utilities = [[7.82308084 7.67030918 8.0211394  7.98468694 8.30587727]]
new point utility = 8.30563733358259
new point = [7.7242434  8.93406628]
3
classifier utilities = 8.305877572491365
new classifier utility = [0.]
new classifier is better = True
classifier utilities = 8.305877572491365
new classifier utility = [0.]
new classifier is better = True
classifier utilities = [8.30587772 8.30587767 8.30587766 8.30587761 8.30587757 8.3058776
 8.30587785]
new classifier utility = [2.48205703e-07]
classifier added
classifires probs: [0.41178085 0.20500051 0.06096213 0.01269141 0.15024956 0.15865666
 0.00065889]
____iterstion: 8
positive data: [[1.46446611 8.53553396 8.82610656 8.15939303 7.72371533]
 [1.46446611 8.53553395 8.14283043 8.80989772 8.93338227]]
positive support: [8.29173086e-10 2.93432945e-01 3.37811673e-08 1.75594581e-09
 7.06567021e-01]
classifires probs: [1.93516855e-01 3.90938518e-01 2.33897666e-02 1.83034329e-02
 5.45577293e-10 2.69905621e-10 2.39396048e-01 1.34455377e-01]
BR point: [8.91968348 7.83633293]
BR value: 8.632909433796543
BR point: [8.91968348 7.83633293]
BR value: 8.632909433796543
Points utilities = [[5.90758049 7.18910752 7.18522083 5.94705932 7.18910752]]
new point utility = 8.632909433796543
new point = [8.91968348 7.83633293]
point added
3
classifier utilities = 2.934329776787244
new classifier utility = [0.]
new classifier is better = True
classifier utilities = 2.934329776787244
new classifier utility = [0.]
new classifier is better = True
classifier utilities = [8.80298876 8.80298875 5.86865931 5.8686593  8.80298844 5.8686593
 5.86865926 2.93432978]
new classifier utility = [3.27413327e-07]
classifier added
classifires probs: [1.93516855e-01 3.90938518e-01 2.33897666e-02 1.83034329e-02
 5.45577293e-10 2.69905621e-10 2.39396048e-01 1.34455377e-01]
____iterstion: 9
positive data: [[1.46446611 8.53553396 8.82610656 8.15939303 7.72371533 8.91968348]
 [1.46446611 8.53553395 8.14283043 8.80989772 8.93338227 7.83633293]]
positive support: [6.25845634e-09 2.18996086e-01 1.54808805e-08 3.90822026e-08
 5.27327999e-01 2.53675884e-01]
classifires probs: [2.78300289e-01 2.87651412e-01 3.80369140e-02 3.75987447e-02
 1.24818214e-01 2.59602992e-09 1.43235248e-01 6.47665938e-02
 2.55925811e-02]
BR point: [8.96227787 7.70037268]
BR value: 8.167490370675024
BR point: [8.96227787 7.70037268]
BR value: 8.167490370675024
Points utilities = [[6.74749842 7.55536509 6.91450196 7.27919799 7.55536512 7.55536511]]
new point utility = 8.167490370675024
new point = [8.96227787 7.70037268]
point added
3
classifier utilities = 2.1899612259770582
new classifier utility = [2.18996093]
new classifier is better = False
classifier utilities = 2.1899612259770582
new classifier utility = [0.]
new classifier is better = True
classifier utilities = [8.75984402 8.75984395 6.56988316 6.5698831  6.56988294 6.56988279
 6.56988285 4.379922   2.18996123]
new classifier utility = [6.25845634e-08]
classifier added
classifires probs: [2.78300289e-01 2.87651412e-01 3.80369140e-02 3.75987447e-02
 1.24818214e-01 2.59602992e-09 1.43235248e-01 6.47665938e-02
 2.55925811e-02]
____iterstion: 10
positive data: [[1.46446611 8.53553396 8.82610656 8.15939303 7.72371533 8.91968348
  8.96227787]
 [1.46446611 8.53553395 8.14283043 8.80989772 8.93338227 7.83633293
  7.70037268]]
positive support: [4.38157749e-08 5.79100183e-08 4.76376054e-08 4.14013191e-08
 3.98884316e-08 6.14626027e-08 1.00000002e+00]
classifires probs: [0.48924723 0.17428995 0.05364164 0.03658658 0.07835195 0.03396808
 0.06246658 0.03678187 0.01704955 0.01761656]
BR point: [8.96187224 7.70005104]
BR value: 8.167653897612382
BR point: [8.96187224 7.70005104]
BR value: 8.167653897612382
Points utilities = [[7.89123455 7.78670995 7.95003722 7.90331793 7.71243908 7.80442198
  8.16749029]]
new point utility = 8.167653897612382
new point = [8.96187224 7.70005104]
3
classifier utilities = 8.167490601277569
new classifier utility = [0.]
new classifier is better = True
classifier utilities = 8.167490601277569
new classifier utility = [0.]
new classifier is better = True
classifier utilities = [8.16749326 8.16749282 8.16749268 8.16749224 8.16749228 8.16749228
 8.16749183 8.16749253 8.16749195 8.1674906 ]
new classifier utility = [2.19180912e-06]
classifier added
classifires probs: [0.48924723 0.17428995 0.05364164 0.03658658 0.07835195 0.03396808
 0.06246658 0.03678187 0.01704955 0.01761656]
____iterstion: 11
positive data: [[1.46446611 8.53553396 8.82610656 8.15939303 7.72371533 8.91968348
  8.96227787]
 [1.46446611 8.53553395 8.14283043 8.80989772 8.93338227 7.83633293
  7.70037268]]
positive support: [4.24992088e-09 1.70745619e-01 1.21005335e-08 1.93485501e-08
 4.11144005e-01 5.29008317e-08 4.18110317e-01]
classifires probs: [3.83340023e-01 2.94832572e-01 6.66351631e-03 1.20297537e-02
 4.39496772e-09 5.00534694e-09 1.48225135e-01 1.19408264e-02
 6.30975793e-03 6.69538930e-02 6.97045126e-02]
BR point: [7.82732913 8.84415628]
BR value: 8.023347314432616
BR point: [7.82732913 8.84415628]
BR value: 8.023347314432616
Points utilities = [[6.93137673 7.59817939 7.41399247 7.28076328 7.59817941 7.45314976
  7.59817941]]
new point utility = 8.023347314432616
new point = [7.82732913 8.84415628]
point added
3
classifier utilities = 3.414911875458225
new classifier utility = [3.41491165]
new classifier is better = False
classifier utilities = 3.414911875458225
new classifier utility = [0.]
new classifier is better = True
classifier utilities = [8.53728062 8.53728058 6.82982444 6.8298244  8.53728005 6.82982425
 6.8298243  5.12236879 3.4149126  3.41491188 5.12236818]
new classifier utility = [4.24992088e-08]
classifier added
classifires probs: [3.83340023e-01 2.94832572e-01 6.66351631e-03 1.20297537e-02
 4.39496772e-09 5.00534694e-09 1.48225135e-01 1.19408264e-02
 6.30975793e-03 6.69538930e-02 6.97045126e-02]
____iterstion: 12
positive data: [[1.46446611 8.53553396 8.82610656 8.15939303 7.72371533 8.91968348
  8.96227787 7.82732913]
 [1.46446611 8.53553395 8.14283043 8.80989772 8.93338227 7.83633293
  7.70037268 8.84415628]]
positive support: [1.41815554e-08 3.03165755e-01 2.98295030e-08 4.05123116e-08
 3.84797453e-08 3.51174475e-01 4.24763551e-08 3.45659640e-01]
classifires probs: [ 3.64653891e-01  3.70009995e-01  6.11841566e-03  1.12661087e-02
  8.09233888e-03  2.16039027e-02  8.67253263e-02 -2.22994513e-10
  1.94781487e-09  2.01804781e-02  1.57089245e-09  1.11349541e-01]
BR point: [8.56495579 8.50569975]
BR value: 7.559491565567268
BR point: [8.56495579 8.50569975]
BR value: 7.559491565567268
Points utilities = [[6.18723896 7.42756226 7.30848522 7.21969566 7.21340511 7.42756225
  7.25804405 7.42756226]]
new point utility = 7.559491565567268
new point = [8.56495579 8.50569975]
point added
3
classifires probs: [ 3.64653891e-01  3.70009995e-01  6.11841566e-03  1.12661087e-02
  8.09233888e-03  2.16039027e-02  8.67253263e-02 -2.22994513e-10
  1.94781487e-09  2.01804781e-02  1.57089245e-09  1.11349541e-01]
____iterstion: 13
positive data: [[1.46446611 8.53553396 8.82610656 8.15939303 7.72371533 8.91968348
  8.96227787 7.82732913 8.56495579]
 [1.46446611 8.53553395 8.14283043 8.80989772 8.93338227 7.83633293
  7.70037268 8.84415628 8.50569975]]
positive support: [7.27220598e-10 2.41626875e-08 4.05375923e-09 3.15709731e-09
 4.40534854e-09 2.72204497e-08 5.68787841e-09 6.95063632e-01
 3.04936303e-01]
classifires probs: [4.48586012e-01 2.72267920e-01 7.14867834e-03 1.38879428e-02
 1.86386819e-02 2.36303659e-02 9.09237557e-02 2.60971518e-03
 3.37143038e-03 1.60176840e-02 9.32555867e-11 1.02917814e-01]
BR point: [8.66615053 8.30892983]
BR value: 7.490851339339402
BR point: [8.66615053 8.30892983]
BR value: 7.490851339339402
Points utilities = [[7.13844137 7.42102329 7.28817237 7.22338542 7.26833501 7.445244
  7.32691011 7.46779246 7.46779245]]
new point utility = 7.490851339339402
new point = [8.66615053 8.30892983]
3
classifires probs: [4.48586012e-01 2.72267920e-01 7.14867834e-03 1.38879428e-02
 1.86386819e-02 2.36303659e-02 9.09237557e-02 2.60971518e-03
 3.37143038e-03 1.60176840e-02 9.32555867e-11 1.02917814e-01]
Objective = 7.467792459170283
Number of iterations = 14
Support of attacker = 2
Support of classifier = 11
Size of game = (9, 12)
