NEW RUN________________________________________
positive data: [[10.]]
positive utility: 10.0
---------------------------- iteration: 0
Size of game = (1, 1)
Objective = 0
Support of attacker = 0
Support of classifier = 0
init time = 0.5595 s
NFG time = 0
plot time = 0
BR time = 0
Train time = 0
Matrix update time = 0
positive data: [[10.]]
positive support: [1.]
classifires probs: [1.]
BR point: [10.]
BR value: 9.999999998021366
Points utilities = [[10.]]
new point utility = 9.999999998021366
new point = [10.]
classifier utilities = 10.000000006757414
new classifier utility = [0.]
new classifier is better = True
classifier utilities = 10.000000006757414
new classifier utility = [0.]
new classifier is better = True
classifier utilities = 10.000000006757414
new classifier utility = [0.]
new classifier is better = True
classifier utilities = 10.000000006757414
new classifier utility = [0.]
new classifier is better = True
classifier utilities = [10.00000001]
new classifier utility = [0.]
classifier added
classifires probs: [1.]
---------------------------- iteration: 1
Size of game = (1, 2)
Objective = 9.999999998229708
Support of attacker = 1
Support of classifier = 1
init time = 0.5595 s
NFG time = 0.0061 s
plot time = 0.0000 s
BR time = 0.0149 s
Train time = 0.8482 s
Matrix update time = 0.0006 s
positive data: [[10.]]
positive support: [1.]
classifires probs: [-2.63694171e-11  1.00000000e+00]
BR point: [4.69579191]
BR value: 4.695791910060258
Points utilities = [[-2.63694171e-10]]
new point utility = 4.695791910060258
new point = [4.69579191]
point added
classifires probs: [-2.63694171e-11  1.00000000e+00]
---------------------------- iteration: 2
Size of game = (2, 2)
Objective = -2.338272939174942e-10
Support of attacker = 1
Support of classifier = 1
init time = 0.5595 s
NFG time = 0.0080 s
plot time = 0.0000 s
BR time = 0.1739 s
Train time = 0.8487 s
Matrix update time = 0.0014 s
positive data: [[10.          4.69579191]]
positive support: [4.63143525e-10 1.00000000e+00]
classifires probs: [0.42133841 0.57866159]
BR point: [4.69434247]
BR value: 4.694342472873487
Points utilities = [[4.21338406 4.69579191]]
new point utility = 4.694342472873487
new point = [4.69434247]
classifier utilities = 4.695791912015186
new classifier utility = [0.]
new classifier is better = True
classifier utilities = 4.695791912015186
new classifier utility = [0.]
new classifier is better = True
classifier utilities = [4.69579192 4.69579191]
new classifier utility = [0.]
classifier added
classifires probs: [0.42133841 0.57866159]
---------------------------- iteration: 3
Size of game = (2, 3)
Objective = 4.695791909029659
Support of attacker = 1
Support of classifier = 2
init time = 0.5595 s
NFG time = 0.0098 s
plot time = 0.0000 s
BR time = 0.2491 s
Train time = 1.2758 s
Matrix update time = 0.0019 s
positive data: [[10.          4.69579191]]
positive support: [0.21415017 0.78584984]
classifires probs: [-1.09370059e-10 -1.35596066e-10  1.00000000e+00]
BR point: [2.83736715]
BR value: 2.8373671469557173
Points utilities = [[-1.09370059e-09 -1.15030995e-09]]
new point utility = 2.8373671469557173
new point = [2.83736715]
point added
classifires probs: [-1.09370059e-10 -1.35596066e-10  1.00000000e+00]
---------------------------- iteration: 4
Size of game = (3, 3)
Objective = -1.163553234384407e-09
Support of attacker = 2
Support of classifier = 1
init time = 0.5595 s
NFG time = 0.0120 s
plot time = 0.0000 s
BR time = 0.4474 s
Train time = 1.2763 s
Matrix update time = 0.0028 s
positive data: [[10.          4.69579191  2.83736715]]
positive support: [6.53156310e-10 6.96893223e-10 1.00000000e+00]
classifires probs: [0.24450888 0.2865301  0.46896102]
BR point: [2.83776537]
BR value: 2.8377653735425334
Points utilities = [[2.4450888  2.49364855 2.83736715]]
new point utility = 2.8377653735425334
new point = [2.83776537]
classifier utilities = 2.837367148455117
new classifier utility = [0.]
new classifier is better = True
classifier utilities = 2.837367148455117
new classifier utility = [0.]
new classifier is better = True
classifier utilities = 2.837367148455117
new classifier utility = [0.]
new classifier is better = True
classifier utilities = [2.83736716 2.83736715 2.83736715]
new classifier utility = [0.]
classifier added
classifires probs: [0.24450888 0.2865301  0.46896102]
---------------------------- iteration: 5
Size of game = (3, 4)
Objective = 2.8373671456117338
Support of attacker = 1
Support of classifier = 3
init time = 0.5595 s
NFG time = 0.0136 s
plot time = 0.0000 s
BR time = 0.5771 s
Train time = 1.9135 s
Matrix update time = 0.0033 s
positive data: [[10.          4.69579191  2.83736715]]
positive support: [0.13318748 0.2189593  0.64785322]
classifires probs: [-1.66913491e-10 -2.08451336e-10 -2.14977056e-10  1.00000000e+00]
BR point: [2.09869176]
BR value: 2.0986917597802695
Points utilities = [[-1.66913491e-09 -1.76263512e-09 -1.67501666e-09]]
new point utility = 2.0986917597802695
new point = [2.09869176]
point added
classifires probs: [-1.66913491e-10 -2.08451336e-10 -2.14977056e-10  1.00000000e+00]
---------------------------- iteration: 6
Size of game = (4, 4)
Objective = -1.7245499698396007e-09
Support of attacker = 3
Support of classifier = 1
init time = 0.5595 s
NFG time = 0.0152 s
plot time = 0.0000 s
BR time = 0.8424 s
Train time = 1.9140 s
Matrix update time = 0.0043 s
positive data: [[10.          4.69579191  2.83736715  2.09869176]]
positive support: [8.86926238e-10 9.17545019e-10 9.30851250e-10 1.00000000e+00]
classifires probs: [0.17671928 0.20387067 0.26026981 0.35914024]
BR point: [2.09856223]
BR value: 2.0985622336360867
Points utilities = [[1.76719281 1.7871712  1.81835443 2.09869176]]
new point utility = 2.0985622336360867
new point = [2.09856223]
classifier utilities = 2.0986917613023937
new classifier utility = [0.]
new classifier is better = True
classifier utilities = 2.0986917613023937
new classifier utility = [0.]
new classifier is better = True
classifier utilities = 2.0986917613023937
new classifier utility = [0.]
new classifier is better = True
classifier utilities = 2.0986917613023937
new classifier utility = [0.]
new classifier is better = True
classifier utilities = 2.0986917613023937
new classifier utility = [0.]
new classifier is better = True
classifier utilities = [2.09869178 2.09869177 2.09869176 2.09869176]
new classifier utility = [0.]
classifier added
classifires probs: [0.17671928 0.20387067 0.26026981 0.35914024]
---------------------------- iteration: 7
Size of game = (4, 5)
Objective = 2.098691758224854
Support of attacker = 1
Support of classifier = 4
init time = 0.5595 s
NFG time = 0.0177 s
plot time = 0.0000 s
BR time = 0.9826 s
Train time = 2.9843 s
Matrix update time = 0.0048 s
positive data: [[10.          4.69579191  2.83736715  2.09869176]]
positive support: [0.10282659 0.13773789 0.25556991 0.50386561]
classifires probs: [-1.94114728e-10 -2.30324698e-10 -2.55023190e-10 -2.07655736e-10
  1.00000000e+00]
BR point: [1.78353298]
BR value: 1.783532975461505
Points utilities = [[-1.94114728e-09 -1.99307922e-09 -1.92788490e-09 -1.86178797e-09]]
new point utility = 1.783532975461505
new point = [1.78353298]
point added
classifires probs: [-1.94114728e-10 -2.30324698e-10 -2.55023190e-10 -2.07655736e-10
  1.00000000e+00]
---------------------------- iteration: 8
Size of game = (5, 5)
Objective = -1.8121916821268292e-09
Support of attacker = 4
Support of classifier = 1
init time = 0.5595 s
NFG time = 0.0195 s
plot time = 0.0000 s
BR time = 1.4176 s
Train time = 2.9847 s
Matrix update time = 0.0058 s
positive data: [[10.          4.69579191  2.83736715  2.09869176  1.78353298]]
positive support: [9.13913701e-10 9.43657676e-10 8.48741226e-10 9.51014295e-10
 1.00000000e+00]
classifires probs: [0.14905494 0.17095634 0.20603331 0.21009207 0.26386333]
BR point: [1.78336019]
BR value: 1.7833601885766466
Points utilities = [[1.49054942 1.50270639 1.49258165 1.54492395 1.78353297]]
new point utility = 1.7833601885766466
new point = [1.78336019]
classifier utilities = 1.7835329769008275
new classifier utility = [0.]
new classifier is better = True
classifier utilities = 1.7835329769008275
new classifier utility = [0.]
new classifier is better = True
classifier utilities = 1.7835329769008275
new classifier utility = [0.]
new classifier is better = True
classifier utilities = 1.7835329769008275
new classifier utility = [0.]
new classifier is better = True
classifier utilities = 1.7835329769008275
new classifier utility = [0.]
new classifier is better = True
classifier utilities = 1.7835329769008275
new classifier utility = [0.]
new classifier is better = True
classifier utilities = 1.7835329769008275
new classifier utility = [0.]
new classifier is better = True
classifier utilities = [1.78353299 1.78353299 1.78353298 1.78353298 1.78353298]
new classifier utility = [0.]
classifier added
classifires probs: [0.14905494 0.17095634 0.20603331 0.21009207 0.26386333]
---------------------------- iteration: 9
Size of game = (5, 6)
Objective = 1.7835329739877896
Support of attacker = 1
Support of classifier = 5
init time = 0.5595 s
NFG time = 0.0213 s
plot time = 0.0000 s
BR time = 1.6477 s
Train time = 4.5000 s
Matrix update time = 0.0065 s
positive data: [[10.          4.69579191  2.83736715  2.09869176  1.78353298]]
positive support: [0.1215178  0.11695588 0.1594303  0.22929238 0.37280364]
classifires probs: [-2.34635477e-10 -2.05314729e-10 -2.58730648e-10 -2.26440015e-10
 -1.12299392e-10  1.00000000e+00]
BR point: [1.64094478]
BR value: 1.640944778695684
Points utilities = [[-2.34635477e-09 -2.06591462e-09 -1.98241410e-09 -1.94154354e-09
  -1.85027324e-09]]
new point utility = 1.640944778695684
new point = [1.64094478]
point added
classifires probs: [-2.34635477e-10 -2.05314729e-10 -2.58730648e-10 -2.26440015e-10
 -1.12299392e-10  1.00000000e+00]
---------------------------- iteration: 10
Size of game = (6, 6)
Objective = -1.4455586302667364e-09
Support of attacker = 5
Support of classifier = 1
init time = 0.5595 s
NFG time = 0.0229 s
plot time = 0.0000 s
BR time = 2.0806 s
Train time = 4.5004 s
Matrix update time = 0.0076 s
positive data: [[10.          4.69579191  2.83736715  2.09869176  1.78353298  1.64094478]]
positive support: [9.38750284e-10 9.68243856e-10 8.33593263e-10 7.51280277e-10
 1.02170643e-09 1.00000000e+00]
classifires probs: [0.13739199 0.15698005 0.18382508 0.17015181 0.15800339 0.19364768]
BR point: [1.64087507]
BR value: 1.6408750696136976
Points utilities = [[1.37391987 1.38230984 1.3568208  1.36068456 1.43815595 1.64094478]]
new point utility = 1.6408750696136976
new point = [1.64087507]
classifier utilities = 1.6409447803276804
new classifier utility = [1.64094478]
new classifier is better = False
classifier utilities = 1.6409447803276804
new classifier utility = [1.64094478]
new classifier is better = False
classifier utilities = 1.6409447803276804
new classifier utility = [0.]
new classifier is better = True
classifier utilities = 1.6409447803276804
new classifier utility = [0.]
new classifier is better = True
classifier utilities = 1.6409447803276804
new classifier utility = [0.]
new classifier is better = True
classifier utilities = 1.6409447803276804
new classifier utility = [0.]
new classifier is better = True
classifier utilities = 1.6409447803276804
new classifier utility = [0.]
new classifier is better = True
classifier utilities = [1.6409448  1.64094479 1.64094479 1.64094478 1.64094478 1.64094478]
new classifier utility = [0.]
classifier added
classifires probs: [0.13739199 0.15698005 0.18382508 0.17015181 0.15800339 0.19364768]
---------------------------- iteration: 11
Size of game = (6, 7)
Objective = 1.6409447772768382
Support of attacker = 1
Support of classifier = 6
init time = 0.5595 s
NFG time = 0.0245 s
plot time = 0.0000 s
BR time = 2.2618 s
Train time = 5.9863 s
Matrix update time = 0.0082 s
positive data: [[10.          4.69579191  2.83736715  2.09869176  1.78353298  1.64094478]]
positive support: [0.09386271 0.10818621 0.13233694 0.16311905 0.20083752 0.30165759]
classifires probs: [-9.74426804e-10 -5.40484864e-10 -1.09500121e-09 -1.25142375e-09
 -1.25376775e-09 -6.78052596e-10  1.00000001e+00]
BR point: [1.58033217]
BR value: 1.5803321658709157
Points utilities = [[-9.74426804e-09 -7.11370996e-09 -7.40528105e-09 -8.10375535e-09
  -9.12295732e-09 -9.50625068e-09]]
new point utility = 1.5803321658709157
new point = [1.58033217]
point added
classifires probs: [-9.74426804e-10 -5.40484864e-10 -1.09500121e-09 -1.25142375e-09
 -1.25376775e-09 -6.78052596e-10  1.00000001e+00]
---------------------------- iteration: 12
Size of game = (7, 7)
Objective = -6.333452619794259e-09
Support of attacker = 6
Support of classifier = 1
init time = 0.5595 s
NFG time = 0.0261 s
plot time = 0.0000 s
BR time = 2.7523 s
Train time = 5.9867 s
Matrix update time = 0.0093 s
positive data: [[10.          4.69579191  2.83736715  2.09869176  1.78353298  1.64094478
   1.58033217]]
positive support: [9.64124313e-10 9.91600696e-10 8.24788096e-10 6.59883581e-10
 6.87516926e-10 1.12947909e-09 1.00000000e+00]
classifires probs: [0.13313851 0.15172125 0.17467533 0.15165393 0.12718525 0.11853767
 0.14308807]
BR point: [1.580352]
BR value: 1.5803519966097785
Points utilities = [[1.3313851  1.33764217 1.30386978 1.28269736 1.31691485 1.40614516
  1.58033217]]
new point utility = 1.5803519966097785
new point = [1.580352]
classifier utilities = 1.5803321680796933
new classifier utility = [1.58033217]
new classifier is better = False
classifier utilities = 1.5803321680796933
new classifier utility = [1.58033217]
new classifier is better = False
classifier utilities = 1.5803321680796933
new classifier utility = [1.58033217]
new classifier is better = False
classifier utilities = 1.5803321680796933
new classifier utility = [1.58033217]
new classifier is better = False
classifier utilities = 1.5803321680796933
new classifier utility = [1.58033217]
new classifier is better = False
classifier utilities = 1.5803321680796933
new classifier utility = [0.]
new classifier is better = True
classifier utilities = [1.58033219 1.58033218 1.58033217 1.58033217 1.58033217 1.58033217
 1.58033217]
new classifier utility = [0.]
classifier added
classifires probs: [0.13313851 0.15172125 0.17467533 0.15165393 0.12718525 0.11853767
 0.14308807]
---------------------------- iteration: 13
Size of game = (7, 8)
Objective = 1.5803321645217188
Support of attacker = 1
Support of classifier = 7
init time = 0.5595 s
NFG time = 0.0278 s
plot time = 0.0000 s
BR time = 3.0737 s
Train time = 7.2786 s
Matrix update time = 0.0099 s
positive data: [[10.          4.69579191  2.83736715  2.09869176  1.78353298  1.64094478
   1.58033217]]
positive support: [0.07619283 0.09603955 0.11677491 0.13475176 0.14946706 0.1736141
 0.25315979]
classifires probs: [-1.32645102e-11 -8.23475259e-12 -1.64443915e-11 -1.92471388e-11
 -1.97099856e-11 -1.76996946e-11 -4.80508899e-12  1.00000000e+00]
BR point: [1.57084492]
BR value: 1.5708449224037069
Points utilities = [[-1.32645102e-10 -1.00956064e-10 -1.07660078e-10 -1.20025846e-10
  -1.37155075e-10 -1.55234153e-10 -1.57093808e-10]]
new point utility = 1.5708449224037069
new point = [1.57084492]
point added
classifires probs: [-1.32645102e-11 -8.23475259e-12 -1.64443915e-11 -1.92471388e-11
 -1.97099856e-11 -1.76996946e-11 -4.80508899e-12  1.00000000e+00]
---------------------------- iteration: 14
Size of game = (8, 8)
Objective = -9.885895884085346e-11
Support of attacker = 7
Support of classifier = 1
init time = 0.5595 s
NFG time = 0.0299 s
plot time = 0.0000 s
BR time = 3.6824 s
Train time = 7.2790 s
Matrix update time = 0.0111 s
positive data: [[10.          4.69579191  2.83736715  2.09869176  1.78353298  1.64094478
   1.58033217  1.57084492]]
positive support: [9.85526696e-10 1.00935446e-09 8.07347223e-10 5.73506593e-10
 5.27656521e-10 6.55452291e-10 1.17142413e-09 1.00000000e+00]
classifires probs: [0.13335509 0.15169613 0.17262516 0.141907   0.11144156 0.09510947
 0.08973737 0.10412822]
BR point: [1.57084204]
BR value: 1.5708420426826475
Points utilities = [[1.33355085 1.33854119 1.2985959  1.25834069 1.26813642 1.32282205
  1.41577499 1.57084492]]
new point utility = 1.5708420426826475
new point = [1.57084204]
classifier utilities = 1.5708449255262957
new classifier utility = [1.57084493]
new classifier is better = False
classifier utilities = 1.5708449255262957
new classifier utility = [1.57084493]
new classifier is better = False
classifier utilities = 1.5708449255262957
new classifier utility = [1.57084493]
new classifier is better = False
classifier utilities = 1.5708449255262957
new classifier utility = [1.57084493]
new classifier is better = False
classifier utilities = 1.5708449255262957
new classifier utility = [1.57084493]
new classifier is better = False
classifier utilities = 1.5708449255262957
new classifier utility = [0.]
new classifier is better = True
classifier utilities = [1.57084495 1.57084494 1.57084493 1.57084493 1.57084493 1.57084493
 1.57084493 1.57084493]
new classifier utility = [0.]
classifier added
classifires probs: [0.13335509 0.15169613 0.17262516 0.141907   0.11144156 0.09510947
 0.08973737 0.10412822]
---------------------------- iteration: 15
Size of game = (8, 9)
Objective = 1.570844920920259
Support of attacker = 1
Support of classifier = 8
init time = 0.5595 s
NFG time = 0.0316 s
plot time = 0.0000 s
BR time = 4.0761 s
Train time = 8.5630 s
Matrix update time = 0.0117 s
positive data: [[10.          4.69579191  2.83736715  2.09869176  1.78353298  1.64094478
   1.58033217  1.57084492]]
positive support: [0.06668948 0.08548571 0.10467057 0.11821592 0.12463013 0.13233105
 0.15089668 0.21708047]
classifires probs: [-1.44524329e-11 -9.22030380e-12 -1.70016875e-11 -2.05034731e-11
 -2.14862571e-11 -2.10954817e-11 -1.77127452e-11 -1.60227479e-13
  1.00000000e+00]
BR point: [1.56977088]
BR value: 1.569770880790966
Points utilities = [[-1.44524329e-10 -1.11162246e-10 -1.15408275e-10 -1.28393549e-10
  -1.47434245e-10 -1.70263833e-10 -1.91966712e-10 -1.91065966e-10]]
new point utility = 1.569770880790966
new point = [1.56977088]
point added
classifires probs: [-1.44524329e-11 -9.22030380e-12 -1.70016875e-11 -2.05034731e-11
 -2.14862571e-11 -2.10954817e-11 -1.77127452e-11 -1.60227479e-13
  1.00000000e+00]
---------------------------- iteration: 16
Size of game = (9, 9)
Objective = -1.1116541361373153e-10
Support of attacker = 8
Support of classifier = 1
init time = 0.5595 s
NFG time = 0.0337 s
plot time = 0.0000 s
BR time = 4.6858 s
Train time = 8.5635 s
Matrix update time = 0.0130 s
positive data: [[10.          4.69579191  2.83736715  2.09869176  1.78353298  1.64094478
   1.58033217  1.57084492  1.56977088]]
positive support: [1.01932047e-09 1.03784416e-09 7.96776867e-10 5.25359867e-10
 4.43669543e-10 5.04682207e-10 6.88990220e-10 1.30219219e-09
 1.00000000e+00]
classifires probs: [0.13407776 0.15232662 0.17131505 0.13398335 0.10101687 0.08213296
 0.07212255 0.06894044 0.0840844 ]
BR point: [1.56962964]
BR value: 1.569629643015169
Points utilities = [[1.34077756 1.34489535 1.29871806 1.24180174 1.23548834 1.27149034
  1.33850209 1.43876137 1.56977088]]
new point utility = 1.569629643015169
new point = [1.56962964]
classifier utilities = 1.5697708850283156
new classifier utility = [1.56977089]
new classifier is better = False
classifier utilities = 1.5697708850283156
new classifier utility = [1.56977089]
new classifier is better = False
classifier utilities = 1.5697708850283156
new classifier utility = [1.56977089]
new classifier is better = False
classifier utilities = 1.5697708850283156
new classifier utility = [1.56977089]
new classifier is better = False
classifier utilities = 1.5697708850283156
new classifier utility = [1.56977089]
new classifier is better = False
classifier utilities = 1.5697708850283156
new classifier utility = [0.]
new classifier is better = True
classifier utilities = [1.56977091 1.5697709  1.56977089 1.56977089 1.56977089 1.56977089
 1.56977089 1.56977089 1.56977089]
new classifier utility = [0.]
classifier added
classifires probs: [0.13407776 0.15232662 0.17131505 0.13398335 0.10101687 0.08213296
 0.07212255 0.06894044 0.0840844 ]
---------------------------- iteration: 17
Size of game = (9, 10)
Objective = 1.569770879257443
Support of attacker = 1
Support of classifier = 9
init time = 0.5595 s
NFG time = 0.0355 s
plot time = 0.0000 s
BR time = 5.1401 s
Train time = 9.8406 s
Matrix update time = 0.0136 s
positive data: [[10.          4.69579191  2.83736715  2.09869176  1.78353298  1.64094478
   1.58033217  1.57084492  1.56977088]]
positive support: [0.06070932 0.07749543 0.09505985 0.10663332 0.10994575 0.11118772
 0.1162784  0.1306051  0.19208511]
classifires probs: [-1.47282149e-11 -9.40657003e-12 -1.60416534e-11 -1.96819891e-11
 -2.10430543e-11 -2.14575012e-11 -2.08041737e-11 -1.65201045e-11
  4.70229063e-12  1.00000000e+00]
BR point: [1.56968908]
BR value: 1.5696890755422204
Points utilities = [[-1.47282149e-10 -1.13331928e-10 -1.13995306e-10 -1.25624388e-10
  -1.44290461e-10 -1.67965439e-10 -1.94638698e-10 -2.19420742e-10
  -2.11889197e-10]]
new point utility = 1.5696890755422204
new point = [1.56968908]
point added
classifires probs: [-1.47282149e-11 -9.40657003e-12 -1.60416534e-11 -1.96819891e-11
 -2.10430543e-11 -2.14575012e-11 -2.08041737e-11 -1.65201045e-11
  4.70229063e-12  1.00000000e+00]
---------------------------- iteration: 18
Size of game = (10, 10)
Objective = -1.1344129652174515e-10
Support of attacker = 9
Support of classifier = 1
init time = 0.5595 s
NFG time = 0.0376 s
plot time = 0.0000 s
BR time = 5.8364 s
Train time = 9.8411 s
Matrix update time = 0.0151 s
positive data: [[10.          4.69579191  2.83736715  2.09869176  1.78353298  1.64094478
   1.58033217  1.57084492  1.56977088  1.56968908]]
positive support: [1.00129840e-09 1.01347518e-09 7.53512672e-10 5.27471879e-10
 4.07887541e-10 4.45489924e-10 5.61748914e-10 7.01994865e-10
 1.15385346e-09 1.00000000e+00]
classifires probs: [0.13469615 0.15288108 0.1696485  0.12692267 0.0936519  0.07395817
 0.06256301 0.05654303 0.05632462 0.07281085]
BR point: [1.56946725]
BR value: 1.5694672496097488
Points utilities = [[1.34696154 1.35040286 1.29731729 1.22594746 1.20887921 1.23359416
  1.28689846 1.36799312 1.45547452 1.56968907]]
new point utility = 1.5694672496097488
new point = [1.56946725]
classifier utilities = 1.569689080793552
new classifier utility = [1.56968908]
new classifier is better = False
classifier utilities = 1.569689080793552
new classifier utility = [1.56968908]
new classifier is better = False
classifier utilities = 1.569689080793552
new classifier utility = [1.56968908]
new classifier is better = False
classifier utilities = 1.569689080793552
new classifier utility = [1.56968908]
new classifier is better = False
classifier utilities = 1.569689080793552
new classifier utility = [1.56968908]
new classifier is better = False
classifier utilities = 1.569689080793552
new classifier utility = [0.]
new classifier is better = True
classifier utilities = [1.5696891  1.56968909 1.56968909 1.56968909 1.56968909 1.56968909
 1.56968908 1.56968908 1.56968908 1.56968908]
new classifier utility = [0.]
classifier added
classifires probs: [0.13469615 0.15288108 0.1696485  0.12692267 0.0936519  0.07395817
 0.06256301 0.05654303 0.05632462 0.07281085]
---------------------------- iteration: 19
Size of game = (10, 11)
Objective = 1.5696890740462701
Support of attacker = 1
Support of classifier = 10
init time = 0.5595 s
NFG time = 0.0393 s
plot time = 0.0000 s
BR time = 6.1497 s
Train time = 11.1403 s
Matrix update time = 0.0157 s
positive data: [[10.          4.69579191  2.83736715  2.09869176  1.78353298  1.64094478
   1.58033217  1.57084492  1.56977088  1.56968908]]
positive support: [0.05649165 0.07142896 0.08735473 0.09768486 0.09978289 0.09858735
 0.09820379 0.10104359 0.11583887 0.17358331]
classifires probs: [-1.46985735e-11 -9.30654948e-12 -1.48032216e-11 -1.82353130e-11
 -1.96946491e-11 -2.05583749e-11 -2.10401505e-11 -2.03578704e-11
 -1.52600640e-11  9.57034925e-12  1.00000000e+00]
BR point: [1.56966809]
BR value: 1.569668092505013
Points utilities = [[-1.46985735e-10 -1.12723062e-10 -1.10113522e-10 -1.19717054e-10
  -1.36865301e-10 -1.59658482e-10 -1.87011502e-10 -2.17867869e-10
  -2.41673710e-10 -2.26638643e-10]]
new point utility = 1.569668092505013
new point = [1.56966809]
point added
classifires probs: [-1.46985735e-11 -9.30654948e-12 -1.48032216e-11 -1.82353130e-11
 -1.96946491e-11 -2.05583749e-11 -2.10401505e-11 -2.03578704e-11
 -1.52600640e-11  9.57034925e-12  1.00000000e+00]
---------------------------- iteration: 20
Size of game = (11, 11)
Objective = -1.120590808730285e-10
Support of attacker = 10
Support of classifier = 1
init time = 0.5595 s
NFG time = 0.0415 s
plot time = 0.0000 s
BR time = 6.9461 s
Train time = 11.1407 s
Matrix update time = 0.0172 s
positive data: [[10.          4.69579191  2.83736715  2.09869176  1.78353298  1.64094478
   1.58033217  1.57084492  1.56977088  1.56968908  1.56966809]]
positive support: [1.04081099e-09 1.04518335e-09 7.58526814e-10 6.31920652e-10
 4.40883783e-10 4.60323073e-10 5.99125510e-10 6.91698618e-10
 5.77667405e-10 1.05156702e-09 1.00000000e+00]
classifires probs: [0.13518357 0.15332058 0.16764827 0.12060787 0.08827721 0.06839578
 0.05652215 0.04956722 0.04650809 0.04831123 0.06565802]
BR point: [1.56968584]
BR value: 1.5696858379753458
Points utilities = [[1.35183566 1.35475542 1.29427188 1.21044205 1.1861163  1.20352351
  1.24839198 1.3187599  1.39086526 1.4666264  1.56966809]]
new point utility = 1.5696858379753458
new point = [1.56968584]
classifier utilities = 1.5696680989447063
new classifier utility = [1.5696681]
new classifier is better = False
classifier utilities = 1.5696680989447063
new classifier utility = [1.5696681]
new classifier is better = False
classifier utilities = 1.5696680989447063
new classifier utility = [1.5696681]
new classifier is better = False
classifier utilities = 1.5696680989447063
new classifier utility = [1.5696681]
new classifier is better = False
classifier utilities = 1.5696680989447063
new classifier utility = [1.5696681]
new classifier is better = False
classifier utilities = 1.5696680989447063
new classifier utility = [1.5696681]
new classifier is better = False
classifier utilities = 1.5696680989447063
new classifier utility = [0.]
new classifier is better = True
classifier utilities = [1.56966812 1.56966811 1.56966811 1.56966811 1.56966811 1.5696681
 1.5696681  1.5696681  1.5696681  1.5696681  1.5696681 ]
new classifier utility = [0.]
classifier added
classifires probs: [0.13518357 0.15332058 0.16764827 0.12060787 0.08827721 0.06839578
 0.05652215 0.04956722 0.04650809 0.04831123 0.06565802]
---------------------------- iteration: 21
Size of game = (11, 12)
Objective = 1.5696680909776968
Support of attacker = 1
Support of classifier = 11
init time = 0.5595 s
NFG time = 0.0432 s
plot time = 0.0000 s
BR time = 7.4488 s
Train time = 12.6368 s
Matrix update time = 0.0179 s
positive data: [[10.          4.69579191  2.83736715  2.09869176  1.78353298  1.64094478
   1.58033217  1.57084492  1.56977088  1.56968908  1.56966809]]
positive support: [0.05331376 0.06672561 0.08112434 0.09046631 0.0919364  0.08987352
 0.08741218 0.08556603 0.08985425 0.10464449 0.15908309]
classifires probs: [-1.44783995e-11 -9.09474100e-12 -1.35671487e-11 -1.65970437e-11
 -1.79064887e-11 -1.88963714e-11 -1.99533616e-11 -2.07491872e-11
 -2.00988992e-11 -1.37540339e-11  1.43640840e-11  1.00000000e+00]
BR point: [1.56167754]
BR value: 1.5616775384182136
Points utilities = [[-1.44783995e-10 -1.10694562e-10 -1.05380636e-10 -1.12778098e-10
  -1.27779118e-10 -1.48571457e-10 -1.74616518e-10 -2.06161994e-10
  -2.37571701e-10 -2.59148877e-10 -2.36598569e-10]]
new point utility = 1.5616775384182136
new point = [1.56167754]
point added
classifires probs: [-1.44783995e-11 -9.09474100e-12 -1.35671487e-11 -1.65970437e-11
 -1.79064887e-11 -1.88963714e-11 -1.99533616e-11 -2.07491872e-11
 -2.00988992e-11 -1.37540339e-11  1.43640840e-11  1.00000000e+00]
---------------------------- iteration: 22
Size of game = (12, 12)
Objective = -1.0882048032165249e-10
Support of attacker = 11
Support of classifier = 1
init time = 0.5595 s
NFG time = 0.0452 s
plot time = 0.0000 s
BR time = 8.4632 s
Train time = 12.6373 s
Matrix update time = 0.0194 s
positive data: [[10.          4.69579191  2.83736715  2.09869176  1.78353298  1.64094478
   1.58033217  1.57084492  1.56977088  1.56968908  1.56966809  1.56167754]]
positive support: [1.23642841e-09 1.23327573e-09 8.82088593e-10 8.62962031e-10
 5.49956104e-10 5.30535839e-10 7.35869493e-10 9.30808166e-10
 7.89276695e-10 5.54212975e-10 1.77078673e-09 1.00000000e+00]
classifires probs: [0.13488371 0.1528931  0.16487686 0.11478251 0.08383994 0.06417016
 0.05213808 0.04485136 0.04076348 0.03976818 0.0432137  0.06381891]
BR point: [1.56168597]
BR value: 1.561685972717032
Points utilities = [[1.34883714 1.35134003 1.28434467 1.19087365 1.16157245 1.17400785
  1.21303827 1.27621053 1.33932727 1.40168116 1.46949359 1.56167754]]
new point utility = 1.561685972717032
new point = [1.56168597]
classifier utilities = 1.5616775457836976
new classifier utility = [1.56167755]
new classifier is better = False
classifier utilities = 1.5616775457836976
new classifier utility = [1.56167755]
new classifier is better = False
classifier utilities = 1.5616775457836976
new classifier utility = [1.56167755]
new classifier is better = False
classifier utilities = 1.5616775457836976
new classifier utility = [1.56167755]
new classifier is better = False
classifier utilities = 1.5616775457836976
new classifier utility = [1.56167755]
new classifier is better = False
classifier utilities = 1.5616775457836976
new classifier utility = [1.56167755]
new classifier is better = False
classifier utilities = 1.5616775457836976
new classifier utility = [0.]
new classifier is better = True
classifier utilities = [1.56167758 1.56167757 1.56167756 1.56167756 1.56167756 1.56167755
 1.56167755 1.56167755 1.56167755 1.56167755 1.56167755 1.56167755]
new classifier utility = [0.]
classifier added
classifires probs: [0.13488371 0.1528931  0.16487686 0.11478251 0.08383994 0.06417016
 0.05213808 0.04485136 0.04076348 0.03976818 0.0432137  0.06381891]
---------------------------- iteration: 23
Size of game = (12, 13)
Objective = 1.5616775366456117
Support of attacker = 1
Support of classifier = 12
init time = 0.5595 s
NFG time = 0.0471 s
plot time = 0.0000 s
BR time = 8.9751 s
Train time = 14.2142 s
Matrix update time = 0.0200 s
positive data: [[10.          4.69579191  2.83736715  2.09869176  1.78353298  1.64094478
   1.58033217  1.57084492  1.56977088  1.56968908  1.56966809  1.56167754]]
positive support: [0.05059255 0.06286528 0.07596658 0.08448218 0.08550877 0.08308084
 0.07992308 0.07637796 0.07627935 0.08128335 0.09553576 0.14810429]
classifires probs: [-1.41513918e-11 -9.06265112e-12 -1.25101181e-11 -1.50465125e-11
 -1.60520012e-11 -1.69023910e-11 -1.81352988e-11 -1.96892610e-11
 -2.09235963e-11 -1.98106618e-11 -1.19213086e-11  1.89664360e-11
  1.00000000e+00]
BR point: [1.56071268]
BR value: 1.560712679870429
Points utilities = [[-1.41513918e-10 -1.09008315e-10 -1.01362561e-10 -1.06551994e-10
  -1.19180444e-10 -1.37388209e-10 -1.60973210e-10 -1.90935612e-10
  -2.23650315e-10 -2.54735239e-10 -2.73444332e-10 -2.42432879e-10]]
new point utility = 1.560712679870429
new point = [1.56071268]
point added
classifires probs: [-1.41513918e-11 -9.06265112e-12 -1.25101181e-11 -1.50465125e-11
 -1.60520012e-11 -1.69023910e-11 -1.81352988e-11 -1.96892610e-11
 -2.09235963e-11 -1.98106618e-11 -1.19213086e-11  1.89664360e-11
  1.00000000e+00]
---------------------------- iteration: 24
Size of game = (13, 13)
Objective = -1.055702170584969e-10
Support of attacker = 12
Support of classifier = 1
init time = 0.5595 s
NFG time = 0.0490 s
plot time = 0.0000 s
BR time = 9.9279 s
Train time = 14.2146 s
Matrix update time = 0.0216 s
positive data: [[10.          4.69579191  2.83736715  2.09869176  1.78353298  1.64094478
   1.58033217  1.57084492  1.56977088  1.56968908  1.56966809  1.56167754
   1.56071268]]
positive support: [1.48778373e-09 1.47988212e-09 1.04760430e-09 1.14635299e-09
 6.60322298e-10 5.69615505e-10 8.50304279e-10 1.21528263e-09
 1.17927872e-09 7.64642483e-10 6.22271898e-10 2.19338560e-09
 1.00000001e+00]
classifires probs: [0.13517817 0.15316368 0.1631187  0.11029661 0.08068445 0.06128865
 0.04913592 0.04158383 0.03696037 0.03481765 0.03538489 0.04019162
 0.05819546]
BR point: [1.56071533]
BR value: 1.5607153263818208
Points utilities = [[1.35178171 1.35399332 1.28095934 1.17895513 1.1458158  1.15478249
  1.18977864 1.24795776 1.3051238  1.35970867 1.41523304 1.47079499
  1.56071268]]
new point utility = 1.5607153263818208
new point = [1.56071533]
classifier utilities = 1.56071268930985
new classifier utility = [1.56071269]
new classifier is better = False
classifier utilities = 1.56071268930985
new classifier utility = [1.56071269]
new classifier is better = False
classifier utilities = 1.56071268930985
new classifier utility = [1.56071269]
new classifier is better = False
classifier utilities = 1.56071268930985
new classifier utility = [1.56071269]
new classifier is better = False
classifier utilities = 1.56071268930985
new classifier utility = [1.56071269]
new classifier is better = False
classifier utilities = 1.56071268930985
new classifier utility = [1.56071269]
new classifier is better = False
classifier utilities = 1.56071268930985
new classifier utility = [0.]
new classifier is better = True
classifier utilities = [1.56071273 1.56071271 1.56071271 1.5607127  1.5607127  1.5607127
 1.5607127  1.5607127  1.5607127  1.56071269 1.56071269 1.56071269
 1.56071269]
new classifier utility = [0.]
classifier added
classifires probs: [0.13517817 0.15316368 0.1631187  0.11029661 0.08068445 0.06128865
 0.04913592 0.04158383 0.03696037 0.03481765 0.03538489 0.04019162
 0.05819546]
---------------------------- iteration: 25
Size of game = (13, 14)
Objective = 1.5607126777789153
Support of attacker = 1
Support of classifier = 13
init time = 0.5595 s
NFG time = 0.0508 s
plot time = 0.0000 s
BR time = 10.4640 s
Train time = 15.7118 s
Matrix update time = 0.0222 s
positive data: [[10.          4.69579191  2.83736715  2.09869176  1.78353298  1.64094478
   1.58033217  1.57084492  1.56977088  1.56968908  1.56966809  1.56167754
   1.56071268]]
positive support: [0.04851992 0.05984462 0.0717588  0.07955222 0.08018317 0.0774812
 0.07401527 0.06994538 0.06817626 0.06909911 0.07430444 0.08897374
 0.13814588]
classifires probs: [-1.40056119e-11 -8.92654279e-12 -1.18116505e-11 -1.40070946e-11
 -1.47331649e-11 -1.53517585e-11 -1.65134340e-11 -1.83908232e-11
 -2.06690214e-11 -2.18284388e-11 -1.96651999e-11 -9.79598229e-12
  2.42140578e-11  1.00000000e+00]
BR point: [1.5606156]
BR value: 1.5606156036244268
Points utilities = [[-1.40056119e-10 -1.07684626e-10 -9.85809313e-11 -1.02313112e-10
  -1.13225923e-10 -1.29365232e-10 -1.50683498e-10 -1.78668028e-10
  -2.10991494e-10 -2.45244361e-10 -2.76108919e-10 -2.90001524e-10
  -2.52031164e-10]]
new point utility = 1.5606156036244268
new point = [1.5606156]
point added
classifires probs: [-1.40056119e-11 -8.92654279e-12 -1.18116505e-11 -1.40070946e-11
 -1.47331649e-11 -1.53517585e-11 -1.65134340e-11 -1.83908232e-11
 -2.06690214e-11 -2.18284388e-11 -1.96651999e-11 -9.79598229e-12
  2.42140578e-11  1.00000000e+00]
---------------------------- iteration: 26
Size of game = (14, 14)
Objective = -1.0247167913979947e-10
Support of attacker = 13
Support of classifier = 1
init time = 0.5595 s
NFG time = 0.0528 s
plot time = 0.0000 s
BR time = 11.6494 s
Train time = 15.7122 s
Matrix update time = 0.0239 s
positive data: [[10.          4.69579191  2.83736715  2.09869176  1.78353298  1.64094478
   1.58033217  1.57084492  1.56977088  1.56968908  1.56966809  1.56167754
   1.56071268  1.5606156 ]]
positive support: [1.73752242e-09 1.72267321e-09 1.18250454e-09 1.47014105e-09
 8.43087152e-10 6.54589010e-10 9.68969622e-10 1.47232543e-09
 1.55424683e-09 1.08416913e-09 5.28803823e-10 6.37707712e-10
 2.99128878e-09 1.00000001e+00]
classifires probs: [0.13549329 0.15345788 0.16161024 0.10631145 0.07800403 0.05905592
 0.04693342 0.03918697 0.03415776 0.03136973 0.03070387 0.03235739
 0.03699933 0.05435872]
BR point: [1.56061726]
BR value: 1.5606172570154302
Points utilities = [[1.35493292 1.35685457 1.27840813 1.16870448 1.13232386 1.13870541
  1.17081472 1.2253426  1.27812464 1.32729875 1.3754759  1.41900571
  1.47587433 1.5606156 ]]
new point utility = 1.5606172570154302
new point = [1.56061726]
classifier utilities = 1.5606156151609218
new classifier utility = [1.56061562]
new classifier is better = False
classifier utilities = 1.5606156151609218
new classifier utility = [1.56061562]
new classifier is better = False
classifier utilities = 1.5606156151609218
new classifier utility = [1.56061562]
new classifier is better = False
classifier utilities = 1.5606156151609218
new classifier utility = [1.56061562]
new classifier is better = False
classifier utilities = 1.5606156151609218
new classifier utility = [1.56061562]
new classifier is better = False
classifier utilities = 1.5606156151609218
new classifier utility = [1.56061562]
new classifier is better = False
classifier utilities = 1.5606156151609218
new classifier utility = [0.]
new classifier is better = True
classifier utilities = [1.56061566 1.56061565 1.56061564 1.56061564 1.56061563 1.56061563
 1.56061563 1.56061563 1.56061563 1.56061562 1.56061562 1.56061562
 1.56061562 1.56061562]
new classifier utility = [0.]
classifier added
classifires probs: [0.13549329 0.15345788 0.16161024 0.10631145 0.07800403 0.05905592
 0.04693342 0.03918697 0.03415776 0.03136973 0.03070387 0.03235739
 0.03699933 0.05435872]
---------------------------- iteration: 27
Size of game = (14, 15)
Objective = 1.5606156012216672
Support of attacker = 1
Support of classifier = 14
init time = 0.5595 s
NFG time = 0.0548 s
plot time = 0.0000 s
BR time = 12.3573 s
Train time = 17.2119 s
Matrix update time = 0.0245 s
positive data: [[10.          4.69579191  2.83736715  2.09869176  1.78353298  1.64094478
   1.58033217  1.57084492  1.56977088  1.56968908  1.56966809  1.56167754
   1.56071268  1.5606156 ]]
positive support: [0.0468564  0.05741013 0.06828415 0.07546424 0.07575553 0.07281106
 0.06911837 0.0648539  0.06250198 0.06182336 0.06322386 0.06930484
 0.08283382 0.12975836]
classifires probs: [-1.39921307e-11 -8.75868312e-12 -1.13657808e-11 -1.33587582e-11
 -1.38580364e-11 -1.42246179e-11 -1.51821228e-11 -1.70907754e-11
 -1.99486906e-11 -2.25063050e-11 -2.29891744e-11 -1.93162943e-11
 -7.18959421e-12  3.02879172e-11  1.00000000e+00]
BR point: [1.56060623]
BR value: 1.5606062277321004
Points utilities = [[-1.39921307e-10 -1.06833088e-10 -9.68013047e-11 -9.96361318e-11
  -1.09390122e-10 -1.23986517e-10 -1.43399546e-10 -1.69385630e-10
  -2.00584689e-10 -2.35902137e-10 -2.71984357e-10 -3.00765616e-10
  -3.11800683e-10 -2.64513493e-10]]
new point utility = 1.5606062277321004
new point = [1.56060623]
point added
classifires probs: [-1.39921307e-11 -8.75868312e-12 -1.13657808e-11 -1.33587582e-11
 -1.38580364e-11 -1.42246179e-11 -1.51821228e-11 -1.70907754e-11
 -1.99486906e-11 -2.25063050e-11 -2.29891744e-11 -1.93162943e-11
 -7.18959421e-12  3.02879172e-11  1.00000000e+00]
---------------------------- iteration: 28
Size of game = (15, 15)
Objective = -9.984212016486425e-11
Support of attacker = 14
Support of classifier = 1
init time = 0.5595 s
NFG time = 0.0571 s
plot time = 0.0000 s
BR time = 13.4535 s
Train time = 17.2124 s
Matrix update time = 0.0263 s
positive data: [[10.          4.69579191  2.83736715  2.09869176  1.78353298  1.64094478
   1.58033217  1.57084492  1.56977088  1.56968908  1.56966809  1.56167754
   1.56071268  1.5606156   1.56060623]]
positive support: [2.17622249e-09 2.15493677e-09 1.41534727e-09 1.87768686e-09
 1.14153750e-09 8.43449434e-10 1.17168998e-09 1.80719046e-09
 2.02817181e-09 1.58330891e-09 8.66216941e-10 5.27872930e-10
 1.09405146e-09 4.58294464e-09 1.00000001e+00]
classifires probs: [0.13578081 0.153723   0.16041789 0.10278531 0.07555672 0.05718248
 0.04524036 0.03741522 0.03207954 0.02880562 0.02744815 0.02782338
 0.02979715 0.03455267 0.05139171]
BR point: [1.56060849]
BR value: 1.5606084861154317
Points utilities = [[1.35780814 1.35944965 1.27659304 1.15996164 1.12052907 1.12477937
  1.15472747 1.20656877 1.25610132 1.30125173 1.34431883 1.38092659
  1.42657819 1.4804129  1.56060623]]
new point utility = 1.5606084861154317
new point = [1.56060849]
classifier utilities = 1.5606062421156086
new classifier utility = [1.56060624]
new classifier is better = False
classifier utilities = 1.5606062421156086
new classifier utility = [1.56060624]
new classifier is better = False
classifier utilities = 1.5606062421156086
new classifier utility = [1.56060624]
new classifier is better = False
classifier utilities = 1.5606062421156086
new classifier utility = [1.56060624]
new classifier is better = False
classifier utilities = 1.5606062421156086
new classifier utility = [1.56060624]
new classifier is better = False
classifier utilities = 1.5606062421156086
new classifier utility = [1.56060624]
new classifier is better = False
classifier utilities = 1.5606062421156086
new classifier utility = [1.56060624]
new classifier is better = False
classifier utilities = 1.5606062421156086
new classifier utility = [0.]
new classifier is better = True
classifier utilities = [1.56060631 1.56060629 1.56060627 1.56060627 1.56060627 1.56060626
 1.56060626 1.56060626 1.56060626 1.56060626 1.56060625 1.56060625
 1.56060625 1.56060625 1.56060624]
new classifier utility = [0.]
classifier added
classifires probs: [0.13578081 0.153723   0.16041789 0.10278531 0.07555672 0.05718248
 0.04524036 0.03741522 0.03207954 0.02880562 0.02744815 0.02782338
 0.02979715 0.03455267 0.05139171]
---------------------------- iteration: 29
Size of game = (15, 16)
Objective = 1.5606062247376473
Support of attacker = 1
Support of classifier = 15
init time = 0.5595 s
NFG time = 0.0588 s
plot time = 0.0000 s
BR time = 13.9759 s
Train time = 18.9214 s
Matrix update time = 0.0270 s
positive data: [[10.          4.69579191  2.83736715  2.09869176  1.78353298  1.64094478
   1.58033217  1.57084492  1.56977088  1.56968908  1.56966809  1.56167754
   1.56071268  1.5606156   1.56060623]]
positive support: [0.045473   0.05539849 0.06537465 0.07203688 0.07204762 0.06889672
 0.06500344 0.06060205 0.05798995 0.05672224 0.05661157 0.05904406
 0.06454922 0.07766193 0.12258819]
classifires probs: [-1.39522113e-11 -8.57516922e-12 -1.10316539e-11 -1.28904706e-11
 -1.32036767e-11 -1.33201964e-11 -1.39966015e-11 -1.57230034e-11
 -1.87792630e-11 -2.22042997e-11 -2.44029680e-11 -2.36906198e-11
 -1.82109062e-11 -3.94245126e-12  3.66820292e-11  1.00000000e+00]
BR point: [1.55433804]
BR value: 1.554338040116439
Points utilities = [[-1.39522113e-10 -1.05783891e-10 -9.52193019e-11 -9.74831936e-11
  -1.06393417e-10 -1.19745284e-10 -1.37441456e-10 -1.61314751e-10
  -1.90683595e-10 -2.25527504e-10 -2.63829050e-10 -2.99483110e-10
  -3.27720071e-10 -3.33852338e-10 -2.76604129e-10]]
new point utility = 1.554338040116439
new point = [1.55433804]
point added
classifires probs: [-1.39522113e-11 -8.57516922e-12 -1.10316539e-11 -1.28904706e-11
 -1.32036767e-11 -1.33201964e-11 -1.39966015e-11 -1.57230034e-11
 -1.87792630e-11 -2.22042997e-11 -2.44029680e-11 -2.36906198e-11
 -1.82109062e-11 -3.94245126e-12  3.66820292e-11  1.00000000e+00]
---------------------------- iteration: 30
Size of game = (16, 16)
Objective = -9.702886842144168e-11
Support of attacker = 15
Support of classifier = 1
init time = 0.5595 s
NFG time = 0.0609 s
plot time = 0.0001 s
BR time = 15.1491 s
Train time = 18.9218 s
Matrix update time = 0.0288 s
positive data: [[10.          4.69579191  2.83736715  2.09869176  1.78353298  1.64094478
   1.58033217  1.57084492  1.56977088  1.56968908  1.56966809  1.56167754
   1.56071268  1.5606156   1.56060623  1.55433804]]
positive support: [2.50633590e-09 2.48157669e-09 1.57279284e-09 2.22874951e-09
 1.41645890e-09 1.02634416e-09 1.36543310e-09 2.11630297e-09
 2.45704842e-09 2.03835833e-09 1.21361407e-09 6.01576229e-10
 5.59978597e-10 1.74080387e-09 6.73236295e-09 1.00000001e+00]
classifires probs: [0.13549138 0.15334333 0.15876327 0.0993631  0.0732535  0.05546545
 0.04377194 0.03596062 0.03042678 0.02677286 0.02490705 0.02461171
 0.02556215 0.02786791 0.03287205 0.05156688]
BR point: [1.55433951]
BR value: 1.554339507823973
Points utilities = [[1.35491385 1.35630772 1.26999983 1.14790274 1.10617318 1.10875364
  1.13697311 1.18663606 1.23358779 1.27554857 1.31462732 1.34637063
  1.38543397 1.42883889 1.48013064 1.55433804]]
new point utility = 1.554339507823973
new point = [1.55433951]
classifier utilities = 1.5543380554533048
new classifier utility = [1.55433806]
new classifier is better = False
classifier utilities = 1.5543380554533048
new classifier utility = [1.55433806]
new classifier is better = False
classifier utilities = 1.5543380554533048
new classifier utility = [1.55433806]
new classifier is better = False
classifier utilities = 1.5543380554533048
new classifier utility = [1.55433806]
new classifier is better = False
classifier utilities = 1.5543380554533048
new classifier utility = [1.55433806]
new classifier is better = False
classifier utilities = 1.5543380554533048
new classifier utility = [1.55433806]
new classifier is better = False
classifier utilities = 1.5543380554533048
new classifier utility = [1.55433806]
new classifier is better = False
classifier utilities = 1.5543380554533048
new classifier utility = [0.]
new classifier is better = True
classifier utilities = [1.55433814 1.55433811 1.5543381  1.55433809 1.55433809 1.55433809
 1.55433808 1.55433808 1.55433808 1.55433808 1.55433807 1.55433807
 1.55433807 1.55433807 1.55433807 1.55433806]
new classifier utility = [0.]
classifier added
classifires probs: [0.13549138 0.15334333 0.15876327 0.0993631  0.0732535  0.05546545
 0.04377194 0.03596062 0.03042678 0.02677286 0.02490705 0.02461171
 0.02556215 0.02786791 0.03287205 0.05156688]
---------------------------- iteration: 31
Size of game = (16, 17)
Objective = 1.5543380366942336
Support of attacker = 1
Support of classifier = 16
init time = 0.5595 s
NFG time = 0.0626 s
plot time = 0.0001 s
BR time = 15.6672 s
Train time = 20.6130 s
Matrix update time = 0.0295 s
positive data: [[10.          4.69579191  2.83736715  2.09869176  1.78353298  1.64094478
   1.58033217  1.57084492  1.56977088  1.56968908  1.56966809  1.56167754
   1.56071268  1.5606156   1.56060623  1.55433804]]
positive support: [0.04414944 0.05366871 0.06290271 0.06909581 0.06887206 0.06555134
 0.0614831  0.05696019 0.05416083 0.05262263 0.0519633  0.05291888
 0.05505171 0.06055098 0.07315791 0.11689041]
classifires probs: [-1.40315310e-11 -8.65859683e-12 -1.09248218e-11 -1.27223406e-11
 -1.28946772e-11 -1.27736753e-11 -1.31287238e-11 -1.45411092e-11
 -1.75350302e-11 -2.14363656e-11 -2.48396451e-11 -2.61136602e-11
 -2.37770654e-11 -1.64840381e-11 -1.32276070e-13  4.36579660e-11
  1.00000000e+00]
BR point: [1.55351849]
BR value: 1.5535184882575652
Points utilities = [[-1.40315310e-10 -1.06548119e-10 -9.53779539e-11 -9.72476892e-11
  -1.05642167e-10 -1.18157283e-10 -1.34540578e-10 -1.56574715e-10
  -1.83993639e-10 -2.17632480e-10 -2.56619569e-10 -2.96094338e-10
  -3.33020568e-10 -3.58725101e-10 -3.58929377e-10 -2.89628496e-10]]
new point utility = 1.5535184882575652
new point = [1.55351849]
point added
classifires probs: [-1.40315310e-11 -8.65859683e-12 -1.09248218e-11 -1.27223406e-11
 -1.28946772e-11 -1.27736753e-11 -1.31287238e-11 -1.45411092e-11
 -1.75350302e-11 -2.14363656e-11 -2.48396451e-11 -2.61136602e-11
 -2.37770654e-11 -1.64840381e-11 -1.32276070e-13  4.36579660e-11
  1.00000000e+00]
---------------------------- iteration: 32
Size of game = (17, 17)
Objective = -9.497519441140811e-11
Support of attacker = 16
Support of classifier = 1
init time = 0.5595 s
NFG time = 0.0652 s
plot time = 0.0001 s
BR time = 16.9847 s
Train time = 20.6135 s
Matrix update time = 0.0314 s
positive data: [[10.          4.69579191  2.83736715  2.09869176  1.78353298  1.64094478
   1.58033217  1.57084492  1.56977088  1.56968908  1.56966809  1.56167754
   1.56071268  1.5606156   1.56060623  1.55433804  1.55351849]]
positive support: [2.90030240e-09 2.87685909e-09 1.76777864e-09 2.57325280e-09
 1.68352435e-09 1.20658646e-09 1.56561923e-09 2.44831747e-09
 2.92855409e-09 2.55945872e-09 1.67358751e-09 8.74751146e-10
 4.96444192e-10 8.95965337e-10 2.76533875e-09 7.75288147e-09
 1.00000001e+00]
classifires probs: [0.13569533 0.15354262 0.15806949 0.09669482 0.07146685 0.05416025
 0.04269223 0.03492565 0.02926721 0.02532267 0.02303099 0.02222047
 0.02261746 0.02395053 0.02651404 0.03183382 0.04799557]
BR point: [1.55351844]
BR value: 1.5535184334936283
Points utilities = [[1.35695328 1.35820123 1.26917544 1.14169307 1.09770946 1.0988248
  1.12570473 1.17380954 1.21894978 1.25863497 1.29476915 1.3228792
  1.35736124 1.39465439 1.43602399 1.4797367  1.55351849]]
new point utility = 1.5535184334936283
new point = [1.55351844]
classifier utilities = 1.5535185070420552
new classifier utility = [1.55351851]
new classifier is better = False
classifier utilities = 1.5535185070420552
new classifier utility = [1.55351851]
new classifier is better = False
