NEW RUN________________________________________
---------------------------- iteration: 0
Size of game = (1, 1)
Objective = 0
Support of attacker = 0
Support of classifier = 0
init time = 0.5012 s
NFG time = 0
plot time = 0
BR time = 0
Train time = 0
Matrix update time = 0
Points utilities = [[10.]]
new point utility = 9.999999998021366
new point = [10. 10.]
classifier utilities = [10.00000001]
new classifier utility = [0.]
classifier added
---------------------------- iteration: 1
Size of game = (1, 2)
Objective = 9.999999998229708
Support of attacker = 1
Support of classifier = 1
init time = 0.5012 s
NFG time = 0.0062 s
plot time = 0.0000 s
BR time = 0.6875 s
Train time = 0.8882 s
Matrix update time = 0.0007 s
Points utilities = [[-2.63694171e-10]]
new point utility = 9.723515755799863
new point = [ 9.44703151 10.        ]
point added
---------------------------- iteration: 2
Size of game = (2, 2)
Objective = -2.338272939174942e-10
Support of attacker = 1
Support of classifier = 1
init time = 0.5012 s
NFG time = 0.0081 s
plot time = 0.0000 s
BR time = 1.7300 s
Train time = 0.8886 s
Matrix update time = 0.0015 s
Points utilities = [[8.71578685 9.72351575]]
new point utility = 9.723477896123862
new point = [ 9.4469558 10.       ]
classifier utilities = [9.72351577 9.72351577]
new classifier utility = [0.]
classifier added
---------------------------- iteration: 3
Size of game = (2, 3)
Objective = 9.723515753047163
Support of attacker = 1
Support of classifier = 2
init time = 0.5012 s
NFG time = 0.0594 s
plot time = 0.0000 s
BR time = 1.9513 s
Train time = 1.2116 s
Matrix update time = 0.0020 s
Points utilities = [[-1.49152564e-09 -3.10210965e-09]]
new point utility = 8.772876189537245
new point = [10.          7.54575237]
point added
---------------------------- iteration: 4
Size of game = (3, 3)
Objective = -1.4282368602329385e-09
Support of attacker = 2
Support of classifier = 1
init time = 0.5012 s
NFG time = 0.0611 s
plot time = 0.0000 s
BR time = 2.9015 s
Train time = 1.2120 s
Matrix update time = 0.0029 s
Points utilities = [[-1.32995340e-09  4.61188323e+00  4.61188323e+00]]
new point utility = 6.5706736513784305
new point = [7.02521911 6.1161282 ]
point added
classifier utilities = [9.22376648 4.61188324 4.61188324]
new classifier utility = [0.]
classifier added
---------------------------- iteration: 5
Size of game = (4, 4)
Objective = 4.611883229834416
Support of attacker = 2
Support of classifier = 2
init time = 0.5012 s
NFG time = 0.0629 s
plot time = 0.0000 s
BR time = 3.2638 s
Train time = 1.4430 s
Matrix update time = 0.0040 s
Points utilities = [[-5.38669535e-09 -1.13564492e-08 -9.83355916e-09 -1.14998078e-08]]
new point utility = 8.496985434309973
new point = [ 6.99397086 10.        ]
point added
---------------------------- iteration: 6
Size of game = (5, 4)
Objective = -5.462420096152103e-09
Support of attacker = 4
Support of classifier = 1
init time = 0.5012 s
NFG time = 0.0646 s
plot time = 0.0000 s
BR time = 4.3241 s
Train time = 1.4434 s
Matrix update time = 0.0050 s
Points utilities = [[-3.85914007e-09  7.31944782e-01  4.31636354e+00  3.72746495e+00
   4.31636354e+00]]
new point utility = 6.49552262800629
new point = [ 2.99104526 10.        ]
point added
classifier utilities = [8.63272713 4.31636358 4.31636357 4.31636356]
new classifier utility = [0.]
classifier added
---------------------------- iteration: 7
Size of game = (6, 5)
Objective = 4.316363543033488
Support of attacker = 2
Support of classifier = 3
init time = 0.5012 s
NFG time = 0.0666 s
plot time = 0.0000 s
BR time = 4.7479 s
Train time = 2.3046 s
Matrix update time = 0.0061 s
Points utilities = [[5.2925783  6.10293637 6.06511816 5.18911161 5.96834977 6.49552258]]
new point utility = 7.210986110482536
new point = [10.          7.44206772]
point added
classifier utilities = [6.49552324 6.4955231  6.49552289 6.49552294 6.49552272]
new classifier utility = [3.8607514e-07]
classifier added
---------------------------- iteration: 8
Size of game = (7, 6)
Objective = 6.495522574768867
Support of attacker = 1
Support of classifier = 5
init time = 0.5012 s
NFG time = 0.0684 s
plot time = 0.0000 s
BR time = 5.9624 s
Train time = 3.8862 s
Matrix update time = 0.0073 s
Points utilities = [[2.02952676 4.14360396 3.94009656 4.41754566 5.17723882 5.17723884
  5.17723882]]
new point utility = 6.441906351450617
new point = [3.04078547 9.84302729]
point added
classifier utilities = [7.76585906 5.17723932 5.17723931 5.17723911 5.17723912 5.17723959]
new classifier utility = [0.]
classifier added
---------------------------- iteration: 9
Size of game = (8, 7)
Objective = 5.177238838404894
Support of attacker = 3
Support of classifier = 5
init time = 0.5012 s
NFG time = 0.0701 s
plot time = 0.0000 s
BR time = 7.1808 s
Train time = 4.1633 s
Matrix update time = 0.0086 s
Points utilities = [[-1.65496800e-10 -1.99829933e-10 -1.90933442e-10 -1.69297257e-10
  -2.61244369e-10 -2.39358796e-10 -2.72910725e-10 -2.93037468e-10]]
new point utility = 6.351612993181433
new point = [10.          2.70322599]
point added
---------------------------- iteration: 10
Size of game = (9, 7)
Objective = -1.3817067773064884e-10
Support of attacker = 8
Support of classifier = 1
init time = 0.5012 s
NFG time = 0.0721 s
plot time = 0.0000 s
BR time = 8.4491 s
Train time = 4.1637 s
Matrix update time = 0.0102 s
Points utilities = [[-3.78188005e-11  2.54076205e+00  4.54786294e-01  2.05754603e+00
   3.63465706e+00  3.31723491e+00  7.23298071e-01  3.28985333e+00
   3.63465706e+00]]
new point utility = 5.0859043257041465
new point = [5.23741948 4.93438917]
point added
classifier utilities = [7.26931412 3.63465706 3.63465706 3.63465706 3.63465706 7.26931412
 3.63465706]
new classifier utility = [1.31836974e-09]
classifier added
---------------------------- iteration: 11
Size of game = (10, 8)
Objective = 3.6346570575755224
Support of attacker = 2
Support of classifier = 5
init time = 0.5012 s
NFG time = 0.0740 s
plot time = 0.0000 s
BR time = 9.0799 s
Train time = 4.5063 s
Matrix update time = 0.0116 s
Points utilities = [[0.00519687 0.53075058 0.00455915 0.35865513 0.80908399 3.2113809
  0.00453221 3.18822084 3.2113809  3.05307488]]
new point utility = 4.951516782612946
new point = [4.74949658 5.15353698]
point added
classifier utilities = [6.4227618  3.21138091 6.4227618  3.21138091 6.42276174 3.21138105
 3.2113809  3.2113809 ]
new classifier utility = [0.]
classifier added
---------------------------- iteration: 12
Size of game = (11, 9)
Objective = 3.2113808981286116
Support of attacker = 2
Support of classifier = 5
init time = 0.5012 s
NFG time = 0.0764 s
plot time = 0.0000 s
BR time = 10.4710 s
Train time = 4.7366 s
Matrix update time = 0.0130 s
Points utilities = [[-1.33883221e-10 -1.80414040e-10 -1.69963134e-10 -1.61242945e-10
  -2.12562082e-10 -2.75988954e-10 -2.08339117e-10 -3.03920756e-10
  -2.11281630e-10 -2.28316935e-10 -2.80026486e-10]]
new point utility = 4.7842159564367615
new point = [5.08724626 4.48118565]
point added
---------------------------- iteration: 13
Size of game = (12, 9)
Objective = -6.370541411767888e-11
Support of attacker = 11
Support of classifier = 1
init time = 0.5012 s
NFG time = 0.0786 s
plot time = 0.0000 s
BR time = 11.7249 s
Train time = 4.7370 s
Matrix update time = 0.0143 s
Points utilities = [[0.02093816 0.02035926 0.01836879 0.01375778 0.01779113 2.75502688
  0.01826024 2.74577412 0.51837056 0.415073   2.50425377 2.75502688]]
new point utility = 4.717385102908963
new point = [4.616375  4.8183952]
point added
classifier utilities = [5.51005377 5.51005376 5.51005376 5.51005376 5.51005371 2.7550269
 2.75502688 2.75502688 2.75502688]
new classifier utility = [0.]
classifier added
---------------------------- iteration: 14
Size of game = (13, 10)
Objective = 2.755026880873848
Support of attacker = 2
Support of classifier = 4
init time = 0.5012 s
NFG time = 0.0807 s
plot time = 0.0000 s
BR time = 12.1831 s
Train time = 5.0318 s
Matrix update time = 0.0158 s
Points utilities = [[-1.28613551e-10 -1.85370313e-10 -1.78354237e-10 -1.74339413e-10
  -2.26238744e-10 -3.21428121e-10 -2.12199710e-10 -3.31760604e-10
  -2.26502067e-10 -2.51370665e-10 -3.11098802e-10 -2.91088739e-10
  -3.50254443e-10]]
new point utility = 3.9530012252451376
new point = [6.98330426 0.92269819]
point added
---------------------------- iteration: 15
Size of game = (14, 10)
Objective = -5.261386089265926e-11
Support of attacker = 13
Support of classifier = 1
init time = 0.5012 s
NFG time = 0.0826 s
plot time = 0.0000 s
BR time = 13.4376 s
Train time = 5.0322 s
Matrix update time = 0.0182 s
Points utilities = [[ 1.99949626e-08  9.68861774e-01  3.43128627e-09  6.54709119e-01
   1.39019750e+00  1.67614636e+00 -7.85983942e-09  1.66231089e+00
  -1.88034433e-08  8.32108204e-01  1.27772118e+00  1.72941797e+00
   2.15074949e+00  2.15074949e+00]]
new point utility = 3.9100498963557175
new point = [4.46560546 3.35449435]
point added
classifier utilities = [4.3014996  2.15074994 4.30149944 2.15074986 4.30149937 4.30149958
 4.30149922 2.15074971 2.1507496  2.15074955]
new classifier utility = [1.21936774e-07]
classifier added
---------------------------- iteration: 16
Size of game = (15, 11)
Objective = 2.1507494913849805
Support of attacker = 2
Support of classifier = 5
init time = 0.5012 s
NFG time = 0.0844 s
plot time = 0.0000 s
BR time = 14.1722 s
Train time = 5.4457 s
Matrix update time = 0.0198 s
Points utilities = [[2.72743498e-03 2.65202565e-03 2.39274490e-03 1.79210845e-03
  2.31749745e-03 2.44079002e+00 2.37860523e-03 2.42239990e+00
  1.20158667e+00 9.62142187e-01 9.36718995e-01 1.72348371e+00
  1.69940832e+00 1.79137954e+00 2.44079002e+00]]
new point utility = 3.906718579586198
new point = [4.26025393 3.55318323]
point added
classifier utilities = [4.88158005 4.88158005 4.88158005 4.88158005 4.88158    2.44079006
 2.44079003 4.88158005 2.44079003 2.44079003 2.44079003]
new classifier utility = [0.]
classifier added
---------------------------- iteration: 17
Size of game = (16, 12)
Objective = 2.440790024838977
Support of attacker = 2
Support of classifier = 5
init time = 0.5012 s
NFG time = 0.0868 s
plot time = 0.0000 s
BR time = 15.4773 s
Train time = 5.7444 s
Matrix update time = 0.0215 s
Points utilities = [[-4.25029551e-10 -5.17045581e-10 -5.09626677e-10 -4.51819070e-10
  -5.66704666e-10 -7.86254380e-10 -5.85303851e-10 -9.35091189e-10
  -5.49532681e-10 -5.63062698e-10 -6.64519802e-10 -6.45097851e-10
  -7.46920776e-10 -4.17335924e-10 -6.93601760e-10 -8.11606226e-10]]
new point utility = 4.503024877607891
new point = [0.05858043 8.94746932]
point added
---------------------------- iteration: 18
Size of game = (17, 12)
Objective = -1.7617112881256868e-10
Support of attacker = 16
Support of classifier = 1
init time = 0.5012 s
NFG time = 0.0891 s
plot time = 0.0000 s
BR time = 17.1135 s
Train time = 5.7448 s
Matrix update time = 0.0230 s
Points utilities = [[-8.42668363e-11 -1.26807210e-10 -1.14872706e-10 -1.16357986e-10
  -1.49850219e-10  1.40355271e-03 -1.55066780e-10  1.39196728e-03
   9.17283556e-01  7.34493177e-01  7.15085275e-01  1.43060325e+00
   1.41061911e+00  1.50464292e+00  2.09282010e+00  2.09188120e+00
   2.09282010e+00]]
new point utility = 3.8746798554264865
new point = [2.46053844 5.28882127]
point added
classifier utilities = [4.1856402  4.1856402  4.1856402  4.1856402  4.1856402  4.1856402
 2.0928201  4.1856402  2.0928201  2.0928201  2.09282045 2.0928201 ]
new classifier utility = [2.0928201]
---------------------------- iteration: 19
Size of game = (18, 12)
Objective = 2.092820098642244
Support of attacker = 2
Support of classifier = 5
init time = 0.5012 s
NFG time = 0.0913 s
plot time = 0.0000 s
BR time = 18.0219 s
Train time = 8.0221 s
Matrix update time = 0.0246 s
Points utilities = [[3.09144766 3.55777002 3.37050269 2.8973022  3.46596779 3.2321032
  3.6217811  3.72875795 3.54793849 3.34321614 3.42285452 3.39908142
  3.51163469 2.69907204 3.39628816 3.51391818 3.05923432 3.87467985]]
new point utility = 3.872306740742835
new point = [2.15513503 5.58947846]
classifier utilities = [3.87468008 3.87468002 3.87468004 3.87467999 3.87468001 3.87468007
 3.87467994 3.87467996 3.87467991 3.87467989 3.87467994 3.87467988]
new classifier utility = [1.47804519e-07]
classifier added
---------------------------- iteration: 20
Size of game = (18, 13)
Objective = 3.8746798505410522
Support of attacker = 1
Support of classifier = 12
init time = 0.5012 s
NFG time = 0.0930 s
plot time = 0.0000 s
BR time = 19.3006 s
Train time = 9.3451 s
Matrix update time = 0.0253 s
Points utilities = [[2.79262648 2.74295189 2.54389511 1.92392461 2.62667538 1.53546294
  2.68025162 1.5227887  2.37702219 2.05524832 2.36732276 2.13157269
  2.45085376 1.73491214 2.28418139 2.69032056 2.46652484 2.79262649]]
new point utility = 3.873383856011182
new point = [2.5097475  5.23702022]
point added
classifier utilities = [5.58525325 2.79262742 2.79262674 2.79262666 2.79262671 5.58525324
 2.7926266  2.7926266  2.79262656 2.79262654 2.79262656 2.79262651
 2.79262673]
new classifier utility = [2.46666065e-07]
classifier added
---------------------------- iteration: 21
Size of game = (19, 14)
Objective = 2.7926264856721885
Support of attacker = 2
Support of classifier = 11
init time = 0.5012 s
NFG time = 0.0960 s
plot time = 0.0000 s
BR time = 21.1470 s
Train time = 10.0328 s
Matrix update time = 0.0272 s
Points utilities = [[2.92217724 3.56791009 3.46338451 3.08494269 3.54455869 3.28752478
  3.69594227 3.68755133 3.44879377 3.39695856 3.52777192 3.41609737
  3.57852104 2.55202051 3.36730724 3.55179604 2.98677064 3.37153627
  3.87338384]]
new point utility = 3.871398047170428
new point = [2.55866881 5.18412731]
classifier utilities = [3.87338482 3.8733845  3.87338466 3.8733844  3.87338456 3.87338479
 3.87338423 3.87338428 3.87338411 3.87338403 3.87338416 3.87338399
 3.87338465 3.87338456]
new classifier utility = [2.62746482e-07]
classifier added
---------------------------- iteration: 22
Size of game = (19, 15)
Objective = 3.8733838355924823
Support of attacker = 1
Support of classifier = 14
init time = 0.5012 s
NFG time = 0.0981 s
plot time = 0.0000 s
BR time = 23.5160 s
Train time = 10.5047 s
Matrix update time = 0.0279 s
Points utilities = [[8.28042057e-04 1.60175884e-01 1.47884546e-03 1.08802523e-01
  2.69822280e-01 6.13436601e-01 1.47010509e-03 6.08373086e-01
  2.40658734e+00 2.08810012e+00 2.12914343e+00 2.10321515e+00
  2.16550389e+00 1.83163928e+00 2.12514227e+00 2.29229651e+00
  2.28610644e+00 2.40658734e+00 2.40643533e+00]]
new point utility = 3.8000922613950063
new point = [2.8404963  4.75968822]
point added
classifier utilities = [4.81317471 2.40658739 4.81317471 2.40658739 4.81317471 4.81317471
 4.81317469 2.40658738 2.40658736 2.40658735 2.40658736 2.40658735
 2.40660383 2.40660384 2.40658736]
new classifier utility = [1.74832297e-08]
classifier added
---------------------------- iteration: 23
Size of game = (20, 16)
Objective = 2.406587339611174
Support of attacker = 3
Support of classifier = 10
init time = 0.5012 s
NFG time = 0.1006 s
plot time = 0.0000 s
BR time = 25.7136 s
Train time = 10.8290 s
Matrix update time = 0.0298 s
Points utilities = [[2.9558328  3.54923059 3.4261371  3.02230862 3.50825965 3.24430292
  3.64434682 3.63468093 3.48237127 3.38500112 3.5036507  3.39001765
  3.540916   2.49508307 3.38654605 3.55231497 2.949215   3.12098748
  3.49670853 3.80009225]]
new point utility = 4.113185191526872
new point = [10.          7.04787364]
point added
classifier utilities = [3.80009317 3.80009288 3.800093   3.80009278 3.80009293 3.80009314
 3.80009264 3.80009267 3.80009252 3.80009246 3.80009256 3.8000924
 3.80009302 3.80009298 3.80009261 3.80009237]
new classifier utility = [2.47356216e-07]
classifier added
---------------------------- iteration: 24
Size of game = (21, 17)
Objective = 3.8000922448660592
Support of attacker = 1
Support of classifier = 16
init time = 0.5012 s
NFG time = 0.1025 s
plot time = 0.0000 s
BR time = 28.1364 s
Train time = 11.4117 s
Matrix update time = 0.0318 s
Points utilities = [[9.13136033e-09 2.10436435e-01 7.43516997e-09 1.42202591e-01
  3.01671794e-01 3.31848761e-01 7.26779399e-09 3.29109569e-01
  2.37760206e+00 2.08437563e+00 2.10505624e+00 2.05770038e+00
  2.10113132e+00 1.58316556e+00 2.29824956e+00 2.29740749e+00
  2.08500441e+00 1.97398596e+00 1.97332570e+00 2.37760206e+00
  7.06571160e-09]]
new point utility = 3.7811169784867538
new point = [2.87202607 4.69020789]
point added
classifier utilities = [4.75520407 2.37760208 4.75520406 2.37760207 4.75520405 4.75520407
 4.75520404 2.37760205 2.37760204 2.37760203 2.37760202 2.37760199
 4.75520406 4.75520406 4.75520404 2.377602   2.37760205]
new classifier utility = [3.89720945e-08]
classifier added
---------------------------- iteration: 25
Size of game = (22, 18)
Objective = 2.377602064425314
Support of attacker = 2
Support of classifier = 9
init time = 0.5012 s
NFG time = 0.1050 s
plot time = 0.0000 s
BR time = 30.1766 s
Train time = 11.9550 s
Matrix update time = 0.0340 s
Points utilities = [[2.91513603 3.54226933 3.35175631 2.98863563 3.50340628 3.2335386
  3.53871517 3.61287568 3.45505625 3.38092224 3.49621616 3.3710405
  3.51890426 2.42828778 3.40192198 3.56357939 2.92098891 3.04031431
  3.37995443 3.49096845 3.61549428 3.78111697]]
new point utility = 3.9431822916362145
new point = [10.          6.45116725]
point added
classifier utilities = [3.78111795 3.7811176  3.78111777 3.7811175  3.7811177  3.78111792
 3.78111737 3.78111739 3.78111725 3.7811172  3.78111729 3.78111714
 3.78111781 3.78111776 3.78111752 3.78111714 3.78111733 3.78111712]
new classifier utility = [1.10926987e-07]
classifier added
---------------------------- iteration: 26
Size of game = (23, 19)
Objective = 3.781116962772276
Support of attacker = 1
Support of classifier = 18
init time = 0.5012 s
NFG time = 0.1072 s
plot time = 0.0000 s
BR time = 32.8825 s
Train time = 12.4146 s
Matrix update time = 0.0362 s
Points utilities = [[ 6.51021099e-10  1.43769131e-01 -5.95143704e-10  9.71521058e-02
   2.70765869e-01  4.52615132e-01 -9.37964814e-10  4.48879093e-01
   2.37016004e+00  1.62067983e-01  2.41088642e-01  2.70467711e-01
   3.46053635e-01  1.56759424e+00  2.20222694e+00  2.28235753e+00
   2.18607290e+00  2.06727387e+00  2.06658242e+00  2.13888189e+00
  -1.26028357e-09  2.37016004e+00 -1.93980247e-09]]
new point utility = 3.6775759974554214
new point = [3.32404064 4.03111135]
point added
classifier utilities = [4.74032012 2.37016008 4.74032011 2.37016008 4.74032011 4.74032012
 4.7403201  2.37016007 2.37016007 2.37016007 2.37016007 2.37016005
 4.74032011 4.74032011 4.7403201  2.37016006 4.7403201  2.37016005
 2.37016005]
new classifier utility = [2.37016008]
---------------------------- iteration: 27
Size of game = (24, 19)
Objective = 2.370160043834235
Support of attacker = 2
Support of classifier = 10
init time = 0.5012 s
NFG time = 0.1097 s
plot time = 0.0000 s
BR time = 35.4264 s
Train time = 14.6842 s
Matrix update time = 0.0383 s
Points utilities = [[2.72301484 3.44525925 3.19698509 2.93339762 3.44489846 3.16718409
  3.37967993 3.5270152  3.49556098 3.19245031 3.30916775 3.19381096
  3.34076204 2.38395803 3.38163051 3.5031029  2.93067808 2.97119986
  3.31551572 3.40837692 3.45336787 3.57027741 3.51739181 3.677576  ]]
new point utility = 3.677890766865516
new point = [3.32435541 4.03142612]
classifier utilities = [3.67757602 3.67757601 3.67757602 3.67757601 3.67757602 3.67757602
 3.67757601 3.67757601 3.677576   3.677576   3.67757601 3.677576
 3.67757602 3.67757602 3.67757601 3.677576   3.67757601 3.677576
 3.677576  ]
new classifier utility = [6.94501387e-09]
classifier added
---------------------------- iteration: 28
Size of game = (24, 20)
Objective = 3.677575997461487
Support of attacker = 1
Support of classifier = 19
init time = 0.5012 s
NFG time = 0.1119 s
plot time = 0.0000 s
BR time = 37.1845 s
Train time = 15.0927 s
Matrix update time = 0.0392 s
Points utilities = [[9.54822485e-09 3.56905899e-01 8.10148095e-09 2.41179450e-01
  4.93643317e-01 6.69969324e-01 7.36168786e-09 6.64439172e-01
  2.88254766e+00 2.95472162e-01 3.87676338e-01 4.07272894e-01
  4.96866248e-01 1.89355231e+00 2.69927185e+00 2.79404933e+00
  2.72043549e+00 2.54316326e+00 2.54231263e+00 2.63716661e+00
  5.99849996e-09 2.88254766e+00 4.48812986e-09 2.88254766e+00]]
new point utility = 3.605000176868154
new point = [3.60500018 3.60500018]
point added
classifier utilities = [4.32382152 2.8825477  4.32382152 2.8825477  4.32382152 4.32382152
 4.3238215  2.88254769 2.88254768 2.88254768 2.88254769 2.88254767
 4.32382151 4.32382152 4.3238215  2.88254768 4.3238215  2.88254767
 2.88254767 2.88254767]
new classifier utility = [1.44127383]
classifier added
---------------------------- iteration: 29
Size of game = (25, 21)
Objective = 2.8825476613541188
Support of attacker = 3
Support of classifier = 11
init time = 0.5012 s
NFG time = 0.1146 s
plot time = 0.0000 s
BR time = 39.6475 s
Train time = 16.3921 s
Matrix update time = 0.0415 s
Points utilities = [[2.64546869 3.39388249 3.14392118 2.90988919 3.40561515 3.12806397
  3.31813879 3.46699648 3.47732805 3.08292784 3.19913916 3.0924217
  3.23754978 2.34526935 3.33478767 3.43694661 2.96678603 2.91644853
  3.26021283 3.34450183 3.38829471 3.48938502 3.44177398 3.4799686
  3.60500015]]
new point utility = 3.731050534511651
new point = [ 2.60645024 10.        ]
point added
classifier utilities = [3.60500217 3.60500143 3.60500182 3.60500123 3.60500171 3.60500212
 3.60500102 3.60500101 3.60500077 3.60500071 3.60500088 3.60500055
 3.6050019  3.60500179 3.60500138 3.60500064 3.60500119 3.60500061
 3.60500062 3.60500079 3.60500037]
new classifier utility = [3.60500217]
---------------------------- iteration: 30
Size of game = (26, 21)
Objective = 3.6050001475689593
Support of attacker = 1
Support of classifier = 21
init time = 0.5012 s
NFG time = 0.1167 s
plot time = 0.0000 s
BR time = 43.2393 s
Train time = 18.6530 s
Matrix update time = 0.0437 s
Points utilities = [[2.68639925 3.3879802  3.13377333 2.87140607 3.38399776 3.00349805
  3.30112947 3.29764938 3.46631539 3.09088083 3.1885943  3.11022344
  3.23767987 2.35755312 3.32230877 3.41589054 2.82438328 2.86284411
  3.24279941 3.33409748 3.37990384 3.4863964  3.44079092 3.52845505
  3.60500016 3.4822452 ]]
new point utility = 3.606521836271398
new point = [3.60652186 3.60652186]
classifier utilities = [3.60500211 3.60500142 3.6050018  3.60500124 3.60500169 3.60500207
 3.60500095 3.60500104 3.60500072 3.60500067 3.60500091 3.60500053
 3.60500177 3.60500177 3.60500129 3.60500059 3.60500113 3.60500058
 3.60500059 3.60500087 3.60500037]
new classifier utility = [6.40176367e-07]
classifier added
---------------------------- iteration: 31
Size of game = (26, 22)
Objective = 3.605000150975904
Support of attacker = 1
Support of classifier = 21
init time = 0.5012 s
NFG time = 0.1187 s
plot time = 0.0000 s
BR time = 45.6102 s
Train time = 19.1524 s
Matrix update time = 0.0445 s
Points utilities = [[0.34553236 0.33597894 0.30313127 0.22703805 0.29359834 1.40537617
  0.30133995 1.39377571 2.56887663 0.63395349 0.6172022  0.73010289
  0.71990406 1.70930625 2.02441299 2.02268821 2.15029939 2.19296933
  2.32607378 2.48219264 0.52418258 2.70528994 0.75772457 2.82501964
  2.82501964 2.82501964]]
new point utility = 3.581658127863158
new point = [3.53115308 3.63216318]
point added
classifier utilities = [4.23752966 4.23752957 4.23752962 4.23752955 4.23752961 4.23752965
 2.8250198  4.23752953 2.82501975 2.82501975 4.23752952 2.82501974
 2.82501988 4.23752962 2.82501981 2.82501973 2.82501979 2.82501972
 2.82501969 2.82501972 2.82501966 2.82501972]
new classifier utility = [1.4125098]
classifier added
---------------------------- iteration: 32
Size of game = (27, 23)
Objective = 2.825019638540963
Support of attacker = 3
Support of classifier = 13
init time = 0.5012 s
NFG time = 0.1211 s
plot time = 0.0000 s
BR time = 47.7287 s
Train time = 19.4506 s
Matrix update time = 0.0469 s
Points utilities = [[2.76052527 3.39399306 3.16283411 2.84852932 3.36765623 3.07547657
  3.31368134 3.37737134 3.4327066  3.12908421 3.20098479 3.13333629
  3.23683927 2.51016855 3.3681716  3.27715493 2.68952134 2.80314716
  3.22268938 3.29442604 3.38028944 3.42165037 3.43552636 3.41092006
  3.46593933 3.44776994 3.58165811]]
new point utility = 3.682438177758911
new point = [ 5.29277463 10.        ]
point added
classifier utilities = [3.58165977 3.58165919 3.5816595  3.58165903 3.5816594  3.58165972
 3.5816588  3.58165887 3.5816586  3.58165856 3.58165876 3.58165849
 3.58165948 3.58165947 3.58165905 3.58165848 3.58165893 3.58165847
 3.58165855 3.58165878 3.58165835 3.58165868 3.58165835]
new classifier utility = [1.17465129e-06]
classifier added
---------------------------- iteration: 33
Size of game = (28, 24)
Objective = 3.5816581086302666
Support of attacker = 1
Support of classifier = 23
init time = 0.5012 s
NFG time = 0.1233 s
plot time = 0.0000 s
BR time = 51.0928 s
Train time = 20.6945 s
Matrix update time = 0.0495 s
Points utilities = [[0.45020086 0.43775352 2.27343488 1.70274815 0.38253501 2.81474083
  2.26000027 2.80241951 2.28148057 1.68498239 0.58022294 1.69864528
  0.66481369 2.48985337 2.70210511 1.7174244  2.17990407 2.15202111
  2.31911992 2.42338333 2.38302767 2.57114237 2.49195526 2.73143234
  2.81474084 2.77874218 2.81474084 2.02042096]]
new point utility = 3.6588727187794903
new point = [10.          1.98342124]
point added
classifier utilities = [4.22211139 4.22211132 4.22211137 4.22211132 4.22211134 2.81474129
 2.81474091 4.22211131 2.8147409  2.8147409  4.22211128 2.81474087
 2.81474097 4.22211137 2.81474093 2.81474088 2.81474091 2.81474088
 2.81474088 2.81474096 2.81474087 2.81474089 2.81474085 2.81474094]
new classifier utility = [0.]
classifier added
---------------------------- iteration: 34
Size of game = (29, 25)
Objective = 2.8147408369559477
Support of attacker = 3
Support of classifier = 16
init time = 0.5012 s
NFG time = 0.1261 s
plot time = 0.0000 s
BR time = 54.4706 s
Train time = 21.2447 s
Matrix update time = 0.0521 s
Points utilities = [[-5.70217865e-10 -6.78701728e-10 -7.63023788e-10 -6.55448191e-10
  -7.02412872e-10 -1.07002507e-09 -8.78662611e-10 -1.16109371e-09
  -1.30190871e-09 -8.78183228e-10 -9.25320242e-10 -9.83075021e-10
  -1.03635803e-09 -9.74201356e-10 -1.44553003e-09 -1.46809037e-09
  -1.07456892e-09 -1.18563969e-09 -1.28125290e-09 -1.38435906e-09
  -9.33284387e-10 -1.49859302e-09 -1.01576139e-09 -1.32131125e-09
  -1.41363278e-09 -1.35720326e-09 -1.44865890e-09 -1.07437685e-09
  -1.33520791e-09]]
new point utility = 4.292929293770272
new point = [8.58585859 0.        ]
point added
---------------------------- iteration: 35
Size of game = (30, 25)
Objective = -1.3520734203687033e-10
Support of attacker = 29
Support of classifier = 1
init time = 0.5012 s
NFG time = 0.1284 s
plot time = 0.0000 s
BR time = 57.2092 s
Train time = 21.2451 s
Matrix update time = 0.0546 s
Points utilities = [[-2.50365385e-10  5.62161591e-01 -3.10197409e-10  3.79881151e-01
   8.20255280e-01  1.38188594e+00 -3.66421105e-10  1.37047939e+00
   3.32276085e-02  4.90967050e-01  6.43048919e-01  6.64736967e-01
   8.12701591e-01  2.38711779e-01  1.26258564e+00  1.36678206e+00
   1.18634404e+00  1.37974488e+00  1.37928339e+00  1.50967700e+00
  -4.33460250e-10  1.68764469e+00 -4.57756168e-10  1.98074942e+00
   1.79442141e+00  1.37395020e+00  1.96547281e+00  1.37183958e+00
   6.08678984e-02  1.98074942e+00]]
new point utility = 3.5605876260684957
new point = [3.51008258 3.61109268]
point added
classifier utilities = [3.96149884 1.98074942 3.96149884 1.98074942 3.96149884 3.96149884
 3.96149884 1.98074942 1.98074942 1.98074942 1.98074942 1.98074942
 3.96149884 3.96149884 3.96149884 1.98074942 3.96149884 1.98074942
 3.96149884 1.98074943 1.98074942 1.98074942 1.98074942 3.96149884
 1.98074942]
new classifier utility = [8.95082406e-10]
classifier added
---------------------------- iteration: 36
Size of game = (31, 26)
Objective = 1.980749419439699
Support of attacker = 2
Support of classifier = 14
init time = 0.5012 s
NFG time = 0.1321 s
plot time = 0.0000 s
BR time = 58.9720 s
Train time = 21.8093 s
Matrix update time = 0.0573 s
Points utilities = [[0.05888879 0.0572606  0.88354224 0.66175192 0.05003771 0.61593188
  0.87832104 0.61084777 1.11640227 0.66290899 0.17586961 0.66125958
  0.20470077 0.95531725 1.0603035  0.83009193 1.9883662  1.79828453
  1.82049294 1.85739834 0.93907433 1.94270761 1.01070826 1.54040954
  1.72160863 0.59769745 1.37083394 0.04502864 1.40483199 1.76080079
  1.98836621]]
new point utility = 3.5546734898570724
new point = [3.45366339 3.65568359]
point added
classifier utilities = [3.97673255 3.97673249 3.97673254 3.97673248 3.97673253 3.97673255
 1.98836641 3.97673247 1.98836638 1.98836637 3.97673247 3.97673245
 1.98836645 3.97673253 1.98836641 1.98836636 1.98836638 1.98836634
 1.98836626 3.97673248 1.98836622 3.97673246 1.98836624 1.98836633
 1.98836622 1.98836623]
new classifier utility = [3.35383004e-08]
classifier added
---------------------------- iteration: 37
Size of game = (32, 27)
Objective = 1.9883662068771566
Support of attacker = 2
Support of classifier = 14
init time = 0.5012 s
NFG time = 0.1346 s
plot time = 0.0000 s
BR time = 61.2672 s
Train time = 22.4016 s
Matrix update time = 0.0601 s
Points utilities = [[-1.28584119e-08  2.79846693e-01 -1.65064299e-08  1.89106626e-01
   4.66426699e-01  1.13306796e+00 -2.19680229e-08  1.12371522e+00
   2.27914973e+00  2.79181534e-01  3.81419569e-01  3.57510582e-01
   4.56948375e-01  1.54316954e+00  2.06692377e+00  2.13459850e+00
   1.74245660e+00  1.65767703e+00  1.65712257e+00  1.70236572e+00
  -2.71498543e-08  1.77408964e+00 -3.01672769e-08  1.57159650e+00
   1.46552554e+00  1.33771611e+00  1.70360587e+00  1.16454971e+00
   2.21299415e+00  1.94639047e+00  1.99285775e+00  2.27914973e+00]]
new point utility = 3.5372162648588548
new point = [3.53721627 3.53721627]
point added
classifier utilities = [4.55829976 2.27915    4.55829973 2.27914998 4.55829972 4.55829974
 4.55829964 2.27914996 2.27914991 2.2791499  2.27914992 2.27914983
 4.5582997  4.55829972 4.55829964 2.27914988 4.55829962 2.27914987
 4.55829958 2.27914989 2.27914979 2.27914987 2.27915004 4.55829969
 2.27914977 2.2791498  2.2791498 ]
new classifier utility = [4.84703627e-08]
classifier added
---------------------------- iteration: 38
Size of game = (33, 28)
Objective = 2.279149734307299
Support of attacker = 2
Support of classifier = 16
init time = 0.5012 s
NFG time = 0.1374 s
plot time = 0.0001 s
BR time = 63.7430 s
Train time = 23.4803 s
Matrix update time = 0.0629 s
Points utilities = [[ 1.88594541e-02  1.83380223e-02  1.65451613e-02  1.23919302e-02
   1.60248501e-02 -1.28726439e-08  1.64473871e-02 -1.43335939e-08
   1.26281738e+00  1.74561723e-01  1.69949185e-01  2.03889582e-01
   2.01041441e-01  1.02291735e+00  1.12973566e+00  9.24557160e-01
   1.98105660e+00  1.79931341e+00  1.80601657e+00  1.84761687e+00
   1.04815236e-01  1.93631604e+00  2.12691479e-01  1.01156919e+00
   1.18005044e+00 -1.72217806e-08  1.17240971e+00  1.44206602e-02
   1.50446697e+00  1.52282963e+00  1.53452591e+00  1.53197706e+00
   1.98105660e+00]]
new point utility = 3.5053548789711457
new point = [3.45484983 3.55585993]
point added
classifier utilities = [3.96211337 3.96211331 3.96211335 3.9621133  3.96211334 3.96211336
 1.98105689 3.96211329 1.98105685 1.98105685 3.96211328 3.96211326
 1.98105693 3.96211334 1.98105687 1.98105682 1.98105684 1.98105679
 1.98105667 3.96211329 1.98105663 3.96211327 1.98105666 3.96211333
 1.98105663 3.96211324 1.98105665 1.98105663]
new classifier utility = [3.36562922e-09]
classifier added
---------------------------- iteration: 39
Size of game = (34, 29)
Objective = 1.9810566019632814
Support of attacker = 2
Support of classifier = 14
init time = 0.5012 s
NFG time = 0.1400 s
plot time = 0.0001 s
BR time = 66.4712 s
Train time = 24.0966 s
Matrix update time = 0.0658 s
Points utilities = [[ 1.50663662e-10  4.88440917e-01 -1.35310116e-09  3.30064344e-01
   7.33331057e-01  1.07895226e+00 -1.91334497e-09  1.07004622e+00
  -4.10326415e-09  4.38938211e-01  5.65238368e-01  5.74891540e-01
   6.98238811e-01  1.85787215e+00  8.63866576e-01  9.62810796e-01
   1.36904340e+00  1.30920342e+00  1.30876552e+00  1.41478459e+00
  -1.74127953e-09  1.55331248e+00 -2.29331143e-09  1.26558745e+00
   1.14530462e+00  1.04701028e+00  1.23257863e+00  1.05716913e+00
  -4.74100640e-09  3.24170302e-01  1.49419678e+00  1.59927020e+00
   1.59141608e+00  1.85787215e+00]]
new point utility = 3.4887211405809353
new point = [3.43821609 3.53922619]
point added
classifier utilities = [3.71574438 1.85787221 3.71574437 1.85787221 3.71574437 3.71574437
 3.71574435 1.8578722  1.85787219 3.71574434 1.8578722  1.85787218
 3.71574437 3.71574437 3.71574435 1.85787218 3.71574435 1.85787218
 3.71574434 3.71574434 1.85787217 1.85787219 3.71574433 3.71574437
 1.85787217 1.85787218 3.71574433 1.85787217 1.85787216]
new classifier utility = [2.72159505e-08]
classifier added
---------------------------- iteration: 40
Size of game = (35, 30)
Objective = 1.8578721540068073
Support of attacker = 2
Support of classifier = 14
init time = 0.5012 s
NFG time = 0.1427 s
plot time = 0.0001 s
BR time = 69.1062 s
Train time = 25.7666 s
Matrix update time = 0.0688 s
Points utilities = [[2.83919083 3.3363098  3.09012256 2.70340202 3.1941397  3.11181276
  3.19864203 3.32591663 3.38393443 2.93993108 2.93582892 3.0334637
  3.06119107 2.48360093 3.19126045 3.14602988 2.73881614 2.92632893
  3.12389417 3.20166848 3.28232183 3.32505865 3.33319929 3.1514428
  3.13773495 3.35921586 3.09435696 3.31963472 3.34612093 2.47868608
  3.143554   3.2703556  3.30409241 3.3485745  3.48872112]]
new point utility = 3.4848484678417893
new point = [3.43434343 3.53535354]
classifier utilities = [3.48872282 3.48872221 3.48872245 3.48872207 3.48872252 3.48872276
 3.4887219  3.48872187 3.4887216  3.48872158 3.48872194 3.48872153
 3.48872252 3.48872242 3.48872204 3.48872151 3.48872195 3.4887215
 3.48872173 3.48872193 3.48872143 3.4887219  3.48872153 3.48872238
 3.4887214  3.48872146 3.48872165 3.48872142 3.4887213  3.4887218 ]
new classifier utility = [6.46720709e-07]
classifier added
---------------------------- iteration: 41
Size of game = (35, 31)
Objective = 3.4887211208574214
Support of attacker = 1
Support of classifier = 30
init time = 0.5012 s
NFG time = 0.1451 s
plot time = 0.0001 s
BR time = 72.2104 s
Train time = 26.0869 s
Matrix update time = 0.0696 s
Points utilities = [[0.02320478 0.0225632  0.02035726 0.0152471  0.01971706 2.26968288
  0.02023696 2.25813003 2.26023025 0.02217023 0.02158442 0.13507214
  0.13318531 2.17716547 0.491969   0.45253093 2.02237872 1.88312075
  1.88716067 1.97083197 0.02564146 2.12409993 0.03042343 2.19329734
  0.92876515 2.21373991 0.92275147 0.01774327 2.19200157 2.1704207
  1.41488427 1.54506139 1.54250393 1.67559699 2.26968288]]
new point utility = 3.4676895136097348
new point = [3.31617436 3.61920467]
point added
classifier utilities = [4.53936577 4.53936555 4.53936577 4.53936555 4.53936572 2.26968322
 2.2696831  4.53936555 2.26968289 2.26968289 4.53936555 2.26968289
 2.26968311 4.53936577 2.2696831  2.26968288 2.2696831  2.26968288
 2.2696831  2.26968311 2.26968288 4.53936555 2.26968289 4.53936576
 2.26968288 2.26968288 2.26968309 2.26968288 2.26968288 4.53936554
 2.26968288]
new classifier utility = [0.]
classifier added
---------------------------- iteration: 42
Size of game = (36, 32)
Objective = 2.2696828755261387
Support of attacker = 2
Support of classifier = 20
init time = 0.5012 s
NFG time = 0.1485 s
plot time = 0.0001 s
BR time = 75.5579 s
Train time = 26.5881 s
Matrix update time = 0.0727 s
Points utilities = [[-2.87345039e-11 -3.47209522e-11 -4.79834362e-11 -4.05206486e-11
  -3.40483101e-11 -6.35986573e-11 -5.46513350e-11 -7.02547347e-11
  -7.60480535e-11 -4.73903417e-11 -4.61760058e-11 -4.85423321e-11
  -4.79003357e-11 -4.81708393e-11 -6.40703258e-11 -6.37017434e-11
  -5.99276252e-11 -5.82216063e-11 -6.47712224e-11 -6.72383610e-11
  -5.62675590e-11 -7.15939926e-11 -5.96408243e-11 -6.76257053e-11
  -6.23614107e-11 -7.43641711e-11 -6.13113545e-11 -5.32546801e-11
  -7.63168395e-11 -5.57648764e-11 -6.18510166e-11 -6.61940144e-11
  -6.89165355e-11 -6.93012817e-11 -6.68304193e-11 -7.08287188e-11]]
new point utility = 3.545405097350406
new point = [6.17166772 0.91914247]
point added
---------------------------- iteration: 43
Size of game = (37, 32)
Objective = -2.7127610451283223e-12
Support of attacker = 36
Support of classifier = 1
init time = 0.5012 s
NFG time = 0.1512 s
plot time = 0.0001 s
BR time = 78.0396 s
Train time = 26.5885 s
Matrix update time = 0.0757 s
Points utilities = [[-1.00738249e-08  4.62198654e-01 -2.02722524e-08  3.12331106e-01
   6.92103829e-01  1.28767082e+00 -2.45120046e-08  1.27704194e+00
   5.96019684e-02  4.14261477e-01  5.39290580e-01  3.89688092e-01
   5.13790308e-01  8.55210225e-02  1.01433004e+00  1.07063486e+00
   1.57496844e+00  1.35519981e+00  1.35474653e+00  1.32911221e+00
  -2.54920614e-08  1.82973464e+00 -2.78101201e-08  1.39359464e+00
   1.14702557e+00  1.24954980e+00  1.21479978e+00  1.30583782e+00
   9.79405336e-02  8.93412759e-02  1.22355218e+00  1.52961074e+00
   1.37425060e+00  1.62378696e+00  1.79757214e+00  1.78673554e+00
   1.82973465e+00]]
new point utility = 3.467983504831585
new point = [3.41747845 3.51848855]
point added
classifier utilities = [3.65946959 1.82973489 3.65946955 1.82973487 3.65946956 3.65946958
 3.65946947 1.82973483 3.65946944 3.65946943 1.82973484 1.82973477
 3.65946953 3.65946954 3.65946946 3.65946942 3.65946945 1.82973474
 1.82973523 3.65946946 1.8297352  1.82973483 1.82973521 3.65946953
 1.82973519 1.82973474 1.82973519 1.82973473 1.82973515 1.82973479
 3.6594692  1.82973466]
new classifier utility = [5.37810019e-07]
classifier added
---------------------------- iteration: 44
Size of game = (38, 33)
Objective = 1.8297346544370539
Support of attacker = 2
Support of classifier = 17
init time = 0.5012 s
NFG time = 0.1536 s
plot time = 0.0001 s
BR time = 80.3146 s
Train time = 28.1486 s
Matrix update time = 0.0789 s
Points utilities = [[1.72012126e-08 4.03954293e-02 2.81182450e-08 2.72972538e-02
  6.96253108e-02 2.27905080e+00 2.99267617e-08 2.26023874e+00
  2.08627726e+00 4.16745102e-02 5.91398483e-02 3.92024391e-02
  5.63434296e-02 1.29841925e+00 3.65337352e-01 3.76731437e-01
  2.08181223e+00 1.79131941e+00 1.79072026e+00 1.75683651e+00
  2.66817240e-08 2.05619357e+00 2.34672823e-08 2.17777572e+00
  9.23788704e-01 2.21158036e+00 9.31207067e-01 1.42613188e-01
  1.96806223e+00 1.41007344e+00 9.25728878e-01 1.08394810e+00
  1.06546811e+00 1.18974938e+00 1.19708002e+00 2.32887520e+00
  2.32887520e+00 2.32887520e+00]]
new point utility = 3.459456800313048
new point = [3.1564265 3.7624871]
point added
classifier utilities = [3.49331297 2.32887542 3.49331296 2.32887541 3.49331295 3.49331287
 3.49331279 2.3288754  3.49331277 3.49331277 2.3288754  2.32887525
 3.49331282 3.49331295 3.49331279 3.49331276 3.49331279 2.32887524
 3.49331277 3.4933128  3.49331275 2.3288754  3.49331276 3.49331295
 3.49331274 2.32887523 3.49331276 2.32887523 3.49331274 2.32887539
 2.32887524 2.32887521 2.32887522]
new classifier utility = [1.16443756]
classifier added
---------------------------- iteration: 45
Size of game = (39, 34)
Objective = 2.328875200202548
Support of attacker = 3
Support of classifier = 13
init time = 0.5012 s
NFG time = 0.1590 s
plot time = 0.0001 s
BR time = 83.3214 s
Train time = 28.9634 s
Matrix update time = 0.0821 s
Points utilities = [[1.00280265e-10 1.45840509e-02 4.07885393e-10 9.85518443e-03
  2.33020103e-02 4.81872527e-02 5.26927399e-10 4.77894987e-02
  1.36963236e+00 1.39475112e-02 1.92391960e-02 1.31201655e-02
  1.83294738e-02 1.29407682e+00 8.62666984e-01 8.66444831e-01
  1.60601964e+00 1.38191818e+00 1.38145596e+00 1.35531625e+00
  6.88849036e-10 1.35273529e+00 8.39803295e-10 4.03159189e-02
  8.58791081e-02 2.22416637e+00 8.94935038e-02 4.79841643e-02
  1.29202468e+00 9.25707359e-01 8.89670233e-02 4.33796156e-02
  8.01623144e-01 7.98828330e-01 1.18906701e+00 2.32694944e+00
  2.32694944e+00 2.32283575e+00 2.32694944e+00]]
new point utility = 3.466731676489217
new point = [3.36572158 3.56774178]
point added
classifier utilities = [3.49042419 2.32694954 3.49042419 2.32694954 3.49042419 3.49042419
 3.49042418 2.32694954 3.49042418 3.49042418 2.32694954 2.32694953
 3.49042419 3.49042419 3.49042418 3.49042418 3.49042418 2.32694953
 3.49042418 2.32694945 3.49042418 2.32694954 3.49042418 3.49042419
 3.49042418 2.32694953 2.32694944 2.32694953 2.32694944 2.32694954
 3.49042413 2.32694944 2.32694953 2.32694944]
new classifier utility = [2.32694954]
---------------------------- iteration: 46
Size of game = (40, 34)
Objective = 2.3269494387473753
Support of attacker = 3
Support of classifier = 16
init time = 0.5012 s
NFG time = 0.1623 s
plot time = 0.0001 s
BR time = 86.8178 s
Train time = 31.2283 s
Matrix update time = 0.0853 s
Points utilities = [[1.25547496e-08 2.48970818e-01 1.69049157e-08 1.68242237e-01
  3.87144462e-01 2.21880692e+00 1.89139169e-08 2.20049214e+00
  2.24939029e+00 2.31726853e-01 2.92257202e-01 2.17981157e-01
  2.78437867e-01 1.93989323e+00 7.95881455e-01 8.40904889e-01
  2.10585564e+00 1.81200785e+00 1.81140178e+00 1.77712670e+00
  1.48487904e-08 1.90642027e+00 1.20707351e-08 1.62139094e+00
  7.00035708e-01 2.45644303e+00 7.41917396e-01 6.26749197e-01
  2.12193277e+00 1.52031830e+00 7.37552777e-01 7.75256282e-01
  1.11185432e+00 1.17489251e+00 1.68684006e+00 2.61335306e+00
  2.61335306e+00 2.53122204e+00 2.61335306e+00 2.61335306e+00]]
new point utility = 3.464737182389806
new point = [3.31322203 3.61625234]
point added
classifier utilities = [3.48447091 2.61335321 3.48447089 2.6133532  3.48447089 3.48447091
 3.48447082 2.61335318 3.48447079 3.48447079 2.61335318 2.61335313
 3.48447086 3.48447089 3.48447082 3.48447078 3.48447081 2.61335312
 3.4844708  2.61335316 3.48447077 2.61335318 3.48447078 3.48447088
 3.48447076 2.61335312 2.61335311 2.61335312 2.61335308 2.61335317
 2.61335312 2.61335307 2.61335311 2.6133531 ]
new classifier utility = [1.74223543]
classifier added
---------------------------- iteration: 47
Size of game = (41, 35)
Objective = 2.6133530588948966
Support of attacker = 4
Support of classifier = 17
init time = 0.5012 s
NFG time = 0.1652 s
plot time = 0.0001 s
BR time = 89.1537 s
Train time = 31.6390 s
Matrix update time = 0.0886 s
Points utilities = [[2.63917427 3.26511283 3.09515587 2.7904848  3.1862798  2.97417466
  3.21286246 3.24936618 3.35823456 2.95848701 2.92495662 2.99436482
  2.99506878 2.37589395 3.08718146 3.04891394 2.62736512 2.7106542
  3.09989232 3.17317847 3.27809157 3.28555786 3.32185733 3.15918042
  3.04052454 3.34678163 3.00298952 3.27439136 3.31049844 2.4406438
  3.04234025 3.13491772 3.18349416 3.20198182 3.26943348 3.39880042
  2.53573744 3.31889426 3.31493833 3.35802704 3.46473718]]
new point utility = 3.4652619824190247
new point = [3.31374904 3.61677493]
classifier utilities = [3.4647373  3.46473726 3.46473728 3.46473725 3.46473728 3.4647373
 3.46473724 3.46473724 3.46473723 3.46473723 3.46473725 3.46473722
 3.46473728 3.46473728 3.46473726 3.46473722 3.46473725 3.46473722
 3.46473724 3.46473725 3.46473722 3.46473724 3.46473722 3.46473728
 3.46473722 3.46473722 3.46473723 3.46473722 3.46473722 3.46473724
 3.46473725 3.46473721 3.46473722 3.46473723 3.46473722]
new classifier utility = [3.59125937e-08]
classifier added
---------------------------- iteration: 48
Size of game = (41, 36)
Objective = 3.464737182248032
Support of attacker = 1
Support of classifier = 35
init time = 0.5012 s
NFG time = 0.1679 s
plot time = 0.0001 s
BR time = 94.2746 s
Train time = 32.0275 s
Matrix update time = 0.0895 s
Points utilities = [[ 3.43968876e-09  5.33134963e-02  8.18840241e-09  3.60266422e-02
   1.10674201e-01  2.28713025e+00  1.01504779e-08  2.26825150e+00
   2.20227721e+00  6.62444752e-02  9.34894455e-02  1.08663781e-01
   1.34770195e-01  2.40773193e+00  1.77602623e+00  5.99659597e-01
   2.08998442e+00  1.83588864e+00  1.83527457e+00  1.83711118e+00
   2.87433289e-09  2.08998083e+00 -2.70174189e-09  1.10289470e+00
   1.02355944e+00  2.34656911e+00  1.03639322e+00  2.16349672e-01
   2.07748926e+00  1.53123237e+00  1.06575909e+00  1.14724825e+00
   1.26953800e+00  1.34104027e+00  2.26912823e+00  2.34290725e+00
   2.36722906e+00  2.32252210e+00  2.40773195e+00  2.36445484e+00
   2.40773195e+00]]
new point utility = 3.4431479740952877
new point = [3.24112777 3.64516818]
point added
classifier utilities = [3.61159834 2.40773239 3.6115983  2.40773238 3.6115983  3.61159828
 3.61159802 2.40773235 2.4077322  3.61159794 2.40773235 2.4077321
 3.61159808 3.61159829 3.61159802 2.40773218 3.611598   2.40773207
 3.61159797 2.40773229 2.40773214 2.40773234 3.61159792 3.61159829
 2.40773214 2.40773208 2.40773208 2.40773207 2.407732   2.40773233
 3.61159808 2.40773204 2.40773204 2.40773211 2.40773217 2.40773208]
new classifier utility = [2.40773239]
---------------------------- iteration: 49
Size of game = (42, 36)
Objective = 2.4077319498037397
Support of attacker = 3
Support of classifier = 22
init time = 0.5012 s
NFG time = 0.1722 s
plot time = 0.0001 s
BR time = 97.1498 s
Train time = 34.2733 s
Matrix update time = 0.0929 s
Points utilities = [[2.6114772  3.24797114 3.06614066 2.77536844 3.17536255 2.97695654
  3.18150879 3.24674663 3.34899719 2.86938444 2.83871965 2.9314403
  2.93351029 2.38223002 3.12593773 2.98860021 2.61452865 2.6629133
  3.1030833  3.17765472 3.24859655 3.29179881 3.29003086 3.09357501
  3.00264925 3.32767447 2.96608952 3.25369613 3.30180617 2.44092952
  3.01105971 3.10499151 3.14453715 3.16227606 3.23528916 3.33237916
  2.54755876 3.26537485 3.3185864  3.30098498 3.37881274 3.44314798]]
new point utility = 3.4469087458793317
new point = [3.19438349 3.699434  ]
classifier utilities = [3.44314808 3.44314805 3.44314807 3.44314804 3.44314807 3.44314808
 3.44314803 3.44314803 3.44314802 3.44314802 3.44314803 3.44314801
 3.44314807 3.44314806 3.44314804 3.44314801 3.44314804 3.44314801
 3.44314802 3.44314803 3.44314801 3.44314803 3.44314801 3.44314806
 3.44314801 3.44314801 3.44314802 3.44314801 3.44314801 3.44314803
 3.44314803 3.443148   3.44314801 3.44314801 3.44314802 3.44314802]
new classifier utility = [0.]
classifier added
---------------------------- iteration: 50
Size of game = (42, 37)
Objective = 3.4431479757940044
Support of attacker = 1
Support of classifier = 36
init time = 0.5012 s
NFG time = 0.1747 s
plot time = 0.0001 s
BR time = 99.9417 s
Train time = 34.7070 s
Matrix update time = 0.0937 s
Points utilities = [[-1.21434479e-09 -1.49423026e-09 -1.92288228e-09 -1.65201364e-09
  -1.51780970e-09 -3.08554391e-09 -2.27105563e-09 -3.25360503e-09
  -3.35668282e-09 -2.03285864e-09 -1.97132632e-09 -2.10099120e-09
  -2.06419500e-09 -2.45760047e-09 -3.00307523e-09 -2.78448767e-09
  -2.94005319e-09 -2.82723110e-09 -3.13583632e-09 -3.30040230e-09
  -2.42830848e-09 -3.50333634e-09 -2.54681017e-09 -3.17579309e-09
  -2.90013213e-09 -3.55625732e-09 -2.85662715e-09 -2.26509987e-09
  -3.38982187e-09 -2.56316042e-09 -2.95131699e-09 -3.11731269e-09
  -3.27191816e-09 -3.32565440e-09 -3.45690619e-09 -3.79682386e-09
  -2.67887135e-09 -3.42941286e-09 -3.61748040e-09 -3.50490661e-09
  -3.78665300e-09 -3.91093484e-09]]
new point utility = 3.9424107119594414
new point = [3.01677111e-03 7.88180465e+00]
point added
---------------------------- iteration: 51
Size of game = (43, 37)
Objective = -1.0195758278265333e-10
Support of attacker = 42
Support of classifier = 1
init time = 0.5012 s
NFG time = 0.1773 s
plot time = 0.0001 s
BR time = 102.8647 s
Train time = 34.7074 s
Matrix update time = 0.0972 s
Points utilities = [[0.85810462 0.83437938 0.75280455 0.56383253 0.72913024 0.01765026
  0.74835593 0.01750456 1.42703321 0.87537271 0.85224227 0.82344689
  0.81194413 1.25782303 1.2725071  1.26231378 0.01263885 0.30056613
  0.63284246 0.72458093 0.96408028 1.04331021 1.1348756  1.18757361
  1.162747   0.01769156 1.15521831 0.65614001 1.34617301 1.11424488
  1.27261895 1.27050513 1.37714216 1.36473759 1.54283298 1.53517953
  1.6811837  1.8450051  1.55676032 1.84464923 1.84492409 1.8414564
  1.84500511]]
new point utility = 3.3916959869963628
new point = [2.8866942  3.89669778]
point added
classifier utilities = [3.69001053 3.69001041 3.69001049 3.69001039 3.69001048 3.69001053
 1.84500531 3.69001036 3.69001037 1.84500525 3.69001035 3.69001033
 1.8450054  3.69001049 1.84500533 3.69001036 1.84500532 1.84500522
 1.84500528 3.69001039 1.84500522 3.69001034 3.69001036 3.69001047
 1.84500521 3.69001031 1.84500523 3.69001029 1.84500517 3.69001032
 1.84501893 1.84500515 3.6900103  1.84504063 1.84501887 1.84500555
 1.84500512]
new classifier utility = [7.29663341e-08]
classifier added
---------------------------- iteration: 52
Size of game = (44, 38)
Objective = 1.845005110720734
Support of attacker = 4
Support of classifier = 17
init time = 0.5012 s
NFG time = 0.1799 s
plot time = 0.0001 s
BR time = 105.4824 s
Train time = 35.4359 s
Matrix update time = 0.1008 s
Points utilities = [[2.57288434 3.19357603 3.0238712  2.73231019 3.12754538 2.93206943
  3.14626104 3.21494103 3.28698584 2.81481496 2.78533259 2.92394876
  2.92587616 2.33513102 3.08615458 2.92054494 2.58449175 2.65725882
  3.02774999 3.09911157 3.1966834  3.19238831 3.23468997 3.02556136
  2.94443616 3.28086105 2.91249374 3.19691669 3.24372196 2.39092783
  2.95082413 3.04048774 3.0698216  3.08745044 3.15305891 3.23783304
  2.5146033  3.17166875 3.18912506 3.20160529 3.27239368 3.29639006
  2.81240069 3.39169597]]
new point utility = 3.3917034008677267
new point = [2.88665541 3.89675144]
classifier utilities = [3.39169879 3.39169793 3.39169835 3.39169775 3.3916984  3.39169874
 3.3916975  3.39169747 3.39169714 3.39169709 3.39169753 3.39169703
 3.39169839 3.39169833 3.39169774 3.39169702 3.39169758 3.39169696
 3.39169726 3.39169756 3.39169691 3.39169748 3.39169704 3.39169824
 3.39169687 3.39169693 3.39169712 3.39169689 3.39169674 3.39169738
 3.39169747 3.39169668 3.39169691 3.39169703 3.39169714 3.39169736
 3.39169636 3.39169669]
new classifier utility = [1.73643117e-08]
classifier added
---------------------------- iteration: 53
Size of game = (44, 39)
Objective = 3.39169596043797
Support of attacker = 1
Support of classifier = 38
init time = 0.5012 s
NFG time = 0.1822 s
plot time = 0.0001 s
BR time = 110.1382 s
Train time = 35.8918 s
Matrix update time = 0.1018 s
Points utilities = [[-2.42129164e-11  2.92063796e-01 -3.80562844e-10  1.97362346e-01
   4.71632410e-01  9.90419515e-01 -5.06811415e-10  9.82244256e-01
  -1.45497131e-09  2.82297449e-01  3.70246544e-01  2.65551979e-01
   3.52739495e-01 -1.21960813e-09  6.87596340e-01  7.56032499e-01
   1.11345655e+00  9.58086567e-01  9.57766109e-01  9.39643399e-01
  -6.14431233e-10  1.31714379e+00 -7.87164628e-10  1.11950595e+00
   8.80985273e-01  1.11228686e+00  9.32835077e-01  8.52513493e-01
  -1.48436057e-09 -1.18626572e-09  9.27347310e-01  1.08352193e+00
   9.99498182e-01  1.07550668e+00  1.14802664e+00  1.29958716e+00
   1.73342382e+00  1.14120255e+00  1.29650178e+00  1.22394319e+00
   1.29848072e+00  1.29038972e+00  1.61638659e+00  1.73342382e+00]]
new point utility = 3.3838383837443025
new point = [2.82828283 3.93939394]
point added
classifier utilities = [3.46684765 1.73342383 3.46684765 1.73342383 3.46684765 3.46684765
 3.46684764 1.73342383 3.46684764 3.46684764 1.73342383 1.73342382
 3.46684765 3.46684765 3.46684764 3.46684764 3.46684764 1.73342382
 3.46684764 3.46684764 3.46684764 1.73342383 3.46684764 3.46684765
 3.46684764 1.73342382 3.46684764 1.73342382 3.46684764 1.73342383
 3.46684764 3.46684764 1.73342382 1.73342382 1.73342382 3.46684764
 1.73342382 3.46684763 1.73342382]
new classifier utility = [1.52489781e-09]
classifier added
---------------------------- iteration: 54
Size of game = (45, 40)
Objective = 1.7334238167824871
Support of attacker = 2
Support of classifier = 15
init time = 0.5012 s
NFG time = 0.1852 s
plot time = 0.0001 s
BR time = 113.4190 s
Train time = 36.9347 s
Matrix update time = 0.1055 s
Points utilities = [[ 1.07317795e+00  1.04350627e+00  9.41485726e-01  7.05150206e-01
   9.11877741e-01 -9.19457743e-09  9.35922122e-01 -9.89278826e-09
   1.58095235e+00  9.45035134e-01  9.20063970e-01  9.34714085e-01
   9.21657036e-01  1.25772173e+00  1.39783523e+00  1.24950977e+00
   1.93201123e+00  2.77236690e-01  6.92826976e-01  8.09965090e-01
   1.13574829e+00  1.07406064e+00  1.28455341e+00  1.22220353e+00
   1.23538787e+00 -1.12447895e-08  1.22738884e+00  8.20593425e-01
   1.55337218e+00  1.22847840e+00  1.31598247e+00  1.31379662e+00
   1.38158764e+00  1.36914302e+00  1.45535312e+00  1.44657958e+00
   1.77736553e+00  1.54342078e+00  1.37508558e+00  1.54286366e+00
   1.54197601e+00  1.53236777e+00  1.88822137e+00  1.64480067e+00
   1.93201123e+00]]
new point utility = 3.371365014483704
new point = [2.76530441 3.97742562]
point added
classifier utilities = [3.86402255 3.86402253 3.86402254 3.86402252 3.86402254 3.86402255
 1.93201129 3.86402251 1.9320113  1.93201127 3.86402251 3.8640225
 1.93201131 3.86402254 1.93201129 1.9320113  1.93201129 1.93201127
 1.93201128 3.86402251 1.93201126 3.86402251 1.9320113  3.86402253
 1.93201126 3.8640225  1.93201127 3.86402249 1.93201125 3.8640225
 3.86402251 1.93201125 1.93201129 3.86402249 3.86402249 3.8640225
 1.93201127 1.93201125 1.93201124 1.93201123]
new classifier utility = [1.93201131]
---------------------------- iteration: 55
Size of game = (46, 40)
Objective = 1.9320112299220487
Support of attacker = 2
Support of classifier = 20
init time = 0.5012 s
NFG time = 0.1880 s
plot time = 0.0001 s
BR time = 118.0709 s
Train time = 39.2329 s
Matrix update time = 0.1091 s
Points utilities = [[2.58395896 3.19638426 3.03519358 2.73541127 3.13192662 2.93300775
  3.15421838 3.20481673 3.27192278 2.86286788 2.8338894  2.96458982
  2.96763926 2.30822328 3.06002178 2.94924941 2.67955652 2.67069252
  3.01618839 3.08097191 3.19852063 3.170157   3.2318629  3.01509016
  2.9437718  3.26605104 2.90799244 3.1929064  3.21762059 2.36283511
  2.9385598  3.02138799 3.05095255 3.06441779 3.12036787 3.19193612
  2.50796896 3.13209543 3.13629944 3.15760458 3.21946585 3.23430665
  2.81315362 3.24919023 3.28355043 3.37136501]]
new point utility = 3.3736723056239293
new point = [2.7676117  3.97973291]
classifier utilities = [3.37136508 3.37136506 3.37136507 3.37136506 3.37136507 3.37136508
 3.37136505 3.37136505 3.37136504 3.37136504 3.37136505 3.37136504
 3.37136507 3.37136507 3.37136506 3.37136504 3.37136505 3.37136504
 3.37136505 3.37136505 3.37136504 3.37136505 3.37136504 3.37136507
 3.37136504 3.37136504 3.37136504 3.37136504 3.37136504 3.37136505
 3.37136505 3.37136503 3.37136504 3.37136504 3.37136504 3.37136505
 3.37136503 3.37136504 3.37136503 3.37136502]
new classifier utility = [1.91229664e-08]
classifier added
---------------------------- iteration: 56
Size of game = (46, 41)
Objective = 3.371365014407861
Support of attacker = 1
Support of classifier = 40
init time = 0.5012 s
NFG time = 0.1906 s
plot time = 0.0001 s
BR time = 121.6962 s
Train time = 39.6496 s
Matrix update time = 0.1100 s
Points utilities = [[ 1.66018872e-08  1.31500391e-01  4.69139928e-09  8.88614885e-02
   2.19090788e-01  5.80058427e-01  7.48042903e-10  5.75270430e-01
   2.20237109e+00  1.31137644e-01  1.79913057e-01  1.74928823e-01
   2.22255584e-01  1.47220903e+00  1.65547273e+00  1.67502635e+00
   1.72862937e+00  5.99233553e-01  5.99033123e-01  6.18434039e-01
  -3.77005423e-09  6.43829067e-01 -8.29640156e-09  5.62538350e-01
   1.66233625e+00  6.49812775e-01  1.68229968e+00  4.55673977e-01
   2.10458042e+00  1.54421016e+00  1.70253065e+00  1.78974258e+00
   1.72663179e+00  1.74989466e+00  1.83624479e+00  1.93942965e+00
   1.98417840e+00  1.87214976e+00  1.94079734e+00  1.91928312e+00
   1.98455459e+00  1.97218859e+00  1.79850084e+00  2.07625273e+00
   1.36654776e+00  2.20237110e+00]]
new point utility = 3.365113234729111
new point = [2.91056778 3.81965869]
point added
classifier utilities = [4.40474249 2.20237143 4.40474244 2.20237142 4.40474244 4.40474248
 4.40474238 2.20237139 2.20237136 2.20237136 2.20237139 2.20237135
 4.40474245 4.40474244 4.40474239 2.20237135 4.40474238 2.20237134
 4.40474235 4.40474235 2.20237133 2.20237137 2.20237139 4.40474242
 2.20237132 2.20237133 4.40474231 2.20237131 2.20237127 2.20237135
 4.40474231 2.20237126 2.20237133 2.20237129 2.20237129 4.40474227
 2.20237117 4.40474219 2.20237112 2.20237112 2.20237123]
new classifier utility = [0.]
classifier added
---------------------------- iteration: 57
Size of game = (47, 42)
Objective = 2.2023710961806127
Support of attacker = 2
Support of classifier = 25
init time = 0.5012 s
NFG time = 0.1934 s
plot time = 0.0001 s
BR time = 125.7665 s
Train time = 40.1721 s
Matrix update time = 0.1138 s
Points utilities = [[-1.33235718e-11 -1.54880760e-11 -2.24503976e-11 -1.85264045e-11
  -1.48801538e-11 -3.37134648e-11 -2.57683598e-11 -3.51562467e-11
  -4.30657941e-11 -2.23609159e-11 -2.12247081e-11 -2.37565023e-11
  -2.29050804e-11 -3.13845956e-11 -3.78065883e-11 -3.34267629e-11
  -3.31868007e-11 -3.48027732e-11 -3.81604158e-11 -4.05235889e-11
  -2.82567954e-11 -4.34273772e-11 -2.95253085e-11 -3.89459864e-11
  -3.67459903e-11 -4.03561709e-11 -3.58267764e-11 -2.19567464e-11
  -4.34560070e-11 -3.26764793e-11 -3.68942967e-11 -3.92870291e-11
  -4.15283617e-11 -4.27344395e-11 -4.39471915e-11 -4.88856135e-11
  -3.12841602e-11 -4.33230739e-11 -4.63523622e-11 -4.48864278e-11
  -4.84814459e-11 -4.99004273e-11 -3.43410180e-11 -4.78393470e-11
  -4.38857395e-11 -4.21556400e-11 -4.27465812e-11]]
new point utility = 3.4511662447366054
new point = [0.42086321 6.48146928]
point added
---------------------------- iteration: 58
Size of game = (48, 42)
Objective = -9.309808306150157e-13
Support of attacker = 47
Support of classifier = 1
init time = 0.5012 s
NFG time = 0.1964 s
plot time = 0.0001 s
BR time = 128.6925 s
Train time = 40.1725 s
Matrix update time = 0.1175 s
Points utilities = [[ 4.72664120e-01  4.59595702e-01  4.14662379e-01  3.10572167e-01
   4.01622014e-01 -1.82446383e-09  4.12211978e-01 -1.97096770e-09
   1.28917306e+00  4.88111038e-01  4.75213421e-01  4.59157008e-01
   4.52743030e-01  9.35067470e-01  1.08292393e+00  9.55532076e-01
  -1.77535747e-09 -1.47013253e-09  1.83080956e-01  2.73164698e-01
   6.12732133e-01  6.42655987e-01  7.89436431e-01  6.25057688e-01
   8.03531184e-01 -2.08678638e-09  7.98328394e-01  3.61417293e-01
   1.21612445e+00  1.00964930e+00  9.08357873e-01  9.06849090e-01
   9.79129569e-01  9.70310084e-01  1.08285138e+00  1.07632345e+00
   1.53275318e+00  1.20731342e+00  1.01313481e+00  1.20687762e+00
   1.20618327e+00  1.19866740e+00 -2.24425481e-09  1.29055213e+00
   1.53417609e+00  1.52852087e+00  1.70379827e+00  1.70379827e+00]]
new point utility = 3.3474134595750633
new point = [2.84236295 3.85246396]
point added
classifier utilities = [3.40759658 3.40759657 3.40759658 3.40759657 3.40759658 3.40759658
 3.40759657 3.40759657 3.40759657 3.40759656 3.40759657 3.40759656
 1.70379831 3.40759658 1.7037983  3.40759656 1.7037983  1.70379829
 3.40759657 3.40759657 3.40759656 3.40759656 3.40759657 3.40759658
 1.70379829 3.40759656 1.70379829 3.40759656 1.70379828 3.40759656
 3.40759657 1.70379828 3.40759656 3.40759656 3.40759656 3.40759656
 3.40759655 1.70379828 1.70379828 3.40759655 1.70379829 1.70379827]
new classifier utility = [1.68991e-08]
classifier added
---------------------------- iteration: 59
Size of game = (49, 43)
Objective = 1.7037982724432956
Support of attacker = 2
Support of classifier = 12
init time = 0.5012 s
NFG time = 0.1993 s
plot time = 0.0001 s
BR time = 132.2556 s
Train time = 41.1610 s
Matrix update time = 0.1215 s
Points utilities = [[ 7.09670549e-09  2.01517883e-01 -1.85760211e-09  1.36175867e-01
   2.90456298e-01  6.65125086e-01 -4.83185425e-09  6.59634920e-01
   2.19212462e+00  1.73853757e-01  2.24826386e-01  2.20213556e-01
   2.70076394e-01  1.45981179e+00  1.68262721e+00  1.70001536e+00
   1.09406645e+00  6.64635731e-01  6.64413424e-01  6.84383829e-01
  -7.99323819e-09  7.01226309e-01 -1.05147253e-08  6.10102994e-01
   1.69367176e+00  7.49440544e-01  1.72166996e+00  5.24072723e-01
   2.10074359e+00  1.54446822e+00  1.74416340e+00  1.82274760e+00
   1.76717921e+00  1.79353235e+00  1.86634383e+00  1.99080844e+00
   1.78596396e+00  1.90603878e+00  8.07739691e-01  1.96255350e+00
   2.03985481e+00  2.02714422e+00  1.43890953e+00  1.12285332e+00
   1.39155387e+00  1.69600949e+00  1.69286445e+00  1.84775146e+00
   2.19212463e+00]]
new point utility = 3.344168612407965
new point = [2.940164   3.74817323]
point added
classifier utilities = [4.38424941 2.19212481 4.38424939 2.1921248  4.38424939 4.38424941
 4.38424935 2.19212478 2.19212477 2.19212476 2.19212478 2.19212476
 4.38424939 4.38424939 4.38424936 2.19212476 4.38424935 2.19212475
 4.38424934 4.38424935 2.19212475 2.19212478 2.19212479 4.38424938
 2.19212474 2.19212475 4.38424932 2.19212474 2.19212473 2.19212476
 4.38424932 2.19212471 2.19212475 2.19212473 2.19212473 4.38424928
 2.19212465 4.38424923 2.19212465 2.19212465 4.38424933 2.19212464
 2.19212469]
new classifier utility = [5.67627102e-09]
classifier added
---------------------------- iteration: 60
Size of game = (50, 44)
Objective = 2.192124626229822
Support of attacker = 2
Support of classifier = 26
init time = 0.5012 s
NFG time = 0.2023 s
plot time = 0.0001 s
BR time = 136.4783 s
Train time = 41.7939 s
Matrix update time = 0.1254 s
Points utilities = [[ 6.57044198e-01  6.38877961e-01  5.76416737e-01  4.31722298e-01
   5.58289498e-01 -7.08179268e-09  5.73010467e-01 -7.60070630e-09
   1.54276431e+00  6.15892040e-01  5.99617998e-01  5.79358229e-01
   5.71265156e-01  1.12306858e+00  1.24106952e+00  1.14161970e+00
  -7.51747922e-09  8.77707430e-02  3.42239825e-01  4.28083628e-01
   7.67141230e-01  7.39622649e-01  9.14184263e-01  7.66772743e-01
   1.01823724e+00 -8.24784414e-09  1.01164425e+00  5.02401442e-01
   1.45534643e+00  1.17653579e+00  1.11667751e+00  1.11482271e+00
   1.17365151e+00  1.16307988e+00  1.25705319e+00  1.24947509e+00
   1.63105378e+00  1.37888857e+00  1.02747123e+00  1.37839084e+00
   1.37759781e+00  1.36901383e+00  1.80936562e+00  1.25115113e+00
   1.51566653e+00  1.51007954e+00  1.57474215e+00  1.77278489e+00
   1.63068177e+00  1.80936562e+00]]
new point utility = 3.3124163876178883
new point = [3.00938609 3.61544669]
point added
classifier utilities = [3.61873135 3.61873132 3.61873134 3.61873131 3.61873133 3.61873134
 1.80936573 3.6187313  3.6187313  1.80936571 3.6187313  3.61873129
 1.80936571 3.61873133 1.8093657  3.61873129 1.80936569 1.80936567
 1.80936572 3.61873131 1.8093657  3.6187313  3.6187313  3.61873133
 1.80936566 3.61873129 1.80936568 3.61873128 1.80936565 3.61873129
 3.6187313  1.80936565 3.61873129 3.61873128 3.61873128 3.6187313
 3.61873126 1.80936566 1.80936563 3.61873126 1.80936568 1.80936566
 1.80936566 1.80936563]
new classifier utility = [5.33335094e-09]
classifier added
---------------------------- iteration: 61
Size of game = (51, 45)
Objective = 1.8093656215791278
Support of attacker = 2
Support of classifier = 18
init time = 0.5012 s
NFG time = 0.2052 s
plot time = 0.0001 s
BR time = 139.9279 s
Train time = 42.5100 s
Matrix update time = 0.1294 s
Points utilities = [[2.60147686 3.17620904 3.02673661 2.70393334 3.12300571 2.93181131
  3.13203729 3.18619444 3.230931   2.78861762 2.7573373  2.98218227
  2.98092378 2.33520857 3.05492364 2.97587796 2.58422774 2.69692505
  2.98410287 3.04003433 3.15773783 3.10896121 3.17154426 2.96163212
  2.95757993 3.22579736 2.92149426 3.15207168 3.15934355 2.40796521
  2.93974469 3.02556721 3.04068911 3.05547887 3.10052161 3.15593517
  2.5470706  3.10388045 3.0752818  3.12580156 3.17501682 3.18190592
  2.82377655 3.15102386 3.13847451 3.16921984 3.192922   2.87198482
  3.20098455 3.23010255 3.31241638]]
new point utility = 3.3051984464874717
new point = [3.03701522 3.64307558]
classifier utilities = [3.31241693 3.31241678 3.31241685 3.31241674 3.31241686 3.31241692
 3.3124167  3.3124167  3.31241664 3.31241663 3.31241671 3.31241662
 3.31241685 3.31241685 3.31241674 3.31241662 3.31241671 3.31241661
 3.31241667 3.31241672 3.3124166  3.3124167  3.31241662 3.31241683
 3.31241659 3.31241661 3.31241664 3.31241661 3.31241658 3.31241669
 3.31241672 3.31241657 3.31241661 3.31241664 3.31241666 3.31241671
 3.31241656 3.31241661 3.31241654 3.31241655 3.31241665 3.31241652
 3.31241662 3.3124165  3.31241643]
new classifier utility = [3.66076129e-08]
classifier added
---------------------------- iteration: 62
Size of game = (51, 46)
Objective = 3.31241638172729
Support of attacker = 1
Support of classifier = 45
init time = 0.5012 s
NFG time = 0.2080 s
plot time = 0.0001 s
BR time = 146.9371 s
Train time = 43.2780 s
Matrix update time = 0.1305 s
Points utilities = [[ 1.24844194e-08  1.33259818e-08  6.38588916e-09  5.58481610e-09
   8.10712689e-09 -2.14267358e-08  4.87209643e-09 -2.04143499e-08
   1.02327299e+00  4.83661697e-09  3.44659021e-09  3.67758597e-09
   2.42367157e-09  8.61973566e-01  1.45615292e+00  1.45491229e+00
   1.66738479e+00 -1.19859974e-08 -9.24185545e-09 -8.81889879e-09
   6.72038362e-09  7.98981930e-01  8.03113633e-09  7.77102856e-01
   1.34254847e+00 -2.24005333e-08  1.33385559e+00 -4.39961256e-09
   9.65291124e-01  9.36096741e-01  1.32600866e+00  1.32380616e+00
   1.31730487e+00  1.30543928e+00  1.29924466e+00  1.29141221e+00
   2.08589134e+00  1.29152170e+00  7.31012427e-01  1.29105550e+00
   1.29031272e+00  1.28227262e+00  2.08589134e+00  7.16693997e-01
   7.15033620e-01  1.96075049e+00  7.11076839e-01  1.96935998e+00
   2.08589134e+00  1.38434746e+00  2.08589135e+00]]
new point utility = 3.3150773381170233
new point = [2.91103694 3.71911774]
point added
classifier utilities = [3.47648576 2.78118856 3.47648575 2.78118856 3.47648574 3.47648576
 2.78118859 2.78118855 3.47648569 2.78118857 2.78118854 2.78118852
 2.7811886  3.47648574 2.78118858 3.47648569 2.78118857 2.08589138
 2.78118858 3.47648571 2.78118856 2.78118853 3.47648568 3.47648574
 2.78118853 2.78118851 2.78118854 2.78118851 2.78118852 2.78118852
 3.47648568 2.78118851 2.78118851 2.7811885  2.7811885  3.47648568
 2.78118847 2.78118852 2.7811885  2.78118848 2.78118854 2.08589133
 2.08589146 2.08589137 2.08589137 2.08589141]
new classifier utility = [0.]
classifier added
---------------------------- iteration: 63
Size of game = (52, 47)
Objective = 2.085891346101281
Support of attacker = 4
Support of classifier = 6
init time = 0.5012 s
NFG time = 0.2115 s
plot time = 0.0001 s
BR time = 151.3392 s
Train time = 45.0322 s
Matrix update time = 0.1347 s
Points utilities = [[2.60900807 3.18445476 3.0422659  2.71618796 3.13276486 2.9474266
  3.14334622 3.19127084 3.23789968 2.80886533 2.78074945 2.99874896
  3.00078357 2.27614645 3.06726561 2.99202779 2.63779898 2.7038164
  2.98962098 3.04054407 3.17141176 3.11513472 3.1805903  2.97020548
  2.96860884 3.22939771 2.93288057 3.15818505 3.16411625 2.34177793
  2.9440852  3.03114861 3.04535501 3.05895801 3.09888088 3.15221293
  2.52727496 3.10062573 3.07234618 3.12409929 3.16967551 3.17372614
  2.85141218 3.14036235 3.12298666 3.19504123 3.16915149 2.89732839
  3.22548803 3.20429523 3.23429517 3.31507734]]
new point utility = 3.3154668512758194
new point = [2.9619315  3.66900221]
classifier utilities = [3.31507765 3.31507756 3.3150776  3.31507754 3.31507761 3.31507764
 3.31507752 3.31507752 3.31507749 3.31507748 3.31507752 3.31507748
 3.31507761 3.3150776  3.31507754 3.31507747 3.31507752 3.31507746
 3.31507749 3.31507753 3.31507746 3.31507751 3.31507747 3.31507759
 3.31507745 3.31507747 3.31507748 3.31507746 3.31507744 3.3150775
 3.31507752 3.31507744 3.31507746 3.31507748 3.31507749 3.31507751
 3.31507743 3.31507746 3.31507742 3.31507743 3.31507748 3.31507742
 3.31507747 3.31507741 3.3150774  3.31507741 3.31507736]
new classifier utility = [2.05287657e-07]
classifier added
---------------------------- iteration: 64
Size of game = (52, 48)
Objective = 3.315077336643328
Support of attacker = 1
Support of classifier = 47
init time = 0.5012 s
NFG time = 0.2143 s
plot time = 0.0001 s
BR time = 157.4896 s
Train time = 46.5793 s
Matrix update time = 0.1357 s
Points utilities = [[-4.61411267e-09  7.28137413e-02  2.40592941e+00  1.85118732e+00
   1.26575377e-01  2.19929590e+00  2.39849384e+00  2.18114216e+00
   2.29828625e+00  1.60167211e+00  2.68275495e-01  1.62805919e+00
   3.75290263e-01  1.70897653e+00  1.84017460e+00  1.75729897e+00
   1.95350177e+00  1.78821236e+00  1.78761424e+00  1.82345426e+00
   2.37058864e+00  1.88666874e+00  2.33756587e+00  7.67702433e-01
   1.80015109e+00  2.24127477e+00  1.80870200e+00  2.32789958e+00
   2.24753174e+00  1.76962227e+00  1.84622827e+00  1.88155641e+00
   1.90877165e+00  1.93987859e+00  1.98967747e+00  2.06426773e+00
   1.93089802e+00  2.01650667e+00  1.98490103e+00  2.05060804e+00
   2.10113029e+00  2.10772115e+00  2.07489871e+00  2.10130222e+00
   2.10482178e+00  2.21066089e+00  2.16323056e+00  2.06246086e+00
   2.26995672e+00  1.31487390e+00  2.33651929e+00  2.40592941e+00]]
new point utility = 3.304688911742664
new point = [3.00165861 3.60771922]
point added
classifier utilities = [4.81185906 2.40592961 4.81185903 2.4059296  2.4059314  4.81185905
 2.40592957 2.40592957 2.40592953 2.40592953 2.40592959 2.40592952
 4.81185902 4.81185903 2.40592972 2.40592953 2.4059296  2.40592952
 2.40592955 2.40592957 2.40592951 2.40592958 2.40592953 4.81185902
 2.4059295  2.40592952 2.40592953 2.40592951 2.40592949 2.40592957
 2.40592957 2.40592948 2.40592951 2.40592952 2.40592953 2.40592956
 2.40592947 2.4059295  2.40592946 2.40592946 2.40592954 2.40592945
 2.40592953 2.40592945 2.40592945 2.40592946 2.40592942 2.40592961]
new classifier utility = [2.5581034e-09]
classifier added
---------------------------- iteration: 65
Size of game = (53, 49)
Objective = 2.405929412114474
Support of attacker = 2
Support of classifier = 42
init time = 0.5012 s
NFG time = 0.2175 s
plot time = 0.0001 s
BR time = 161.2602 s
Train time = 47.1468 s
Matrix update time = 0.1400 s
Points utilities = [[0.67469906 0.6560447  0.59898044 0.44862197 0.57329081 0.00523862
  0.59544083 0.00519538 1.28108422 0.61012979 0.59001462 0.57393778
  0.56211587 1.09290724 0.94872146 0.88195805 0.00363167 0.00312491
  0.26446071 0.35746625 0.80182785 0.60840897 0.98678097 0.58878252
  0.74123799 0.00508353 0.73643854 0.52206783 1.20849396 1.19133515
  0.82109096 0.81972713 0.88694208 0.87895297 0.95835761 0.95258019
  1.28844483 1.05481024 0.81381125 1.05442949 1.05382285 1.04725635
  0.00317954 1.00469229 1.04500777 1.04115571 1.10615283 1.6908766
  1.10033471 1.17956634 1.3393919  1.6908766  1.68824315]]
new point utility = 3.3068679383340127
new point = [2.90549667 3.71357748]
point added
classifier utilities = [3.38175337 3.38175333 3.38175336 3.38175332 3.38175335 3.38175337
 3.38175333 3.38175331 3.3817533  3.3817533  3.3817533  3.38175329
 1.69087676 3.38175336 1.69087673 3.38175329 1.69087672 1.69087668
 3.38175331 3.38175332 3.38175329 3.3817533  3.3817533  3.38175335
 1.69087668 3.38175328 1.69087669 3.38175328 1.69087666 3.38175329
 3.3817533  1.69087666 3.38175328 3.38175328 3.38175328 3.3817533
 3.38175325 1.69087667 1.69087664 3.38175325 1.6908767  3.38175324
 1.69087669 3.38175324 1.69087664 3.38175324 1.69087661 1.69087777
 1.69087661]
new classifier utility = [1.05356964e-06]
classifier added
---------------------------- iteration: 66
Size of game = (54, 50)
Objective = 1.690876603811459
Support of attacker = 2
Support of classifier = 16
init time = 0.5012 s
NFG time = 0.2204 s
plot time = 0.0001 s
BR time = 165.0993 s
Train time = 48.9517 s
Matrix update time = 0.1443 s
Points utilities = [[0.02822696 0.02744652 0.57518086 0.43079665 0.0239844  0.4075346
  0.57178189 0.40417067 0.49604968 0.35957539 0.03941177 0.36761892
  0.0665109  0.39818433 0.474665   0.46342134 1.90755963 0.29883011
  0.30966354 0.3331922  0.57520537 0.42657466 0.56900191 0.23355292
  0.46905511 0.39546969 0.46601802 0.50132425 0.47501941 1.90291932
  0.46869993 0.46792142 0.47071424 0.46647429 0.51011445 0.50703925
  1.78279692 0.54954611 0.4930732  0.54934774 0.54903168 0.5456106
  1.78076443 0.55525077 0.58139463 0.57925152 0.58265968 1.87008118
  0.5933725  0.38749936 1.80641599 0.48218531 1.88059797 1.90755963]]
new point utility = 3.3598324700999105
new point = [0.06536495 7.43910233]
point added
classifier utilities = [3.81511929 3.81511918 3.81511928 3.81511918 3.81511928 3.81511929
 1.90755977 3.81511918 1.90755967 1.90755967 3.81511918 3.81511917
 1.90755977 3.81511928 1.90755976 1.90755967 1.90755976 1.90755965
 1.90755976 3.81511927 1.90755966 3.81511918 1.90755976 3.81511928
 1.90755975 3.81511917 1.90755975 3.81511917 1.90755965 3.81511917
 3.81511927 1.90755965 1.90755967 3.81511917 3.81511917 3.81511927
 1.90755966 1.90755975 1.90755965 3.81511916 1.90755975 1.90755965
 1.90755975 1.90755966 1.90755974 3.81511916 1.90755964 1.90755967
 1.90755963 1.90755963]
new classifier utility = [1.21345131e-07]
classifier added
---------------------------- iteration: 67
Size of game = (55, 51)
Objective = 1.9075596270472015
Support of attacker = 2
Support of classifier = 28
init time = 0.5012 s
NFG time = 0.2265 s
plot time = 0.0001 s
BR time = 169.6146 s
Train time = 50.0166 s
Matrix update time = 0.1494 s
Points utilities = [[1.00358653e-10 2.35250349e-02 1.05216590e-02 2.37775314e-02
  4.07130273e-02 1.13432625e-01 1.04594825e-02 1.12496314e-01
  7.61774184e-03 3.04686711e-02 3.10246845e-02 4.22104942e-02
  4.29175983e-02 1.74718390e+00 1.39787184e-01 1.49180247e-01
  1.75079666e-01 1.33334011e-01 1.33289414e-01 1.40711433e-01
  1.02230962e-02 2.15981887e-01 9.86526933e-03 1.92984064e-01
  1.66233331e-01 1.26230889e-01 1.74189634e-01 1.02167018e-01
  7.18609662e-03 1.86881572e+00 1.73164896e-01 1.90590989e-01
  1.81116394e-01 1.88982560e-01 2.27370831e-01 2.43999855e-01
  1.69903737e+00 2.65862681e-01 2.52561374e-01 2.74652622e-01
  2.83598207e-01 2.81831072e-01 2.03527906e-01 2.85854885e-01
  3.19808430e-01 3.35888667e-01 3.24997492e-01 1.71131719e+00
  3.56561221e-01 3.42000390e-01 1.78920915e+00 4.21778295e-01
  1.85906741e+00 1.86881572e+00 1.85324112e+00]]
new point utility = 3.2890462790129185
new point = [3.03652103 3.54157153]
point added
classifier utilities = [3.73763144 1.86881572 3.73763144 1.86881572 3.73763144 3.73763144
 3.73763144 1.86881572 1.86881572 1.86881572 1.86881572 1.86881572
 3.73763144 3.73763144 3.73763144 1.86881572 3.73763144 1.86881572
 3.73763144 3.73763144 1.86881572 1.86881572 3.73763144 3.73763144
 3.73763144 1.86881572 3.73763144 1.86881572 1.86881572 1.86881572
 3.73763144 1.86881572 1.86881572 1.86881572 1.86881572 3.73763144
 1.86881572 3.73763144 1.86881572 1.86881572 3.73763144 1.86881572
 3.73763144 1.86881572 3.73763144 1.86881572 1.86881572 1.86881572
 1.86881572 1.86881572 1.86881572]
new classifier utility = [3.00318959e-09]
classifier added
---------------------------- iteration: 68
Size of game = (56, 52)
Objective = 1.8688157188977046
Support of attacker = 2
Support of classifier = 30
init time = 0.5012 s
NFG time = 0.2302 s
plot time = 0.0001 s
BR time = 173.0913 s
Train time = 51.5311 s
Matrix update time = 0.1541 s
Points utilities = [[ 8.49356203e-01  8.25872837e-01  7.45129670e-01  5.58084231e-01
   7.21696720e-01 -2.84316980e-08  7.40726407e-01 -3.04399230e-08
   1.43594328e+00  7.42227482e-01  7.22615215e-01  6.98199637e-01
   6.88446468e-01  1.33593440e+00  1.07007097e+00  1.00792951e+00
  -3.43835882e-08  6.28199630e-02  3.91787213e-01  4.81369134e-01
   9.41554641e-01  7.31777425e-01  1.10286135e+00  7.56520065e-01
   8.81266776e-01 -3.40630111e-08  8.75560654e-01  6.49450632e-01
   1.35457821e+00  1.43650238e+00  9.52588272e-01  9.51006021e-01
   1.00757989e+00  9.98504138e-01  1.07073473e+00  1.06427984e+00
   1.48591036e+00  1.15527700e+00  9.47918950e-01  1.15485999e+00
   1.15419557e+00  1.14700363e+00  1.79310631e+00  1.11606268e+00
   1.14422203e+00  1.14000424e+00  1.20183820e+00  1.74066961e+00
   1.23451702e+00  1.29934082e+00  1.57010002e+00  1.58994294e+00
   1.77022026e+00  1.61874589e+00  1.77275988e+00  1.79310631e+00]]
new point utility = 3.2991945518617523
new point = [2.89515415 3.70323496]
point added
classifier utilities = [3.5862131  3.58621295 3.58621305 3.58621293 3.58621304 3.5862131
 1.79310672 3.5862129  3.58621289 1.79310699 3.58621289 3.58621286
 1.79310675 3.58621305 1.79310666 3.58621287 1.79310664 1.79310652
 1.79310668 3.58621294 1.79310695 3.58621288 3.58621289 3.58621303
 1.79310652 3.58621284 1.79310656 3.58621283 1.79310648 3.58621286
 3.58621289 1.79310647 3.58621284 3.58621281 3.58621282 3.58621288
 3.58621275 1.79310651 1.79310643 3.58621274 1.79310658 1.79310647
 1.79310655 3.58621271 1.79310641 3.58621272 1.79310636 3.586213
 1.79310656 3.58621262 1.79310637 1.79310633]
new classifier utility = [3.44732257e-08]
classifier added
---------------------------- iteration: 69
Size of game = (57, 53)
Objective = 1.793106308976755
Support of attacker = 2
Support of classifier = 22
init time = 0.5012 s
NFG time = 0.2333 s
plot time = 0.0001 s
BR time = 178.2356 s
Train time = 52.3147 s
Matrix update time = 0.1588 s
Points utilities = [[ 2.44747381e-10  6.01160638e-01 -1.33240996e-10  4.06234788e-01
   8.12960419e-01  1.19740305e+00 -2.55491830e-10  1.18751928e+00
  -1.13967818e-09  4.86600682e-01  5.86268676e-01  5.10451145e-01
   6.10525579e-01  1.77366618e+00  7.14647515e-01  7.68634643e-01
   1.22629585e+00  1.03819087e+00  1.03784362e+00  1.05234217e+00
  -1.99050609e-10  1.18762591e+00 -2.94867458e-10  1.09286308e+00
   8.83957976e-01  1.24730861e+00  9.44945471e-01  1.11639779e+00
  -1.16032209e-09  1.86551342e+00  9.39386460e-01  1.06184622e+00
   9.93929581e-01  1.03788487e+00  1.11899130e+00  1.21334733e+00
   1.80932705e+00  1.14973881e+00  1.22378744e+00  1.19626804e+00
   1.24967832e+00  1.24189142e+00  1.57095811e+00  1.27320901e+00
   1.30949960e+00  1.38087665e+00  1.34931111e+00  1.60346770e+00
   1.44599381e+00  1.41576777e+00  1.45643820e+00  1.60004279e+00
   1.59502875e+00  1.68313738e+00  1.65935965e+00  1.67271633e+00
   1.86551342e+00]]
new point utility = 3.2630719314151264
new point = [2.90953658 3.61660729]
point added
classifier utilities = [3.73102686 1.86551344 3.73102686 1.86551344 3.73102686 3.73102686
 3.73102686 1.86551343 1.86551344 1.86551344 1.86551343 1.86551343
 3.73102686 3.73102686 3.73102686 1.86551344 3.73102686 1.86551343
 3.73102685 3.73102686 1.86551343 1.86551343 3.73102685 3.73102686
 3.73102685 1.86551343 3.73102685 1.86551343 1.86551343 1.86551343
 3.73102685 1.86551343 1.86551343 1.86551343 1.86551343 3.73102685
 1.86551343 3.73102685 1.86551343 1.86551343 3.73102685 1.86551343
 3.73102685 1.86551343 3.73102685 1.86551343 1.86551343 3.73102686
 1.86551343 3.73102685 3.73102685 1.86551342 1.86551342]
new classifier utility = [9.92941972e-10]
classifier added
---------------------------- iteration: 70
Size of game = (58, 54)
Objective = 1.8655134221427108
Support of attacker = 2
Support of classifier = 29
init time = 0.5012 s
NFG time = 0.2393 s
plot time = 0.0001 s
BR time = 182.9840 s
Train time = 53.0226 s
Matrix update time = 0.1635 s
Points utilities = [[2.62549987 3.15425603 3.05027068 2.69094029 3.08801965 2.94534058
  3.13139007 3.16364458 3.19088231 2.79128858 2.71203768 3.04531904
  2.99754351 2.32506328 3.05706793 2.9879667  2.57761687 2.77223045
  2.99016624 3.03255786 3.14401495 3.09413298 3.14601658 2.92617541
  2.96084035 3.19109044 2.92660906 3.14319384 3.11902903 2.4037004
  2.9325768  3.00354993 3.01760525 3.02659627 3.0591651  3.09903046
  2.58867465 3.05809031 3.03338576 3.07654954 3.11348547 3.11359965
  2.8868953  3.08453905 3.06535385 3.10358641 3.10173444 2.95150934
  3.12177642 3.08217059 3.16283911 3.124953   3.18795335 3.13658296
  2.93217044 3.18961142 3.22331214 3.26307193]]
new point utility = 3.259245324057845
new point = [2.95621502 3.56227563]
classifier utilities = [3.26307247 3.26307233 3.2630724  3.2630723  3.2630724  3.26307246
 3.26307225 3.26307226 3.26307221 3.26307219 3.26307226 3.26307218
 3.26307239 3.26307239 3.26307228 3.26307218 3.26307225 3.26307216
 3.26307221 3.26307226 3.26307216 3.26307225 3.26307218 3.26307238
 3.26307214 3.26307217 3.26307218 3.26307216 3.26307212 3.26307223
 3.26307226 3.26307212 3.26307216 3.26307219 3.26307221 3.26307225
 3.26307212 3.26307216 3.26307211 3.26307212 3.26307219 3.2630721
 3.26307218 3.2630721  3.26307209 3.2630721  3.26307207 3.26307238
 3.26307206 3.26307209 3.26307208 3.26307203 3.26307196 3.26307206]
new classifier utility = [3.34661009e-07]
classifier added
---------------------------- iteration: 71
Size of game = (58, 55)
Objective = 3.2630719282870584
Support of attacker = 1
Support of classifier = 54
init time = 0.5012 s
NFG time = 0.2422 s
plot time = 0.0001 s
BR time = 188.4358 s
Train time = 55.0973 s
Matrix update time = 0.1644 s
Points utilities = [[2.46026859 2.43044366 2.31022684 1.75611652 2.32713791 1.09891115
  2.33585776 1.08984036 2.25035941 1.66580561 1.72640734 1.62718583
  1.70412696 2.26855627 1.89542291 1.92645504 2.1178662  1.90786814
  1.92475676 1.02423141 2.33931824 1.19510426 2.33007051 1.10971488
  1.8706113  1.15346382 1.9231165  0.77679817 2.15215935 2.40711978
  1.93928883 2.01701063 1.99220876 2.0004761  2.08866423 2.16737489
  2.29732148 2.11580706 2.11806275 2.14199468 2.20505085 2.21348271
  2.38497813 1.37239804 1.38819031 2.25273282 1.42523416 2.31363995
  1.47529349 1.46527806 2.3495712  1.55299261 2.40306858 1.58660679
  2.39142717 2.42767914 1.89832263 2.46026859]]
new point utility = 3.2604807600406986
new point = [3.00943855 3.51405864]
point added
classifier utilities = [4.92053735 2.46026893 2.4602689  2.46026875 2.46026888 4.92053734
 2.46026874 2.46026874 2.46026873 2.4602687  2.46026873 2.46026872
 4.92053729 2.4602689  2.46026878 2.46026871 2.46026875 2.46026866
 2.46026872 2.46026877 2.46026869 2.46026873 2.46026875 2.46026889
 2.46026869 2.46026871 2.4602687  2.4602687  2.46026865 2.46026872
 2.46026876 2.46026864 2.4602687  2.4602687  2.4602687  2.46026875
 2.46026867 2.46026868 2.46026862 2.46026867 2.46026871 2.46026862
 2.4602687  2.46026865 2.46026865 2.46026866 2.4602686  2.46026889
 2.46026861 2.46026868 2.46026864 2.4602686  2.46026859 2.46026866
 2.46026877]
new classifier utility = [1.83926941e-07]
classifier added
---------------------------- iteration: 72
Size of game = (59, 56)
Objective = 2.460268591119483
Support of attacker = 2
Support of classifier = 52
init time = 0.5012 s
NFG time = 0.2456 s
plot time = 0.0001 s
BR time = 194.5477 s
Train time = 55.8491 s
Matrix update time = 0.1693 s
Points utilities = [[2.01181232e+00 1.95618888e+00 1.76493804e+00 1.32189622e+00
  1.70943400e+00 9.19028585e-09 1.75450834e+00 9.66523154e-09
  2.24215267e+00 1.14812294e+00 1.11778548e+00 1.08001797e+00
  1.06493117e+00 1.89981277e+00 1.69328356e+00 1.66494991e+00
  8.81640409e-01 8.18956862e-01 8.39571130e-01 1.11620706e-01
  1.78652299e+00 4.15967010e-01 1.79371891e+00 4.51335363e-01
  1.53853471e+00 9.92900725e-09 1.52857284e+00 4.12350610e-02
  2.11510524e+00 2.05166549e+00 1.63549978e+00 1.28790707e+00
  1.64573505e+00 1.63091113e+00 1.71857640e+00 1.70821603e+00
  2.07069719e+00 1.82169805e+00 1.34534035e+00 1.82104048e+00
  1.81999279e+00 1.47459631e+00 2.30761523e+00 7.91138784e-01
  8.79138155e-01 1.53597195e+00 8.91555440e-01 2.19443301e+00
  9.42829229e-01 9.62338167e-01 2.05028161e+00 1.11895745e+00
  2.14143744e+00 1.13534256e+00 2.27111395e+00 2.14944314e+00
  1.19004145e+00 2.30761524e+00 2.30761524e+00]]
new point utility = 3.2530369946119193
new point = [2.84899659 3.6570774 ]
point added
classifier utilities = [3.46142295 3.4614229  3.46142294 3.4614229  3.46142294 3.46142295
 2.30761534 3.46142289 3.46142289 2.30761533 3.46142289 3.46142288
 2.30761535 3.46142294 2.30761533 3.46142288 2.30761533 2.30761529
 2.30761533 3.46142292 2.30761532 3.46142288 3.46142289 3.46142294
 2.30761528 3.46142288 2.30761532 3.46142288 2.30761528 3.46142288
 3.46142291 2.30761527 3.46142288 3.46142287 3.46142287 3.46142291
 3.46142286 2.3076153  2.30761526 3.46142286 2.30761532 2.30761527
 2.30761532 3.46142286 2.30761526 3.46142286 2.30761526 3.46142294
 2.30761529 3.46142285 2.30761526 3.46142284 2.30761525 2.30761524
 2.30761532 2.30761528]
new classifier utility = [1.15380768]
classifier added
---------------------------- iteration: 73
Size of game = (60, 57)
Objective = 2.30761523588993
Support of attacker = 3
Support of classifier = 25
init time = 0.5012 s
NFG time = 0.2490 s
plot time = 0.0001 s
BR time = 199.6616 s
Train time = 57.7776 s
Matrix update time = 0.1741 s
Points utilities = [[2.48812092 3.13179511 3.02761815 2.74906334 3.14374812 2.94218151
  3.12505256 3.14833804 3.19122234 2.78494323 2.64046622 3.02002569
  2.98418516 2.27057701 3.0713682  3.00970014 2.65194414 2.81437578
  3.01297633 2.9757389  3.14420267 3.04301141 3.14038126 2.8083104
  2.96838014 3.17681414 2.94320498 3.08486506 3.10862927 2.34759905
  2.95166763 3.00605965 3.03355014 3.04186375 3.07366738 3.12483122
  2.53625858 3.07602228 3.00147252 3.09789026 3.14277687 3.07242569
  2.94535962 2.97551482 3.01408049 3.12231049 2.99476559 2.98718023
  3.01906276 2.97977007 3.14341036 3.02283377 3.17291431 3.03446444
  2.99227294 3.17447467 3.11200871 3.12152708 3.18624484 3.25303699]]
new point utility = 3.2625096830426865
new point = [ 6.26438992 10.        ]
classifier utilities = [3.25303755 3.25303741 3.25303748 3.25303738 3.25303748 3.25303754
 3.25303733 3.25303734 3.25303729 3.25303727 3.25303733 3.25303726
 3.25303748 3.25303748 3.25303736 3.25303726 3.25303733 3.25303724
 3.25303729 3.25303734 3.25303724 3.25303733 3.25303726 3.25303746
 3.25303722 3.25303725 3.25303726 3.25303724 3.2530372  3.25303731
 3.25303733 3.25303719 3.25303724 3.25303726 3.25303728 3.25303732
 3.25303718 3.25303722 3.25303717 3.25303718 3.25303727 3.25303716
 3.25303726 3.25303716 3.25303716 3.25303717 3.25303714 3.25303747
 3.25303714 3.25303716 3.25303715 3.25303713 3.25303712 3.25303712
 3.25303743 3.25303724 3.25303741]
new classifier utility = [3.25303755]
Size of game = (60, 57)
Objective = 3.25303699089677
Number of iterations = 74
Support of attacker = 1
Support of classifier = 57
init time = 0.5012 s
NFG time = 0.2521 s
plot time = 0.0001 s
BR time = 206.2883 s
Train time = 60.0501 s
Matrix update time = 0.1750 s
