NEW RUN________________________________________
positive data: [[8.53553389]]
positive utility: 10.0
____iterstion: 0
positive data: [[8.53553389]]
positive support: [1.]
classifires probs: [1.]
BR point: [1.4644661]
BR value: 9.999999998021366
BR point: [1.4644661]
BR value: 9.999999998021366
Points utilities = [[10.]]
new point utility = 9.999999998021366
new point = [1.4644661]
3
classifier utilities = 10.000000006757414
new classifier utility = [0.]
new classifier is better = True
classifier utilities = 10.000000006757414
new classifier utility = [0.]
new classifier is better = True
classifier utilities = [10.00000001]
new classifier utility = [0.]
classifier added
classifires probs: [1.]
____iterstion: 1
positive data: [[8.53553389]]
positive support: [1.]
classifires probs: [-2.63694171e-11  1.00000000e+00]
BR point: [1.46446611]
BR value: 10.000000000232056
BR point: [1.46446611]
BR value: 10.000000000232056
Points utilities = [[-2.63694171e-10]]
new point utility = 10.000000000232056
new point = [1.46446611]
point added
3
classifires probs: [-2.63694171e-11  1.00000000e+00]
____iterstion: 2
positive data: [[8.53553389 1.46446611]]
positive support: [1.43684128e-10 1.00000000e+00]
classifires probs: [0.88406383 0.11593617]
BR point: [1.4644661]
BR value: 9.99999999651659
BR point: [1.4644661]
BR value: 9.99999999651659
Points utilities = [[ 8.84063832 10.        ]]
new point utility = 9.99999999651659
new point = [1.4644661]
3
classifier utilities = 10.000000022519682
new classifier utility = [0.]
new classifier is better = True
classifier utilities = 10.000000022519682
new classifier utility = [0.]
new classifier is better = True
classifier utilities = [10.00000002 10.00000002]
new classifier utility = [1.43684128e-09]
classifier added
classifires probs: [0.88406383 0.11593617]
____iterstion: 3
positive data: [[8.53553389 1.46446611]]
positive support: [0.5 0.5]
classifires probs: [-1.9687336e-10  5.0000000e-01  5.0000000e-01]
BR point: [3.03030303]
BR value: 5.24419417376841
BR point: [3.03030303]
BR value: 5.24419417376841
Points utilities = [[5. 5.]]
new point utility = 5.24419417376841
new point = [3.03030303]
point added
3
classifier utilities = 5.000000007245134
new classifier utility = [0.]
new classifier is better = True
classifier utilities = 5.000000007245134
new classifier utility = [0.]
new classifier is better = True
classifier utilities = 5.000000007245134
new classifier utility = [0.]
new classifier is better = True
classifier utilities = [10.00000001  5.00000001  5.00000001]
new classifier utility = [0.]
classifier added
classifires probs: [-1.9687336e-10  5.0000000e-01  5.0000000e-01]
____iterstion: 4
positive data: [[8.53553389 1.46446611 3.03030303]]
positive support: [2.38674161e-10 2.38625584e-10 1.00000000e+00]
classifires probs: [0.45426694 0.00132791 0.00132778 0.54307736]
BR point: [2.99061736]
BR value: 5.409646094451481
BR point: [2.99061736]
BR value: 5.409646094451481
Points utilities = [[4.55594719 4.55594854 5.24419409]]
new point utility = 5.409646094451481
new point = [2.99061736]
point added
3
classifier utilities = 5.244194049687066
new classifier utility = [0.]
new classifier is better = True
classifier utilities = 5.244194049687066
new classifier utility = [0.]
new classifier is better = True
classifier utilities = 5.244194049687066
new classifier utility = [0.]
new classifier is better = True
classifier utilities = [5.2441942  5.2441942  5.2441942  5.24419405]
new classifier utility = [2.38674161e-09]
classifier added
classifires probs: [0.45426694 0.00132791 0.00132778 0.54307736]
____iterstion: 5
positive data: [[8.53553389 1.46446611 3.03030303 2.99061736]]
positive support: [3.51358580e-01 6.71489172e-11 6.86441526e-10 6.48641420e-01]
classifires probs: [-1.67660839e-11  3.13463654e-01  9.48365228e-03  3.35177766e-01
  3.41874927e-01]
BR point: [6.56565657]
BR value: 3.537487106495054
BR point: [6.56565657]
BR value: 3.537487106495054
Points utilities = [[3.5135858  3.13463654 3.45133562 3.5135858 ]]
new point utility = 3.537487106495054
new point = [6.56565657]
3
classifier utilities = 3.5135857982499683
new classifier utility = [0.]
new classifier is better = True
classifier utilities = 3.5135857982499683
new classifier utility = [0.]
new classifier is better = True
classifier utilities = 3.5135857982499683
new classifier utility = [0.]
new classifier is better = True
classifier utilities = 3.5135857982499683
new classifier utility = [0.]
new classifier is better = True
classifier utilities = 3.5135857982499683
new classifier utility = [0.]
new classifier is better = True
classifier utilities = [7.0271716 3.5135858 3.5135858 3.5135858 3.5135858]
new classifier utility = [0.]
classifier added
classifires probs: [-1.67660839e-11  3.13463654e-01  9.48365228e-03  3.35177766e-01
  3.41874927e-01]
____iterstion: 6
positive data: [[8.53553389 1.46446611 3.03030303 2.99061736]]
positive support: [0.21488578 0.08545246 0.22278841 0.47687336]
classifires probs: [-1.26937411e-10 -9.65918385e-11 -1.32235832e-10 -1.83336733e-10
 -1.44451371e-10  1.00000000e+00]
BR point: [6.74902294]
BR value: 4.295619411068935
BR point: [6.74902294]
BR value: 4.295619411068935
Points utilities = [[-4.03624614e-09 -2.23529249e-09 -2.82715457e-09 -2.20392730e-09]]
new point utility = 4.295619411068935
new point = [6.74902294]
point added
3
classifires probs: [-1.26937411e-10 -9.65918385e-11 -1.32235832e-10 -1.83336733e-10
 -1.44451371e-10  1.00000000e+00]
____iterstion: 7
positive data: [[8.53553389 1.46446611 3.03030303 2.99061736 6.74902294]]
positive support: [7.13830129e-11 6.95221684e-11 7.41781192e-10 4.42279334e-01
 5.57720665e-01]
classifires probs: [-2.19721827e-11  2.05102031e-01  5.96954264e-03  2.37177304e-01
  2.01189601e-01  3.50561521e-01]
BR point: [6.58299542]
BR value: 3.6075171628743807
BR point: [6.58299542]
BR value: 3.6075171628743807
Points utilities = [[2.07159144 2.05102031 2.35070412 2.39575571 2.39575571]]
new point utility = 3.6075171628743807
new point = [6.58299542]
point added
3
classifier utilities = 2.395755714890655
new classifier utility = [2.39575571]
new classifier is better = False
classifier utilities = 2.395755714890655
new classifier utility = [2.39575571]
new classifier is better = False
classifier utilities = 2.395755714890655
new classifier utility = [0.]
new classifier is better = True
classifier utilities = [4.79151143 2.39575572 2.39575572 2.39575572 2.39575572 2.39575571]
new classifier utility = [0.]
classifier added
classifires probs: [-2.19721827e-11  2.05102031e-01  5.96954264e-03  2.37177304e-01
  2.01189601e-01  3.50561521e-01]
____iterstion: 8
positive data: [[8.53553389 1.46446611 3.03030303 2.99061736 6.74902294 6.58299542]]
positive support: [0.03661189 0.06299375 0.13744003 0.27004141 0.36882088 0.12409205]
classifires probs: [-2.02089882e-10 -9.71001016e-11 -1.41285984e-10 -2.40308824e-10
 -8.55389671e-11 -2.14854898e-10  1.00000000e+00]
BR point: [3.45834838]
BR value: 3.441189675333532
BR point: [3.45834838]
BR value: 3.441189675333532
Points utilities = [[-4.28914833e-09 -2.99189984e-09 -3.57016761e-09 -2.92237790e-09
  -2.76538975e-09 -3.53961885e-09]]
new point utility = 3.441189675333532
new point = [3.45834838]
point added
3
classifires probs: [-2.02089882e-10 -9.71001016e-11 -1.41285984e-10 -2.40308824e-10
 -8.55389671e-11 -2.14854898e-10  1.00000000e+00]
____iterstion: 9
positive data: [[8.53553389 1.46446611 3.03030303 2.99061736 6.74902294 6.58299542
  3.45834838]]
positive support: [8.36770594e-10 4.19064241e-10 1.94470419e-10 1.13734631e-10
 4.44781512e-01 7.19841183e-09 5.55218485e-01]
classifires probs: [-2.83836205e-10  3.73916070e-02 -2.17413168e-10  2.78810690e-02
  1.41193134e-01  3.03588382e-01  4.89945808e-01]
BR point: [3.79056312]
BR value: 2.203445620716803
BR point: [3.79056312]
BR value: 2.203445620716803
Points utilities = [[1.41193133 0.37391607 0.34230258 0.35357154 1.91061211 1.84002925
  1.91061211]]
new point utility = 2.203445620716803
new point = [3.79056312]
point added
3
classifier utilities = 1.9106121168889092
new classifier utility = [3.82122421]
new classifier is better = False
classifier utilities = 1.9106121168889092
new classifier utility = [3.82122421]
new classifier is better = False
classifier utilities = 1.9106121168889092
new classifier utility = [1.91061212]
new classifier is better = False
classifier utilities = 1.9106121168889092
new classifier utility = [1.91061212]
new classifier is better = False
classifier utilities = 1.9106121168889092
new classifier utility = [0.]
new classifier is better = True
classifier utilities = 1.9106121168889092
new classifier utility = [0.]
new classifier is better = True
classifier utilities = 1.9106121168889092
new classifier utility = [0.]
new classifier is better = True
classifier utilities = 1.9106121168889092
new classifier utility = [0.]
new classifier is better = True
classifier utilities = [3.82122425 1.91061215 3.82122425 1.91061214 1.91061213 1.91061212
 1.91061212]
new classifier utility = [0.]
classifier added
classifires probs: [-2.83836205e-10  3.73916070e-02 -2.17413168e-10  2.78810690e-02
  1.41193134e-01  3.03588382e-01  4.89945808e-01]
____iterstion: 10
positive data: [[8.53553389 1.46446611 3.03030303 2.99061736 6.74902294 6.58299542
  3.45834838 3.79056312]]
positive support: [0.04311599 0.06468204 0.05600611 0.15351821 0.19841933 0.02372706
 0.16027569 0.30025559]
classifires probs: [-2.52486357e-10 -2.01313522e-10 -9.13977332e-11 -2.95872970e-10
 -1.75590254e-10 -2.97813346e-10 -2.74629939e-10  1.00000000e+00]
BR point: [3.90976155]
BR value: 1.8113715089560338
BR point: [3.90976155]
BR value: 1.8113715089560338
Points utilities = [[-5.19474344e-09 -4.53799879e-09 -4.41073740e-09 -4.06085672e-09
  -3.51075686e-09 -4.74198817e-09 -3.83933711e-09 -3.50150452e-09]]
new point utility = 1.8113715089560338
new point = [3.90976155]
point added
3
classifires probs: [-2.52486357e-10 -2.01313522e-10 -9.13977332e-11 -2.95872970e-10
 -1.75590254e-10 -2.97813346e-10 -2.74629939e-10  1.00000000e+00]
____iterstion: 11
positive data: [[8.53553389 1.46446611 3.03030303 2.99061736 6.74902294 6.58299542
  3.45834838 3.79056312 3.90976155]]
positive support: [2.34378476e-09 1.48976728e-09 1.34182670e-09 5.88117166e-10
 5.47460938e-10 3.40380999e-09 2.04342717e-09 9.05622935e-10
 1.00000000e+00]
classifires probs: [0.06894049 0.08544631 0.04037108 0.09294587 0.05084071 0.13453519
 0.18541166 0.34150869]
BR point: [3.91125754]
BR value: 1.8066511985926716
BR point: [3.91125754]
BR value: 1.8066511985926716
Points utilities = [[1.60152286 1.54386799 1.50877431 1.33976109 1.26586523 1.70664295
  1.62807987 1.45094979 1.81137151]]
new point utility = 1.8066511985926716
new point = [3.91125754]
3
classifier utilities = 1.8113715105539097
new classifier utility = [1.81137151]
new classifier is better = False
classifier utilities = 1.8113715105539097
new classifier utility = [1.81137151]
new classifier is better = False
classifier utilities = 1.8113715105539097
new classifier utility = [0.]
new classifier is better = True
classifier utilities = [1.81137158 1.81137156 1.81137156 1.81137154 1.81137155 1.81137153
 1.81137152 1.81137151]
new classifier utility = [3.80688344e-08]
classifier added
classifires probs: [0.06894049 0.08544631 0.04037108 0.09294587 0.05084071 0.13453519
 0.18541166 0.34150869]
____iterstion: 12
positive data: [[8.53553389 1.46446611 3.03030303 2.99061736 6.74902294 6.58299542
  3.45834838 3.79056312 3.90976155]]
positive support: [1.53358271e-01 1.27493444e-09 1.38449656e-09 6.00541362e-10
 9.66450459e-10 6.86076267e-09 3.28690712e-09 1.03616552e-09
 8.46641730e-01]
classifires probs: [-8.36930881e-10  1.01974593e-01 -5.76941764e-10  7.20782549e-02
 -7.95196099e-10  6.49233936e-02  1.93380513e-01  4.14284974e-01
  1.53358272e-01]
BR point: [6.07134065]
BR value: 1.7521210691564408
BR point: [6.07134065]
BR value: 1.7521210691564408
Points utilities = [[1.5335827  1.01974593 0.91276692 0.94281616 0.93765495 1.41535349
  1.26440788 0.95267459 1.5335827 ]]
new point utility = 1.7521210691564408
new point = [6.07134065]
point added
3
classifier utilities = 1.5335827080970577
new classifier utility = [1.53358271]
new classifier is better = False
classifier utilities = 1.5335827080970577
new classifier utility = [1.53358271]
new classifier is better = False
classifier utilities = 1.5335827080970577
new classifier utility = [1.53358271]
new classifier is better = False
classifier utilities = 1.5335827080970577
new classifier utility = [1.53358271]
new classifier is better = False
classifier utilities = 1.5335827080970577
new classifier utility = [1.53358271]
new classifier is better = False
classifier utilities = 1.5335827080970577
new classifier utility = [1.53358271]
new classifier is better = False
classifier utilities = 1.5335827080970577
new classifier utility = [1.53358271]
new classifier is better = False
classifier utilities = 1.5335827080970577
new classifier utility = [1.53358271]
new classifier is better = False
classifier utilities = 1.5335827080970577
new classifier utility = [1.53358271]
new classifier is better = False
classifier utilities = 1.5335827080970577
new classifier utility = [1.53358271]
new classifier is better = False
classifier utilities = 1.5335827080970577
new classifier utility = [1.53358271]
new classifier is better = False
classifier utilities = 1.5335827080970577
new classifier utility = [1.53358271]
new classifier is better = False
classifier utilities = 1.5335827080970577
new classifier utility = [1.53358271]
new classifier is better = False
classifier utilities = 1.5335827080970577
new classifier utility = [1.53358271]
new classifier is better = False
classifier utilities = 1.5335827080970577
new classifier utility = [1.53358271]
new classifier is better = False
classifier utilities = 1.5335827080970577
new classifier utility = [1.53358271]
new classifier is better = False
classifier utilities = 1.5335827080970577
new classifier utility = [1.53358271]
new classifier is better = False
classifier utilities = 1.5335827080970577
new classifier utility = [1.53358271]
new classifier is better = False
classifier utilities = 1.5335827080970577
new classifier utility = [1.53358271]
new classifier is better = False
classifier utilities = 1.5335827080970577
new classifier utility = [1.53358271]
new classifier is better = False
classifier utilities = 1.5335827080970577
new classifier utility = [1.53358271]
new classifier is better = False
classifier utilities = 1.5335827080970577
new classifier utility = [1.53358271]
new classifier is better = False
classifier utilities = 1.5335827080970577
new classifier utility = [1.53358271]
new classifier is better = False
classifier utilities = 1.5335827080970577
new classifier utility = [1.53358271]
new classifier is better = False
classifier utilities = 1.5335827080970577
new classifier utility = [1.53358271]
new classifier is better = False
classifier utilities = 1.5335827080970577
new classifier utility = [1.53358271]
new classifier is better = False
classifier utilities = 1.5335827080970577
new classifier utility = [1.53358271]
new classifier is better = False
classifier utilities = 1.5335827080970577
new classifier utility = [1.53358271]
new classifier is better = False
classifier utilities = 1.5335827080970577
new classifier utility = [1.53358271]
new classifier is better = False
classifier utilities = 1.5335827080970577
new classifier utility = [1.53358271]
new classifier is better = False
classifier utilities = 1.5335827080970577
new classifier utility = [1.53358271]
new classifier is better = False
classifier utilities = 1.5335827080970577
new classifier utility = [1.53358271]
new classifier is better = False
classifier utilities = 1.5335827080970577
new classifier utility = [1.53358271]
new classifier is better = False
classifier utilities = 1.5335827080970577
new classifier utility = [1.53358271]
new classifier is better = False
classifier utilities = 1.5335827080970577
new classifier utility = [1.53358271]
new classifier is better = False
classifier utilities = 1.5335827080970577
new classifier utility = [1.53358271]
new classifier is better = False
classifier utilities = 1.5335827080970577
new classifier utility = [1.53358271]
new classifier is better = False
classifier utilities = 1.5335827080970577
new classifier utility = [1.53358271]
new classifier is better = False
classifier utilities = 1.5335827080970577
new classifier utility = [1.53358271]
new classifier is better = False
classifier utilities = 1.5335827080970577
new classifier utility = [1.53358271]
new classifier is better = False
classifier utilities = 1.5335827080970577
new classifier utility = [1.53358271]
new classifier is better = False
classifier utilities = 1.5335827080970577
new classifier utility = [1.53358271]
new classifier is better = False
classifier utilities = 1.5335827080970577
new classifier utility = [1.53358271]
new classifier is better = False
classifier utilities = 1.5335827080970577
new classifier utility = [1.53358271]
new classifier is better = False
classifier utilities = 1.5335827080970577
new classifier utility = [1.53358271]
new classifier is better = False
classifier utilities = 1.5335827080970577
new classifier utility = [1.53358271]
new classifier is better = False
classifier utilities = 1.5335827080970577
new classifier utility = [1.53358271]
new classifier is better = False
classifier utilities = 1.5335827080970577
new classifier utility = [1.53358271]
new classifier is better = False
classifier utilities = 1.5335827080970577
new classifier utility = [1.53358271]
new classifier is better = False
classifier utilities = 1.5335827080970577
new classifier utility = [1.53358271]
new classifier is better = False
classifier utilities = 1.5335827080970577
new classifier utility = [1.53358271]
new classifier is better = False
classifier utilities = 1.5335827080970577
new classifier utility = [1.53358271]
new classifier is better = False
classifier utilities = 1.5335827080970577
new classifier utility = [1.53358271]
new classifier is better = False
classifier utilities = 1.5335827080970577
new classifier utility = [1.53358271]
new classifier is better = False
classifier utilities = 1.5335827080970577
new classifier utility = [1.53358271]
new classifier is better = False
classifier utilities = 1.5335827080970577
new classifier utility = [1.53358271]
new classifier is better = False
classifier utilities = 1.5335827080970577
new classifier utility = [1.53358271]
new classifier is better = False
classifier utilities = 1.5335827080970577
new classifier utility = [1.53358271]
new classifier is better = False
classifier utilities = 1.5335827080970577
new classifier utility = [1.53358271]
new classifier is better = False
classifier utilities = 1.5335827080970577
new classifier utility = [1.53358271]
new classifier is better = False
classifier utilities = 1.5335827080970577
new classifier utility = [1.53358271]
new classifier is better = False
classifier utilities = 1.5335827080970577
new classifier utility = [1.53358271]
new classifier is better = False
classifier utilities = 1.5335827080970577
new classifier utility = [1.53358271]
new classifier is better = False
classifier utilities = 1.5335827080970577
new classifier utility = [1.53358271]
new classifier is better = False
classifier utilities = 1.5335827080970577
new classifier utility = [1.53358271]
new classifier is better = False
classifier utilities = 1.5335827080970577
new classifier utility = [1.53358271]
new classifier is better = False
classifier utilities = 1.5335827080970577
new classifier utility = [1.53358271]
new classifier is better = False
classifier utilities = 1.5335827080970577
new classifier utility = [1.53358271]
new classifier is better = False
classifier utilities = 1.5335827080970577
new classifier utility = [1.53358271]
new classifier is better = False
classifier utilities = 1.5335827080970577
new classifier utility = [1.53358271]
new classifier is better = False
classifier utilities = 1.5335827080970577
new classifier utility = [1.53358271]
new classifier is better = False
classifier utilities = 1.5335827080970577
new classifier utility = [1.53358271]
new classifier is better = False
classifier utilities = 1.5335827080970577
new classifier utility = [1.53358271]
new classifier is better = False
classifier utilities = 1.5335827080970577
new classifier utility = [1.53358271]
new classifier is better = False
classifier utilities = 1.5335827080970577
new classifier utility = [1.53358271]
new classifier is better = False
classifier utilities = 1.5335827080970577
new classifier utility = [1.53358271]
new classifier is better = False
classifier utilities = 1.5335827080970577
new classifier utility = [1.53358271]
new classifier is better = False
classifier utilities = 1.5335827080970577
new classifier utility = [1.53358271]
new classifier is better = False
classifier utilities = 1.5335827080970577
new classifier utility = [1.53358271]
new classifier is better = False
classifier utilities = 1.5335827080970577
new classifier utility = [1.53358271]
new classifier is better = False
classifier utilities = 1.5335827080970577
new classifier utility = [1.53358271]
new classifier is better = False
classifier utilities = 1.5335827080970577
new classifier utility = [1.53358271]
new classifier is better = False
classifier utilities = 1.5335827080970577
new classifier utility = [1.53358271]
new classifier is better = False
classifier utilities = 1.5335827080970577
new classifier utility = [1.53358271]
new classifier is better = False
classifier utilities = 1.5335827080970577
new classifier utility = [1.53358271]
new classifier is better = False
classifier utilities = 1.5335827080970577
new classifier utility = [1.53358271]
new classifier is better = False
classifier utilities = 1.5335827080970577
new classifier utility = [1.53358271]
new classifier is better = False
classifier utilities = 1.5335827080970577
new classifier utility = [1.53358271]
new classifier is better = False
classifier utilities = 1.5335827080970577
new classifier utility = [1.53358271]
new classifier is better = False
classifier utilities = 1.5335827080970577
new classifier utility = [1.53358271]
new classifier is better = False
classifier utilities = 1.5335827080970577
new classifier utility = [1.53358271]
new classifier is better = False
classifier utilities = 1.5335827080970577
new classifier utility = [1.53358271]
new classifier is better = False
classifier utilities = 1.5335827080970577
new classifier utility = [1.53358271]
new classifier is better = False
classifier utilities = 1.5335827080970577
new classifier utility = [1.53358271]
new classifier is better = False
classifier utilities = 1.5335827080970577
new classifier utility = [1.53358271]
new classifier is better = False
classifier utilities = 1.5335827080970577
new classifier utility = [1.53358271]
new classifier is better = False
classifier utilities = 1.5335827080970577
new classifier utility = [1.53358271]
new classifier is better = False
classifier utilities = 1.5335827080970577
new classifier utility = [1.53358271]
new classifier is better = False
classifier utilities = 1.5335827080970577
new classifier utility = [1.53358271]
new classifier is better = False
classifier utilities = 1.5335827080970577
new classifier utility = [1.53358271]
new classifier is better = False
classifier utilities = [3.06716549 1.53358277 3.06716547 1.53358276 3.06716545 1.53358274
 1.53358272 1.53358271 1.53358274]
new classifier utility = [1.53358274]
classifires probs: [-8.36930881e-10  1.01974593e-01 -5.76941764e-10  7.20782549e-02
 -7.95196099e-10  6.49233936e-02  1.93380513e-01  4.14284974e-01
  1.53358272e-01]
____iterstion: 13
positive data: [[8.53553389 1.46446611 3.03030303 2.99061736 6.74902294 6.58299542
  3.45834838 3.79056312 3.90976155 6.07134065]]
positive support: [6.21109576e-09 3.51156752e-09 1.98652673e-09 2.35271034e-09
 1.62568244e-09 7.60171382e-09 4.90570292e-09 1.48664534e-09
 1.31996485e-08 9.99999993e-01]
classifires probs: [0.0437047  0.10543467 0.02448748 0.09163679 0.02969625 0.1059246
 0.19585205 0.3417793  0.06148416]
BR point: [6.07111522]
BR value: 1.7514192513004179
BR point: [6.07111522]
BR value: 1.7514192513004179
Points utilities = [[1.5937259  1.49139373 1.39109403 1.30424558 1.13961576 1.66800283
  1.58678655 1.31487652 1.70000086 1.75212107]]
new point utility = 1.7514192513004179
new point = [6.07111522]
3
classifier utilities = 1.7521210817180761
new classifier utility = [1.75212106]
new classifier is better = False
classifier utilities = 1.7521210817180761
new classifier utility = [0.]
new classifier is better = True
classifier utilities = 1.7521210817180761
new classifier utility = [0.]
new classifier is better = True
classifier utilities = [1.75212126 1.75212119 1.75212121 1.75212115 1.75212118 1.75212112
 1.7521211  1.75212108 1.75212115]
new classifier utility = [1.02344323e-07]
classifier added
classifires probs: [0.0437047  0.10543467 0.02448748 0.09163679 0.02969625 0.1059246
 0.19585205 0.3417793  0.06148416]
____iterstion: 14
positive data: [[8.53553389 1.46446611 3.03030303 2.99061736 6.74902294 6.58299542
  3.45834838 3.79056312 3.90976155 6.07134065]]
positive support: [1.53358271e-01 7.97568406e-10 4.74750065e-10 4.35077642e-10
 3.89873750e-10 1.01056846e-09 7.39865782e-10 4.15100124e-10
 8.46641728e-01 1.86265328e-09]
classifires probs: [-1.84482733e-10  8.88766286e-03 -2.29782801e-10  8.15479532e-02
 -9.09762890e-11  1.29141666e-01  1.58558215e-01  3.34979285e-01
  1.53358271e-01  1.33526947e-01]
BR point: [8.53553392]
BR value: 1.5335827054227726
BR point: [8.53553392]
BR value: 1.5335827054227726
Points utilities = [[1.53358271 1.42414609 1.17450315 1.21316902 1.21351221 1.34537141
  1.31632655 1.12742037 1.53358271 1.51816569]]
new point utility = 1.5335827054227726
new point = [8.53553392]
3
classifier utilities = 1.5335827074905373
new classifier utility = [1.5335827]
new classifier is better = False
classifier utilities = 1.5335827074905373
new classifier utility = [1.5335827]
new classifier is better = False
classifier utilities = 1.5335827074905373
new classifier utility = [1.5335827]
new classifier is better = False
classifier utilities = 1.5335827074905373
new classifier utility = [1.5335827]
new classifier is better = False
classifier utilities = 1.5335827074905373
new classifier utility = [1.5335827]
new classifier is better = False
classifier utilities = 1.5335827074905373
new classifier utility = [1.5335827]
new classifier is better = False
classifier utilities = 1.5335827074905373
new classifier utility = [1.5335827]
new classifier is better = False
classifier utilities = 1.5335827074905373
new classifier utility = [1.5335827]
new classifier is better = False
classifier utilities = 1.5335827074905373
new classifier utility = [1.5335827]
new classifier is better = False
classifier utilities = 1.5335827074905373
new classifier utility = [1.5335827]
new classifier is better = False
classifier utilities = 1.5335827074905373
new classifier utility = [1.5335827]
new classifier is better = False
classifier utilities = 1.5335827074905373
new classifier utility = [1.5335827]
new classifier is better = False
classifier utilities = 1.5335827074905373
new classifier utility = [1.5335827]
new classifier is better = False
classifier utilities = 1.5335827074905373
new classifier utility = [1.5335827]
new classifier is better = False
classifier utilities = 1.5335827074905373
new classifier utility = [1.5335827]
new classifier is better = False
classifier utilities = 1.5335827074905373
new classifier utility = [1.5335827]
new classifier is better = False
classifier utilities = 1.5335827074905373
new classifier utility = [1.5335827]
new classifier is better = False
classifier utilities = 1.5335827074905373
new classifier utility = [1.5335827]
new classifier is better = False
classifier utilities = 1.5335827074905373
new classifier utility = [1.5335827]
new classifier is better = False
classifier utilities = 1.5335827074905373
new classifier utility = [1.5335827]
new classifier is better = False
classifier utilities = 1.5335827074905373
new classifier utility = [1.5335827]
new classifier is better = False
classifier utilities = 1.5335827074905373
new classifier utility = [1.5335827]
new classifier is better = False
classifier utilities = 1.5335827074905373
new classifier utility = [1.5335827]
new classifier is better = False
classifier utilities = 1.5335827074905373
new classifier utility = [1.5335827]
new classifier is better = False
classifier utilities = 1.5335827074905373
new classifier utility = [1.5335827]
new classifier is better = False
classifier utilities = 1.5335827074905373
new classifier utility = [1.5335827]
new classifier is better = False
classifier utilities = 1.5335827074905373
new classifier utility = [1.5335827]
new classifier is better = False
classifier utilities = 1.5335827074905373
new classifier utility = [1.5335827]
new classifier is better = False
classifier utilities = 1.5335827074905373
new classifier utility = [1.5335827]
new classifier is better = False
classifier utilities = 1.5335827074905373
new classifier utility = [1.5335827]
new classifier is better = False
classifier utilities = 1.5335827074905373
new classifier utility = [1.5335827]
new classifier is better = False
classifier utilities = 1.5335827074905373
new classifier utility = [1.5335827]
new classifier is better = False
classifier utilities = 1.5335827074905373
new classifier utility = [1.5335827]
new classifier is better = False
classifier utilities = 1.5335827074905373
new classifier utility = [1.5335827]
new classifier is better = False
classifier utilities = 1.5335827074905373
new classifier utility = [1.5335827]
new classifier is better = False
classifier utilities = 1.5335827074905373
new classifier utility = [1.5335827]
new classifier is better = False
classifier utilities = 1.5335827074905373
new classifier utility = [1.5335827]
new classifier is better = False
classifier utilities = 1.5335827074905373
new classifier utility = [1.5335827]
new classifier is better = False
classifier utilities = 1.5335827074905373
new classifier utility = [1.5335827]
new classifier is better = False
classifier utilities = 1.5335827074905373
new classifier utility = [1.5335827]
new classifier is better = False
classifier utilities = 1.5335827074905373
new classifier utility = [1.5335827]
new classifier is better = False
classifier utilities = 1.5335827074905373
new classifier utility = [1.5335827]
new classifier is better = False
classifier utilities = 1.5335827074905373
new classifier utility = [1.5335827]
new classifier is better = False
classifier utilities = 1.5335827074905373
new classifier utility = [1.5335827]
new classifier is better = False
classifier utilities = 1.5335827074905373
new classifier utility = [1.5335827]
new classifier is better = False
classifier utilities = 1.5335827074905373
new classifier utility = [1.5335827]
new classifier is better = False
classifier utilities = 1.5335827074905373
new classifier utility = [1.5335827]
new classifier is better = False
classifier utilities = 1.5335827074905373
new classifier utility = [1.5335827]
new classifier is better = False
classifier utilities = 1.5335827074905373
new classifier utility = [1.5335827]
new classifier is better = False
classifier utilities = 1.5335827074905373
new classifier utility = [1.5335827]
new classifier is better = False
classifier utilities = 1.5335827074905373
new classifier utility = [1.5335827]
new classifier is better = False
classifier utilities = 1.5335827074905373
new classifier utility = [1.5335827]
new classifier is better = False
classifier utilities = 1.5335827074905373
new classifier utility = [1.5335827]
new classifier is better = False
classifier utilities = 1.5335827074905373
new classifier utility = [1.5335827]
new classifier is better = False
classifier utilities = 1.5335827074905373
new classifier utility = [1.5335827]
new classifier is better = False
classifier utilities = 1.5335827074905373
new classifier utility = [1.5335827]
new classifier is better = False
classifier utilities = 1.5335827074905373
new classifier utility = [1.5335827]
new classifier is better = False
classifier utilities = 1.5335827074905373
new classifier utility = [1.5335827]
new classifier is better = False
classifier utilities = 1.5335827074905373
new classifier utility = [1.5335827]
new classifier is better = False
classifier utilities = 1.5335827074905373
new classifier utility = [1.5335827]
new classifier is better = False
classifier utilities = 1.5335827074905373
new classifier utility = [1.5335827]
new classifier is better = False
classifier utilities = 1.5335827074905373
new classifier utility = [1.5335827]
new classifier is better = False
classifier utilities = 1.5335827074905373
new classifier utility = [1.5335827]
new classifier is better = False
classifier utilities = 1.5335827074905373
new classifier utility = [1.5335827]
new classifier is better = False
classifier utilities = 1.5335827074905373
new classifier utility = [1.5335827]
new classifier is better = False
classifier utilities = 1.5335827074905373
new classifier utility = [1.5335827]
new classifier is better = False
classifier utilities = 1.5335827074905373
new classifier utility = [1.5335827]
new classifier is better = False
classifier utilities = 1.5335827074905373
new classifier utility = [1.5335827]
new classifier is better = False
classifier utilities = 1.5335827074905373
new classifier utility = [1.5335827]
new classifier is better = False
classifier utilities = 1.5335827074905373
new classifier utility = [1.5335827]
new classifier is better = False
classifier utilities = 1.5335827074905373
new classifier utility = [1.5335827]
new classifier is better = False
classifier utilities = 1.5335827074905373
new classifier utility = [1.5335827]
new classifier is better = False
classifier utilities = 1.5335827074905373
new classifier utility = [1.5335827]
new classifier is better = False
classifier utilities = 1.5335827074905373
new classifier utility = [1.5335827]
new classifier is better = False
classifier utilities = 1.5335827074905373
new classifier utility = [1.5335827]
new classifier is better = False
classifier utilities = 1.5335827074905373
new classifier utility = [1.5335827]
new classifier is better = False
classifier utilities = 1.5335827074905373
new classifier utility = [1.5335827]
new classifier is better = False
classifier utilities = 1.5335827074905373
new classifier utility = [1.5335827]
new classifier is better = False
classifier utilities = 1.5335827074905373
new classifier utility = [1.5335827]
new classifier is better = False
classifier utilities = 1.5335827074905373
new classifier utility = [1.5335827]
new classifier is better = False
classifier utilities = 1.5335827074905373
new classifier utility = [1.5335827]
new classifier is better = False
classifier utilities = 1.5335827074905373
new classifier utility = [1.5335827]
new classifier is better = False
classifier utilities = 1.5335827074905373
new classifier utility = [1.5335827]
new classifier is better = False
classifier utilities = 1.5335827074905373
new classifier utility = [1.5335827]
new classifier is better = False
classifier utilities = 1.5335827074905373
new classifier utility = [1.5335827]
new classifier is better = False
classifier utilities = 1.5335827074905373
new classifier utility = [1.5335827]
new classifier is better = False
classifier utilities = 1.5335827074905373
new classifier utility = [1.5335827]
new classifier is better = False
classifier utilities = 1.5335827074905373
new classifier utility = [1.5335827]
new classifier is better = False
classifier utilities = 1.5335827074905373
new classifier utility = [1.5335827]
new classifier is better = False
classifier utilities = 1.5335827074905373
new classifier utility = [1.5335827]
new classifier is better = False
classifier utilities = 1.5335827074905373
new classifier utility = [1.5335827]
new classifier is better = False
classifier utilities = 1.5335827074905373
new classifier utility = [1.5335827]
new classifier is better = False
classifier utilities = 1.5335827074905373
new classifier utility = [1.5335827]
new classifier is better = False
classifier utilities = 1.5335827074905373
new classifier utility = [1.5335827]
new classifier is better = False
classifier utilities = 1.5335827074905373
new classifier utility = [1.5335827]
new classifier is better = False
classifier utilities = 1.5335827074905373
new classifier utility = [1.5335827]
new classifier is better = False
classifier utilities = 1.5335827074905373
new classifier utility = [1.5335827]
new classifier is better = False
classifier utilities = 1.5335827074905373
new classifier utility = [1.5335827]
new classifier is better = False
classifier utilities = 1.5335827074905373
new classifier utility = [1.5335827]
new classifier is better = False
classifier utilities = 1.5335827074905373
new classifier utility = [1.5335827]
new classifier is better = False
classifier utilities = [3.06716544 1.53358273 3.06716543 1.53358272 3.06716542 1.53358271
 1.53358271 1.53358271 1.53358272 1.53358272]
new classifier utility = [1.53358272]
classifires probs: [-1.84482733e-10  8.88766286e-03 -2.29782801e-10  8.15479532e-02
 -9.09762890e-11  1.29141666e-01  1.58558215e-01  3.34979285e-01
  1.53358271e-01  1.33526947e-01]
Objective = 1.5335827054801527
Number of iterations = 15
Support of attacker = 2
Support of classifier = 7
Size of game = (10, 10)
