NEW RUN________________________________________
____iterstion: 0
Points utilities = [[10.]]
new point utility = 9.999999998021366
new point = [1.4644661]
3
classifier utilities = [10.00000001]
new classifier utility = [0.]
classifier added
____iterstion: 1
Points utilities = [[-2.63694171e-10]]
new point utility = 10.000000000232056
new point = [1.46446608]
point added
3
____iterstion: 2
Points utilities = [[ 8.84063832 10.        ]]
new point utility = 9.99999999651659
new point = [1.46446609]
3
classifier utilities = [10.00000002 10.00000002]
new classifier utility = [0.]
classifier added
____iterstion: 3
Points utilities = [[3.94367585 8.99999997]]
new point utility = 9.97170078589249
new point = [1.37164465]
point added
3
____iterstion: 4
Points utilities = [[8.6635788  9.46754221 9.97170078]]
new point utility = 9.971700495208491
new point = [1.37164419]
3
classifier utilities = [9.97170091 9.97170091 9.97170084]
new classifier utility = [0.]
classifier added
____iterstion: 5
Points utilities = [[8.29486763 9.72929138 9.72929151]]
new point utility = 9.861778996618959
new point = [1.26240816]
point added
3
____iterstion: 6
Points utilities = [[9.04473119 9.65361787 9.82512576 9.86177901]]
new point utility = 9.86171575472549
new point = [1.26236318]
3
classifier utilities = [9.86177903 9.86177903 9.86177902 9.86177899]
new classifier utility = [0.]
classifier added
____iterstion: 7
Points utilities = [[8.53172448 9.72929154 9.72929154 9.66298157]]
new point utility = 9.729291540716106
new point = [1.46446609]
3
Objective = 9.729291544804537
Number of iterations = 8
Support of attacker = 2
Support of classifier = 5
Size of game = (4, 5)
