NEW RUN________________________________________
positive data: [[8.53553389]]
positive utility: 10.0
____iterstion: 0
positive data: [[8.53553389]]
positive support: [1.]
classifires probs: [1.]
BR point: [1.4644661]
BR value: 9.999999998021366
BR point: [1.4644661]
BR value: 9.999999998021366
Points utilities = [[10.]]
new point utility = 9.999999998021366
new point = [1.4644661]
3
classifier utilities = 10.000000006757414
new classifier utility = [0.]
new classifier is better = True
classifier utilities = 10.000000006757414
new classifier utility = [0.]
new classifier is better = True
classifier utilities = 10.000000006757414
new classifier utility = [0.]
new classifier is better = True
classifier utilities = 10.000000006757414
new classifier utility = [0.]
new classifier is better = True
classifier utilities = 10.000000006757414
new classifier utility = [0.]
new classifier is better = True
classifier utilities = 10.000000006757414
new classifier utility = [0.]
new classifier is better = True
classifier utilities = 10.000000006757414
new classifier utility = [0.]
new classifier is better = True
classifier utilities = 10.000000006757414
new classifier utility = [0.]
new classifier is better = True
classifier utilities = 10.000000006757414
new classifier utility = [0.]
new classifier is better = True
classifier utilities = 10.000000006757414
new classifier utility = [0.]
new classifier is better = True
classifier utilities = 10.000000006757414
new classifier utility = [0.]
new classifier is better = True
classifier utilities = [10.00000001]
new classifier utility = [0.]
classifier added
classifires probs: [1.]
____iterstion: 1
positive data: [[8.53553389]]
positive support: [1.]
classifires probs: [-2.63694171e-11  1.00000000e+00]
BR point: [1.46446608]
BR value: 10.000000000232056
BR point: [1.46446608]
BR value: 10.000000000232056
Points utilities = [[-2.63694171e-10]]
new point utility = 10.000000000232056
new point = [1.46446608]
point added
3
classifires probs: [-2.63694171e-11  1.00000000e+00]
____iterstion: 2
positive data: [[8.53553389 1.46446608]]
positive support: [1.43684128e-10 1.00000000e+00]
classifires probs: [0.88406383 0.11593617]
BR point: [1.46446609]
BR value: 9.99999999651659
BR point: [1.46446609]
BR value: 9.99999999651659
Points utilities = [[ 8.84063832 10.        ]]
new point utility = 9.99999999651659
new point = [1.46446609]
3
classifier utilities = 10.000000022519682
new classifier utility = [0.]
new classifier is better = True
classifier utilities = 10.000000022519682
new classifier utility = [0.]
new classifier is better = True
classifier utilities = 10.000000022519682
new classifier utility = [0.]
new classifier is better = True
classifier utilities = 10.000000022519682
new classifier utility = [0.]
new classifier is better = True
classifier utilities = 10.000000022519682
new classifier utility = [0.]
new classifier is better = True
classifier utilities = 10.000000022519682
new classifier utility = [0.]
new classifier is better = True
classifier utilities = 10.000000022519682
new classifier utility = [0.]
new classifier is better = True
classifier utilities = 10.000000022519682
new classifier utility = [0.]
new classifier is better = True
classifier utilities = 10.000000022519682
new classifier utility = [0.]
new classifier is better = True
classifier utilities = 10.000000022519682
new classifier utility = [0.]
new classifier is better = True
classifier utilities = 10.000000022519682
new classifier utility = [0.]
new classifier is better = True
classifier utilities = 10.000000022519682
new classifier utility = [0.]
new classifier is better = True
classifier utilities = 10.000000022519682
new classifier utility = [0.]
new classifier is better = True
classifier utilities = 10.000000022519682
new classifier utility = [0.]
new classifier is better = True
classifier utilities = 10.000000022519682
new classifier utility = [0.]
new classifier is better = True
classifier utilities = 10.000000022519682
new classifier utility = [0.]
new classifier is better = True
classifier utilities = 10.000000022519682
new classifier utility = [0.]
new classifier is better = True
classifier utilities = 10.000000022519682
new classifier utility = [0.]
new classifier is better = True
classifier utilities = 10.000000022519682
new classifier utility = [0.]
new classifier is better = True
classifier utilities = 10.000000022519682
new classifier utility = [0.]
new classifier is better = True
classifier utilities = 10.000000022519682
new classifier utility = [0.]
new classifier is better = True
classifier utilities = 10.000000022519682
new classifier utility = [0.]
new classifier is better = True
classifier utilities = 10.000000022519682
new classifier utility = [0.]
new classifier is better = True
classifier utilities = 10.000000022519682
new classifier utility = [0.]
new classifier is better = True
classifier utilities = 10.000000022519682
new classifier utility = [0.]
new classifier is better = True
classifier utilities = 10.000000022519682
new classifier utility = [0.]
new classifier is better = True
classifier utilities = 10.000000022519682
new classifier utility = [0.]
new classifier is better = True
classifier utilities = 10.000000022519682
new classifier utility = [0.]
new classifier is better = True
classifier utilities = 10.000000022519682
new classifier utility = [0.]
new classifier is better = True
classifier utilities = 10.000000022519682
new classifier utility = [0.]
new classifier is better = True
classifier utilities = 10.000000022519682
new classifier utility = [0.]
new classifier is better = True
classifier utilities = 10.000000022519682
new classifier utility = [0.]
new classifier is better = True
classifier utilities = 10.000000022519682
new classifier utility = [0.]
new classifier is better = True
classifier utilities = 10.000000022519682
new classifier utility = [0.]
new classifier is better = True
classifier utilities = 10.000000022519682
new classifier utility = [0.]
new classifier is better = True
classifier utilities = 10.000000022519682
new classifier utility = [0.]
new classifier is better = True
classifier utilities = 10.000000022519682
new classifier utility = [0.]
new classifier is better = True
classifier utilities = 10.000000022519682
new classifier utility = [0.]
new classifier is better = True
classifier utilities = 10.000000022519682
new classifier utility = [0.]
new classifier is better = True
classifier utilities = 10.000000022519682
new classifier utility = [0.]
new classifier is better = True
classifier utilities = 10.000000022519682
new classifier utility = [0.]
new classifier is better = True
classifier utilities = [10.00000002 10.00000002]
new classifier utility = [0.]
classifier added
classifires probs: [0.88406383 0.11593617]
____iterstion: 3
positive data: [[8.53553389 1.46446608]]
positive support: [1.21416844e-09 1.00000000e+00]
classifires probs: [0.39436758 0.50563241 0.1       ]
BR point: [1.37164465]
BR value: 9.97170078589249
BR point: [1.37164465]
BR value: 9.97170078589249
Points utilities = [[3.94367585 8.99999997]]
new point utility = 9.97170078589249
new point = [1.37164465]
point added
3
classifires probs: [0.39436758 0.50563241 0.1       ]
____iterstion: 4
positive data: [[8.53553389 1.46446608 1.37164465]]
positive support: [5.38518267e-10 6.41633178e-09 1.00000001e+00]
classifires probs: [0.86635788 0.08039634 0.05324578]
BR point: [1.37164419]
BR value: 9.971700495208491
BR point: [1.37164419]
BR value: 9.971700495208491
Points utilities = [[8.6635788  9.46754221 9.97170078]]
new point utility = 9.971700495208491
new point = [1.37164419]
3
classifier utilities = 9.971700844674475
new classifier utility = [0.]
new classifier is better = True
classifier utilities = 9.971700844674475
new classifier utility = [0.]
new classifier is better = True
classifier utilities = 9.971700844674475
new classifier utility = [0.]
new classifier is better = True
classifier utilities = 9.971700844674475
new classifier utility = [0.]
new classifier is better = True
classifier utilities = 9.971700844674475
new classifier utility = [0.]
new classifier is better = True
classifier utilities = 9.971700844674475
new classifier utility = [0.]
new classifier is better = True
classifier utilities = 9.971700844674475
new classifier utility = [0.]
new classifier is better = True
classifier utilities = 9.971700844674475
new classifier utility = [0.]
new classifier is better = True
classifier utilities = 9.971700844674475
new classifier utility = [0.]
new classifier is better = True
classifier utilities = 9.971700844674475
new classifier utility = [0.]
new classifier is better = True
classifier utilities = 9.971700844674475
new classifier utility = [0.]
new classifier is better = True
classifier utilities = 9.971700844674475
new classifier utility = [0.]
new classifier is better = True
classifier utilities = 9.971700844674475
new classifier utility = [0.]
new classifier is better = True
classifier utilities = 9.971700844674475
new classifier utility = [0.]
new classifier is better = True
classifier utilities = 9.971700844674475
new classifier utility = [0.]
new classifier is better = True
classifier utilities = 9.971700844674475
new classifier utility = [0.]
new classifier is better = True
classifier utilities = 9.971700844674475
new classifier utility = [0.]
new classifier is better = True
classifier utilities = 9.971700844674475
new classifier utility = [0.]
new classifier is better = True
classifier utilities = 9.971700844674475
new classifier utility = [0.]
new classifier is better = True
classifier utilities = 9.971700844674475
new classifier utility = [0.]
new classifier is better = True
classifier utilities = [9.97170091 9.97170091 9.97170084]
new classifier utility = [0.]
classifier added
classifires probs: [0.86635788 0.08039634 0.05324578]
____iterstion: 5
positive data: [[8.53553389 1.46446608 1.37164465]]
positive support: [5.68629105e-09 2.49468902e-01 7.50531126e-01]
classifires probs: [0.82948676 0.14344238 0.00276114 0.02430972]
BR point: [1.26240816]
BR value: 9.861778996618959
BR point: [1.26240816]
BR value: 9.861778996618959
Points utilities = [[8.29486763 9.72929138 9.72929151]]
new point utility = 9.861778996618959
new point = [1.26240816]
point added
3
classifires probs: [0.82948676 0.14344238 0.00276114 0.02430972]
____iterstion: 6
positive data: [[8.53553389 1.46446608 1.37164465 1.26240816]]
positive support: [1.29520584e-10 4.46944640e-10 3.15946623e-09 9.99999998e-01]
classifires probs: [0.90447312 0.06088867 0.01993911 0.0146991 ]
BR point: [1.26236318]
BR value: 9.86171575472549
BR point: [1.26236318]
BR value: 9.86171575472549
Points utilities = [[9.04473119 9.65361787 9.82512576 9.86177901]]
new point utility = 9.86171575472549
new point = [1.26236318]
3
classifier utilities = 9.86177899067929
new classifier utility = [0.]
new classifier is better = True
classifier utilities = 9.86177899067929
new classifier utility = [0.]
new classifier is better = True
classifier utilities = 9.86177899067929
new classifier utility = [0.]
new classifier is better = True
classifier utilities = 9.86177899067929
new classifier utility = [0.]
new classifier is better = True
classifier utilities = 9.86177899067929
new classifier utility = [0.]
new classifier is better = True
classifier utilities = 9.86177899067929
new classifier utility = [0.]
new classifier is better = True
classifier utilities = 9.86177899067929
new classifier utility = [0.]
new classifier is better = True
classifier utilities = 9.86177899067929
new classifier utility = [0.]
new classifier is better = True
classifier utilities = 9.86177899067929
new classifier utility = [0.]
new classifier is better = True
classifier utilities = 9.86177899067929
new classifier utility = [0.]
new classifier is better = True
classifier utilities = 9.86177899067929
new classifier utility = [0.]
new classifier is better = True
classifier utilities = 9.86177899067929
new classifier utility = [0.]
new classifier is better = True
classifier utilities = 9.86177899067929
new classifier utility = [0.]
new classifier is better = True
classifier utilities = 9.86177899067929
new classifier utility = [0.]
new classifier is better = True
classifier utilities = 9.86177899067929
new classifier utility = [0.]
new classifier is better = True
classifier utilities = 9.86177899067929
new classifier utility = [0.]
new classifier is better = True
classifier utilities = 9.86177899067929
new classifier utility = [0.]
new classifier is better = True
classifier utilities = 9.86177899067929
new classifier utility = [0.]
new classifier is better = True
classifier utilities = 9.86177899067929
new classifier utility = [0.]
new classifier is better = True
classifier utilities = 9.86177899067929
new classifier utility = [0.]
new classifier is better = True
classifier utilities = 9.86177899067929
new classifier utility = [0.]
new classifier is better = True
classifier utilities = 9.86177899067929
new classifier utility = [0.]
new classifier is better = True
classifier utilities = 9.86177899067929
new classifier utility = [0.]
new classifier is better = True
classifier utilities = 9.86177899067929
new classifier utility = [0.]
new classifier is better = True
classifier utilities = 9.86177899067929
new classifier utility = [0.]
new classifier is better = True
classifier utilities = 9.86177899067929
new classifier utility = [0.]
new classifier is better = True
classifier utilities = 9.86177899067929
new classifier utility = [0.]
new classifier is better = True
classifier utilities = 9.86177899067929
new classifier utility = [0.]
new classifier is better = True
classifier utilities = 9.86177899067929
new classifier utility = [0.]
new classifier is better = True
classifier utilities = 9.86177899067929
new classifier utility = [0.]
new classifier is better = True
classifier utilities = 9.86177899067929
new classifier utility = [0.]
new classifier is better = True
classifier utilities = 9.86177899067929
new classifier utility = [0.]
new classifier is better = True
classifier utilities = 9.86177899067929
new classifier utility = [0.]
new classifier is better = True
classifier utilities = 9.86177899067929
new classifier utility = [0.]
new classifier is better = True
classifier utilities = 9.86177899067929
new classifier utility = [0.]
new classifier is better = True
classifier utilities = 9.86177899067929
new classifier utility = [0.]
new classifier is better = True
classifier utilities = 9.86177899067929
new classifier utility = [0.]
new classifier is better = True
classifier utilities = 9.86177899067929
new classifier utility = [0.]
new classifier is better = True
classifier utilities = 9.86177899067929
new classifier utility = [0.]
new classifier is better = True
classifier utilities = 9.86177899067929
new classifier utility = [0.]
new classifier is better = True
classifier utilities = 9.86177899067929
new classifier utility = [0.]
new classifier is better = True
classifier utilities = 9.86177899067929
new classifier utility = [0.]
new classifier is better = True
classifier utilities = 9.86177899067929
new classifier utility = [0.]
new classifier is better = True
classifier utilities = 9.86177899067929
new classifier utility = [0.]
new classifier is better = True
classifier utilities = 9.86177899067929
new classifier utility = [0.]
new classifier is better = True
classifier utilities = 9.86177899067929
new classifier utility = [0.]
new classifier is better = True
classifier utilities = 9.86177899067929
new classifier utility = [0.]
new classifier is better = True
classifier utilities = 9.86177899067929
new classifier utility = [0.]
new classifier is better = True
classifier utilities = 9.86177899067929
new classifier utility = [0.]
new classifier is better = True
classifier utilities = 9.86177899067929
new classifier utility = [0.]
new classifier is better = True
classifier utilities = 9.86177899067929
new classifier utility = [0.]
new classifier is better = True
classifier utilities = 9.86177899067929
new classifier utility = [0.]
new classifier is better = True
classifier utilities = 9.86177899067929
new classifier utility = [0.]
new classifier is better = True
classifier utilities = 9.86177899067929
new classifier utility = [0.]
new classifier is better = True
classifier utilities = 9.86177899067929
new classifier utility = [0.]
new classifier is better = True
classifier utilities = 9.86177899067929
new classifier utility = [0.]
new classifier is better = True
classifier utilities = 9.86177899067929
new classifier utility = [0.]
new classifier is better = True
classifier utilities = 9.86177899067929
new classifier utility = [0.]
new classifier is better = True
classifier utilities = 9.86177899067929
new classifier utility = [0.]
new classifier is better = True
classifier utilities = 9.86177899067929
new classifier utility = [0.]
new classifier is better = True
classifier utilities = 9.86177899067929
new classifier utility = [0.]
new classifier is better = True
classifier utilities = 9.86177899067929
new classifier utility = [0.]
new classifier is better = True
classifier utilities = 9.86177899067929
new classifier utility = [0.]
new classifier is better = True
classifier utilities = [9.86177903 9.86177903 9.86177902 9.86177899]
new classifier utility = [0.]
classifier added
classifires probs: [0.90447312 0.06088867 0.01993911 0.0146991 ]
____iterstion: 7
positive data: [[8.53553389 1.46446608 1.37164465 1.26240816]]
positive support: [4.58538847e-10 2.49468966e-01 7.50531013e-01 2.43762020e-08]
classifires probs: [0.85317245 0.11975671 0.00276113 0.00415134 0.02015838]
BR point: [1.46446609]
BR value: 9.729291540716106
BR point: [1.46446609]
BR value: 9.729291540716106
Points utilities = [[8.53172448 9.72929154 9.72929154 9.66298157]]
new point utility = 9.729291540716106
new point = [1.46446609]
3
classifires probs: [0.85317245 0.11975671 0.00276113 0.00415134 0.02015838]
Objective = 9.729291544804537
Number of iterations = 8
Support of attacker = 2
Support of classifier = 5
Size of game = (4, 5)
