NEW RUN________________________________________
____iterstion: 0
Points utilities = [[10.]]
new point utility = 9.999999999201698
new point = [10.]
3
classifier utilities = [10.]
new classifier utility = [0.]
classifier added
____iterstion: 1
Points utilities = [[-2.35840708e-10]]
new point utility = 7.928307911856947
new point = [7.92830791]
point added
3
classifier utilities = [10.  0.]
new classifier utility = [0.]
____iterstion: 2
Points utilities = [[7.26195625 7.92830791]]
new point utility = 7.928445327686522
new point = [7.92844533]
3
classifier utilities = [7.92830792 7.92830791]
new classifier utility = [0.]
classifier added
____iterstion: 3
Points utilities = [[-2.29484748e-10 -4.79303306e-10]]
new point utility = 6.286638346933027
new point = [6.28663835]
point added
3
classifier utilities = [8.92419382 4.11708031 0.        ]
new classifier utility = [0.]
____iterstion: 4
Points utilities = [[5.7087321  5.87675646 6.28663835]]
new point utility = 6.27767021685732
new point = [6.27767022]
3
classifier utilities = [6.28663835 6.28663835 6.28663835]
new classifier utility = [0.]
classifier added
____iterstion: 5
Points utilities = [[-2.71531462e-10 -4.35723193e-10 -6.86020242e-10]]
new point utility = 4.989788975982652
new point = [4.98978898]
point added
3
classifier utilities = [7.91089878 4.42807265 2.82972316 0.        ]
new classifier utility = [0.]
____iterstion: 6
Points utilities = [[4.50043168 4.62646173 4.66236044 4.98978898]]
new point utility = 4.98987549930702
new point = [4.9898755]
3
classifier utilities = [4.98978899 4.98978898 4.98978898 4.98978898]
new classifier utility = [0.]
classifier added
____iterstion: 7
Points utilities = [[-3.59159450e-10 -5.82115720e-10 -9.32976279e-10 -8.23718488e-10]]
new point utility = 3.9729130529771166
new point = [3.97291305]
point added
3
classifier utilities = [7.02806795 4.33980695 3.07282083 1.9975577  0.        ]
new classifier utility = [0.]
____iterstion: 8
Points utilities = [[3.54456013 3.65861377 3.67277466 3.69884748 3.97291305]]
new point utility = 3.973231723029821
new point = [3.97323172]
3
classifier utilities = [3.97291307 3.97291306 3.97291306 3.97291306 3.97291305]
new classifier utility = [0.]
classifier added
____iterstion: 9
Points utilities = [[-7.61742297e-10 -1.14931295e-09 -1.51426728e-09 -1.52852435e-09
  -1.19177657e-09]]
new point utility = 3.189154637197976
new point = [3.18915464]
point added
3
classifier utilities = [6.29052124 4.12756502 3.00944356 2.19225494 1.42974328 0.        ]
new classifier utility = [0.]
____iterstion: 10
Points utilities = [[2.80396685 2.91184549 2.92440491 2.92946398 2.95499332 3.18915464]]
new point utility = 3.1890416561027943
new point = [3.18904166]
3
classifier utilities = [3.18915466 3.18915465 3.18915465 3.18915464 3.18915464 3.18915464]
new classifier utility = [0.]
classifier added
____iterstion: 11
Points utilities = [[-1.01526763e-09 -1.73709793e-09 -2.08077849e-09 -1.94106604e-09
  -1.80313520e-09 -1.35733558e-09]]
new point utility = 2.6034924595199547
new point = [2.60349246]
point added
3
classifier utilities = [5.65416818 3.87884047 2.88858853 2.17207075 1.62356022 1.05091504
 0.        ]
new classifier utility = [0.]
____iterstion: 12
Points utilities = [[2.25133248 2.35447067 2.36750593 2.3699414  2.37373131 2.40001589
  2.60349246]]
new point utility = 2.6032827342055
new point = [2.60328274]
3
classifier utilities = [2.60349249 2.60349248 2.60349248 2.60349247 2.60349247 2.60349246
 2.60349246]
new classifier utility = [0.]
classifier added
____iterstion: 13
Points utilities = [[-1.69759652e-09 -3.10803346e-09 -3.36378613e-09 -2.86577927e-09
  -2.66323070e-09 -2.49915498e-09 -1.86322050e-09]]
new point utility = 2.1883118450671573
new point = [2.18831185]
point added
3
classifier utilities = [5.11505253 3.61524968 2.74312385 2.10885253 1.63603559 1.2419388
 0.79033597 0.        ]
new classifier utility = [0.]
____iterstion: 14
Points utilities = [[1.86289072 1.96139243 1.97497049 1.97698701 1.97695992 1.98024106
  2.00808102 2.18831184]]
new point utility = 2.1879666484949514
new point = [2.18796665]
3
classifier utilities = [2.18831188 2.18831188 2.18831187 2.18831186 2.18831186 2.18831185
 2.18831185 2.18831185]
new classifier utility = [0.]
classifier added
____iterstion: 15
Points utilities = [[-2.80808196e-09 -4.85610532e-09 -4.99140197e-09 -4.11414782e-09
  -3.81690357e-09 -3.74593111e-09 -3.50637196e-09 -2.51732653e-09]]
new point utility = 1.9147683085777498
new point = [1.91476831]
point added
3
classifier utilities = [4.65473782 3.36245654 2.5970629  2.03815957 1.61801882 1.28768401
 0.98381634 0.61500049 0.        ]
new classifier utility = [0.]
____iterstion: 16
Points utilities = [[1.6118051  1.70542443 1.71910239 1.72102292 1.71992931 1.71775735
  1.7206208  1.75239051 1.91476831]]
new point utility = 1.9147681477705103
new point = [1.91476815]
3
classifier utilities = [1.91476835 1.91476835 1.91476834 1.91476833 1.91476832 1.91476832
 1.91476831 1.91476831 1.91476831]
new classifier utility = [0.]
classifier added
____iterstion: 17
Points utilities = [[-3.77494805e-09 -6.30342566e-09 -6.38204671e-09 -5.15059332e-09
  -4.69778807e-09 -4.63471477e-09 -4.53537278e-09 -4.17853545e-09
  -2.90848402e-09]]
new point utility = 1.7486076504533332
new point = [1.74860765]
point added
3
classifier utilities = [4.27460907 3.14292297 2.46591002 1.97085068 1.59433421 1.30115012
 1.05399412 0.80510196 0.49676264 0.        ]
new classifier utility = [0.]
____iterstion: 18
Points utilities = [[1.46486113 1.55341009 1.56664111 1.56844854 1.56695637 1.5628458
  1.55768323 1.56205342 1.60145963 1.74860765]]
new point utility = 1.7486093063359636
new point = [1.74860931]
3
classifier utilities = [1.7486077  1.74860769 1.74860769 1.74860768 1.74860767 1.74860766
 1.74860766 1.74860766 1.74860765 1.74860765]
new classifier utility = [0.]
classifier added
____iterstion: 19
Points utilities = [[-5.49537193e-11 -1.33784582e-10 -9.68938512e-11 -1.04046361e-10
  -1.34147008e-10 -1.58710169e-10 -1.68175801e-10 -1.65594898e-10
  -1.50292776e-10 -1.00225855e-10]]
new point utility = 1.654677407806304
new point = [1.65467741]
point added
3
classifier utilities = [3.87958679 2.80677111 2.28127546 1.93585375 1.64191627 1.37648552
 1.14129725 0.92306522 0.69530155 0.42310589 0.        ]
new classifier utility = [0.]
____iterstion: 20
Points utilities = [[1.38741077 1.47092852 1.48332075 1.48494975 1.48330178 1.4783483
  1.46947578 1.4622052  1.47303409 1.52236046 1.65467741]]
new point utility = 1.6546902843053979
new point = [1.65469029]
3
classifier utilities = [1.65467746 1.65467745 1.65467744 1.65467743 1.65467743 1.65467742
 1.65467742 1.65467741 1.65467741 1.65467741 1.65467741]
new classifier utility = [0.]
classifier added
____iterstion: 21
Points utilities = [[-1.71134738e-10 -1.83342169e-10 -1.12416759e-10 -1.11867807e-10
  -1.34351688e-10 -1.64316542e-10 -1.85681878e-10 -1.95610201e-10
  -1.96922649e-10 -1.86210950e-10 -1.35349538e-10]]
new point utility = 1.6042838158243433
new point = [1.60428382]
point added
3
classifier utilities = [3.54242896 2.54348376 2.10895496 1.86672326 1.65881852 1.44246108
 1.22913061 1.02632421 0.82767252 0.61832584 0.37367739 0.        ]
new classifier utility = [0.]
____iterstion: 22
Points utilities = [[1.35109331 1.42981061 1.44119389 1.44260928 1.44091486 1.4356
  1.42460188 1.41041583 1.40668983 1.42942265 1.48682924 1.60428381]]
new point utility = 1.6024093792255742
new point = [1.60240938]
3
classifier utilities = [1.60428387 1.60428386 1.60428385 1.60428384 1.60428384 1.60428383
 1.60428383 1.60428382 1.60428382 1.60428382 1.60428382 1.60428382]
new classifier utility = [0.]
classifier added
____iterstion: 23
Points utilities = [[-4.11258863e-10 -3.21512658e-10 -3.55081458e-10 -3.46023041e-10
  -3.81749275e-10 -4.14929785e-10 -4.31216893e-10 -4.32989670e-10
  -4.26603818e-10 -4.11092044e-10 -3.69491930e-10 -2.42712690e-10]]
new point utility = 1.5781057085056365
new point = [1.57810571]
point added
3
classifier utilities = [3.32965735 2.40446967 2.0163757  1.83004246 1.64541398 1.4567113
 1.26714261 1.08357696 0.9062456  0.72981529 0.54401902 0.32847538
 0.        ]
new classifier utility = [0.]
____iterstion: 24
Points utilities = [[1.33682882 1.4111216  1.42149619 1.42269897 1.42100998 1.41557433
  1.40319272 1.38391731 1.37048213 1.37881531 1.4138807  1.47465215
  1.57810571]]
new point utility = 1.5780948081174013
new point = [1.57809481]
3
classifier utilities = [1.57810576 1.57810576 1.57810575 1.57810574 1.57810573 1.57810573
 1.57810572 1.57810572 1.57810572 1.57810572 1.57810572 1.57810571
 1.57810571]
new classifier utility = [0.]
classifier added
____iterstion: 25
Points utilities = [[-5.83895469e-10 -4.50281769e-10 -5.74750177e-10 -5.35574437e-10
  -5.70149933e-10 -6.01310883e-10 -6.13011992e-10 -6.10978535e-10
  -6.04737309e-10 -5.96464957e-10 -5.75880179e-10 -5.14421153e-10
  -3.29862853e-10]]
new point utility = 1.5647473797672242
new point = [1.56474738]
point added
3
classifier utilities = [3.1750328  2.30821459 1.95138234 1.79556312 1.62775644 1.45974889
 1.29093193 1.12579175 0.96598337 0.80985296 0.65340007 0.48804213
 0.29547685 0.        ]
new classifier utility = [0.]
____iterstion: 26
Points utilities = [[1.33344041 1.40378226 1.41324191 1.41425465 1.4125943  1.40715388
  1.39375702 1.37020248 1.34926649 1.34806805 1.37088101 1.4137321
  1.47349201 1.56474738]]
new point utility = 1.5647406566519184
new point = [1.56474066]
3
classifier utilities = [1.56474744 1.56474744 1.56474742 1.56474741 1.56474741 1.5647474
 1.5647474  1.56474739 1.56474739 1.56474739 1.56474739 1.56474739
 1.56474739 1.56474738]
new classifier utility = [0.]
classifier added
____iterstion: 27
Points utilities = [[-7.04208480e-10 -5.52577233e-10 -7.43114090e-10 -6.74742883e-10
  -7.02996576e-10 -7.30851648e-10 -7.39495843e-10 -7.36459915e-10
  -7.33300145e-10 -7.34257027e-10 -7.32830964e-10 -7.11568206e-10
  -6.34958556e-10 -4.04183725e-10]]
new point utility = 1.5580020223203919
new point = [1.55800202]
point added
3
classifier utilities = [3.05847568 2.23805174 1.90289547 1.76765804 1.61274091 1.45958804
 1.30672041 1.15700445 1.01203269 0.87117312 0.73280577 0.59331604
 0.44475802 0.27033294 0.        ]
new classifier utility = [0.]
____iterstion: 28
Points utilities = [[1.33496928 1.40187124 1.41054307 1.41139622 1.40977347 1.40437586
  1.39012967 1.36268285 1.33553116 1.32734576 1.34220031 1.37511623
  1.42052138 1.4767841  1.55800202]]
new point utility = 1.5579990597972628
new point = [1.55799906]
3
classifier utilities = [1.55800209 1.55800208 1.55800207 1.55800206 1.55800205 1.55800205
 1.55800204 1.55800204 1.55800204 1.55800204 1.55800204 1.55800203
 1.55800203 1.55800203 1.55800203]
new classifier utility = [0.]
classifier added
____iterstion: 29
Points utilities = [[-7.93315655e-10 -6.39155779e-10 -8.77511531e-10 -7.84078960e-10
  -8.03324281e-10 -8.26594941e-10 -8.32261639e-10 -8.28786331e-10
  -8.28973605e-10 -8.38278929e-10 -8.52064724e-10 -8.57856445e-10
  -8.35011290e-10 -7.44005367e-10 -4.72641519e-10]]
new point utility = 1.5546169165369832
new point = [1.55461692]
point added
3
classifier utilities = [2.96721958 2.18446386 1.86543432 1.74574506 1.60135798 1.4592481
 1.31836904 1.1808341  1.04802808 0.91953152 0.79438848 0.67087374
 0.54535569 0.41040915 0.2504953  0.        ]
new classifier utility = [0.]
____iterstion: 30
Points utilities = [[1.33845103 1.40239743 1.41040559 1.41112952 1.4095477  1.40420434
  1.38916816 1.35807663 1.3255933  1.31201598 1.32121984 1.34766906
  1.3849855  1.42947627 1.481416   1.55461692]]
new point utility = 1.5546037030921953
new point = [1.5546037]
3
classifier utilities = [1.554617   1.55461699 1.55461697 1.55461696 1.55461695 1.55461695
 1.55461694 1.55461694 1.55461694 1.55461694 1.55461693 1.55461693
 1.55461693 1.55461693 1.55461693 1.55461693]
new classifier utility = [0.]
classifier added
____iterstion: 31
Points utilities = [[-8.63557712e-10 -7.15531952e-10 -9.90009061e-10 -8.76135081e-10
  -8.85237109e-10 -9.02919232e-10 -9.05128043e-10 -9.00815680e-10
  -9.03581585e-10 -9.19645032e-10 -9.45319604e-10 -9.70330371e-10
  -9.80302803e-10 -9.53697732e-10 -8.47928616e-10 -5.38636947e-10]]
new point utility = 1.5528818459812654
new point = [1.55288185]
point added
3
classifier utilities = [2.89359131 2.14208889 1.83582838 1.7285923  1.59307891 1.45952212
 1.32777304 1.19970861 1.07662542 0.95818461 0.84358981 0.73164926
 0.6203929  0.50628251 0.38243623 0.2343535  0.        ]
new classifier utility = [0.]
____iterstion: 32
Points utilities = [[1.34246688 1.40387836 1.41132972 1.41195221 1.41041134 1.40511437
  1.3893202  1.35483734 1.31767314 1.29978058 1.304789   1.32665218
  1.35861576 1.3963548  1.43832035 1.4860389  1.55288184]]
new point utility = 1.5529176850038242
new point = [1.55291769]
3
classifier utilities = [1.55288195 1.55288194 1.55288192 1.5528819  1.55288189 1.55288189
 1.55288188 1.55288188 1.55288187 1.55288187 1.55288187 1.55288187
 1.55288187 1.55288187 1.55288187 1.55288187 1.55288186]
new classifier utility = [0.]
classifier added
____iterstion: 33
Points utilities = [[-9.21659758e-10 -7.84064124e-10 -1.08737377e-09 -9.57425292e-10
  -9.56268850e-10 -9.67796944e-10 -9.66051431e-10 -9.60271358e-10
  -9.64586291e-10 -9.85728657e-10 -1.02057876e-09 -1.05992552e-09
  -1.09213721e-09 -1.10312398e-09 -1.07095963e-09 -9.49931838e-10
  -6.03853996e-10]]
new point utility = 1.5520293193468515
new point = [1.55202932]
point added
3
classifier utilities = [2.83271782 2.10767708 1.81201638 1.71510206 1.58717444 1.46047182
 1.33584279 1.21517905 1.09978851 0.98943146 0.88340623 0.78066322
 0.67971585 0.57853166 0.47379828 0.35912821 0.22087103 0.        ]
new classifier utility = [0.22087103]
____iterstion: 34
Points utilities = [[1.34647382 1.40571064 1.41269567 1.41323777 1.41173363 1.40647422
  1.3899233  1.35221396 1.31092072 1.28948974 1.29130111 1.30980489
  1.33793578 1.37113038 1.4073035  1.44630542 1.49023751 1.55202932]]
new point utility = 1.5520359817820915
new point = [1.55203598]
3
classifier utilities = [1.55202944 1.55202943 1.55202941 1.55202939 1.55202938 1.55202937
 1.55202936 1.55202936 1.55202936 1.55202935 1.55202935 1.55202935
 1.55202935 1.55202935 1.55202935 1.55202935 1.55202934 1.55202933]
new classifier utility = [0.]
classifier added
____iterstion: 35
Points utilities = [[-1.02109258e-09 -7.53848915e-10 -1.22296907e-09 -1.08899625e-09
  -1.08891791e-09 -1.10778442e-09 -1.11033567e-09 -1.10697081e-09
  -1.11551189e-09 -1.14502295e-09 -1.19283316e-09 -1.24908107e-09
  -1.30137020e-09 -1.33596394e-09 -1.33502788e-09 -1.26748327e-09
  -1.06036509e-09 -4.29565392e-10]]
new point utility = 1.5505990065259267
new point = [1.55059901]
point added
3
classifier utilities = [2.69883122 2.04780261 1.79549544 1.7132179  1.58623828 1.46726234
 1.35455365 1.24642682 1.14328726 1.04513626 0.95144428 0.86114281
 0.77265236 0.68407628 0.59321378 0.49688557 0.388911   0.25400729
 0.        ]
new classifier utility = [0.388911]
____iterstion: 36
Points utilities = [[1.34964565 1.40692946 1.41350728 1.41398036 1.41251387 1.40730928
  1.39014884 1.34970253 1.30486209 1.28040178 1.27963777 1.29560917
  1.32094767 1.35089629 1.3831795  1.41714369 1.4532753  1.4937065
  1.550599  ]]
new point utility = 1.5505841498562365
new point = [1.55058415]
3
classifier utilities = [1.55059916 1.55059914 1.55059912 1.5505991  1.55059908 1.55059907
 1.55059906 1.55059906 1.55059906 1.55059905 1.55059905 1.55059905
 1.55059905 1.55059905 1.55059904 1.55059904 1.55059904 1.55059904
 1.55059902]
new classifier utility = [6.21148473e-08]
classifier added
____iterstion: 37
Points utilities = [[1.34244033 1.22936173 1.23540291 1.10643269 1.17562633 1.17860536
  1.15442984 1.11182111 1.07416392 1.0569774  1.06053949 1.07862588
  1.10500285 1.13559166 1.1683728  1.20281838 1.23969827 1.28167312
  1.34244033]]
new point utility = 1.4321250504160445
new point = [1.43212505]
point added
3
classifier utilities = [2.68488093 1.3424406  1.34244053 1.34244049 1.34244047 1.34244045
 1.34244044 1.34244043 1.34244042 1.34244042 1.34244041 1.34244041
 1.34244041 1.3424404  1.3424404  1.3424404  1.34244039 1.34244038
 1.34244036 1.34244044]
new classifier utility = [0.]
classifier added
____iterstion: 38
Points utilities = [[1.26548085 1.30448623 1.32454384 1.27483538 1.30082862 1.29971066
  1.28372971 1.24410728 1.20010503 1.17549188 1.1732636  1.1866656
  1.20864476 1.23463539 1.26241043 1.29122567 1.32115922 1.35305414
  1.39042321 1.43212505]]
new point utility = 1.432376747401573
new point = [1.43237675]
3
classifier utilities = [1.43212523 1.43212521 1.43212518 1.43212516 1.43212514 1.43212513
 1.43212512 1.43212511 1.43212511 1.43212511 1.43212511 1.43212511
 1.4321251  1.4321251  1.4321251  1.4321251  1.4321251  1.43212509
 1.43212509 1.43212513 1.43212506]
new classifier utility = [1.65259798e-07]
classifier added
____iterstion: 39
Points utilities = [[1.2527199  1.14513719 1.12137869 1.09950368 1.09297771 1.07969674
  1.0479676  1.00377887 0.96725673 0.95092174 0.95461931 0.97243706
  0.99847755 1.02880613 1.06133541 1.09525481 1.13072065 1.16910965
  1.21479551 1.2527199 ]]
new point utility = 1.3512700672987388
new point = [1.35127007]
point added
3
classifier utilities = [2.50543981 1.25271991 1.25271991 1.25271991 1.2527199  1.2527199
 1.2527199  1.2527199  1.2527199  1.2527199  1.2527199  1.2527199
 1.2527199  1.2527199  1.2527199  1.2527199  1.2527199  1.2527199
 1.2527199  2.5054398  1.2527199  1.25271991]
new classifier utility = [1.25271991]
____iterstion: 40
Points utilities = [[1.24731239 1.24174067 1.24954962 1.22311785 1.2355698  1.23339752
  1.2207892  1.18598238 1.14472023 1.12006684 1.11615856 1.12778971
  1.14846765 1.17358322 1.20058105 1.22834447 1.25671469 1.2865947
  1.32207952 1.32610013 1.35127007]]
new point utility = 1.3513068042881442
new point = [1.3513068]
3
classifier utilities = [1.35127007 1.35127007 1.35127007 1.35127007 1.35127007 1.35127007
 1.35127007 1.35127007 1.35127007 1.35127007 1.35127007 1.35127007
 1.35127007 1.35127007 1.35127007 1.35127007 1.35127007 1.35127007
 1.35127007 1.35127007 1.35127007 1.35127007]
new classifier utility = [7.16079486e-09]
classifier added
____iterstion: 41
Points utilities = [[1.2527199  1.14786021 1.1263988  1.10606833 1.10055655 1.0894904
  1.06043108 1.01717757 0.98002084 0.96256234 0.96516475 0.98199209
  1.00710186 1.03651836 1.06813524 1.10111919 1.13555384 1.17269458
  1.21684708 1.2527199  1.21986516]]
new point utility = 1.33027223759042
new point = [1.33027224]
point added
3
classifier utilities = [2.50543981 1.25271991 1.25271991 1.25271991 1.25271991 1.2527199
 1.2527199  1.2527199  1.2527199  1.2527199  1.2527199  1.2527199
 1.2527199  1.2527199  1.2527199  1.2527199  1.2527199  1.2527199
 1.2527199  2.5054398  1.2527199  1.25271991 1.25271991]
new classifier utility = [1.25271991]
____iterstion: 42
Points utilities = [[1.2470526  1.22827093 1.23213658 1.21409347 1.22192387 1.21957621
  1.20897652 1.17859852 1.13795045 1.11253101 1.10754312 1.11802814
  1.13758229 1.16160423 1.1875042  1.21411735 1.24123711 1.26971587
  1.30347131 1.30583159 1.28002763 1.33027224]]
new point utility = 1.3306859382306755
new point = [1.33068594]
3
classifier utilities = [1.33027225 1.33027225 1.33027225 1.33027224 1.33027224 1.33027224
 1.33027224 1.33027224 1.33027224 1.33027224 1.33027224 1.33027224
 1.33027224 1.33027224 1.33027224 1.33027224 1.33027224 1.33027224
 1.33027224 1.33027224 1.33027224 1.33027225 1.33027225]
new classifier utility = [1.33027225]
Objective = 1.3302722375179301
Number of iterations = 43
Support of attacker = 1
Support of classifier = 23
Size of game = (22, 23)
