NEW RUN________________________________________
positive data: [[10.]]
positive utility: 10.0
____iterstion: 0
positive data: [[10.]]
positive support: [1.]
classifires probs: [1.]
BR point: [10.]
BR value: 9.999999999201698
BR point: [10.]
BR value: 9.999999999201698
Points utilities = [[10.]]
new point utility = 9.999999999201698
new point = [10.]
3
classifier utilities = [10.]
new classifier utility = [0.]
classifier added
classifires probs: [1.]
____iterstion: 1
positive data: [[10.]]
positive support: [1.]
classifires probs: [-2.35840708e-11  1.00000000e+00]
BR point: [7.92830791]
BR value: 7.928307911856947
BR point: [7.92830791]
BR value: 7.928307911856947
Points utilities = [[-2.35840708e-10]]
new point utility = 7.928307911856947
new point = [7.92830791]
point added
3
classifier utilities = [10.  0.]
new classifier utility = [0.]
classifires probs: [-2.35840708e-11  1.00000000e+00]
____iterstion: 2
positive data: [[10.          7.92830791]]
positive support: [2.62280828e-10 1.00000000e+00]
classifires probs: [0.72619563 0.27380437]
BR point: [7.92844533]
BR value: 7.928445327686522
BR point: [7.92844533]
BR value: 7.928445327686522
Points utilities = [[7.26195625 7.92830791]]
new point utility = 7.928445327686522
new point = [7.92844533]
3
classifier utilities = [7.92830792 7.92830791]
new classifier utility = [0.]
classifier added
classifires probs: [0.72619563 0.27380437]
____iterstion: 3
positive data: [[10.          7.92830791]]
positive support: [0.48071135 0.51928865]
classifires probs: [-2.29484748e-11 -3.75062038e-11  1.00000000e+00]
BR point: [6.28663835]
BR value: 6.286638346933027
BR point: [6.28663835]
BR value: 6.286638346933027
Points utilities = [[-2.29484748e-10 -4.79303306e-10]]
new point utility = 6.286638346933027
new point = [6.28663835]
point added
3
classifier utilities = [8.92419382 4.11708031 0.        ]
new classifier utility = [0.]
classifires probs: [-2.29484748e-11 -3.75062038e-11  1.00000000e+00]
____iterstion: 4
positive data: [[10.          7.92830791  6.28663835]]
positive support: [2.09234043e-10 4.07644476e-10 1.00000000e+00]
classifires probs: [0.57087321 0.17036395 0.25876284]
BR point: [6.27767022]
BR value: 6.27767021685732
BR point: [6.27767022]
BR value: 6.27767021685732
Points utilities = [[5.7087321  5.87675646 6.28663835]]
new point utility = 6.27767021685732
new point = [6.27767022]
3
classifier utilities = [6.28663835 6.28663835 6.28663835]
new classifier utility = [0.]
classifier added
classifires probs: [0.57087321 0.17036395 0.25876284]
____iterstion: 5
positive data: [[10.          7.92830791  6.28663835]]
positive support: [0.34828261 0.20160033 0.45011706]
classifires probs: [-2.71531462e-11 -2.78047587e-11 -5.41656368e-11  1.00000000e+00]
BR point: [4.98978898]
BR value: 4.989788975982652
BR point: [4.98978898]
BR value: 4.989788975982652
Points utilities = [[-2.71531462e-10 -4.35723193e-10 -6.86020242e-10]]
new point utility = 4.989788975982652
new point = [4.98978898]
point added
3
classifier utilities = [7.91089878 4.42807265 2.82972316 0.        ]
new classifier utility = [0.]
classifires probs: [-2.71531462e-11 -2.78047587e-11 -5.41656368e-11  1.00000000e+00]
____iterstion: 6
positive data: [[10.          7.92830791  6.28663835  4.98978898]]
positive support: [2.40001959e-10 4.41042865e-10 5.02759636e-10 1.00000000e+00]
classifires probs: [0.45004317 0.13349392 0.15809304 0.25836987]
BR point: [4.9898755]
BR value: 4.98987549930702
BR point: [4.9898755]
BR value: 4.98987549930702
Points utilities = [[4.50043168 4.62646173 4.66236044 4.98978898]]
new point utility = 4.98987549930702
new point = [4.9898755]
3
classifier utilities = [4.98978899 4.98978898 4.98978898 4.98978898]
new classifier utility = [0.]
classifier added
classifires probs: [0.45004317 0.13349392 0.15809304 0.25836987]
____iterstion: 7
positive data: [[10.          7.92830791  6.28663835  4.98978898]]
positive support: [0.2688261  0.15980536 0.17103944 0.40032909]
classifires probs: [-3.59159450e-11 -3.75064959e-11 -7.49837863e-11 -1.66745992e-11
  1.00000000e+00]
BR point: [3.97291305]
BR value: 3.9729130529771166
BR point: [3.97291305]
BR value: 3.9729130529771166
Points utilities = [[-3.59159450e-10 -5.82115720e-10 -9.32976279e-10 -8.23718488e-10]]
new point utility = 3.9729130529771166
new point = [3.97291305]
point added
3
classifier utilities = [7.02806795 4.33980695 3.07282083 1.9975577  0.        ]
new classifier utility = [0.]
classifires probs: [-3.59159450e-11 -3.75064959e-11 -7.49837863e-11 -1.66745992e-11
  1.00000000e+00]
____iterstion: 8
positive data: [[10.          7.92830791  6.28663835  4.98978898  3.97291305]]
positive support: [2.73873867e-10 5.21881250e-10 5.69470425e-10 5.78482929e-10
 1.00000000e+00]
classifires probs: [0.35445601 0.10700611 0.12275706 0.15706417 0.25871665]
BR point: [3.97323172]
BR value: 3.973231723029821
BR point: [3.97323172]
BR value: 3.973231723029821
Points utilities = [[3.54456013 3.65861377 3.67277466 3.69884748 3.97291305]]
new point utility = 3.973231723029821
new point = [3.97323172]
3
classifier utilities = [3.97291307 3.97291306 3.97291306 3.97291306 3.97291305]
new classifier utility = [0.]
classifier added
classifires probs: [0.35445601 0.10700611 0.12275706 0.15706417 0.25871665]
____iterstion: 9
positive data: [[10.          7.92830791  6.28663835  4.98978898  3.97291305]]
positive support: [0.21629562 0.14102902 0.12998817 0.15281441 0.35987278]
classifires probs: [-7.61742297e-11 -6.87889783e-11 -9.59075390e-11 -6.54597116e-11
  6.35496044e-12  1.00000000e+00]
BR point: [3.18915464]
BR value: 3.189154637197976
BR point: [3.18915464]
BR value: 3.189154637197976
Points utilities = [[-7.61742297e-10 -1.14931295e-09 -1.51426728e-09 -1.52852435e-09
  -1.19177657e-09]]
new point utility = 3.189154637197976
new point = [3.18915464]
point added
3
classifier utilities = [6.29052124 4.12756502 3.00944356 2.19225494 1.42974328 0.        ]
new classifier utility = [0.]
classifires probs: [-7.61742297e-11 -6.87889783e-11 -9.59075390e-11 -6.54597116e-11
  6.35496044e-12  1.00000000e+00]
____iterstion: 10
positive data: [[10.          7.92830791  6.28663835  4.98978898  3.97291305  3.18915464]]
positive support: [3.27066728e-10 6.32958701e-10 7.33606117e-10 6.97101109e-10
 6.90185536e-10 1.00000000e+00]
classifires probs: [0.28039669 0.08687531 0.09790585 0.12191391 0.15669329 0.25621495]
BR point: [3.18904166]
BR value: 3.1890416561027943
BR point: [3.18904166]
BR value: 3.1890416561027943
Points utilities = [[2.80396685 2.91184549 2.92440491 2.92946398 2.95499332 3.18915464]]
new point utility = 3.1890416561027943
new point = [3.18904166]
3
classifier utilities = [3.18915466 3.18915465 3.18915465 3.18915464 3.18915464 3.18915464]
new classifier utility = [0.]
classifier added
classifires probs: [0.28039669 0.08687531 0.09790585 0.12191391 0.15669329 0.25621495]
____iterstion: 11
positive data: [[10.          7.92830791  6.28663835  4.98978898  3.97291305  3.18915464]]
positive support: [0.17753277 0.12490079 0.11397471 0.1099266  0.14413735 0.32952778]
classifires probs: [-1.01526763e-10 -1.17573952e-10 -1.11883569e-10 -5.80233579e-11
 -6.48495585e-11  2.82473655e-11  1.00000000e+00]
BR point: [2.60349246]
BR value: 2.6034924595199547
BR point: [2.60349246]
BR value: 2.6034924595199547
Points utilities = [[-1.01526763e-09 -1.73709793e-09 -2.08077849e-09 -1.94106604e-09
  -1.80313520e-09 -1.35733558e-09]]
new point utility = 2.6034924595199547
new point = [2.60349246]
point added
3
classifier utilities = [5.65416818 3.87884047 2.88858853 2.17207075 1.62356022 1.05091504
 0.        ]
new classifier utility = [0.]
classifires probs: [-1.01526763e-10 -1.17573952e-10 -1.11883569e-10 -5.80233579e-11
 -6.48495585e-11  2.82473655e-11  1.00000000e+00]
____iterstion: 12
positive data: [[10.          7.92830791  6.28663835  4.98978898  3.97291305  3.18915464
   2.60349246]]
positive support: [3.93879392e-10 7.87862120e-10 1.00161484e-09 9.42954118e-10
 8.59829668e-10 8.55885319e-10 1.00000000e+00]
classifires probs: [0.22513325 0.07183689 0.07962317 0.09836493 0.12252056 0.15507671
 0.24744449]
BR point: [2.60328274]
BR value: 2.6032827342055
BR point: [2.60328274]
BR value: 2.6032827342055
Points utilities = [[2.25133248 2.35447067 2.36750593 2.3699414  2.37373131 2.40001589
  2.60349246]]
new point utility = 2.6032827342055
new point = [2.60328274]
3
classifier utilities = [2.60349249 2.60349248 2.60349248 2.60349247 2.60349247 2.60349246
 2.60349246]
new classifier utility = [0.]
classifier added
classifires probs: [0.22513325 0.07183689 0.07962317 0.09836493 0.12252056 0.15507671
 0.24744449]
____iterstion: 13
positive data: [[10.          7.92830791  6.28663835  4.98978898  3.97291305  3.18915464
   2.60349246]]
positive support: [0.14998028 0.11000151 0.10089197 0.0947569  0.09919593 0.14160581
 0.30356761]
classifires probs: [-1.69759652e-10 -2.22257598e-10 -1.43051884e-10 -3.92596185e-11
 -9.60183373e-11 -1.13294742e-10  6.79798792e-11  1.00000000e+00]
BR point: [2.18831185]
BR value: 2.1883118450671573
BR point: [2.18831185]
BR value: 2.1883118450671573
Points utilities = [[-1.69759652e-09 -3.10803346e-09 -3.36378613e-09 -2.86577927e-09
  -2.66323070e-09 -2.49915498e-09 -1.86322050e-09]]
new point utility = 2.1883118450671573
new point = [2.18831185]
point added
3
classifier utilities = [5.11505253 3.61524968 2.74312385 2.10885253 1.63603559 1.2419388
 0.79033597 0.        ]
new classifier utility = [0.]
classifires probs: [-1.69759652e-10 -2.22257598e-10 -1.43051884e-10 -3.92596185e-11
 -9.60183373e-11 -1.13294742e-10  6.79798792e-11  1.00000000e+00]
____iterstion: 14
positive data: [[10.          7.92830791  6.28663835  4.98978898  3.97291305  3.18915464
   2.60349246  2.18831185]]
positive support: [4.16225733e-10 9.11437015e-10 1.26431459e-09 1.19628722e-09
 1.06584336e-09 9.73482287e-10 9.91591782e-10 1.00000000e+00]
classifires probs: [0.18628907 0.06110198 0.06676262 0.08205287 0.10140312 0.12332011
 0.15037303 0.2286972 ]
BR point: [2.18796665]
BR value: 2.1879666484949514
BR point: [2.18796665]
BR value: 2.1879666484949514
Points utilities = [[1.86289072 1.96139243 1.97497049 1.97698701 1.97695992 1.98024106
  2.00808102 2.18831184]]
new point utility = 2.1879666484949514
new point = [2.18796665]
3
classifier utilities = [2.18831188 2.18831188 2.18831187 2.18831186 2.18831186 2.18831185
 2.18831185 2.18831185]
new classifier utility = [0.]
classifier added
classifires probs: [0.18628907 0.06110198 0.06676262 0.08205287 0.10140312 0.12332011
 0.15037303 0.2286972 ]
____iterstion: 15
positive data: [[10.          7.92830791  6.28663835  4.98978898  3.97291305  3.18915464
   2.60349246  2.18831185]]
positive support: [0.12922813 0.09653934 0.08890337 0.0842001  0.08314675 0.09528157
 0.14166196 0.28103878]
classifires probs: [-2.80808196e-10 -3.31693913e-10 -1.81467847e-10 -3.05434327e-11
 -1.36218327e-10 -2.13852631e-10 -1.72211165e-10  1.96444597e-10
  1.00000000e+00]
BR point: [1.91476831]
BR value: 1.9147683085777498
BR point: [1.91476831]
BR value: 1.9147683085777498
Points utilities = [[-2.80808196e-09 -4.85610532e-09 -4.99140197e-09 -4.11414782e-09
  -3.81690357e-09 -3.74593111e-09 -3.50637196e-09 -2.51732653e-09]]
new point utility = 1.9147683085777498
new point = [1.91476831]
point added
3
classifier utilities = [4.65473782 3.36245654 2.5970629  2.03815957 1.61801882 1.28768401
 0.98381634 0.61500049 0.        ]
new classifier utility = [0.]
classifires probs: [-2.80808196e-10 -3.31693913e-10 -1.81467847e-10 -3.05434327e-11
 -1.36218327e-10 -2.13852631e-10 -1.72211165e-10  1.96444597e-10
  1.00000000e+00]
____iterstion: 16
positive data: [[10.          7.92830791  6.28663835  4.98978898  3.97291305  3.18915464
   2.60349246  2.18831185  1.91476831]]
positive support: [4.23898723e-10 1.02739676e-09 1.49205973e-09 1.42656219e-09
 1.26501642e-09 1.13651604e-09 1.05693980e-09 1.12131969e-09
 1.00000000e+00]
classifires probs: [0.16118051 0.05392522 0.05834764 0.0714556  0.08800495 0.10571076
 0.12226482 0.13990612 0.19920439]
BR point: [1.91476815]
BR value: 1.9147681477705103
BR point: [1.91476815]
BR value: 1.9147681477705103
Points utilities = [[1.6118051  1.70542443 1.71910239 1.72102292 1.71992931 1.71775735
  1.7206208  1.75239051 1.91476831]]
new point utility = 1.9147681477705103
new point = [1.91476815]
3
classifier utilities = [1.91476835 1.91476835 1.91476834 1.91476833 1.91476832 1.91476832
 1.91476831 1.91476831 1.91476831]
new classifier utility = [0.]
classifier added
classifires probs: [0.16118051 0.05392522 0.05834764 0.0714556  0.08800495 0.10571076
 0.12226482 0.13990612 0.19920439]
____iterstion: 17
positive data: [[10.          7.92830791  6.28663835  4.98978898  3.97291305  3.18915464
   2.60349246  2.18831185  1.91476831]]
positive support: [0.11316861 0.08539186 0.07874786 0.07545739 0.07379575 0.07749891
 0.09559934 0.14090282 0.25943747]
classifires probs: [-3.77494805e-10 -4.17558280e-10 -2.20123288e-10 -1.70503098e-11
 -1.50227604e-10 -2.70819481e-10 -2.88760387e-10 -1.67444815e-10
  3.90504580e-10  1.00000000e+00]
BR point: [1.74860765]
BR value: 1.7486076504533332
BR point: [1.74860765]
BR value: 1.7486076504533332
Points utilities = [[-3.77494805e-09 -6.30342566e-09 -6.38204671e-09 -5.15059332e-09
  -4.69778807e-09 -4.63471477e-09 -4.53537278e-09 -4.17853545e-09
  -2.90848402e-09]]
new point utility = 1.7486076504533332
new point = [1.74860765]
point added
3
classifier utilities = [4.27460907 3.14292297 2.46591002 1.97085068 1.59433421 1.30115012
 1.05399412 0.80510196 0.49676264 0.        ]
new classifier utility = [0.]
classifires probs: [-3.77494805e-10 -4.17558280e-10 -2.20123288e-10 -1.70503098e-11
 -1.50227604e-10 -2.70819481e-10 -2.88760387e-10 -1.67444815e-10
  3.90504580e-10  1.00000000e+00]
____iterstion: 18
positive data: [[10.          7.92830791  6.28663835  4.98978898  3.97291305  3.18915464
   2.60349246  2.18831185  1.91476831  1.74860765]]
positive support: [4.07714712e-10 1.07693243e-09 1.58961107e-09 1.52613945e-09
 1.35153852e-09 1.20771189e-09 1.09992609e-09 1.03289145e-09
 1.16796822e-09 1.00000000e+00]
classifires probs: [0.14648611 0.049446   0.05326961 0.06512991 0.0800783  0.09564024
 0.10825508 0.11551139 0.12255589 0.16362746]
BR point: [1.74860931]
BR value: 1.7486093063359636
BR point: [1.74860931]
BR value: 1.7486093063359636
Points utilities = [[1.46486113 1.55341009 1.56664111 1.56844854 1.56695637 1.5628458
  1.55768323 1.56205342 1.60145963 1.74860765]]
new point utility = 1.7486093063359636
new point = [1.74860931]
3
classifier utilities = [1.7486077  1.74860769 1.74860769 1.74860768 1.74860767 1.74860766
 1.74860766 1.74860766 1.74860765 1.74860765]
new classifier utility = [0.]
classifier added
classifires probs: [0.14648611 0.049446   0.05326961 0.06512991 0.0800783  0.09564024
 0.10825508 0.11551139 0.12255589 0.16362746]
____iterstion: 19
positive data: [[10.          7.92830791  6.28663835  4.98978898  3.97291305  3.18915464
   2.60349246  2.18831185  1.91476831  1.74860765]]
positive support: [0.10728157 0.06628093 0.05494538 0.0589078  0.06681011 0.07374628
 0.0838228  0.10408191 0.14215593 0.24196731]
classifires probs: [-5.49537193e-12 -1.13789200e-11  1.46162684e-12 -5.43919097e-12
 -1.29135465e-11 -1.60001895e-11 -1.48306394e-11 -1.10762093e-11
 -2.81892300e-12  2.11738434e-11  1.00000000e+00]
BR point: [1.65467741]
BR value: 1.654677407806304
BR point: [1.65467741]
BR value: 1.654677407806304
Points utilities = [[-5.49537193e-11 -1.33784582e-10 -9.68938512e-11 -1.04046361e-10
  -1.34147008e-10 -1.58710169e-10 -1.68175801e-10 -1.65594898e-10
  -1.50292776e-10 -1.00225855e-10]]
new point utility = 1.654677407806304
new point = [1.65467741]
point added
3
classifier utilities = [3.87958679 2.80677111 2.28127546 1.93585375 1.64191627 1.37648552
 1.14129725 0.92306522 0.69530155 0.42310589 0.        ]
new classifier utility = [0.]
classifires probs: [-5.49537193e-12 -1.13789200e-11  1.46162684e-12 -5.43919097e-12
 -1.29135465e-11 -1.60001895e-11 -1.48306394e-11 -1.10762093e-11
 -2.81892300e-12  2.11738434e-11  1.00000000e+00]
____iterstion: 20
positive data: [[10.          7.92830791  6.28663835  4.98978898  3.97291305  3.18915464
   2.60349246  2.18831185  1.91476831  1.74860765  1.65467741]]
positive support: [4.06125131e-10 1.10325383e-09 1.60738624e-09 1.54034295e-09
 1.36535392e-09 1.22058245e-09 1.10083916e-09 9.86425171e-10
 9.43062304e-10 1.18304193e-09 1.00000000e+00]
classifires probs: [0.13874108 0.04678761 0.05041948 0.06164955 0.07575599 0.09020121
 0.10086991 0.10376385 0.1011128  0.10131147 0.12938705]
BR point: [1.65469029]
BR value: 1.6546902843053979
BR point: [1.65469029]
BR value: 1.6546902843053979
Points utilities = [[1.38741077 1.47092852 1.48332075 1.48494975 1.48330178 1.4783483
  1.46947578 1.4622052  1.47303409 1.52236046 1.65467741]]
new point utility = 1.6546902843053979
new point = [1.65469029]
3
classifier utilities = [1.65467746 1.65467745 1.65467744 1.65467743 1.65467743 1.65467742
 1.65467742 1.65467741 1.65467741 1.65467741 1.65467741]
new classifier utility = [0.]
classifier added
classifires probs: [0.13874108 0.04678761 0.05041948 0.06164955 0.07575599 0.09020121
 0.10086991 0.10376385 0.1011128  0.10131147 0.12938705]
____iterstion: 21
positive data: [[10.          7.92830791  6.28663835  4.98978898  3.97291305  3.18915464
   2.60349246  2.18831185  1.91476831  1.74860765  1.65467741]]
positive support: [0.09989452 0.05480726 0.0385312  0.04166604 0.05445814 0.06689248
 0.07789783 0.09077851 0.10933264 0.13991043 0.22583096]
classifires probs: [-1.71134738e-11 -6.01153231e-12  5.24315054e-12 -4.53749062e-12
 -1.13975752e-11 -1.77066204e-11 -1.97967639e-11 -1.80683257e-11
 -1.34554819e-11 -3.64687133e-12  2.46928424e-11  1.00000000e+00]
BR point: [1.60428382]
BR value: 1.6042838158243433
BR point: [1.60428382]
BR value: 1.6042838158243433
Points utilities = [[-1.71134738e-10 -1.83342169e-10 -1.12416759e-10 -1.11867807e-10
  -1.34351688e-10 -1.64316542e-10 -1.85681878e-10 -1.95610201e-10
  -1.96922649e-10 -1.86210950e-10 -1.35349538e-10]]
new point utility = 1.6042838158243433
new point = [1.60428382]
point added
3
classifier utilities = [3.54242896 2.54348376 2.10895496 1.86672326 1.65881852 1.44246108
 1.22913061 1.02632421 0.82767252 0.61832584 0.37367739 0.        ]
new classifier utility = [0.]
classifires probs: [-1.71134738e-11 -6.01153231e-12  5.24315054e-12 -4.53749062e-12
 -1.13975752e-11 -1.77066204e-11 -1.97967639e-11 -1.80683257e-11
 -1.34554819e-11 -3.64687133e-12  2.46928424e-11  1.00000000e+00]
____iterstion: 22
positive data: [[10.          7.92830791  6.28663835  4.98978898  3.97291305  3.18915464
   2.60349246  2.18831185  1.91476831  1.74860765  1.65467741  1.60428382]]
positive support: [4.38652323e-10 1.14341718e-09 1.60675538e-09 1.53159635e-09
 1.36203859e-09 1.22310569e-09 1.09248032e-09 9.38880913e-10
 8.35316625e-10 8.44886286e-10 1.21085438e-09 1.00000000e+00]
classifires probs: [0.13510933 0.04523314 0.04890468 0.05986514 0.07357244 0.08746592
 0.09703814 0.09733354 0.09013044 0.08281057 0.08109805 0.10143861]
BR point: [1.60240938]
BR value: 1.6024093792255742
BR point: [1.60240938]
BR value: 1.6024093792255742
Points utilities = [[1.35109331 1.42981061 1.44119389 1.44260928 1.44091486 1.4356
  1.42460188 1.41041583 1.40668983 1.42942265 1.48682924 1.60428381]]
new point utility = 1.6024093792255742
new point = [1.60240938]
3
classifier utilities = [1.60428387 1.60428386 1.60428385 1.60428384 1.60428384 1.60428383
 1.60428383 1.60428382 1.60428382 1.60428382 1.60428382 1.60428382]
new classifier utility = [0.]
classifier added
classifires probs: [0.13510933 0.04523314 0.04890468 0.05986514 0.07357244 0.08746592
 0.09703814 0.09733354 0.09013044 0.08281057 0.08109805 0.10143861]
____iterstion: 23
positive data: [[10.          7.92830791  6.28663835  4.98978898  3.97291305  3.18915464
   2.60349246  2.18831185  1.91476831  1.74860765  1.65467741  1.60428382]]
positive support: [0.09251877 0.04895042 0.02963957 0.03700126 0.04749731 0.05944167
 0.07050746 0.08103569 0.09214186 0.10625384 0.13026324 0.20474892]
classifires probs: [-4.11258863e-11  5.73392383e-13 -1.59294347e-11 -1.28642988e-11
 -2.67417741e-11 -3.40185101e-11 -3.55236564e-11 -3.22345334e-11
 -2.49318721e-11 -1.23002157e-11  1.17952997e-11  7.20111210e-11
  1.00000000e+00]
BR point: [1.57810571]
BR value: 1.5781057085056365
BR point: [1.57810571]
BR value: 1.5781057085056365
Points utilities = [[-4.11258863e-10 -3.21512658e-10 -3.55081458e-10 -3.46023041e-10
  -3.81749275e-10 -4.14929785e-10 -4.31216893e-10 -4.32989670e-10
  -4.26603818e-10 -4.11092044e-10 -3.69491930e-10 -2.42712690e-10]]
new point utility = 1.5781057085056365
new point = [1.57810571]
point added
3
classifier utilities = [3.32965735 2.40446967 2.0163757  1.83004246 1.64541398 1.4567113
 1.26714261 1.08357696 0.9062456  0.72981529 0.54401902 0.32847538
 0.        ]
new classifier utility = [0.]
classifires probs: [-4.11258863e-11  5.73392383e-13 -1.59294347e-11 -1.28642988e-11
 -2.67417741e-11 -3.40185101e-11 -3.55236564e-11 -3.22345334e-11
 -2.49318721e-11 -1.23002157e-11  1.17952997e-11  7.20111210e-11
  1.00000000e+00]
____iterstion: 24
positive data: [[10.          7.92830791  6.28663835  4.98978898  3.97291305  3.18915464
   2.60349246  2.18831185  1.91476831  1.74860765  1.65467741  1.60428382
   1.57810571]]
positive support: [5.06993419e-10 1.21394914e-09 1.62520865e-09 1.53979657e-09
 1.37687174e-09 1.24448799e-09 1.09585353e-09 8.94015896e-10
 7.61928949e-10 7.16400285e-10 7.58951813e-10 1.28583530e-09
 1.00000000e+00]
classifires probs: [0.13368288 0.04430233 0.04812866 0.05900819 0.0725525  0.08619676
 0.09509421 0.09344767 0.08332985 0.07277877 0.0659533  0.06472142
 0.08080345]
BR point: [1.57809481]
BR value: 1.5780948081174013
BR point: [1.57809481]
BR value: 1.5780948081174013
Points utilities = [[1.33682882 1.4111216  1.42149619 1.42269897 1.42100998 1.41557433
  1.40319272 1.38391731 1.37048213 1.37881531 1.4138807  1.47465215
  1.57810571]]
new point utility = 1.5780948081174013
new point = [1.57809481]
3
classifier utilities = [1.57810576 1.57810576 1.57810575 1.57810574 1.57810573 1.57810573
 1.57810572 1.57810572 1.57810572 1.57810572 1.57810572 1.57810571
 1.57810571]
new classifier utility = [0.]
classifier added
classifires probs: [0.13368288 0.04430233 0.04812866 0.05900819 0.0725525  0.08619676
 0.09509421 0.09344767 0.08332985 0.07277877 0.0659533  0.06472142
 0.08080345]
____iterstion: 25
positive data: [[10.          7.92830791  6.28663835  4.98978898  3.97291305  3.18915464
   2.60349246  2.18831185  1.91476831  1.74860765  1.65467741  1.60428382
   1.57810571]]
positive support: [0.08668182 0.04500737 0.02478578 0.03363002 0.04228825 0.05293471
 0.06343025 0.07302816 0.0815401  0.08947284 0.09993364 0.12003193
 0.18723515]
classifires probs: [-5.83895469e-11  1.59536407e-12 -3.46299051e-11 -1.59099977e-11
 -3.61752046e-11 -4.50393854e-11 -4.69088880e-11 -4.37432897e-11
 -3.66270756e-11 -2.52805849e-11 -6.92317846e-12  2.73769876e-11
  1.11630144e-10  1.00000000e+00]
BR point: [1.56474738]
BR value: 1.5647473797672242
BR point: [1.56474738]
BR value: 1.5647473797672242
Points utilities = [[-5.83895469e-10 -4.50281769e-10 -5.74750177e-10 -5.35574437e-10
  -5.70149933e-10 -6.01310883e-10 -6.13011992e-10 -6.10978535e-10
  -6.04737309e-10 -5.96464957e-10 -5.75880179e-10 -5.14421153e-10
  -3.29862853e-10]]
new point utility = 1.5647473797672242
new point = [1.56474738]
point added
3
classifier utilities = [3.1750328  2.30821459 1.95138234 1.79556312 1.62775644 1.45974889
 1.29093193 1.12579175 0.96598337 0.80985296 0.65340007 0.48804213
 0.29547685 0.        ]
new classifier utility = [0.]
classifires probs: [-5.83895469e-11  1.59536407e-12 -3.46299051e-11 -1.59099977e-11
 -3.61752046e-11 -4.50393854e-11 -4.69088880e-11 -4.37432897e-11
 -3.66270756e-11 -2.52805849e-11 -6.92317846e-12  2.73769876e-11
  1.11630144e-10  1.00000000e+00]
____iterstion: 26
positive data: [[10.          7.92830791  6.28663835  4.98978898  3.97291305  3.18915464
   2.60349246  2.18831185  1.91476831  1.74860765  1.65467741  1.60428382
   1.57810571  1.56474738]]
positive support: [6.03500165e-10 1.31122933e-09 1.66979352e-09 1.57375426e-09
 1.41682894e-09 1.28901473e-09 1.11078749e-09 8.47314382e-10
 7.09644734e-10 6.62313674e-10 6.25130603e-10 6.58592936e-10
 1.47229948e-09 1.00000000e+00]
classifires probs: [0.13334404 0.04371546 0.04774139 0.05862886 0.07212656 0.08567469
 0.0941103  0.0908046  0.07851716 0.06627492 0.0575504  0.05273481
 0.05248613 0.06629068]
BR point: [1.56474066]
BR value: 1.5647406566519184
BR point: [1.56474066]
BR value: 1.5647406566519184
Points utilities = [[1.33344041 1.40378226 1.41324191 1.41425465 1.4125943  1.40715388
  1.39375702 1.37020248 1.34926649 1.34806805 1.37088101 1.4137321
  1.47349201 1.56474738]]
new point utility = 1.5647406566519184
new point = [1.56474066]
3
classifier utilities = [1.56474744 1.56474744 1.56474742 1.56474741 1.56474741 1.5647474
 1.5647474  1.56474739 1.56474739 1.56474739 1.56474739 1.56474739
 1.56474739 1.56474738]
new classifier utility = [0.]
classifier added
classifires probs: [0.13334404 0.04371546 0.04774139 0.05862886 0.07212656 0.08567469
 0.0941103  0.0908046  0.07851716 0.06627492 0.0575504  0.05273481
 0.05248613 0.06629068]
____iterstion: 27
positive data: [[10.          7.92830791  6.28663835  4.98978898  3.97291305  3.18915464
   2.60349246  2.18831185  1.91476831  1.74860765  1.65467741  1.60428382
   1.57810571  1.56474738]]
positive support: [0.08204239 0.04227337 0.02151188 0.03104683 0.03854926 0.04793359
 0.05750581 0.06624822 0.07356481 0.07913001 0.08430026 0.09260084
 0.11052813 0.17276459]
classifires probs: [-7.04208480e-11  7.24105834e-13 -4.85085766e-11 -1.70194145e-11
 -4.17226518e-11 -5.22204450e-11 -5.48721103e-11 -5.25025488e-11
 -4.64282032e-11 -3.69388435e-11 -2.29749569e-11 -6.58101882e-13
  4.11876998e-11  1.44048839e-10  1.00000000e+00]
BR point: [1.55800202]
BR value: 1.5580020223203919
BR point: [1.55800202]
BR value: 1.5580020223203919
Points utilities = [[-7.04208480e-10 -5.52577233e-10 -7.43114090e-10 -6.74742883e-10
  -7.02996576e-10 -7.30851648e-10 -7.39495843e-10 -7.36459915e-10
  -7.33300145e-10 -7.34257027e-10 -7.32830964e-10 -7.11568206e-10
  -6.34958556e-10 -4.04183725e-10]]
new point utility = 1.5580020223203919
new point = [1.55800202]
point added
3
classifier utilities = [3.05847568 2.23805174 1.90289547 1.76765804 1.61274091 1.45958804
 1.30672041 1.15700445 1.01203269 0.87117312 0.73280577 0.59331604
 0.44475802 0.27033294 0.        ]
new classifier utility = [0.]
classifires probs: [-7.04208480e-11  7.24105834e-13 -4.85085766e-11 -1.70194145e-11
 -4.17226518e-11 -5.22204450e-11 -5.48721103e-11 -5.25025488e-11
 -4.64282032e-11 -3.69388435e-11 -2.29749569e-11 -6.58101882e-13
  4.11876998e-11  1.44048839e-10  1.00000000e+00]
____iterstion: 28
positive data: [[10.          7.92830791  6.28663835  4.98978898  3.97291305  3.18915464
   2.60349246  2.18831185  1.91476831  1.74860765  1.65467741  1.60428382
   1.57810571  1.56474738  1.55800202]]
positive support: [7.18907492e-10 1.42547123e-09 1.73503834e-09 1.62895784e-09
 1.47695894e-09 1.35090457e-09 1.12962078e-09 7.89630738e-10
 6.71741979e-10 6.55244670e-10 6.00140693e-10 4.98059396e-10
 5.31653100e-10 1.88409304e-09 1.00000000e+00]
classifires probs: [0.13349693 0.04332154 0.04755313 0.0584853  0.0719894  0.08551362
 0.09358811 0.0887616  0.07478007 0.06159755 0.05206803 0.04599744
 0.04299065 0.043641   0.05621564]
BR point: [1.55799906]
BR value: 1.5579990597972628
BR point: [1.55799906]
BR value: 1.5579990597972628
Points utilities = [[1.33496928 1.40187124 1.41054307 1.41139622 1.40977347 1.40437586
  1.39012967 1.36268285 1.33553116 1.32734576 1.34220031 1.37511623
  1.42052138 1.4767841  1.55800202]]
new point utility = 1.5579990597972628
new point = [1.55799906]
3
classifier utilities = [1.55800209 1.55800208 1.55800207 1.55800206 1.55800205 1.55800205
 1.55800204 1.55800204 1.55800204 1.55800204 1.55800204 1.55800203
 1.55800203 1.55800203 1.55800203]
new classifier utility = [0.]
classifier added
classifires probs: [0.13349693 0.04332154 0.04755313 0.0584853  0.0719894  0.08551362
 0.09358811 0.0887616  0.07478007 0.06159755 0.05206803 0.04599744
 0.04299065 0.043641   0.05621564]
____iterstion: 29
positive data: [[10.          7.92830791  6.28663835  4.98978898  3.97291305  3.18915464
   2.60349246  2.18831185  1.91476831  1.74860765  1.65467741  1.60428382
   1.57810571  1.56474738  1.55800202]]
positive support: [0.07827557 0.0402393  0.01903868 0.02893651 0.03576969 0.04417442
 0.0528271  0.0606888  0.06710815 0.07156725 0.07464581 0.07823931
 0.08551172 0.10219787 0.16077983]
classifires probs: [-7.93315655e-11 -1.28535624e-12 -5.89666653e-11 -1.75531103e-11
 -4.50636203e-11 -5.69890398e-11 -6.04818735e-11 -5.90619613e-11
 -5.42035769e-11 -4.64611841e-11 -3.55451526e-11 -1.97854979e-11
  5.60607074e-12  5.36429910e-11  1.72115675e-10  1.00000000e+00]
BR point: [1.55461692]
BR value: 1.5546169165369832
BR point: [1.55461692]
BR value: 1.5546169165369832
Points utilities = [[-7.93315655e-10 -6.39155779e-10 -8.77511531e-10 -7.84078960e-10
  -8.03324281e-10 -8.26594941e-10 -8.32261639e-10 -8.28786331e-10
  -8.28973605e-10 -8.38278929e-10 -8.52064724e-10 -8.57856445e-10
  -8.35011290e-10 -7.44005367e-10 -4.72641519e-10]]
new point utility = 1.5546169165369832
new point = [1.55461692]
point added
3
classifier utilities = [2.96721958 2.18446386 1.86543432 1.74574506 1.60135798 1.4592481
 1.31836904 1.1808341  1.04802808 0.91953152 0.79438848 0.67087374
 0.54535569 0.41040915 0.2504953  0.        ]
new classifier utility = [0.]
classifires probs: [-7.93315655e-11 -1.28535624e-12 -5.89666653e-11 -1.75531103e-11
 -4.50636203e-11 -5.69890398e-11 -6.04818735e-11 -5.90619613e-11
 -5.42035769e-11 -4.64611841e-11 -3.55451526e-11 -1.97854979e-11
  5.60607074e-12  5.36429910e-11  1.72115675e-10  1.00000000e+00]
____iterstion: 30
positive data: [[10.          7.92830791  6.28663835  4.98978898  3.97291305  3.18915464
   2.60349246  2.18831185  1.91476831  1.74860765  1.65467741  1.60428382
   1.57810571  1.56474738  1.55800202  1.55461692]]
positive support: [8.97059297e-10 1.62856206e-09 1.89827597e-09 1.78497941e-09
 1.63695888e-09 1.50628314e-09 1.22008021e-09 7.75874406e-10
 6.89074237e-10 7.27490341e-10 6.86911391e-10 5.45831710e-10
 3.67245159e-10 5.44502173e-10 2.79188519e-09 1.00000001e+00]
classifires probs: [0.1338451  0.04303973 0.04746489 0.05845372 0.07198602 0.08551666
 0.09327258 0.08702599 0.07169487 0.05802081 0.04815539 0.04156826
 0.03758126 0.03592553 0.03729261 0.04915656]
BR point: [1.5546037]
BR value: 1.5546037030921953
BR point: [1.5546037]
BR value: 1.5546037030921953
Points utilities = [[1.33845103 1.40239743 1.41040559 1.41112952 1.4095477  1.40420434
  1.38916816 1.35807663 1.3255933  1.31201598 1.32121984 1.34766906
  1.3849855  1.42947627 1.481416   1.55461692]]
new point utility = 1.5546037030921953
new point = [1.5546037]
3
classifier utilities = [1.554617   1.55461699 1.55461697 1.55461696 1.55461695 1.55461695
 1.55461694 1.55461694 1.55461694 1.55461694 1.55461693 1.55461693
 1.55461693 1.55461693 1.55461693 1.55461693]
new classifier utility = [0.]
classifier added
classifires probs: [0.1338451  0.04303973 0.04746489 0.05845372 0.07198602 0.08551666
 0.09327258 0.08702599 0.07169487 0.05802081 0.04815539 0.04156826
 0.03758126 0.03592553 0.03729261 0.04915656]
____iterstion: 31
positive data: [[10.          7.92830791  6.28663835  4.98978898  3.97291305  3.18915464
   2.60349246  2.18831185  1.91476831  1.74860765  1.65467741  1.60428382
   1.57810571  1.56474738  1.55800202  1.55461692]]
positive support: [0.07515024 0.03862874 0.01705778 0.02715814 0.03361684 0.0413116
 0.04918948 0.05624573 0.06185647 0.06553488 0.06765098 0.06934955
 0.07230846 0.07914778 0.09504656 0.15074679]
classifires probs: [-8.63557712e-11 -3.89450161e-12 -6.72280179e-11 -1.81073072e-11
 -4.72325453e-11 -6.03036664e-11 -6.45373664e-11 -6.39895030e-11
 -6.02525851e-11 -5.40286277e-11 -4.53715595e-11 -3.35356488e-11
 -1.63524675e-11  1.16996626e-11  6.52488809e-11  1.97765348e-10
  1.00000000e+00]
BR point: [1.55288185]
BR value: 1.5528818459812654
BR point: [1.55288185]
BR value: 1.5528818459812654
Points utilities = [[-8.63557712e-10 -7.15531952e-10 -9.90009061e-10 -8.76135081e-10
  -8.85237109e-10 -9.02919232e-10 -9.05128043e-10 -9.00815680e-10
  -9.03581585e-10 -9.19645032e-10 -9.45319604e-10 -9.70330371e-10
  -9.80302803e-10 -9.53697732e-10 -8.47928616e-10 -5.38636947e-10]]
new point utility = 1.5528818459812654
new point = [1.55288185]
point added
3
classifier utilities = [2.89359131 2.14208889 1.83582838 1.7285923  1.59307891 1.45952212
 1.32777304 1.19970861 1.07662542 0.95818461 0.84358981 0.73164926
 0.6203929  0.50628251 0.38243623 0.2343535  0.        ]
new classifier utility = [0.]
classifires probs: [-8.63557712e-11 -3.89450161e-12 -6.72280179e-11 -1.81073072e-11
 -4.72325453e-11 -6.03036664e-11 -6.45373664e-11 -6.39895030e-11
 -6.02525851e-11 -5.40286277e-11 -4.53715595e-11 -3.35356488e-11
 -1.63524675e-11  1.16996626e-11  6.52488809e-11  1.97765348e-10
  1.00000000e+00]
____iterstion: 32
positive data: [[10.          7.92830791  6.28663835  4.98978898  3.97291305  3.18915464
   2.60349246  2.18831185  1.91476831  1.74860765  1.65467741  1.60428382
   1.57810571  1.56474738  1.55800202  1.55461692  1.55288185]]
positive support: [1.20754570e-09 2.03141017e-09 2.27642018e-09 2.16052536e-09
 2.01522069e-09 1.86859403e-09 1.48288805e-09 8.88115605e-10
 8.16306658e-10 9.18285850e-10 9.12452569e-10 7.86270513e-10
 5.49586813e-10 4.09804448e-10 9.97530406e-10 4.46425939e-09
 1.00000001e+00]
classifires probs: [0.13424669 0.04282494 0.0474251  0.0584716  0.07203853 0.08558464
 0.09304563 0.08548732 0.06903879 0.05515994 0.04522268 0.03839772
 0.03397199 0.03146798 0.03079906 0.03270492 0.04411249]
BR point: [1.55291769]
BR value: 1.5529176850038242
BR point: [1.55291769]
BR value: 1.5529176850038242
Points utilities = [[1.34246688 1.40387836 1.41132972 1.41195221 1.41041134 1.40511437
  1.3893202  1.35483734 1.31767314 1.29978058 1.304789   1.32665218
  1.35861576 1.3963548  1.43832035 1.4860389  1.55288184]]
new point utility = 1.5529176850038242
new point = [1.55291769]
3
classifier utilities = [1.55288195 1.55288194 1.55288192 1.5528819  1.55288189 1.55288189
 1.55288188 1.55288188 1.55288187 1.55288187 1.55288187 1.55288187
 1.55288187 1.55288187 1.55288187 1.55288187 1.55288186]
new classifier utility = [0.]
classifier added
classifires probs: [0.13424669 0.04282494 0.0474251  0.0584716  0.07203853 0.08558464
 0.09304563 0.08548732 0.06903879 0.05515994 0.04522268 0.03839772
 0.03397199 0.03146798 0.03079906 0.03270492 0.04411249]
____iterstion: 33
positive data: [[10.          7.92830791  6.28663835  4.98978898  3.97291305  3.18915464
   2.60349246  2.18831185  1.91476831  1.74860765  1.65467741  1.60428382
   1.57810571  1.56474738  1.55800202  1.55461692  1.55288185]]
positive support: [0.07250407 0.03729178 0.01541592 0.02563788 0.03189162 0.03907902
 0.04634688 0.05273039 0.05763468 0.06063409 0.06209247 0.06292364
 0.0641175  0.06693309 0.07360072 0.08893328 0.14223299]
classifires probs: [-9.21659758e-11 -6.72828168e-12 -7.40715965e-11 -1.89110563e-11
 -4.88202399e-11 -6.27678911e-11 -6.75947740e-11 -6.77585187e-11
 -6.49430278e-11 -5.99606696e-11 -5.30620930e-11 -4.39004162e-11
 -3.13712572e-11 -1.29295556e-11  1.75923879e-11  7.63537908e-11
  2.22178942e-10  1.00000000e+00]
BR point: [1.55202932]
BR value: 1.5520293193468515
BR point: [1.55202932]
BR value: 1.5520293193468515
Points utilities = [[-9.21659758e-10 -7.84064124e-10 -1.08737377e-09 -9.57425292e-10
  -9.56268850e-10 -9.67796944e-10 -9.66051431e-10 -9.60271358e-10
  -9.64586291e-10 -9.85728657e-10 -1.02057876e-09 -1.05992552e-09
  -1.09213721e-09 -1.10312398e-09 -1.07095963e-09 -9.49931838e-10
  -6.03853996e-10]]
new point utility = 1.5520293193468515
new point = [1.55202932]
point added
3
classifier utilities = [2.83271782 2.10767708 1.81201638 1.71510206 1.58717444 1.46047182
 1.33584279 1.21517905 1.09978851 0.98943146 0.88340623 0.78066322
 0.67971585 0.57853166 0.47379828 0.35912821 0.22087103 0.        ]
new classifier utility = [0.22087103]
classifires probs: [-9.21659758e-11 -6.72828168e-12 -7.40715965e-11 -1.89110563e-11
 -4.88202399e-11 -6.27678911e-11 -6.75947740e-11 -6.77585187e-11
 -6.49430278e-11 -5.99606696e-11 -5.30620930e-11 -4.39004162e-11
 -3.13712572e-11 -1.29295556e-11  1.75923879e-11  7.63537908e-11
  2.22178942e-10  1.00000000e+00]
____iterstion: 34
positive data: [[10.          7.92830791  6.28663835  4.98978898  3.97291305  3.18915464
   2.60349246  2.18831185  1.91476831  1.74860765  1.65467741  1.60428382
   1.57810571  1.56474738  1.55800202  1.55461692  1.55288185  1.55202932]]
positive support: [1.46873309e-09 2.35363806e-09 2.57312458e-09 2.45336406e-09
 2.30992836e-09 2.14877383e-09 1.66149958e-09 9.19624783e-10
 8.74476624e-10 1.06048656e-09 1.09673632e-09 9.86984318e-10
 7.17580177e-10 4.07524070e-10 4.50673940e-10 1.60599760e-09
 6.24231287e-09 1.00000001e+00]
classifires probs: [0.13464738 0.04265535 0.04741127 0.05851196 0.07211371 0.08567821
 0.09285089 0.08405686 0.06671111 0.05280128 0.04295647 0.03604765
 0.03136912 0.02845184 0.02701141 0.02705464 0.02933016 0.0403407 ]
BR point: [1.55203598]
BR value: 1.5520359817820915
BR point: [1.55203598]
BR value: 1.5520359817820915
Points utilities = [[1.34647382 1.40571064 1.41269567 1.41323777 1.41173363 1.40647422
  1.3899233  1.35221396 1.31092072 1.28948974 1.29130111 1.30980489
  1.33793578 1.37113038 1.4073035  1.44630542 1.49023751 1.55202932]]
new point utility = 1.5520359817820915
new point = [1.55203598]
3
classifier utilities = [1.55202944 1.55202943 1.55202941 1.55202939 1.55202938 1.55202937
 1.55202936 1.55202936 1.55202936 1.55202935 1.55202935 1.55202935
 1.55202935 1.55202935 1.55202935 1.55202935 1.55202934 1.55202933]
new classifier utility = [0.]
classifier added
classifires probs: [0.13464738 0.04265535 0.04741127 0.05851196 0.07211371 0.08567821
 0.09285089 0.08405686 0.06671111 0.05280128 0.04295647 0.03604765
 0.03136912 0.02845184 0.02701141 0.02705464 0.02933016 0.0403407 ]
____iterstion: 35
positive data: [[10.          7.92830791  6.28663835  4.98978898  3.97291305  3.18915464
   2.60349246  2.18831185  1.91476831  1.74860765  1.65467741  1.60428382
   1.57810571  1.56474738  1.55800202  1.55461692  1.55288185  1.55202932]]
positive support: [0.06510286 0.03182358 0.01308768 0.02544789 0.02994678 0.03534125
 0.04153145 0.04713202 0.05125999 0.0535809  0.05457346 0.05515885
 0.0561281  0.05806848 0.06182804 0.06945413 0.08687313 0.1636614 ]
classifires probs: [-1.02109258e-10  7.02605488e-12 -9.94514597e-11 -2.37102871e-11
 -5.58405621e-11 -7.32743836e-11 -7.91194152e-11 -7.93767519e-11
 -7.67271567e-11 -7.22366036e-11 -6.60658043e-11 -5.77054516e-11
 -4.60496235e-11 -2.91481940e-11 -3.09566441e-12  4.15819239e-11
  1.32465697e-10  4.06060344e-10  1.00000000e+00]
BR point: [1.55059901]
BR value: 1.5505990065259267
BR point: [1.55059901]
BR value: 1.5505990065259267
Points utilities = [[-1.02109258e-09 -7.53848915e-10 -1.22296907e-09 -1.08899625e-09
  -1.08891791e-09 -1.10778442e-09 -1.11033567e-09 -1.10697081e-09
  -1.11551189e-09 -1.14502295e-09 -1.19283316e-09 -1.24908107e-09
  -1.30137020e-09 -1.33596394e-09 -1.33502788e-09 -1.26748327e-09
  -1.06036509e-09 -4.29565392e-10]]
new point utility = 1.5505990065259267
new point = [1.55059901]
point added
3
classifier utilities = [2.69883122 2.04780261 1.79549544 1.7132179  1.58623828 1.46726234
 1.35455365 1.24642682 1.14328726 1.04513626 0.95144428 0.86114281
 0.77265236 0.68407628 0.59321378 0.49688557 0.388911   0.25400729
 0.        ]
new classifier utility = [0.388911]
classifires probs: [-1.02109258e-10  7.02605488e-12 -9.94514597e-11 -2.37102871e-11
 -5.58405621e-11 -7.32743836e-11 -7.91194152e-11 -7.93767519e-11
 -7.67271567e-11 -7.22366036e-11 -6.60658043e-11 -5.77054516e-11
 -4.60496235e-11 -2.91481940e-11 -3.09566441e-12  4.15819239e-11
  1.32465697e-10  4.06060344e-10  1.00000000e+00]
____iterstion: 36
positive data: [[10.          7.92830791  6.28663835  4.98978898  3.97291305  3.18915464
   2.60349246  2.18831185  1.91476831  1.74860765  1.65467741  1.60428382
   1.57810571  1.56474738  1.55800202  1.55461692  1.55288185  1.55202932
   1.55059901]]
positive support: [1.90777774e-09 2.93284830e-09 3.14707868e-09 3.02045589e-09
 2.87058883e-09 2.67957138e-09 2.04371689e-09 1.09592816e-09
 1.02654264e-09 1.30630206e-09 1.40270665e-09 1.31658445e-09
 1.03061998e-09 6.27006674e-10 4.25283207e-10 9.30677896e-10
 2.87834336e-09 8.73061296e-09 1.00000001e+00]
classifires probs: [0.13496457 0.0424919  0.04738664 0.05853168 0.07216128 0.08574366
 0.09267567 0.08282257 0.06469461 0.05076818 0.04110501 0.03424772
 0.02945289 0.0262855  0.02445869 0.02378043 0.02428597 0.0265646
 0.03757843]
BR point: [1.55058415]
BR value: 1.5505841498562365
BR point: [1.55058415]
BR value: 1.5505841498562365
Points utilities = [[1.34964565 1.40692946 1.41350728 1.41398036 1.41251387 1.40730928
  1.39014884 1.34970253 1.30486209 1.28040178 1.27963777 1.29560917
  1.32094767 1.35089629 1.3831795  1.41714369 1.4532753  1.4937065
  1.550599  ]]
new point utility = 1.5505841498562365
new point = [1.55058415]
3
classifier utilities = [1.55059916 1.55059914 1.55059912 1.5505991  1.55059908 1.55059907
 1.55059906 1.55059906 1.55059906 1.55059905 1.55059905 1.55059905
 1.55059905 1.55059905 1.55059904 1.55059904 1.55059904 1.55059904
 1.55059902]
new classifier utility = [6.21148473e-08]
classifier added
classifires probs: [0.13496457 0.0424919  0.04738664 0.05853168 0.07216128 0.08574366
 0.09267567 0.08282257 0.06469461 0.05076818 0.04110501 0.03424772
 0.02945289 0.0262855  0.02445869 0.02378043 0.02428597 0.0265646
 0.03757843]
____iterstion: 37
positive data: [[10.          7.92830791  6.28663835  4.98978898  3.97291305  3.18915464
   2.60349246  2.18831185  1.91476831  1.74860765  1.65467741  1.60428382
   1.57810571  1.56474738  1.55800202  1.55461692  1.55288185  1.55202932
   1.55059901]]
positive support: [1.34244033e-01 8.63459051e-09 6.97744923e-09 3.56629366e-09
 4.52825625e-09 4.23897616e-09 3.14942355e-09 2.41055344e-09
 2.34224046e-09 2.38520159e-09 2.41375033e-09 2.42982835e-09
 2.40086395e-09 2.37622830e-09 2.56441424e-09 3.33244642e-09
 5.39818176e-09 1.17382835e-08 8.65755981e-01]
classifires probs: [-1.93951681e-09  2.08157527e-02  4.14526963e-02  1.59470928e-01
  7.41710357e-02  7.36562910e-02  7.38491560e-02  6.46566633e-02
  5.29164600e-02  4.34790371e-02  3.64662698e-02  3.14067737e-02
  2.78673234e-02  2.55264351e-02  2.41825662e-02  2.37898617e-02
  2.46138063e-02  2.74836536e-02  3.99512547e-02  1.34244035e-01]
BR point: [1.43212505]
BR value: 1.4321250504160445
BR point: [1.43212505]
BR value: 1.4321250504160445
Points utilities = [[1.34244033 1.22936173 1.23540291 1.10643269 1.17562633 1.17860536
  1.15442984 1.11182111 1.07416392 1.0569774  1.06053949 1.07862588
  1.10500285 1.13559166 1.1683728  1.20281838 1.23969827 1.28167312
  1.34244033]]
new point utility = 1.4321250504160445
new point = [1.43212505]
point added
3
classifier utilities = [2.68488093 1.3424406  1.34244053 1.34244049 1.34244047 1.34244045
 1.34244044 1.34244043 1.34244042 1.34244042 1.34244041 1.34244041
 1.34244041 1.3424404  1.3424404  1.3424404  1.34244039 1.34244038
 1.34244036 1.34244044]
new classifier utility = [0.]
classifier added
classifires probs: [-1.93951681e-09  2.08157527e-02  4.14526963e-02  1.59470928e-01
  7.41710357e-02  7.36562910e-02  7.38491560e-02  6.46566633e-02
  5.29164600e-02  4.34790371e-02  3.64662698e-02  3.14067737e-02
  2.78673234e-02  2.55264351e-02  2.41825662e-02  2.37898617e-02
  2.46138063e-02  2.74836536e-02  3.99512547e-02  1.34244035e-01]
____iterstion: 38
positive data: [[10.          7.92830791  6.28663835  4.98978898  3.97291305  3.18915464
   2.60349246  2.18831185  1.91476831  1.74860765  1.65467741  1.60428382
   1.57810571  1.56474738  1.55800202  1.55461692  1.55288185  1.55202932
   1.55059901  1.43212505]]
positive support: [2.07926557e-09 3.25742342e-09 3.75519970e-09 2.76902929e-09
 3.10016750e-09 2.92696652e-09 2.20193859e-09 1.16488940e-09
 1.04215378e-09 1.37968561e-09 1.53725105e-09 1.47898654e-09
 1.19823645e-09 7.86039888e-10 5.35328787e-10 8.47636956e-10
 2.13303554e-09 5.13755253e-09 1.63811912e-08 1.00000001e+00]
classifires probs: [0.07578795 0.03798718 0.04615665 0.09555706 0.07193555 0.08011642
 0.08553906 0.0754439  0.05823877 0.04548197 0.03681431 0.03062676
 0.02619769 0.0231485  0.02124345 0.02029961 0.02020415 0.0210178
 0.02490393 0.05076013 0.05253917]
BR point: [1.43237675]
BR value: 1.432376747401573
BR point: [1.43237675]
BR value: 1.432376747401573
Points utilities = [[1.26548085 1.30448623 1.32454384 1.27483538 1.30082862 1.29971066
  1.28372971 1.24410728 1.20010503 1.17549188 1.1732636  1.1866656
  1.20864476 1.23463539 1.26241043 1.29122567 1.32115922 1.35305414
  1.39042321 1.43212505]]
new point utility = 1.432376747401573
new point = [1.43237675]
3
classifier utilities = [1.43212523 1.43212521 1.43212518 1.43212516 1.43212514 1.43212513
 1.43212512 1.43212511 1.43212511 1.43212511 1.43212511 1.43212511
 1.4321251  1.4321251  1.4321251  1.4321251  1.4321251  1.43212509
 1.43212509 1.43212513 1.43212506]
new classifier utility = [1.65259798e-07]
classifier added
classifires probs: [0.07578795 0.03798718 0.04615665 0.09555706 0.07193555 0.08011642
 0.08553906 0.0754439  0.05823877 0.04548197 0.03681431 0.03062676
 0.02619769 0.0231485  0.02124345 0.02029961 0.02020415 0.0210178
 0.02490393 0.05076013 0.05253917]
____iterstion: 39
positive data: [[10.          7.92830791  6.28663835  4.98978898  3.97291305  3.18915464
   2.60349246  2.18831185  1.91476831  1.74860765  1.65467741  1.60428382
   1.57810571  1.56474738  1.55800202  1.55461692  1.55288185  1.55202932
   1.55059901  1.43212505]]
positive support: [1.25271990e-01 4.47110929e-10 2.96391518e-10 2.03127035e-10
 1.99606246e-10 1.76431979e-10 1.31660347e-10 1.13228490e-10
 1.15383419e-10 1.20267155e-10 1.21425865e-10 1.18411825e-10
 1.13238290e-10 1.09826976e-10 1.13176966e-10 1.29323699e-10
 1.72939284e-10 3.11848453e-10 1.28247427e-09 8.74728010e-01]
classifires probs: [-5.86710661e-11  1.91645281e-02  3.39384140e-02  4.19758063e-02
  5.47566430e-02  6.34452629e-02  6.39711243e-02  5.61763354e-02
  4.64559139e-02  3.86605116e-02  3.31051764e-02  2.92285620e-02
  2.65561138e-02  2.47838596e-02  2.37254427e-02  2.33018054e-02
  2.36258987e-02  2.51346813e-02  3.01582052e-02 -5.50454233e-11
  2.16563725e-01  1.25271990e-01]
BR point: [1.35127007]
BR value: 1.3512700672987388
BR point: [1.35127007]
BR value: 1.3512700672987388
Points utilities = [[1.2527199  1.14513719 1.12137869 1.09950368 1.09297771 1.07969674
  1.0479676  1.00377887 0.96725673 0.95092174 0.95461931 0.97243706
  0.99847755 1.02880613 1.06133541 1.09525481 1.13072065 1.16910965
  1.21479551 1.2527199 ]]
new point utility = 1.3512700672987388
new point = [1.35127007]
point added
3
classifier utilities = [2.50543981 1.25271991 1.25271991 1.25271991 1.2527199  1.2527199
 1.2527199  1.2527199  1.2527199  1.2527199  1.2527199  1.2527199
 1.2527199  1.2527199  1.2527199  1.2527199  1.2527199  1.2527199
 1.2527199  2.5054398  1.2527199  1.25271991]
new classifier utility = [1.25271991]
classifires probs: [-5.86710661e-11  1.91645281e-02  3.39384140e-02  4.19758063e-02
  5.47566430e-02  6.34452629e-02  6.39711243e-02  5.61763354e-02
  4.64559139e-02  3.86605116e-02  3.31051764e-02  2.92285620e-02
  2.65561138e-02  2.47838596e-02  2.37254427e-02  2.33018054e-02
  2.36258987e-02  2.51346813e-02  3.01582052e-02 -5.50454233e-11
  2.16563725e-01  1.25271990e-01]
____iterstion: 40
positive data: [[10.          7.92830791  6.28663835  4.98978898  3.97291305  3.18915464
   2.60349246  2.18831185  1.91476831  1.74860765  1.65467741  1.60428382
   1.57810571  1.56474738  1.55800202  1.55461692  1.55288185  1.55202932
   1.55059901  1.43212505  1.35127007]]
positive support: [1.21433007e-10 1.39851273e-10 1.45487739e-10 1.06456090e-10
 1.18312211e-10 1.15074428e-10 9.24499465e-11 5.56612632e-11
 5.82915853e-11 5.41410623e-11 5.12732605e-11 4.72001672e-11
 4.48261013e-11 4.99602164e-11 6.47350078e-11 8.47075334e-11
 1.05862149e-10 1.55004269e-10 6.70098979e-10 3.93977086e-10
 1.00000000e+00]
classifires probs: [0.02464822 0.03188991 0.04214162 0.07241113 0.06587429 0.07574903
 0.08215697 0.07305778 0.05587523 0.04271037 0.0339997  0.02843887
 0.02476437 0.02226372 0.02057568 0.01953661 0.01915223 0.01969676
 0.02364926 0.02604973 0.12132524 0.07403329]
BR point: [1.3513068]
BR value: 1.3513068042881442
BR point: [1.3513068]
BR value: 1.3513068042881442
Points utilities = [[1.24731239 1.24174067 1.24954962 1.22311785 1.2355698  1.23339752
  1.2207892  1.18598238 1.14472023 1.12006684 1.11615856 1.12778971
  1.14846765 1.17358322 1.20058105 1.22834447 1.25671469 1.2865947
  1.32207952 1.32610013 1.35127007]]
new point utility = 1.3513068042881442
new point = [1.3513068]
3
classifier utilities = [1.35127007 1.35127007 1.35127007 1.35127007 1.35127007 1.35127007
 1.35127007 1.35127007 1.35127007 1.35127007 1.35127007 1.35127007
 1.35127007 1.35127007 1.35127007 1.35127007 1.35127007 1.35127007
 1.35127007 1.35127007 1.35127007 1.35127007]
new classifier utility = [7.16079486e-09]
classifier added
classifires probs: [0.02464822 0.03188991 0.04214162 0.07241113 0.06587429 0.07574903
 0.08215697 0.07305778 0.05587523 0.04271037 0.0339997  0.02843887
 0.02476437 0.02226372 0.02057568 0.01953661 0.01915223 0.01969676
 0.02364926 0.02604973 0.12132524 0.07403329]
____iterstion: 41
positive data: [[10.          7.92830791  6.28663835  4.98978898  3.97291305  3.18915464
   2.60349246  2.18831185  1.91476831  1.74860765  1.65467741  1.60428382
   1.57810571  1.56474738  1.55800202  1.55461692  1.55288185  1.55202932
   1.55059901  1.43212505  1.35127007]]
positive support: [1.25271990e-01 4.35040167e-10 2.89624169e-10 2.03935938e-10
 2.01086834e-10 1.80608846e-10 1.31691092e-10 1.09069306e-10
 1.10959235e-10 1.16624264e-10 1.18485857e-10 1.15684241e-10
 1.10247239e-10 1.06321392e-10 1.09006950e-10 1.24004500e-10
 1.65505525e-10 3.02978175e-10 1.30629592e-09 8.74728010e-01
 4.08952552e-10]
classifires probs: [-5.67214101e-11  1.95079843e-02  3.43934942e-02  4.24928860e-02
  5.53486560e-02  6.46085631e-02  6.56874109e-02  5.75119660e-02
  4.69992012e-02  3.86514429e-02  3.28212215e-02  2.88113991e-02
  2.60651439e-02  2.42476197e-02  2.31611614e-02  2.27095839e-02
  2.29660651e-02  2.43321124e-02  2.91714542e-02 -5.91289828e-11
  2.15240644e-01  2.80265062e-02  9.72454838e-02]
BR point: [1.33027224]
BR value: 1.33027223759042
BR point: [1.33027224]
BR value: 1.33027223759042
Points utilities = [[1.2527199  1.14786021 1.1263988  1.10606833 1.10055655 1.0894904
  1.06043108 1.01717757 0.98002084 0.96256234 0.96516475 0.98199209
  1.00710186 1.03651836 1.06813524 1.10111919 1.13555384 1.17269458
  1.21684708 1.2527199  1.21986516]]
new point utility = 1.33027223759042
new point = [1.33027224]
point added
3
classifier utilities = [2.50543981 1.25271991 1.25271991 1.25271991 1.25271991 1.2527199
 1.2527199  1.2527199  1.2527199  1.2527199  1.2527199  1.2527199
 1.2527199  1.2527199  1.2527199  1.2527199  1.2527199  1.2527199
 1.2527199  2.5054398  1.2527199  1.25271991 1.25271991]
new classifier utility = [1.25271991]
classifires probs: [-5.67214101e-11  1.95079843e-02  3.43934942e-02  4.24928860e-02
  5.53486560e-02  6.46085631e-02  6.56874109e-02  5.75119660e-02
  4.69992012e-02  3.86514429e-02  3.28212215e-02  2.88113991e-02
  2.60651439e-02  2.42476197e-02  2.31611614e-02  2.27095839e-02
  2.29660651e-02  2.43321124e-02  2.91714542e-02 -5.91289828e-11
  2.15240644e-01  2.80265062e-02  9.72454838e-02]
____iterstion: 42
positive data: [[10.          7.92830791  6.28663835  4.98978898  3.97291305  3.18915464
   2.60349246  2.18831185  1.91476831  1.74860765  1.65467741  1.60428382
   1.57810571  1.56474738  1.55800202  1.55461692  1.55288185  1.55202932
   1.55059901  1.43212505  1.35127007  1.33027224]]
positive support: [2.41757777e-10 2.12522672e-10 2.10894666e-10 1.64230074e-10
 1.78737571e-10 1.75803186e-10 1.53627786e-10 8.73152667e-11
 8.90964725e-11 9.25498458e-11 9.06673401e-11 8.68664018e-11
 8.54088820e-11 9.08535525e-11 1.01374790e-10 1.09009141e-10
 1.14664534e-10 1.80214630e-10 1.05368192e-09 8.11085685e-10
 1.99279311e-10 9.99999999e-01]
classifires probs: [0.01786371 0.03021694 0.04107071 0.06597817 0.06424811 0.07484993
 0.08195357 0.0742208  0.05571389 0.04193631 0.0331026  0.0275609
 0.02395132 0.02150592 0.01983787 0.01877843 0.01833674 0.01878843
 0.02252393 0.01865549 0.14072014 0.03546348 0.05272258]
BR point: [1.33068594]
BR value: 1.3306859382306755
BR point: [1.33068594]
BR value: 1.3306859382306755
Points utilities = [[1.2470526  1.22827093 1.23213658 1.21409347 1.22192387 1.21957621
  1.20897652 1.17859852 1.13795045 1.11253101 1.10754312 1.11802814
  1.13758229 1.16160423 1.1875042  1.21411735 1.24123711 1.26971587
  1.30347131 1.30583159 1.28002763 1.33027224]]
new point utility = 1.3306859382306755
new point = [1.33068594]
3
classifier utilities = [1.33027225 1.33027225 1.33027225 1.33027224 1.33027224 1.33027224
 1.33027224 1.33027224 1.33027224 1.33027224 1.33027224 1.33027224
 1.33027224 1.33027224 1.33027224 1.33027224 1.33027224 1.33027224
 1.33027224 1.33027224 1.33027224 1.33027225 1.33027225]
new classifier utility = [1.33027225]
classifires probs: [0.01786371 0.03021694 0.04107071 0.06597817 0.06424811 0.07484993
 0.08195357 0.0742208  0.05571389 0.04193631 0.0331026  0.0275609
 0.02395132 0.02150592 0.01983787 0.01877843 0.01833674 0.01878843
 0.02252393 0.01865549 0.14072014 0.03546348 0.05272258]
Objective = 1.3302722375179301
Number of iterations = 43
Support of attacker = 1
Support of classifier = 23
Size of game = (22, 23)
