NEW RUN________________________________________
____iterstion: 0
Points utilities = [[10.]]
new point utility = 9.999999998021366
new point = [1.4644661]
3
classifier utilities = [10.00000001]
new classifier utility = [0.]
classifier added
____iterstion: 1
Points utilities = [[-2.63694171e-10]]
new point utility = 10.000000000232056
new point = [1.46446608]
point added
3
____iterstion: 2
Points utilities = [[ 8.84063832 10.        ]]
new point utility = 9.99999999651659
new point = [1.46446609]
3
classifier utilities = [10.00000002 10.00000002]
new classifier utility = [0.]
classifier added
____iterstion: 3
Points utilities = [[7.78427955 9.75      ]]
new point utility = 9.809590688389495
new point = [1.22841399]
point added
3
____iterstion: 4
Points utilities = [[8.9418823  9.76381077 9.80959064]]
new point utility = 9.809690871530536
new point = [1.22847419]
3
classifier utilities = [9.80959134 9.80959127 9.80958463]
new classifier utility = [0.]
classifier added
____iterstion: 5
Points utilities = [[8.33836048 9.76210249 9.76210249]]
new point utility = 9.762102491348232
new point = [1.4644661]
3
Objective = 9.762102491439544
Number of iterations = 6
Support of attacker = 2
Support of classifier = 4
Size of game = (3, 4)
