NEW RUN________________________________________
positive data: [[8.53553389]]
positive utility: 10.0
____iterstion: 0
positive data: [[8.53553389]]
positive support: [1.]
classifires probs: [1.]
BR point: [1.4644661]
BR value: 9.999999998021366
BR point: [1.4644661]
BR value: 9.999999998021366
Points utilities = [[10.]]
new point utility = 9.999999998021366
new point = [1.4644661]
3
classifier utilities = 10.000000006757414
new classifier utility = [0.]
new classifier is better = True
classifier utilities = 10.000000006757414
new classifier utility = [0.]
new classifier is better = True
classifier utilities = 10.000000006757414
new classifier utility = [0.]
new classifier is better = True
classifier utilities = [10.00000001]
new classifier utility = [0.]
classifier added
classifires probs: [1.]
____iterstion: 1
positive data: [[8.53553389]]
positive support: [1.]
classifires probs: [-2.63694171e-11  1.00000000e+00]
BR point: [1.46446608]
BR value: 10.000000000232056
BR point: [1.46446608]
BR value: 10.000000000232056
Points utilities = [[-2.63694171e-10]]
new point utility = 10.000000000232056
new point = [1.46446608]
point added
3
classifires probs: [-2.63694171e-11  1.00000000e+00]
____iterstion: 2
positive data: [[8.53553389 1.46446608]]
positive support: [1.43684128e-10 1.00000000e+00]
classifires probs: [0.88406383 0.11593617]
BR point: [1.46446609]
BR value: 9.99999999651659
BR point: [1.46446609]
BR value: 9.99999999651659
Points utilities = [[ 8.84063832 10.        ]]
new point utility = 9.99999999651659
new point = [1.46446609]
3
classifier utilities = 10.000000022519682
new classifier utility = [0.]
new classifier is better = True
classifier utilities = 10.000000022519682
new classifier utility = [0.]
new classifier is better = True
classifier utilities = [10.00000002 10.00000002]
new classifier utility = [0.]
classifier added
classifires probs: [0.88406383 0.11593617]
____iterstion: 3
positive data: [[8.53553389 1.46446608]]
positive support: [2.11528255e-11 1.00000000e+00]
classifires probs: [0.77842795 0.19657205 0.025     ]
BR point: [1.22841399]
BR value: 9.809590688389495
BR point: [1.22841399]
BR value: 9.809590688389495
Points utilities = [[7.78427955 9.75      ]]
new point utility = 9.809590688389495
new point = [1.22841399]
point added
3
classifires probs: [0.77842795 0.19657205 0.025     ]
____iterstion: 4
positive data: [[8.53553389 1.46446608 1.22841399]]
positive support: [7.68974000e-09 6.63854720e-07 9.99999382e-01]
classifires probs: [0.89418823 0.08219285 0.02361892]
BR point: [1.22847419]
BR value: 9.809690871530536
BR point: [1.22847419]
BR value: 9.809690871530536
Points utilities = [[8.9418823  9.76381077 9.80959064]]
new point utility = 9.809690871530536
new point = [1.22847419]
3
classifier utilities = 9.809584628873866
new classifier utility = [0.]
new classifier is better = True
classifier utilities = 9.809584628873866
new classifier utility = [0.]
new classifier is better = True
classifier utilities = [9.80959134 9.80959127 9.80958463]
new classifier utility = [0.]
classifier added
classifires probs: [0.89418823 0.08219285 0.02361892]
____iterstion: 5
positive data: [[8.53553389 1.46446608 1.22841399]]
positive support: [3.58200275e-11 7.96906331e-01 2.03093670e-01]
classifires probs: [0.83383605 0.1423742  0.01894875 0.004841  ]
BR point: [1.4644661]
BR value: 9.762102491348232
BR point: [1.4644661]
BR value: 9.762102491348232
Points utilities = [[8.33836048 9.76210249 9.76210249]]
new point utility = 9.762102491348232
new point = [1.4644661]
3
classifires probs: [0.83383605 0.1423742  0.01894875 0.004841  ]
Objective = 9.762102491439544
Number of iterations = 6
Support of attacker = 2
Support of classifier = 4
Size of game = (3, 4)
