NEW RUN________________________________________
____iterstion: 0
Points utilities = [[10.]]
new point utility = 9.999999998021366
new point = [1.4644661]
3
classifier utilities = [10.00000001]
new classifier utility = [0.]
classifier added
____iterstion: 1
Points utilities = [[-2.63694171e-10]]
new point utility = 10.000000000232056
new point = [1.46446608]
point added
3
____iterstion: 2
Points utilities = [[ 8.84063832 10.        ]]
new point utility = 9.99999999651659
new point = [1.46446609]
3
classifier utilities = [10.00000002 10.00000002]
new classifier utility = [0.]
classifier added
____iterstion: 3
Points utilities = [[3.94367585 8.99999997]]
new point utility = 9.970042114784325
new point = [1.36899842]
point added
3
____iterstion: 4
Points utilities = [[8.88017173 9.96476078 9.9700421 ]]
new point utility = 9.964760776372003
new point = [1.4644661]
3
classifier utilities = [9.97004249 9.97004249 9.97004235]
new classifier utility = [0.]
classifier added
____iterstion: 5
Points utilities = [[8.29330929 9.72807688 9.72807688]]
new point utility = 9.852276528556496
new point = [1.25576853]
point added
3
____iterstion: 6
Points utilities = [[9.05089019 9.65776385 9.82152062 9.85227653]]
new point utility = 9.85208958159286
new point = [1.2556402]
3
classifier utilities = [9.85227654 9.85227654 9.85227654 9.8522765 ]
new classifier utility = [0.]
classifier added
____iterstion: 7
Points utilities = [[8.65978799 9.75316877 9.75316877 9.75316876]]
new point utility = 9.753168766886196
new point = [1.46446608]
3
Objective = 9.753168769935893
Number of iterations = 8
Support of attacker = 3
Support of classifier = 5
Size of game = (4, 5)
