NEW RUN________________________________________
positive data: [[8.53553389]]
positive utility: 10.0
____iterstion: 0
positive data: [[8.53553389]]
positive support: [1.]
classifires probs: [1.]
BR point: [1.4644661]
BR value: 9.999999998021366
BR point: [1.4644661]
BR value: 9.999999998021366
Points utilities = [[10.]]
new point utility = 9.999999998021366
new point = [1.4644661]
3
classifier utilities = 10.000000006757414
new classifier utility = [0.]
new classifier is better = True
classifier utilities = 10.000000006757414
new classifier utility = [0.]
new classifier is better = True
classifier utilities = 10.000000006757414
new classifier utility = [0.]
new classifier is better = True
classifier utilities = 10.000000006757414
new classifier utility = [0.]
new classifier is better = True
classifier utilities = 10.000000006757414
new classifier utility = [0.]
new classifier is better = True
classifier utilities = 10.000000006757414
new classifier utility = [0.]
new classifier is better = True
classifier utilities = 10.000000006757414
new classifier utility = [0.]
new classifier is better = True
classifier utilities = 10.000000006757414
new classifier utility = [0.]
new classifier is better = True
classifier utilities = 10.000000006757414
new classifier utility = [0.]
new classifier is better = True
classifier utilities = 10.000000006757414
new classifier utility = [0.]
new classifier is better = True
classifier utilities = [10.00000001]
new classifier utility = [0.]
classifier added
classifires probs: [1.]
____iterstion: 1
positive data: [[8.53553389]]
positive support: [1.]
classifires probs: [-2.63694171e-11  1.00000000e+00]
BR point: [1.46446608]
BR value: 10.000000000232056
BR point: [1.46446608]
BR value: 10.000000000232056
Points utilities = [[-2.63694171e-10]]
new point utility = 10.000000000232056
new point = [1.46446608]
point added
3
classifires probs: [-2.63694171e-11  1.00000000e+00]
____iterstion: 2
positive data: [[8.53553389 1.46446608]]
positive support: [1.43684128e-10 1.00000000e+00]
classifires probs: [0.88406383 0.11593617]
BR point: [1.46446609]
BR value: 9.99999999651659
BR point: [1.46446609]
BR value: 9.99999999651659
Points utilities = [[ 8.84063832 10.        ]]
new point utility = 9.99999999651659
new point = [1.46446609]
3
classifier utilities = 10.000000022519682
new classifier utility = [0.]
new classifier is better = True
classifier utilities = 10.000000022519682
new classifier utility = [0.]
new classifier is better = True
classifier utilities = 10.000000022519682
new classifier utility = [0.]
new classifier is better = True
classifier utilities = 10.000000022519682
new classifier utility = [0.]
new classifier is better = True
classifier utilities = 10.000000022519682
new classifier utility = [0.]
new classifier is better = True
classifier utilities = 10.000000022519682
new classifier utility = [0.]
new classifier is better = True
classifier utilities = 10.000000022519682
new classifier utility = [0.]
new classifier is better = True
classifier utilities = 10.000000022519682
new classifier utility = [0.]
new classifier is better = True
classifier utilities = 10.000000022519682
new classifier utility = [0.]
new classifier is better = True
classifier utilities = 10.000000022519682
new classifier utility = [0.]
new classifier is better = True
classifier utilities = 10.000000022519682
new classifier utility = [0.]
new classifier is better = True
classifier utilities = 10.000000022519682
new classifier utility = [0.]
new classifier is better = True
classifier utilities = 10.000000022519682
new classifier utility = [0.]
new classifier is better = True
classifier utilities = 10.000000022519682
new classifier utility = [0.]
new classifier is better = True
classifier utilities = 10.000000022519682
new classifier utility = [0.]
new classifier is better = True
classifier utilities = 10.000000022519682
new classifier utility = [0.]
new classifier is better = True
classifier utilities = 10.000000022519682
new classifier utility = [0.]
new classifier is better = True
classifier utilities = 10.000000022519682
new classifier utility = [0.]
new classifier is better = True
classifier utilities = 10.000000022519682
new classifier utility = [0.]
new classifier is better = True
classifier utilities = 10.000000022519682
new classifier utility = [0.]
new classifier is better = True
classifier utilities = 10.000000022519682
new classifier utility = [0.]
new classifier is better = True
classifier utilities = 10.000000022519682
new classifier utility = [0.]
new classifier is better = True
classifier utilities = 10.000000022519682
new classifier utility = [0.]
new classifier is better = True
classifier utilities = 10.000000022519682
new classifier utility = [0.]
new classifier is better = True
classifier utilities = 10.000000022519682
new classifier utility = [0.]
new classifier is better = True
classifier utilities = 10.000000022519682
new classifier utility = [0.]
new classifier is better = True
classifier utilities = 10.000000022519682
new classifier utility = [0.]
new classifier is better = True
classifier utilities = 10.000000022519682
new classifier utility = [0.]
new classifier is better = True
classifier utilities = 10.000000022519682
new classifier utility = [0.]
new classifier is better = True
classifier utilities = 10.000000022519682
new classifier utility = [0.]
new classifier is better = True
classifier utilities = 10.000000022519682
new classifier utility = [0.]
new classifier is better = True
classifier utilities = 10.000000022519682
new classifier utility = [0.]
new classifier is better = True
classifier utilities = 10.000000022519682
new classifier utility = [0.]
new classifier is better = True
classifier utilities = 10.000000022519682
new classifier utility = [0.]
new classifier is better = True
classifier utilities = 10.000000022519682
new classifier utility = [0.]
new classifier is better = True
classifier utilities = 10.000000022519682
new classifier utility = [0.]
new classifier is better = True
classifier utilities = 10.000000022519682
new classifier utility = [0.]
new classifier is better = True
classifier utilities = [10.00000002 10.00000002]
new classifier utility = [0.]
classifier added
classifires probs: [0.88406383 0.11593617]
____iterstion: 3
positive data: [[8.53553389 1.46446608]]
positive support: [1.21416844e-09 1.00000000e+00]
classifires probs: [0.39436758 0.50563241 0.1       ]
BR point: [1.36899842]
BR value: 9.970042114784325
BR point: [1.36899842]
BR value: 9.970042114784325
Points utilities = [[3.94367585 8.99999997]]
new point utility = 9.970042114784325
new point = [1.36899842]
point added
3
classifires probs: [0.39436758 0.50563241 0.1       ]
____iterstion: 4
positive data: [[8.53553389 1.46446608 1.36899842]]
positive support: [6.82381805e-10 1.34679885e-08 1.00000002e+00]
classifires probs: [0.88801717 0.10845891 0.00352392]
BR point: [1.4644661]
BR value: 9.964760776372003
BR point: [1.4644661]
BR value: 9.964760776372003
Points utilities = [[8.88017173 9.96476078 9.9700421 ]]
new point utility = 9.964760776372003
new point = [1.4644661]
3
classifier utilities = 9.970042350695245
new classifier utility = [0.]
new classifier is better = True
classifier utilities = 9.970042350695245
new classifier utility = [0.]
new classifier is better = True
classifier utilities = 9.970042350695245
new classifier utility = [0.]
new classifier is better = True
classifier utilities = 9.970042350695245
new classifier utility = [0.]
new classifier is better = True
classifier utilities = 9.970042350695245
new classifier utility = [0.]
new classifier is better = True
classifier utilities = 9.970042350695245
new classifier utility = [0.]
new classifier is better = True
classifier utilities = 9.970042350695245
new classifier utility = [0.]
new classifier is better = True
classifier utilities = 9.970042350695245
new classifier utility = [0.]
new classifier is better = True
classifier utilities = 9.970042350695245
new classifier utility = [0.]
new classifier is better = True
classifier utilities = 9.970042350695245
new classifier utility = [0.]
new classifier is better = True
classifier utilities = 9.970042350695245
new classifier utility = [0.]
new classifier is better = True
classifier utilities = 9.970042350695245
new classifier utility = [0.]
new classifier is better = True
classifier utilities = 9.970042350695245
new classifier utility = [0.]
new classifier is better = True
classifier utilities = 9.970042350695245
new classifier utility = [0.]
new classifier is better = True
classifier utilities = 9.970042350695245
new classifier utility = [0.]
new classifier is better = True
classifier utilities = [9.97004249 9.97004249 9.97004235]
new classifier utility = [0.]
classifier added
classifires probs: [0.88801717 0.10845891 0.00352392]
____iterstion: 5
positive data: [[8.53553389 1.46446608 1.36899842]]
positive support: [5.96316616e-11 2.49437868e-01 7.50562133e-01]
classifires probs: [0.82933093 0.14347676 0.00292308 0.02426923]
BR point: [1.25576853]
BR value: 9.852276528556496
BR point: [1.25576853]
BR value: 9.852276528556496
Points utilities = [[8.29330929 9.72807688 9.72807688]]
new point utility = 9.852276528556496
new point = [1.25576853]
point added
3
classifires probs: [0.82933093 0.14347676 0.00292308 0.02426923]
____iterstion: 6
positive data: [[8.53553389 1.46446608 1.36899842 1.25576853]]
positive support: [1.41087429e-10 5.33758658e-10 4.09363438e-09 9.99999997e-01]
classifires probs: [0.90508902 0.06068737 0.01932684 0.01489678]
BR point: [1.2556402]
BR value: 9.85208958159286
BR point: [1.2556402]
BR value: 9.85208958159286
Points utilities = [[9.05089019 9.65776385 9.82152062 9.85227653]]
new point utility = 9.85208958159286
new point = [1.2556402]
3
classifier utilities = 9.852276497336398
new classifier utility = [0.]
new classifier is better = True
classifier utilities = 9.852276497336398
new classifier utility = [0.]
new classifier is better = True
classifier utilities = 9.852276497336398
new classifier utility = [0.]
new classifier is better = True
classifier utilities = 9.852276497336398
new classifier utility = [0.]
new classifier is better = True
classifier utilities = 9.852276497336398
new classifier utility = [0.]
new classifier is better = True
classifier utilities = 9.852276497336398
new classifier utility = [0.]
new classifier is better = True
classifier utilities = 9.852276497336398
new classifier utility = [0.]
new classifier is better = True
classifier utilities = 9.852276497336398
new classifier utility = [0.]
new classifier is better = True
classifier utilities = [9.85227654 9.85227654 9.85227654 9.8522765 ]
new classifier utility = [0.]
classifier added
classifires probs: [0.90508902 0.06068737 0.01932684 0.01489678]
____iterstion: 7
positive data: [[8.53553389 1.46446608 1.36899842 1.25576853]]
positive support: [3.35646010e-10 1.99044226e-01 5.98927078e-01 2.02028698e-01]
classifires probs: [0.8659788  0.10933808 0.00293062 0.01169312 0.01005938]
BR point: [1.46446608]
BR value: 9.753168766886196
BR point: [1.46446608]
BR value: 9.753168766886196
Points utilities = [[8.65978799 9.75316877 9.75316877 9.75316876]]
new point utility = 9.753168766886196
new point = [1.46446608]
3
classifires probs: [0.8659788  0.10933808 0.00293062 0.01169312 0.01005938]
Objective = 9.753168769935893
Number of iterations = 8
Support of attacker = 3
Support of classifier = 5
Size of game = (4, 5)
