NEW RUN________________________________________
positive data: [[1.46446611 1.46446611]]
positive utility: 10.0
____iterstion: 0
init time = 0.9728 s
NFG time = 0
plot time = 0
BR time = 0
Train time = 0
Matrix update time = 0
positive data: [[1.46446611]
 [1.46446611]]
positive support: [1.]
classifires probs: [1.]
BR point: [1.46446611 1.46446611]
BR value: 9.999999998021368
BR point: [1.46446611 1.46446611]
BR value: 9.999999998021368
Points utilities = [[10.]]
new point utility = 9.999999998021368
new point = [1.46446611 1.46446611]
3
classifier utilities = 10.000000006757414
new classifier utility = [0.]
new classifier is better = True
classifier utilities = 10.000000006757414
new classifier utility = [0.]
new classifier is better = True
classifier utilities = [10.00000001]
new classifier utility = [0.]
classifier added
classifires probs: [1.]
____iterstion: 1
init time = 0.9728 s
NFG time = 0.0063 s
plot time = 0.0000 s
BR time = 0.7016 s
Train time = 0.3365 s
Matrix update time = 0.0006 s
positive data: [[1.46446611]
 [1.46446611]]
positive support: [1.]
classifires probs: [-2.63694171e-11  1.00000000e+00]
BR point: [8.53553396 8.53553395]
BR value: 10.000000000232049
BR point: [8.53553396 8.53553395]
BR value: 10.000000000232049
Points utilities = [[-2.63694171e-10]]
new point utility = 10.000000000232049
new point = [8.53553396 8.53553395]
point added
3
classifires probs: [-2.63694171e-11  1.00000000e+00]
____iterstion: 2
init time = 0.9728 s
NFG time = 0.0083 s
plot time = 0.0000 s
BR time = 1.4047 s
Train time = 0.3371 s
Matrix update time = 0.0015 s
positive data: [[1.46446611 8.53553396]
 [1.46446611 8.53553395]]
positive support: [1.43641857e-10 1.00000000e+00]
classifires probs: [0.88406325 0.11593675]
BR point: [8.53553398 8.53553398]
BR value: 9.99999999651658
BR point: [8.53553398 8.53553398]
BR value: 9.99999999651658
Points utilities = [[ 8.84063247 10.        ]]
new point utility = 9.99999999651658
new point = [8.53553398 8.53553398]
3
classifier utilities = 10.000000022520684
new classifier utility = [0.]
new classifier is better = True
classifier utilities = 10.000000022520684
new classifier utility = [0.]
new classifier is better = True
classifier utilities = [10.00000002 10.00000002]
new classifier utility = [1.43641857e-09]
classifier added
classifires probs: [0.88406325 0.11593675]
____iterstion: 3
init time = 0.9728 s
NFG time = 0.0101 s
plot time = 0.0000 s
BR time = 1.4382 s
Train time = 0.6709 s
Matrix update time = 0.0022 s
positive data: [[1.46446611 8.53553396]
 [1.46446611 8.53553395]]
positive support: [0.5 0.5]
classifires probs: [-1.31875722e-10  5.00000000e-01  5.00000000e-01]
BR point: [8.12507558 8.84173603]
BR value: 9.392094654042669
BR point: [8.12507558 8.84173603]
BR value: 9.392094654042669
Points utilities = [[5. 5.]]
new point utility = 9.392094654042669
new point = [8.12507558 8.84173603]
point added
3
classifier utilities = 4.9999999937854405
new classifier utility = [0.]
new classifier is better = True
classifier utilities = 4.9999999937854405
new classifier utility = [0.]
new classifier is better = True
classifier utilities = [10.00000001  5.00000002  4.99999999]
new classifier utility = [0.]
classifier added
classifires probs: [-1.31875722e-10  5.00000000e-01  5.00000000e-01]
____iterstion: 4
init time = 0.9728 s
NFG time = 0.0460 s
plot time = 0.0000 s
BR time = 2.6598 s
Train time = 1.0088 s
Matrix update time = 0.0032 s
positive data: [[1.46446611 8.53553396 8.12507558]
 [1.46446611 8.53553395 8.84173603]]
positive support: [1.28396366e-09 1.88891279e-09 1.00000002e+00]
classifires probs: [0.73471519 0.12445427 0.11561031 0.02522024]
BR point: [8.12552656 8.84135126]
BR value: 9.393493619147193
BR point: [8.12552656 8.84135126]
BR value: 9.393493619147193
Points utilities = [[8.50325494 8.59169455 9.39209464]]
new point utility = 9.393493619147193
new point = [8.12552656 8.84135126]
3
classifier utilities = 9.3920947594951
new classifier utility = [0.]
new classifier is better = True
classifier utilities = 9.3920947594951
new classifier utility = [0.]
new classifier is better = True
classifier utilities = [9.39209483 9.39209482 9.39209482 9.39209476]
new classifier utility = [1.28396366e-08]
classifier added
classifires probs: [0.73471519 0.12445427 0.11561031 0.02522024]
____iterstion: 5
init time = 0.9728 s
NFG time = 0.0477 s
plot time = 0.0000 s
BR time = 4.0159 s
Train time = 1.3431 s
Matrix update time = 0.0037 s
positive data: [[1.46446611 8.53553396 8.12507558]
 [1.46446611 8.53553395 8.84173603]]
positive support: [8.24104389e-09 4.84325951e-01 5.15674054e-01]
classifires probs: [0.21306947 0.48920314 0.03560345 0.0098513  0.25227265]
BR point: [8.5793978  8.49121163]
BR value: 9.536545355377484
BR point: [8.5793978  8.49121163]
BR value: 9.536545355377484
Points utilities = [[5.00945565 7.0227261  7.02272608]]
new point utility = 9.536545355377484
new point = [8.5793978  8.49121163]
point added
3
classifires probs: [0.21306947 0.48920314 0.03560345 0.0098513  0.25227265]
____iterstion: 6
init time = 0.9728 s
NFG time = 0.0499 s
plot time = 0.0000 s
BR time = 5.7410 s
Train time = 1.3437 s
Matrix update time = 0.0048 s
positive data: [[1.46446611 8.53553396 8.12507558 8.5793978 ]
 [1.46446611 8.53553395 8.84173603 8.49121163]]
positive support: [5.83144442e-10 1.35059139e-09 6.80252052e-01 3.19747948e-01]
classifires probs: [0.4489399  0.16775134 0.00149699 0.21512053 0.16669124]
BR point: [8.7034213  8.36149482]
BR value: 9.8451024608311
BR point: [8.7034213  8.36149482]
BR value: 9.8451024608311
Points utilities = [[6.17128132 6.16691237 7.82651474 7.82651474]]
new point utility = 9.8451024608311
new point = [8.7034213  8.36149482]
point added
3
classifier utilities = 3.1944957976877784
new classifier utility = [0.]
new classifier is better = True
classifier utilities = 3.1944957976877784
new classifier utility = [0.]
new classifier is better = True
classifier utilities = [9.58348747 9.58348746 6.38899166 6.38899163 3.1944958 ]
new classifier utility = [5.83144442e-09]
classifier added
classifires probs: [0.4489399  0.16775134 0.00149699 0.21512053 0.16669124]
____iterstion: 7
init time = 0.9728 s
NFG time = 0.0520 s
plot time = 0.0000 s
BR time = 6.6463 s
Train time = 1.6832 s
Matrix update time = 0.0060 s
positive data: [[1.46446611 8.53553396 8.12507558 8.5793978  8.7034213 ]
 [1.46446611 8.53553395 8.84173603 8.49121163 8.36149482]]
positive support: [1.88375332e-08 4.84322402e-01 5.15674127e-01 2.71991230e-06
 7.68182172e-07]
classifires probs: [2.41541200e-01 4.60731374e-01 3.86014668e-02 6.85328947e-03
 1.91399627e-04 2.52081270e-01]
BR point: [8.77635513 7.99517357]
BR value: 9.258173971915156
BR point: [8.77635513 7.99517357]
BR value: 9.258173971915156
Points utilities = [[5.32415336 7.02272574 7.02272586 7.01808479 6.99377077]]
new point utility = 9.258173971915156
new point = [8.77635513 7.99517357]
point added
3
classifires probs: [2.41541200e-01 4.60731374e-01 3.86014668e-02 6.85328947e-03
 1.91399627e-04 2.52081270e-01]
____iterstion: 8
init time = 0.9728 s
NFG time = 0.0547 s
plot time = 0.0000 s
BR time = 8.2297 s
Train time = 1.6838 s
Matrix update time = 0.0071 s
positive data: [[1.46446611 8.53553396 8.12507558 8.5793978  8.7034213  8.77635513]
 [1.46446611 8.53553395 8.84173603 8.49121163 8.36149482 7.99517357]]
positive support: [2.77497171e-09 9.33281156e-10 3.29652849e-09 2.00605250e-09
 7.84096470e-09 1.00000001e+00]
classifires probs: [0.71239757 0.11411818 0.06381498 0.02900884 0.04187244 0.03878799]
BR point: [8.83209568 8.04418029]
BR value: 9.264440205720078
BR point: [8.83209568 8.04418029]
BR value: 9.264440205720078
Points utilities = [[8.5687298  8.26515746 8.63452426 8.67577857 8.84821138 9.25817397]]
new point utility = 9.264440205720078
new point = [8.83209568 8.04418029]
3
classifier utilities = 9.258174078451955
new classifier utility = [0.]
new classifier is better = True
classifier utilities = 9.258174078451955
new classifier utility = [0.]
new classifier is better = True
classifier utilities = [9.25817422 9.25817419 9.25817411 9.25817416 9.25817418 9.25817408]
new classifier utility = [6.80438363e-08]
classifier added
classifires probs: [0.71239757 0.11411818 0.06381498 0.02900884 0.04187244 0.03878799]
____iterstion: 9
init time = 0.9728 s
NFG time = 0.0565 s
plot time = 0.0000 s
BR time = 9.3393 s
Train time = 2.0165 s
Matrix update time = 0.0077 s
positive data: [[1.46446611 8.53553396 8.12507558 8.5793978  8.7034213  8.77635513]
 [1.46446611 8.53553395 8.84173603 8.49121163 8.36149482 7.99517357]]
positive support: [1.85234076e-09 3.17980003e-01 3.38561332e-01 2.28043607e-09
 3.36901022e-09 3.43458661e-01]
classifires probs: [0.28233563 0.3381891  0.01824772 0.03217653 0.02855027 0.14197447
 0.15852628]
BR point: [8.37445286 8.6871991 ]
BR value: 8.017224703449532
BR point: [8.37445286 8.6871991 ]
BR value: 8.017224703449532
Points utilities = [[6.29634369 7.79051013 7.79051013 6.48469335 6.71704657 7.79051013]]
new point utility = 8.017224703449532
new point = [8.37445286 8.6871991 ]
point added
3
classifier utilities = 3.1798000522572973
new classifier utility = [0.]
new classifier is better = True
classifier utilities = 3.1798000522572973
new classifier utility = [0.]
new classifier is better = True
classifier utilities = [9.53940021 9.53940019 6.35960013 6.35960013 3.17980011 3.17980005
 6.35960012]
new classifier utility = [1.85234076e-08]
classifier added
classifires probs: [0.28233563 0.3381891  0.01824772 0.03217653 0.02855027 0.14197447
 0.15852628]
____iterstion: 10
init time = 0.9728 s
NFG time = 0.0590 s
plot time = 0.0000 s
BR time = 11.3426 s
Train time = 2.3577 s
Matrix update time = 0.0092 s
positive data: [[1.46446611 8.53553396 8.12507558 8.5793978  8.7034213  8.77635513
  8.37445286]
 [1.46446611 8.53553395 8.84173603 8.49121163 8.36149482 7.99517357
  8.6871991 ]]
positive support: [4.97053512e-01 1.86406217e-09 2.41340403e-09 2.62008667e-09
 2.46732395e-08 1.74917836e-09 5.02946463e-01]
classifires probs: [-2.50718875e-10  4.71535382e-01  8.69039187e-03  3.14111047e-02
  2.15001641e-04  1.07663296e-02 -2.37072865e-10  4.77381791e-01]
BR point: [7.79156076 8.87556456]
BR value: 8.523083424747364
BR point: [7.79156076 8.87556456]
BR value: 8.523083424747364
Points utilities = [[4.97053513 4.71535381 4.80534198 4.71310176 4.96110314 4.8384903
  4.97053513]]
new point utility = 8.523083424747364
new point = [7.79156076 8.87556456]
point added
3
classifier utilities = 4.970535122579253
new classifier utility = [0.]
new classifier is better = True
classifier utilities = 4.970535122579253
new classifier utility = [0.]
new classifier is better = True
classifier utilities = [9.94107036 4.97053523 4.97053516 4.97053519 4.97053541 4.97053514
 9.94107007 4.97053512]
new classifier utility = [3.08312286e-07]
classifier added
classifires probs: [-2.50718875e-10  4.71535382e-01  8.69039187e-03  3.14111047e-02
  2.15001641e-04  1.07663296e-02 -2.37072865e-10  4.77381791e-01]
____iterstion: 11
init time = 0.9728 s
NFG time = 0.0610 s
plot time = 0.0000 s
BR time = 13.1607 s
Train time = 2.6961 s
Matrix update time = 0.0106 s
positive data: [[1.46446611 8.53553396 8.12507558 8.5793978  8.7034213  8.77635513
  8.37445286 7.79156076]
 [1.46446611 8.53553395 8.84173603 8.49121163 8.36149482 7.99517357
  8.6871991  8.87556456]]
positive support: [7.37329268e-09 6.28219370e-09 2.58529410e-09 8.63392447e-09
 5.10644991e-09 3.17597713e-01 4.32028430e-09 6.82402264e-01]
classifires probs: [ 3.31690543e-01  2.82366657e-01 -1.53931501e-10  6.34533460e-10
  6.59347823e-02  9.81224369e-02  4.55255782e-02  1.76360001e-01
  2.56821978e-10]
BR point: [7.61363418 8.94572341]
BR value: 7.960495718174068
BR point: [7.61363418 8.94572341]
BR value: 7.960495718174068
Points utilities = [[7.17633342 6.59582779 6.1948639  6.79357458 6.70462754 7.20391868
  6.51854516 7.20391868]]
new point utility = 7.960495718174068
new point = [7.61363418 8.94572341]
point added
3
classifier utilities = 2.9403749533145174
new classifier utility = [2.94037488]
new classifier is better = False
classifier utilities = 2.9403749533145174
new classifier utility = [0.]
new classifier is better = True
classifier utilities = [8.82112511 8.82112503 8.82112486 8.82112488 2.94037509 2.94037495
 5.88075009 5.88074996 8.82112514]
new classifier utility = [7.37329268e-08]
classifier added
classifires probs: [ 3.31690543e-01  2.82366657e-01 -1.53931501e-10  6.34533460e-10
  6.59347823e-02  9.81224369e-02  4.55255782e-02  1.76360001e-01
  2.56821978e-10]
____iterstion: 12
init time = 0.9728 s
NFG time = 0.0635 s
plot time = 0.0000 s
BR time = 15.2199 s
Train time = 3.0369 s
Matrix update time = 0.0128 s
positive data: [[1.46446611 8.53553396 8.12507558 8.5793978  8.7034213  8.77635513
  8.37445286 7.79156076 7.61363418]
 [1.46446611 8.53553395 8.84173603 8.49121163 8.36149482 7.99517357
  8.6871991  8.87556456 8.94572341]]
positive support: [5.19094160e-09 4.37524637e-08 1.16580838e-08 3.27706244e-08
 2.58631893e-08 3.17597578e-01 3.42497200e-08 6.82402109e-01
 1.79324870e-07]
classifires probs: [3.35164604e-01 3.76579459e-01 9.63504533e-10 1.59652655e-09
 5.40969260e-03 6.09606565e-02 5.15592541e-03 1.19042786e-01
 1.92506330e-10 9.76868730e-02]
BR point: [8.92051901 7.63460733]
BR value: 8.04439023412508
BR point: [8.92051901 7.63460733]
BR value: 8.04439023412508
Points utilities = [[6.23420539 7.16899989 6.73319258 7.16484554 7.07103753 7.20391863
  7.08500147 7.20391865 7.18285978]]
new point utility = 8.04439023412508
new point = [8.92051901 7.63460733]
point added
3
classifires probs: [3.35164604e-01 3.76579459e-01 9.63504533e-10 1.59652655e-09
 5.40969260e-03 6.09606565e-02 5.15592541e-03 1.19042786e-01
 1.92506330e-10 9.76868730e-02]
____iterstion: 13
init time = 0.9728 s
NFG time = 0.0660 s
plot time = 0.0000 s
BR time = 17.6524 s
Train time = 3.0375 s
Matrix update time = 0.0142 s
positive data: [[1.46446611 8.53553396 8.12507558 8.5793978  8.7034213  8.77635513
  8.37445286 7.79156076 7.61363418 8.92051901]
 [1.46446611 8.53553395 8.84173603 8.49121163 8.36149482 7.99517357
  8.6871991  8.87556456 8.94572341 7.63460733]]
positive support: [2.30005026e-09 2.14901409e-01 6.30794187e-09 3.48112816e-09
 3.16626212e-09 4.75207961e-09 1.11221753e-08 2.49371640e-01
 2.69959858e-01 2.65767077e-01]
classifires probs: [3.24387973e-01 3.33918377e-01 1.81392891e-02 4.76705747e-03
 1.70983208e-02 5.39310451e-02 8.31035705e-02 9.60158649e-02
 9.64275219e-10 6.86385010e-02]
BR point: [8.95835957 7.50186016]
BR value: 7.583879769293192
BR point: [8.95835957 7.50186016]
BR value: 7.583879769293192
Points utilities = [[6.61314564 7.41409921 7.17853074 6.74774427 6.70639981 6.9643879
  7.37434099 7.41409922 7.41409923 7.41409923]]
new point utility = 7.583879769293192
new point = [8.95835957 7.50186016]
point added
3
classifier utilities = 2.149014256843598
new classifier utility = [2.14901423]
new classifier is better = False
classifier utilities = 2.149014256843598
new classifier utility = [0.]
new classifier is better = True
classifier utilities = [8.59605725 8.59605723 6.44704298 6.4470431  4.29802866 4.29802859
 6.44704291 6.44704288 6.4470431  2.14901426]
new classifier utility = [2.30005026e-08]
classifier added
classifires probs: [3.24387973e-01 3.33918377e-01 1.81392891e-02 4.76705747e-03
 1.70983208e-02 5.39310451e-02 8.31035705e-02 9.60158649e-02
 9.64275219e-10 6.86385010e-02]
____iterstion: 14
init time = 0.9728 s
NFG time = 0.0684 s
plot time = 0.0000 s
BR time = 18.2505 s
Train time = 3.3791 s
Matrix update time = 0.0157 s
positive data: [[1.46446611 8.53553396 8.12507558 8.5793978  8.7034213  8.77635513
  8.37445286 7.79156076 7.61363418 8.92051901 8.95835957]
 [1.46446611 8.53553395 8.84173603 8.49121163 8.36149482 7.99517357
  8.6871991  8.87556456 8.94572341 7.63460733 7.50186016]]
positive support: [2.86553793e-09 1.07016515e-08 3.88333613e-09 5.58677231e-09
 4.61578264e-09 7.37217657e-09 1.22261177e-08 2.48636005e-08
 2.25781597e-08 2.01751363e-08 9.99999957e-01]
classifires probs: [0.44016975 0.23233887 0.02395966 0.01660762 0.04451433 0.02752469
 0.06167731 0.07638218 0.01571081 0.04254808 0.0185667 ]
BR point: [9.06854009 7.59157447]
BR value: 7.531312919803133
BR point: [9.06854009 7.59157447]
BR value: 7.531312919803133
Points utilities = [[7.35342699 7.34185935 7.42411289 7.3205002  7.38840304 7.41418391
  7.41996581 7.47023557 7.47399176 7.43722184 7.58387976]]
new point utility = 7.531312919803133
new point = [9.06854009 7.59157447]
3
classifier utilities = 7.583879636333664
new classifier utility = [0.]
new classifier is better = True
classifier utilities = 7.583879636333664
new classifier utility = [0.]
new classifier is better = True
classifier utilities = [7.58388046 7.58388044 7.58388014 7.58388027 7.58387999 7.58387988
 7.58388013 7.58388003 7.58388021 7.58387964 7.58387965]
new classifier utility = [8.56553504e-07]
classifier added
classifires probs: [0.44016975 0.23233887 0.02395966 0.01660762 0.04451433 0.02752469
 0.06167731 0.07638218 0.01571081 0.04254808 0.0185667 ]
____iterstion: 15
init time = 0.9728 s
NFG time = 0.0703 s
plot time = 0.0000 s
BR time = 20.9894 s
Train time = 3.7130 s
Matrix update time = 0.0163 s
positive data: [[1.46446611 8.53553396 8.12507558 8.5793978  8.7034213  8.77635513
  8.37445286 7.79156076 7.61363418 8.92051901 8.95835957]
 [1.46446611 8.53553395 8.84173603 8.49121163 8.36149482 7.99517357
  8.6871991  8.87556456 8.94572341 7.63460733 7.50186016]]
positive support: [5.08846664e-10 7.41856369e-09 1.38607556e-09 1.44501309e-09
 3.76581645e-09 1.78885181e-01 5.17313355e-09 3.84359367e-01
 2.10858972e-08 1.07958102e-08 4.36755406e-01]
classifires probs: [3.20808538e-01 3.78164935e-01 4.83110980e-10 3.93370225e-10
 5.82869823e-03 6.30177599e-02 6.41494755e-03 1.21592011e-01
 6.98645599e-11 1.05078740e-02 6.54460371e-02 2.82191989e-02]
BR point: [8.86361596 7.5021255 ]
BR value: 7.553229091429536
BR point: [8.86361596 7.5021255 ]
BR value: 7.553229091429536
Points utilities = [[6.21835065 7.33607619 6.89011221 7.32337361 7.22749001 7.36986876
  7.25012014 7.36986877 7.35586494 7.27682495 7.36986877]]
new point utility = 7.553229091429536
new point = [8.86361596 7.5021255 ]
point added
3
classifier utilities = 3.3123005707791795
new classifier utility = [3.31230042]
new classifier is better = False
classifier utilities = 3.3123005707791795
new classifier utility = [0.]
new classifier is better = True
classifier utilities = [8.28075148 8.28075148 8.28075131 8.28075139 4.96845093 4.96845088
 6.62460122 6.62460117 8.28075147 3.31230058 3.31230057 4.96845091]
new classifier utility = [5.08846664e-09]
classifier added
classifires probs: [3.20808538e-01 3.78164935e-01 4.83110980e-10 3.93370225e-10
 5.82869823e-03 6.30177599e-02 6.41494755e-03 1.21592011e-01
 6.98645599e-11 1.05078740e-02 6.54460371e-02 2.82191989e-02]
____iterstion: 16
init time = 0.9728 s
NFG time = 0.0732 s
plot time = 0.0000 s
BR time = 23.8608 s
Train time = 4.0574 s
Matrix update time = 0.0181 s
positive data: [[1.46446611 8.53553396 8.12507558 8.5793978  8.7034213  8.77635513
  8.37445286 7.79156076 7.61363418 8.92051901 8.95835957 8.86361596]
 [1.46446611 8.53553395 8.84173603 8.49121163 8.36149482 7.99517357
  8.6871991  8.87556456 8.94572341 7.63460733 7.50186016 7.5021255 ]]
positive support: [4.96471844e-01 7.33624037e-11 9.53270499e-11 1.29179755e-10
 5.03528156e-01 4.43934313e-11 2.32409076e-10 8.60912943e-11
 1.56249047e-11 2.14196354e-11 2.22083269e-11 1.73665056e-11]
classifires probs: [-5.50178474e-12  4.79968158e-01  1.12833916e-02  1.62827672e-02
 -5.50028503e-12  4.90345761e-03  3.26435844e-03  4.50264551e-02
  7.27723064e-03  2.74150930e-03  3.77710811e-03 -5.79224430e-12
  4.25475564e-01]
BR point: [7.54965196 8.90646678]
BR value: 7.816762564916179
BR point: [7.54965196 8.90646678]
BR value: 7.816762564916179
Points utilities = [[4.96471844 4.83232517 4.86581795 4.86790722 4.96471844 4.81161194
  4.93662514 4.85265704 4.52160789 4.58871352 4.35712425 4.46966114]]
new point utility = 7.816762564916179
new point = [7.54965196 8.90646678]
point added
3
classifier utilities = 4.964718440709584
new classifier utility = [0.]
new classifier is better = True
classifier utilities = 4.964718440709584
new classifier utility = [0.]
new classifier is better = True
classifier utilities = [9.92943689 4.96471844 4.96471844 4.96471844 9.92943688 4.96471844
 4.96471845 4.96471844 4.96471844 4.96471844 4.96471844 9.92943689
 4.96471844]
new classifier utility = [5.68060434e-09]
classifier added
classifires probs: [-5.50178474e-12  4.79968158e-01  1.12833916e-02  1.62827672e-02
 -5.50028503e-12  4.90345761e-03  3.26435844e-03  4.50264551e-02
  7.27723064e-03  2.74150930e-03  3.77710811e-03 -5.79224430e-12
  4.25475564e-01]
____iterstion: 17
init time = 0.9728 s
NFG time = 0.0755 s
plot time = 0.0000 s
BR time = 26.7909 s
Train time = 4.4015 s
Matrix update time = 0.0198 s
positive data: [[1.46446611 8.53553396 8.12507558 8.5793978  8.7034213  8.77635513
  8.37445286 7.79156076 7.61363418 8.92051901 8.95835957 8.86361596
  7.54965196]
 [1.46446611 8.53553395 8.84173603 8.49121163 8.36149482 7.99517357
  8.6871991  8.87556456 8.94572341 7.63460733 7.50186016 7.5021255
  8.90646678]]
positive support: [2.08219608e-09 2.82332185e-01 6.89101424e-09 4.91889644e-08
 6.30487892e-08 3.97755238e-09 6.49440001e-09 2.66599374e-09
 1.65845973e-09 2.54957287e-09 3.25885875e-09 1.99104251e-09
 7.17667687e-01]
classifires probs: [2.95619148e-01 3.96095012e-01 9.91619133e-03 3.46140249e-03
 1.02114162e-09 4.41317769e-10 6.02071104e-11 1.86319114e-02
 1.03532854e-09 4.45264090e-02 7.63306774e-02 2.11341169e-10
 1.55419245e-01 1.06096521e-10]
BR point: [2.00677096 2.87102282]
BR value: 7.26871345427772
BR point: [2.00677096 2.87102282]
BR value: 7.26871345427772
Points utilities = [[6.00443584 6.91714161 6.62228851 6.91068699 6.85433557 6.52786215
  6.87030262 6.23684606 5.76119916 6.21213271 6.40519891 6.60818062
  6.91714162]]
new point utility = 7.26871345427772
new point = [2.00677096 2.87102282]
point added
3
classifires probs: [2.95619148e-01 3.96095012e-01 9.91619133e-03 3.46140249e-03
 1.02114162e-09 4.41317769e-10 6.02071104e-11 1.86319114e-02
 1.03532854e-09 4.45264090e-02 7.63306774e-02 2.11341169e-10
 1.55419245e-01 1.06096521e-10]
____iterstion: 18
init time = 0.9728 s
NFG time = 0.0783 s
plot time = 0.0000 s
BR time = 29.1278 s
Train time = 4.4020 s
Matrix update time = 0.0216 s
positive data: [[1.46446611 8.53553396 8.12507558 8.5793978  8.7034213  8.77635513
  8.37445286 7.79156076 7.61363418 8.92051901 8.95835957 8.86361596
  7.54965196 2.00677096]
 [1.46446611 8.53553395 8.84173603 8.49121163 8.36149482 7.99517357
  8.6871991  8.87556456 8.94572341 7.63460733 7.50186016 7.5021255
  8.90646678 2.87102282]]
positive support: [3.27230879e-10 6.01465707e-10 4.23712613e-10 4.31671695e-10
 4.09933940e-10 2.32028403e-10 6.35596040e-10 5.74921754e-10
 3.23380570e-11 2.83711589e-10 2.23196722e-10 5.07980685e-10
 2.38170343e-09 9.99999998e-01]
classifires probs: [4.31390886e-01 2.59678142e-01 2.43183187e-02 1.18247783e-02
 1.01043801e-02 1.23655347e-02 1.27040876e-02 7.07320665e-02
 8.13512408e-03 3.99905138e-02 3.81232166e-02 3.35557616e-04
 6.91464932e-02 1.11509015e-02]
BR point: [1.8179655  2.92125195]
BR value: 7.192083762237696
BR point: [1.8179655  2.92125195]
BR value: 7.192083762237696
Points utilities = [[7.09211054 7.15259574 7.13365086 7.08981895 7.11358392 7.12234678
  7.18565179 7.15503107 6.78823134 7.11325022 7.05693626 7.18117213
  7.25344854 7.26871345]]
new point utility = 7.192083762237696
new point = [1.8179655  2.92125195]
3
classifier utilities = 7.268713446973001
new classifier utility = [0.]
new classifier is better = True
classifier utilities = 7.268713446973001
new classifier utility = [0.]
new classifier is better = True
classifier utilities = [7.2687135  7.2687135  7.26871348 7.26871349 7.26871348 7.26871347
 7.26871348 7.26871347 7.26871348 7.26871345 7.26871345 7.26871349
 7.26871346 7.26871349]
new classifier utility = [5.86911017e-08]
classifier added
classifires probs: [4.31390886e-01 2.59678142e-01 2.43183187e-02 1.18247783e-02
 1.01043801e-02 1.23655347e-02 1.27040876e-02 7.07320665e-02
 8.13512408e-03 3.99905138e-02 3.81232166e-02 3.35557616e-04
 6.91464932e-02 1.11509015e-02]
____iterstion: 19
init time = 0.9728 s
NFG time = 0.0804 s
plot time = 0.0000 s
BR time = 29.7422 s
Train time = 4.7357 s
Matrix update time = 0.0222 s
positive data: [[1.46446611 8.53553396 8.12507558 8.5793978  8.7034213  8.77635513
  8.37445286 7.79156076 7.61363418 8.92051901 8.95835957 8.86361596
  7.54965196 2.00677096]
 [1.46446611 8.53553395 8.84173603 8.49121163 8.36149482 7.99517357
  8.6871991  8.87556456 8.94572341 7.63460733 7.50186016 7.5021255
  8.90646678 2.87102282]]
positive support: [1.40038967e-09 2.82332202e-01 3.69509191e-09 5.60042193e-08
 4.24306778e-08 2.52487056e-09 5.26356815e-09 1.80827663e-09
 1.11654718e-09 1.77357310e-09 2.84878200e-09 3.07038312e-09
 7.17667687e-01 1.26257313e-09]
classifires probs: [2.87408778e-01 1.86794376e-01 9.65682903e-03 3.44916533e-03
 6.93352395e-10 2.76484715e-10 9.35836996e-11 2.11094390e-02
 7.34845154e-10 4.60637114e-02 7.47933741e-02 2.65824923e-10
 1.53213318e-01 6.20673376e-11 2.17511007e-01]
BR point: [7.37895656 8.98413605]
BR value: 7.107831130275388
BR point: [7.37895656 8.98413605]
BR value: 7.107831130275388
Points utilities = [[5.92245451 6.91714162 6.61973763 6.91068699 6.85421491 6.52534764
  6.87018169 6.25585613 5.77875945 6.24240078 6.4219284  6.62544027
  6.91714162 5.68768827]]
new point utility = 7.107831130275388
new point = [7.37895656 8.98413605]
point added
3
classifires probs: [2.87408778e-01 1.86794376e-01 9.65682903e-03 3.44916533e-03
 6.93352395e-10 2.76484715e-10 9.35836996e-11 2.11094390e-02
 7.34845154e-10 4.60637114e-02 7.47933741e-02 2.65824923e-10
 1.53213318e-01 6.20673376e-11 2.17511007e-01]
____iterstion: 20
init time = 0.9728 s
NFG time = 0.0832 s
plot time = 0.0000 s
BR time = 31.2635 s
Train time = 4.7362 s
Matrix update time = 0.0240 s
positive data: [[1.46446611 8.53553396 8.12507558 8.5793978  8.7034213  8.77635513
  8.37445286 7.79156076 7.61363418 8.92051901 8.95835957 8.86361596
  7.54965196 2.00677096 7.37895656]
 [1.46446611 8.53553395 8.84173603 8.49121163 8.36149482 7.99517357
  8.6871991  8.87556456 8.94572341 7.63460733 7.50186016 7.5021255
  8.90646678 2.87102282 8.98413605]]
positive support: [6.39978966e-09 1.52178638e-08 1.01182251e-08 6.93557793e-09
 4.63412486e-09 5.70286240e-09 7.99664316e-09 3.35340144e-09
 2.97344453e-09 7.05691608e-09 4.21568923e-09 1.63746025e-08
 4.08837135e-08 5.37839832e-09 9.99999964e-01]
classifires probs: [0.40095168 0.23261495 0.02977769 0.00902291 0.00259893 0.00594416
 0.00657561 0.05902579 0.00353756 0.05294684 0.04473757 0.00157621
 0.08904365 0.00627731 0.05536914]
BR point: [7.29170986 8.87088837]
BR value: 7.123962678991657
BR point: [7.29170986 8.87088837]
BR value: 7.123962678991657
Points utilities = [[6.93178121 7.03364897 7.00371375 6.95998404 6.95782291 6.92206394
  7.04040836 6.93492586 6.47404777 6.93839932 6.89662963 7.0637359
  7.09946541 6.86625106 7.10783112]]
new point utility = 7.123962678991657
new point = [7.29170986 8.87088837]
3
classifier utilities = 7.107831141116872
new classifier utility = [0.]
new classifier is better = True
classifier utilities = 7.107831141116872
new classifier utility = [0.]
new classifier is better = True
classifier utilities = [7.10783207 7.107832   7.10783172 7.10783178 7.10783171 7.1078316
 7.10783171 7.10783157 7.10783177 7.1078312  7.10783114 7.10783185
 7.1078313  7.10783189 7.10783196]
new classifier utility = [8.14264834e-07]
classifier added
classifires probs: [0.40095168 0.23261495 0.02977769 0.00902291 0.00259893 0.00594416
 0.00657561 0.05902579 0.00353756 0.05294684 0.04473757 0.00157621
 0.08904365 0.00627731 0.05536914]
____iterstion: 21
init time = 0.9728 s
NFG time = 0.0855 s
plot time = 0.0000 s
BR time = 31.8560 s
Train time = 5.0831 s
Matrix update time = 0.0246 s
positive data: [[1.46446611 8.53553396 8.12507558 8.5793978  8.7034213  8.77635513
  8.37445286 7.79156076 7.61363418 8.92051901 8.95835957 8.86361596
  7.54965196 2.00677096 7.37895656]
 [1.46446611 8.53553395 8.84173603 8.49121163 8.36149482 7.99517357
  8.6871991  8.87556456 8.94572341 7.63460733 7.50186016 7.5021255
  8.90646678 2.87102282 8.98413605]]
positive support: [2.64320521e-01 9.15880881e-08 1.95257043e-08 1.32283576e-01
 1.16887289e-07 1.13838558e-08 2.67454140e-01 1.09481991e-09
 9.66318899e-10 5.57964069e-09 4.45129640e-09 7.06517465e-09
 3.35941506e-01 4.07078270e-09 3.12126990e-08]
classifires probs: [ 1.96059266e-10  1.04133088e-01  5.19324491e-03  7.39446684e-03
  2.38271453e-10  1.06769993e-09  2.30688001e-10  3.28927622e-02
  2.08654437e-02  2.09401338e-02  2.75256639e-02 -1.87449644e-10
  2.97497039e-01  1.98942366e-02  2.59599612e-01  2.04064308e-01]
BR point: [8.83764341 7.12535649]
BR value: 6.629218612684352
BR point: [8.83764341 7.12535649]
BR value: 6.629218612684352
Points utilities = [[5.88113153 5.87691244 5.833847   5.88113149 5.87703933 5.75066293
  5.88113153 3.87773891 3.58200699 5.45792141 5.327698   5.49653355
  5.88113153 5.38175826 5.65737649]]
new point utility = 6.629218612684352
new point = [8.83764341 7.12535649]
point added
3
classifier utilities = 2.6432055506515404
new classifier utility = [2.64320619]
new classifier is better = False
classifier utilities = 2.6432055506515404
new classifier utility = [0.]
new classifier is better = True
classifier utilities = [9.25121844 6.60801323 5.28641093 5.28641095 6.60801326 5.28641074
 7.92961571 5.28641065 3.96480825 2.6432056  2.64320555 9.25121831
 5.28641049 5.28641076 6.6080132  6.60801317]
new classifier utility = [4.90992628e-07]
classifier added
classifires probs: [ 1.96059266e-10  1.04133088e-01  5.19324491e-03  7.39446684e-03
  2.38271453e-10  1.06769993e-09  2.30688001e-10  3.28927622e-02
  2.08654437e-02  2.09401338e-02  2.75256639e-02 -1.87449644e-10
  2.97497039e-01  1.98942366e-02  2.59599612e-01  2.04064308e-01]
____iterstion: 22
init time = 0.9728 s
NFG time = 0.0885 s
plot time = 0.0000 s
BR time = 34.6988 s
Train time = 5.4213 s
Matrix update time = 0.0267 s
positive data: [[1.46446611 8.53553396 8.12507558 8.5793978  8.7034213  8.77635513
  8.37445286 7.79156076 7.61363418 8.92051901 8.95835957 8.86361596
  7.54965196 2.00677096 7.37895656 8.83764341]
 [1.46446611 8.53553395 8.84173603 8.49121163 8.36149482 7.99517357
  8.6871991  8.87556456 8.94572341 7.63460733 7.50186016 7.5021255
  8.90646678 2.87102282 8.98413605 7.12535649]]
positive support: [1.13530077e-01 1.13529857e-01 8.61905491e-09 1.95236383e-07
 2.82399506e-08 1.63826033e-08 1.14876049e-01 1.43465950e-09
 1.13234871e-09 4.08939461e-09 2.36916692e-09 2.96611940e-09
 1.44292496e-01 3.27075573e-09 4.48912113e-09 5.13771289e-01]
classifires probs: [ 1.01786438e-09  1.32836315e-01  9.33931858e-03  7.33565036e-03
  2.76835993e-09  9.93885817e-10 -2.80934986e-11  1.19836253e-01
  2.84668569e-04  1.07595741e-09  1.06977082e-09  6.66488190e-02
  2.26886893e-01  4.06010119e-09  2.23226152e-01  1.96027610e-01
  1.75783093e-02]
BR point: [1.38382898 1.48698141]
BR value: 6.353179053106173
BR point: [1.38382898 1.48698141]
BR value: 6.353179053106173
Points utilities = [[6.18738901 6.18738901 5.97054085 6.18445935 6.17581585 6.04815075
  6.187389   4.82167479 4.45395455 5.71252777 5.35774022 5.52752782
  6.18738901 5.64614652 5.71449998 6.18738902]]
new point utility = 6.353179053106173
new point = [1.38382898 1.48698141]
point added
3
classifier utilities = 3.405902455098511
new classifier utility = [4.54120296]
new classifier is better = False
classifier utilities = 3.405902455098511
new classifier utility = [2.27060154]
new classifier is better = True
classifier utilities = [7.94710549 6.81180472 5.67650411 5.6765042  5.67650625 5.67650402
 7.94710305 5.67650388 4.54120557 4.54120309 4.54120306 4.54120322
 5.67650379 6.81180251 6.8118047  6.81180467 3.40590246]
new classifier utility = [2.27060161]
classifier added
classifires probs: [ 1.01786438e-09  1.32836315e-01  9.33931858e-03  7.33565036e-03
  2.76835993e-09  9.93885817e-10 -2.80934986e-11  1.19836253e-01
  2.84668569e-04  1.07595741e-09  1.06977082e-09  6.66488190e-02
  2.26886893e-01  4.06010119e-09  2.23226152e-01  1.96027610e-01
  1.75783093e-02]
____iterstion: 23
init time = 0.9728 s
NFG time = 0.0912 s
plot time = 0.0000 s
BR time = 37.8056 s
Train time = 5.7267 s
Matrix update time = 0.0288 s
positive data: [[1.46446611 8.53553396 8.12507558 8.5793978  8.7034213  8.77635513
  8.37445286 7.79156076 7.61363418 8.92051901 8.95835957 8.86361596
  7.54965196 2.00677096 7.37895656 8.83764341 1.38382898]
 [1.46446611 8.53553395 8.84173603 8.49121163 8.36149482 7.99517357
  8.6871991  8.87556456 8.94572341 7.63460733 7.50186016 7.5021255
  8.90646678 2.87102282 8.98413605 7.12535649 1.48698141]]
positive support: [2.59381554e-07 2.48944993e-01 4.00629227e-09 3.36828625e-08
 3.01883350e-08 2.80014284e-09 2.92956001e-07 5.40792058e-10
 4.35054798e-10 1.43142098e-09 8.64567844e-10 1.06266102e-09
 3.98243762e-07 1.07943942e-09 9.61033084e-10 7.51053936e-01
 5.45252995e-08]
classifires probs: [ 2.77332701e-04  1.16265257e-01  1.23770451e-02  6.70267660e-03
  3.52191344e-10  2.49462578e-10 -3.55908601e-11  4.83505572e-02
  1.27250033e-09  2.08160337e-10  2.11351330e-10  4.26598009e-04
  2.43122366e-01  4.18333682e-10  2.67725114e-01  2.25221661e-01
  2.26431316e-10  7.95313877e-02]
BR point: [8.00501375 8.86527129]
BR value: 6.467528939424687
BR point: [8.00501375 8.86527129]
BR value: 6.467528939424687
Points utilities = [[6.0930695  6.09915964 5.90758703 6.09346831 6.0797751  5.82335151
  6.09393784 4.58166093 4.23224508 5.47362742 5.13367722 5.29636423
  6.09599577 5.32269631 5.50699359 6.09915965 6.08350066]]
new point utility = 6.467528939424687
new point = [8.00501375 8.86527129]
point added
3
classifires probs: [ 2.77332701e-04  1.16265257e-01  1.23770451e-02  6.70267660e-03
  3.52191344e-10  2.49462578e-10 -3.55908601e-11  4.83505572e-02
  1.27250033e-09  2.08160337e-10  2.11351330e-10  4.26598009e-04
  2.43122366e-01  4.18333682e-10  2.67725114e-01  2.25221661e-01
  2.26431316e-10  7.95313877e-02]
____iterstion: 24
init time = 0.9728 s
NFG time = 0.0946 s
plot time = 0.0000 s
BR time = 42.2982 s
Train time = 5.7274 s
Matrix update time = 0.0309 s
positive data: [[1.46446611 8.53553396 8.12507558 8.5793978  8.7034213  8.77635513
  8.37445286 7.79156076 7.61363418 8.92051901 8.95835957 8.86361596
  7.54965196 2.00677096 7.37895656 8.83764341 1.38382898 8.00501375]
 [1.46446611 8.53553395 8.84173603 8.49121163 8.36149482 7.99517357
  8.6871991  8.87556456 8.94572341 7.63460733 7.50186016 7.5021255
  8.90646678 2.87102282 8.98413605 7.12535649 1.48698141 8.86527129]]
positive support: [6.45453320e-09 7.26216608e-02 4.39738512e-10 1.70664981e-08
 2.90738111e-09 3.59368023e-10 5.20403995e-09 1.24326455e-10
 8.92676777e-11 4.90573669e-10 2.19077753e-10 4.47320115e-10
 1.84598880e-01 3.24331403e-10 2.44378935e-10 4.38191469e-01
 1.45471797e-01 1.59116164e-01]
classifires probs: [ 1.02292357e-11  1.54865406e-01  1.44643762e-11  2.17547038e-03
  8.81847859e-11  8.06069492e-11 -2.50338281e-11  1.10436202e-01
  3.42848141e-10  1.43979840e-03  1.16824605e-03  1.78833260e-02
  2.09791923e-01  2.20395515e-10  2.28340744e-01  2.12563677e-01
  4.89799725e-03  5.64372102e-02]
BR point: [8.53553391 8.53553391]
BR value: 6.1365315299505445
BR point: [8.53553391 8.53553391]
BR value: 6.1365315299505445
Points utilities = [[6.09720381 6.13653153 5.78392073 6.13080531 6.07198563 5.74679505
  6.08613023 4.91329128 4.53858397 5.77927845 5.42920504 5.60125737
  6.13653153 5.60897001 5.59696441 6.13653153 6.13653153 6.13653153]]
new point utility = 6.1365315299505445
new point = [8.53553391 8.53553391]
3
classifier utilities = 4.3573004083329865
new classifier utility = [5.80973392]
new classifier is better = False
classifier utilities = 4.3573004083329865
new classifier utility = [5.80973392]
new classifier is better = False
classifier utilities = 4.3573004083329865
new classifier utility = [1.45243341]
new classifier is better = True
classifier utilities = [7.98838428 6.53595081 7.26216742 5.80973403 5.8097342  5.809734
 7.98838407 5.809734   5.80973415 4.35730053 4.35730052 5.08351722
 5.80973399 6.53595063 6.5359508  6.5359508  4.35730045 4.35730041]
new classifier utility = [1.45243347]
classifier added
classifires probs: [ 1.02292357e-11  1.54865406e-01  1.44643762e-11  2.17547038e-03
  8.81847859e-11  8.06069492e-11 -2.50338281e-11  1.10436202e-01
  3.42848141e-10  1.43979840e-03  1.16824605e-03  1.78833260e-02
  2.09791923e-01  2.20395515e-10  2.28340744e-01  2.12563677e-01
  4.89799725e-03  5.64372102e-02]
____iterstion: 25
init time = 0.9728 s
NFG time = 0.0975 s
plot time = 0.0000 s
BR time = 43.5977 s
Train time = 6.2440 s
Matrix update time = 0.0316 s
positive data: [[1.46446611 8.53553396 8.12507558 8.5793978  8.7034213  8.77635513
  8.37445286 7.79156076 7.61363418 8.92051901 8.95835957 8.86361596
  7.54965196 2.00677096 7.37895656 8.83764341 1.38382898 8.00501375]
 [1.46446611 8.53553395 8.84173603 8.49121163 8.36149482 7.99517357
  8.6871991  8.87556456 8.94572341 7.63460733 7.50186016 7.5021255
  8.90646678 2.87102282 8.98413605 7.12535649 1.48698141 8.86527129]]
positive support: [2.13973721e-01 1.22088767e-06 2.51051986e-08 1.07085876e-01
 1.16700816e-06 2.70240988e-08 2.16509931e-01 2.26891100e-09
 1.78857850e-09 9.38064818e-09 5.09269121e-09 6.80593266e-09
 1.04854815e-08 6.62627652e-09 3.01040164e-01 1.61387340e-01
 5.49996274e-07 1.23972039e-08]
classifires probs: [ 1.15426870e-10  1.25796826e-01  7.45974140e-03  7.31982323e-03
  2.58468371e-10  1.63474754e-09  4.15830243e-10  6.70681187e-02
  6.16322878e-03  7.97611662e-11  1.27726550e-10 -3.76150921e-10
  2.08447285e-01  5.21169050e-03  2.71999079e-01  1.79665427e-01
  4.29391964e-04  1.99748113e-09  1.20439383e-01]
BR point: [7.49382221 8.87385073]
BR value: 6.377905387493573
BR point: [7.49382221 8.87385073]
BR value: 6.377905387493573
Points utilities = [[5.83079959 5.82673023 5.66921688 5.8307996  5.82663045 5.59235564
  5.83079961 4.23145878 3.90875076 5.42667705 5.0896428  5.25093435
  5.50343283 5.29163008 5.83079961 5.8307996  5.82592979 5.5098851 ]]
new point utility = 6.377905387493573
new point = [7.49382221 8.87385073]
point added
3
classifier utilities = 3.209620563204186
new classifier utility = [3.20962612]
new classifier is better = False
classifier utilities = 3.209620563204186
new classifier utility = [5.34935732]
new classifier is better = False
classifier utilities = 3.209620563204186
new classifier utility = [5.34935732]
new classifier is better = False
classifier utilities = 3.209620563204186
new classifier utility = [5.34935732]
new classifier is better = False
classifier utilities = 3.209620563204186
new classifier utility = [3.20961467]
new classifier is better = False
classifier utilities = 3.209620563204186
new classifier utility = [3.20961467]
new classifier is better = False
classifier utilities = 3.209620563204186
new classifier utility = [3.20961467]
new classifier is better = False
classifier utilities = 3.209620563204186
new classifier utility = [3.20961467]
new classifier is better = False
classifier utilities = 3.209620563204186
new classifier utility = [3.20961467]
new classifier is better = False
classifier utilities = 3.209620563204186
new classifier utility = [3.20961467]
new classifier is better = False
classifier utilities = 3.209620563204186
new classifier utility = [3.20961467]
new classifier is better = False
classifier utilities = 3.209620563204186
new classifier utility = [3.20961467]
new classifier is better = False
classifier utilities = 3.209620563204186
new classifier utility = [3.20961467]
new classifier is better = False
classifier utilities = 3.209620563204186
new classifier utility = [3.20961467]
new classifier is better = False
classifier utilities = 3.209620563204186
new classifier utility = [3.20961467]
new classifier is better = False
classifier utilities = 3.209620563204186
new classifier utility = [3.20961467]
new classifier is better = False
classifier utilities = 3.209620563204186
new classifier utility = [3.20961467]
new classifier is better = False
classifier utilities = 3.209620563204186
new classifier utility = [3.20961467]
new classifier is better = False
classifier utilities = 3.209620563204186
new classifier utility = [1.06987745]
new classifier is better = True
classifier utilities = [8.55897254 6.41922983 5.34935825 5.34935812 6.41922889 5.34935788
 7.48910115 5.34935765 4.27948655 5.34935753 5.34935746 7.48910041
 5.34935745 5.34935882 6.41922978 6.41922977 3.20962056 4.27948564
 4.27948541]
new classifier utility = [1.06987754]
classifier added
classifires probs: [ 1.15426870e-10  1.25796826e-01  7.45974140e-03  7.31982323e-03
  2.58468371e-10  1.63474754e-09  4.15830243e-10  6.70681187e-02
  6.16322878e-03  7.97611662e-11  1.27726550e-10 -3.76150921e-10
  2.08447285e-01  5.21169050e-03  2.71999079e-01  1.79665427e-01
  4.29391964e-04  1.99748113e-09  1.20439383e-01]
____iterstion: 26
init time = 0.9728 s
NFG time = 0.1003 s
plot time = 0.0000 s
BR time = 46.9956 s
Train time = 9.5125 s
Matrix update time = 0.0338 s
positive data: [[1.46446611 8.53553396 8.12507558 8.5793978  8.7034213  8.77635513
  8.37445286 7.79156076 7.61363418 8.92051901 8.95835957 8.86361596
  7.54965196 2.00677096 7.37895656 8.83764341 1.38382898 8.00501375
  7.49382221]
 [1.46446611 8.53553395 8.84173603 8.49121163 8.36149482 7.99517357
  8.6871991  8.87556456 8.94572341 7.63460733 7.50186016 7.5021255
  8.90646678 2.87102282 8.98413605 7.12535649 1.48698141 8.86527129
  8.87385073]]
positive support: [5.31132035e-10 3.98648692e-01 3.04462852e-09 7.23262357e-08
 2.87004890e-08 2.44229726e-09 1.76770620e-08 4.44362860e-10
 3.57732961e-10 1.09482812e-09 1.94554537e-08 8.83847024e-10
 8.21874548e-10 9.07356968e-10 3.98697157e-10 6.01351135e-01
 1.44525162e-08 1.86277111e-09 1.85603501e-08]
classifires probs: [ 1.49989454e-02  1.05412686e-01  5.56009551e-03  2.70849409e-03
  2.65496249e-10  1.02661521e-10 -8.86886845e-11  1.99487878e-02
  3.69110888e-10  7.48446940e-11  4.97356402e-11  2.12331203e-10
  1.22419061e-01  2.11768546e-10  3.26363273e-01  1.31265902e-01
 -3.98361683e-11  1.41385993e-10  1.28040813e-01  1.43281941e-01]
BR point: [8.83426428 7.02929881]
BR value: 6.293512183950761
BR point: [8.83426428 7.02929881]
BR value: 6.293512183950761
Points utilities = [[4.22233606 5.78040807 5.50667335 5.77501417 5.72610833 5.4281544
  5.73944721 4.09334928 3.78117403 4.90225307 5.6844222  4.74349382
  4.70046315 4.89647234 5.15639142 5.78040807 5.64627432 5.35190979
  5.64021727]]
new point utility = 6.293512183950761
new point = [8.83426428 7.02929881]
point added
3
classifires probs: [ 1.49989454e-02  1.05412686e-01  5.56009551e-03  2.70849409e-03
  2.65496249e-10  1.02661521e-10 -8.86886845e-11  1.99487878e-02
  3.69110888e-10  7.48446940e-11  4.97356402e-11  2.12331203e-10
  1.22419061e-01  2.11768546e-10  3.26363273e-01  1.31265902e-01
 -3.98361683e-11  1.41385993e-10  1.28040813e-01  1.43281941e-01]
____iterstion: 27
init time = 0.9728 s
NFG time = 0.1033 s
plot time = 0.0000 s
BR time = 50.6231 s
Train time = 9.5131 s
Matrix update time = 0.0358 s
positive data: [[1.46446611 8.53553396 8.12507558 8.5793978  8.7034213  8.77635513
  8.37445286 7.79156076 7.61363418 8.92051901 8.95835957 8.86361596
  7.54965196 2.00677096 7.37895656 8.83764341 1.38382898 8.00501375
  7.49382221 8.83426428]
 [1.46446611 8.53553395 8.84173603 8.49121163 8.36149482 7.99517357
  8.6871991  8.87556456 8.94572341 7.63460733 7.50186016 7.5021255
  8.90646678 2.87102282 8.98413605 7.12535649 1.48698141 8.86527129
  8.87385073 7.02929881]]
positive support: [3.98074413e-10 2.44056470e-01 2.81235262e-09 3.66981672e-08
 1.02358048e-08 2.11098372e-09 1.18101315e-08 6.10612241e-10
 4.76445249e-10 6.65078475e-10 3.80369615e-09 5.94469467e-10
 1.35224639e-09 9.87727334e-10 1.15177335e-09 3.68152786e-01
 3.55961826e-09 2.79684000e-09 2.57073844e-09 3.87790672e-01]
classifires probs: [ 2.95644691e-02  1.37441334e-01  7.58082726e-03  1.96429140e-03
  4.77325161e-10  1.62897052e-10 -9.31701986e-11  3.56014979e-02
  2.59132079e-10  3.74516659e-11  4.31328613e-11  3.55391438e-02
  1.35722479e-01 -4.59332631e-11  2.85870723e-01  1.09522836e-01
 -6.62690221e-12  1.43737058e-02  4.81128141e-02  1.58705879e-01]
BR point: [8.77928589 6.98149674]
BR value: 6.030966713107368
BR point: [8.77928589 6.98149674]
BR value: 6.030966713107368
Points utilities = [[4.16017773 5.97938505 5.7055437  5.97380548 5.91495917 5.62418909
  5.92873797 4.72195755 4.36184212 4.91266628 5.81116196 4.7535698
  5.37905998 5.19080109 5.20130672 5.97938506 5.73821077 5.67639603
  5.68934699 5.97938506]]
new point utility = 6.030966713107368
new point = [8.77928589 6.98149674]
point added
3
classifires probs: [ 2.95644691e-02  1.37441334e-01  7.58082726e-03  1.96429140e-03
  4.77325161e-10  1.62897052e-10 -9.31701986e-11  3.56014979e-02
  2.59132079e-10  3.74516659e-11  4.31328613e-11  3.55391438e-02
  1.35722479e-01 -4.59332631e-11  2.85870723e-01  1.09522836e-01
 -6.62690221e-12  1.43737058e-02  4.81128141e-02  1.58705879e-01]
____iterstion: 28
init time = 0.9728 s
NFG time = 0.1063 s
plot time = 0.0000 s
BR time = 51.0986 s
Train time = 9.5137 s
Matrix update time = 0.0380 s
positive data: [[1.46446611 8.53553396 8.12507558 8.5793978  8.7034213  8.77635513
  8.37445286 7.79156076 7.61363418 8.92051901 8.95835957 8.86361596
  7.54965196 2.00677096 7.37895656 8.83764341 1.38382898 8.00501375
  7.49382221 8.83426428 8.77928589]
 [1.46446611 8.53553395 8.84173603 8.49121163 8.36149482 7.99517357
  8.6871991  8.87556456 8.94572341 7.63460733 7.50186016 7.5021255
  8.90646678 2.87102282 8.98413605 7.12535649 1.48698141 8.86527129
  8.87385073 7.02929881 6.98149674]]
positive support: [5.44002157e-09 2.44055397e-01 3.53309920e-08 6.64422363e-07
 1.99790880e-07 2.63336721e-08 2.17251903e-07 6.96309952e-09
 5.38436115e-09 8.99574304e-09 6.10655110e-08 1.05743615e-08
 8.95595130e-09 1.22147257e-08 1.15047090e-08 3.68152721e-01
 5.74031785e-08 2.30914386e-08 5.84772913e-08 3.87789984e-01
 6.46066732e-07]
classifires probs: [ 2.28798281e-02  1.29015559e-01  7.96084874e-03  1.60675022e-03
  2.80450534e-09  1.81030010e-09  3.42653690e-10  5.20318632e-02
  6.54371007e-09  4.36357446e-09  7.32370160e-10  4.68297064e-02
  1.32061643e-01  1.44952740e-09  2.92298107e-01  1.06915279e-01
 -1.90183374e-10  3.08317889e-03  4.81128158e-02  1.57204401e-01]
BR point: [8.53553392 8.53553392]
BR value: 5.979384820270468
BR point: [8.53553392 8.53553392]
BR value: 5.979384820270468
Points utilities = [[4.19875173 5.97938482 5.70575468 5.97380532 5.9114337  5.62439709
  5.92520422 4.788916   4.42369408 4.95440885 5.83892501 4.79396054
  5.41139001 5.14408226 5.23051304 5.9793848  5.76173299 5.57353966
  5.7212937  5.97938483 5.96036456]]
new point utility = 5.979384820270468
new point = [8.53553392 8.53553392]
3
classifires probs: [ 2.28798281e-02  1.29015559e-01  7.96084874e-03  1.60675022e-03
  2.80450534e-09  1.81030010e-09  3.42653690e-10  5.20318632e-02
  6.54371007e-09  4.36357446e-09  7.32370160e-10  4.68297064e-02
  1.32061643e-01  1.44952740e-09  2.92298107e-01  1.06915279e-01
 -1.90183374e-10  3.08317889e-03  4.81128158e-02  1.57204401e-01]
Objective = 5.979384846042982
Number of iterations = 29
Support of attacker = 3
Support of classifier = 12
Size of game = (21, 20)
init time = 0.9728 s
NFG time = 0.1092 s
plot time = 0.0000 s
BR time = 51.3366 s
Train time = 9.5142 s
Matrix update time = 0.0386 s
