NEW RUN________________________________________
positive data: [[1.46446611 1.46446611]]
positive utility: 10.0
____iterstion: 0
init time = 2.0195 s
NFG time = 0
plot time = 0
BR time = 0
Train time = 0
Matrix update time = 0
positive data: [[1.46446611]
 [1.46446611]]
positive support: [1.]
classifires probs: [1.]
BR point: [1.46446611 1.46446611]
BR value: 9.999999998021368
BR point: [1.46446611 1.46446611]
BR value: 9.999999998021368
Points utilities = [[10.]]
new point utility = 9.999999998021368
new point = [1.46446611 1.46446611]
3
classifier utilities = 10.000000006757414
new classifier utility = [0.]
new classifier is better = True
classifier utilities = 10.000000006757414
new classifier utility = [0.]
new classifier is better = True
classifier utilities = [10.00000001]
new classifier utility = [0.]
classifier added
classifires probs: [1.]
____iterstion: 1
init time = 2.0195 s
NFG time = 0.2876 s
plot time = 0.0000 s
BR time = 0.8459 s
Train time = 0.3033 s
Matrix update time = 0.0006 s
positive data: [[1.46446611]
 [1.46446611]]
positive support: [1.]
classifires probs: [-2.63694171e-11  1.00000000e+00]
BR point: [8.53553396 8.53553395]
BR value: 10.000000000232049
BR point: [8.53553396 8.53553395]
BR value: 10.000000000232049
Points utilities = [[-2.63694171e-10]]
new point utility = 10.000000000232049
new point = [8.53553396 8.53553395]
point added
3
classifires probs: [-2.63694171e-11  1.00000000e+00]
____iterstion: 2
init time = 2.0195 s
NFG time = 0.2894 s
plot time = 0.0000 s
BR time = 1.6216 s
Train time = 0.3039 s
Matrix update time = 0.0015 s
positive data: [[1.46446611 8.53553396]
 [1.46446611 8.53553395]]
positive support: [1.43641857e-10 1.00000000e+00]
classifires probs: [0.88406325 0.11593675]
BR point: [8.53553398 8.53553398]
BR value: 9.99999999651658
BR point: [8.53553398 8.53553398]
BR value: 9.99999999651658
Points utilities = [[ 8.84063247 10.        ]]
new point utility = 9.99999999651658
new point = [8.53553398 8.53553398]
3
classifier utilities = 10.000000022520684
new classifier utility = [0.]
new classifier is better = True
classifier utilities = 10.000000022520684
new classifier utility = [0.]
new classifier is better = True
classifier utilities = [10.00000002 10.00000002]
new classifier utility = [1.43641857e-09]
classifier added
classifires probs: [0.88406325 0.11593675]
____iterstion: 3
init time = 2.0195 s
NFG time = 0.2910 s
plot time = 0.0000 s
BR time = 1.6600 s
Train time = 0.5792 s
Matrix update time = 0.0021 s
positive data: [[1.46446611 8.53553396]
 [1.46446611 8.53553395]]
positive support: [0.5 0.5]
classifires probs: [-1.31875722e-10  5.00000000e-01  5.00000000e-01]
BR point: [8.0952219  8.77585414]
BR value: 9.443131641782337
BR point: [8.0952219  8.77585414]
BR value: 9.443131641782337
Points utilities = [[5. 5.]]
new point utility = 9.443131641782337
new point = [8.0952219  8.77585414]
point added
3
classifier utilities = 4.9999999937854405
new classifier utility = [0.]
new classifier is better = True
classifier utilities = 4.9999999937854405
new classifier utility = [0.]
new classifier is better = True
classifier utilities = [10.00000001  5.00000002  4.99999999]
new classifier utility = [0.]
classifier added
classifires probs: [-1.31875722e-10  5.00000000e-01  5.00000000e-01]
____iterstion: 4
init time = 2.0195 s
NFG time = 0.3264 s
plot time = 0.0000 s
BR time = 2.8373 s
Train time = 0.8635 s
Matrix update time = 0.0032 s
positive data: [[1.46446611 8.53553396 8.0952219 ]
 [1.46446611 8.53553395 8.77585414]]
positive support: [2.67132146e-09 3.88890225e-09 1.00000004e+00]
classifires probs: [0.73505132 0.12452687 0.11531623 0.02510557]
BR point: [8.14170074 8.82691716]
BR value: 9.443624989622833
BR point: [8.14170074 8.82691716]
BR value: 9.443624989622833
Points utilities = [[8.50367554 8.59578198 9.4431316 ]]
new point utility = 9.443624989622833
new point = [8.14170074 8.82691716]
3
classifier utilities = 9.443131785530733
new classifier utility = [0.]
new classifier is better = True
classifier utilities = 9.443131785530733
new classifier utility = [0.]
new classifier is better = True
classifier utilities = [9.44313205 9.44313202 9.44313201 9.44313179]
new classifier utility = [2.67132146e-08]
classifier added
classifires probs: [0.73505132 0.12452687 0.11531623 0.02510557]
____iterstion: 5
init time = 2.0195 s
NFG time = 0.3282 s
plot time = 0.0000 s
BR time = 4.1036 s
Train time = 1.1391 s
Matrix update time = 0.0038 s
positive data: [[1.46446611 8.53553396 8.0952219 ]
 [1.46446611 8.53553395 8.77585414]]
positive support: [3.76393478e-10 4.85679542e-01 5.14320461e-01]
classifires probs: [0.23267928 0.47155607 0.00612066 0.03540861 0.25423537]
BR point: [8.69927578 8.37105789]
BR value: 9.810292370984323
BR point: [8.69927578 8.37105789]
BR value: 9.810292370984323
Points utilities = [[4.93035313 7.04235357 7.04235357]]
new point utility = 9.810292370984323
new point = [8.69927578 8.37105789]
point added
3
classifires probs: [0.23267928 0.47155607 0.00612066 0.03540861 0.25423537]
____iterstion: 6
init time = 2.0195 s
NFG time = 0.3308 s
plot time = 0.0000 s
BR time = 5.7198 s
Train time = 1.1396 s
Matrix update time = 0.0049 s
positive data: [[1.46446611 8.53553396 8.0952219  8.69927578]
 [1.46446611 8.53553395 8.77585414 8.37105789]]
positive support: [1.41501305e-09 2.67231528e-09 6.76433844e-01 3.23566156e-01]
classifires probs: [2.43391183e-01 3.77977355e-01 2.07262919e-01 1.69580792e-10
 1.71368543e-01]
BR point: [8.80922503 8.05928153]
BR value: 9.33005827764063
BR point: [8.80922503 8.05928153]
BR value: 9.33005827764063
Points utilities = [[6.22022645 6.21368538 7.82487593 7.82487593]]
new point utility = 9.33005827764063
new point = [8.80922503 8.05928153]
point added
3
classifier utilities = 3.1938269267933945
new classifier utility = [0.]
new classifier is better = True
classifier utilities = 3.1938269267933945
new classifier utility = [0.]
new classifier is better = True
classifier utilities = [9.58148079 9.58148078 6.38765385 9.58148062 3.19382693]
new classifier utility = [1.41501305e-08]
classifier added
classifires probs: [2.43391183e-01 3.77977355e-01 2.07262919e-01 1.69580792e-10
 1.71368543e-01]
____iterstion: 7
init time = 2.0195 s
NFG time = 0.3332 s
plot time = 0.0000 s
BR time = 6.5540 s
Train time = 1.4163 s
Matrix update time = 0.0061 s
positive data: [[1.46446611 8.53553396 8.0952219  8.69927578 8.80922503]
 [1.46446611 8.53553395 8.77585414 8.37105789 8.05928153]]
positive support: [1.15486452e-09 3.19409469e-01 3.38245738e-01 2.23583373e-07
 3.42344571e-01]
classifires probs: [4.50984207e-01 3.31569532e-01 4.60238324e-02 1.23932032e-04
 1.00432453e-02 1.61255251e-01]
BR point: [8.81032026 8.05832976]
BR value: 9.326581152681097
BR point: [8.81032026 8.05832976]
BR value: 9.326581152681097
Points utilities = [[6.68306536 7.8255374  7.82553739 7.82471638 7.82553739]]
new point utility = 9.326581152681097
new point = [8.81032026 8.05832976]
point added
3
classifires probs: [4.50984207e-01 3.31569532e-01 4.60238324e-02 1.23932032e-04
 1.00432453e-02 1.61255251e-01]
____iterstion: 8
init time = 2.0195 s
NFG time = 0.3359 s
plot time = 0.0000 s
BR time = 8.1515 s
Train time = 1.4169 s
Matrix update time = 0.0072 s
positive data: [[1.46446611 8.53553396 8.0952219  8.69927578 8.80922503 8.81032026]
 [1.46446611 8.53553395 8.77585414 8.37105789 8.05928153 8.05832976]]
positive support: [6.55249118e-09 4.29284449e-09 7.90242850e-09 1.08031349e-08
 4.91352549e-09 1.00000002e+00]
classifires probs: [0.71137174 0.10969636 0.06145764 0.03570301 0.03843822 0.04333303]
BR point: [8.81844799 8.06578778]
BR value: 9.327176072998975
BR point: [8.81844799 8.06578778]
BR value: 9.327176072998975
Points utilities = [[8.5460063  8.21068104 8.67095496 8.83634958 8.92575861 9.32658114]]
new point utility = 9.327176072998975
new point = [8.81844799 8.06578778]
3
classifier utilities = 9.326581361255666
new classifier utility = [0.]
new classifier is better = True
classifier utilities = 9.326581361255666
new classifier utility = [0.]
new classifier is better = True
classifier utilities = [9.32658163 9.32658157 9.32658148 9.32658152 9.32658151 9.32658136]
new classifier utility = [1.83077029e-07]
classifier added
classifires probs: [0.71137174 0.10969636 0.06145764 0.03570301 0.03843822 0.04333303]
____iterstion: 9
init time = 2.0195 s
NFG time = 0.3377 s
plot time = 0.0000 s
BR time = 9.1922 s
Train time = 1.6914 s
Matrix update time = 0.0079 s
positive data: [[1.46446611 8.53553396 8.0952219  8.69927578 8.80922503 8.81032026]
 [1.46446611 8.53553395 8.77585414 8.37105789 8.05928153 8.05832976]]
positive support: [8.33737731e-10 3.19409545e-01 3.38245667e-01 1.45379102e-07
 3.42343992e-01 6.51767436e-07]
classifires probs: [2.95461567e-01 3.26031722e-01 4.60514962e-02 9.62685476e-05
 1.71103696e-01 1.94799215e-04 1.61060451e-01]
BR point: [8.57011597 8.50022825]
BR value: 9.530985481747445
BR point: [8.57011597 8.50022825]
BR value: 9.530985481747445
Points utilities = [[6.73872009 7.8255374  7.8255374  7.82444332 7.82553739 7.82443778]]
new point utility = 9.530985481747445
new point = [8.57011597 8.50022825]
point added
3
classifires probs: [2.95461567e-01 3.26031722e-01 4.60514962e-02 9.62685476e-05
 1.71103696e-01 1.94799215e-04 1.61060451e-01]
____iterstion: 10
init time = 2.0195 s
NFG time = 0.3405 s
plot time = 0.0000 s
BR time = 11.1067 s
Train time = 1.6920 s
Matrix update time = 0.0091 s
positive data: [[1.46446611 8.53553396 8.0952219  8.69927578 8.80922503 8.81032026
  8.57011597]
 [1.46446611 8.53553395 8.77585414 8.37105789 8.05928153 8.05832976
  8.50022825]]
positive support: [2.02437826e-09 3.54639804e-09 5.05386988e-01 7.39059483e-09
 7.52974023e-09 2.55851292e-01 2.38761708e-01]
classifires probs: [0.34591081 0.28079832 0.06681163 0.06095876 0.07970577 0.04850169
 0.11731302]
BR point: [8.14337197 8.82864647]
BR value: 8.232802670478423
BR point: [8.14337197 8.82864647]
BR value: 8.232802670478423
Points utilities = [[6.58242921 7.44022147 8.23245174 7.57452102 7.7829974  8.23245174
  8.23245174]]
new point utility = 8.232802670478423
new point = [8.14337197 8.82864647]
3
classifier utilities = 2.3862178538048484
new classifier utility = [0.]
new classifier is better = True
classifier utilities = 2.3862178538048484
new classifier utility = [0.]
new classifier is better = True
classifier utilities = [9.54487172 9.5448717  7.15865379 7.15865374 4.77243582 2.38621785
 7.15865374]
new classifier utility = [2.02437826e-08]
classifier added
classifires probs: [0.34591081 0.28079832 0.06681163 0.06095876 0.07970577 0.04850169
 0.11731302]
____iterstion: 11
init time = 2.0195 s
NFG time = 0.3431 s
plot time = 0.0000 s
BR time = 12.0870 s
Train time = 1.9673 s
Matrix update time = 0.0098 s
positive data: [[1.46446611 8.53553396 8.0952219  8.69927578 8.80922503 8.81032026
  8.57011597]
 [1.46446611 8.53553395 8.77585414 8.37105789 8.05928153 8.05832976
  8.50022825]]
positive support: [1.34693807e-09 4.85679282e-01 5.14320392e-01 5.04567077e-08
 2.63542257e-08 2.56171466e-08 2.24416527e-07]
classifires probs: [2.09671974e-01 4.94563386e-01 3.55903026e-02 5.93897082e-03
 2.33233283e-04 3.34847848e-10 3.11673247e-10 2.54002133e-01]
BR point: [8.90802821 7.85744042]
BR value: 8.71113649284005
BR point: [8.90802821 7.85744042]
BR value: 8.71113649284005
Points utilities = [[4.99497643 7.0423536  7.04235361 7.01222535 6.96020357 6.95760965
  7.04055742]]
new point utility = 8.71113649284005
new point = [8.90802821 7.85744042]
point added
3
classifires probs: [2.09671974e-01 4.94563386e-01 3.55903026e-02 5.93897082e-03
 2.33233283e-04 3.34847848e-10 3.11673247e-10 2.54002133e-01]
____iterstion: 12
init time = 2.0195 s
NFG time = 0.3462 s
plot time = 0.0000 s
BR time = 14.2189 s
Train time = 1.9679 s
Matrix update time = 0.0111 s
positive data: [[1.46446611 8.53553396 8.0952219  8.69927578 8.80922503 8.81032026
  8.57011597 8.90802821]
 [1.46446611 8.53553395 8.77585414 8.37105789 8.05928153 8.05832976
  8.50022825 7.85744042]]
positive support: [1.17489548e-09 3.11824819e-01 3.30213600e-01 2.23581960e-09
 1.86022054e-09 1.86099993e-09 2.09138753e-07 3.57961371e-01]
classifires probs: [2.13494935e-01 4.27481766e-01 1.93748549e-02 2.56770941e-02
 3.51548115e-04 5.26959907e-10 1.22994638e-01 1.90625163e-01]
BR point: [7.68550101 8.88034678]
BR value: 8.321929217775823
BR point: [7.68550101 8.88034678]
BR value: 8.321929217775823
Points utilities = [[5.4684114  7.6397134  7.63971341 6.58381472 6.40396725 6.40158063
  7.63874959 7.63971341]]
new point utility = 8.321929217775823
new point = [7.68550101 8.88034678]
point added
3
classifier utilities = 3.1182503704827225
new classifier utility = [0.]
new classifier is better = True
classifier utilities = 3.1182503704827225
new classifier utility = [0.]
new classifier is better = True
classifier utilities = [9.3547512  9.35475119 6.2365009  6.23650084 3.11825252 3.11825039
 6.23650079 3.11825037]
new classifier utility = [1.17489548e-08]
classifier added
classifires probs: [2.13494935e-01 4.27481766e-01 1.93748549e-02 2.56770941e-02
 3.51548115e-04 5.26959907e-10 1.22994638e-01 1.90625163e-01]
____iterstion: 13
init time = 2.0195 s
NFG time = 0.3487 s
plot time = 0.0000 s
BR time = 15.5962 s
Train time = 2.2536 s
Matrix update time = 0.0126 s
positive data: [[1.46446611 8.53553396 8.0952219  8.69927578 8.80922503 8.81032026
  8.57011597 8.90802821 7.68550101]
 [1.46446611 8.53553395 8.77585414 8.37105789 8.05928153 8.05832976
  8.50022825 7.85744042 8.88034678]]
positive support: [1.78316751e-09 1.29397652e-09 1.11802629e-09 1.58850425e-08
 1.51744398e-09 1.36659902e-10 2.94028027e-01 6.68372060e-10
 7.05971955e-01]
classifires probs: [1.84683826e-01 4.14139453e-01 1.40095828e-02 4.57793333e-03
 1.21545439e-01 1.36389228e-02 2.27768537e-10 3.14618368e-10
 2.47404843e-01]
BR point: [7.59353848 8.87230072]
BR value: 8.080064739823499
BR point: [7.59353848 8.87230072]
BR value: 8.080064739823499
Points utilities = [[5.81282613 5.98823279 5.83029142 7.15573642 6.89450473 7.01913981
  7.19946548 6.55595914 7.19946549]]
new point utility = 8.080064739823499
new point = [7.59353848 8.87230072]
point added
3
classifires probs: [1.84683826e-01 4.14139453e-01 1.40095828e-02 4.57793333e-03
 1.21545439e-01 1.36389228e-02 2.27768537e-10 3.14618368e-10
 2.47404843e-01]
____iterstion: 14
init time = 2.0195 s
NFG time = 0.3514 s
plot time = 0.0000 s
BR time = 18.0147 s
Train time = 2.2542 s
Matrix update time = 0.0139 s
positive data: [[1.46446611 8.53553396 8.0952219  8.69927578 8.80922503 8.81032026
  8.57011597 8.90802821 7.68550101 7.59353848]
 [1.46446611 8.53553395 8.77585414 8.37105789 8.05928153 8.05832976
  8.50022825 7.85744042 8.88034678 8.87230072]]
positive support: [4.89143228e-11 3.04503700e-11 6.37991571e-11 4.93995796e-11
 3.96039795e-11 7.80639104e-11 7.24949955e-11 2.81215660e-11
 6.07326156e-11 1.00000000e+00]
classifires probs: [0.5144817  0.17743706 0.04001743 0.04692917 0.04274111 0.02187035
 0.05249763 0.04701211 0.05701344]
BR point: [7.59322039 8.87191521]
BR value: 8.08000035970066
BR point: [7.59322039 8.87191521]
BR value: 8.08000035970066
Points utilities = [[7.75633768 7.44416387 7.85067018 7.71483689 7.6656363  7.86675506
  7.86696186 7.75717067 7.78697472 8.08006474]]
new point utility = 8.08000035970066
new point = [7.59322039 8.87191521]
3
classifier utilities = 8.080064741765348
new classifier utility = [0.]
new classifier is better = True
classifier utilities = 8.080064741765348
new classifier utility = [0.]
new classifier is better = True
classifier utilities = [8.08006475 8.08006474 8.08006474 8.08006474 8.08006474 8.08006474
 8.08006474 8.08006474 8.08006474]
new classifier utility = [3.34832847e-09]
classifier added
classifires probs: [0.5144817  0.17743706 0.04001743 0.04692917 0.04274111 0.02187035
 0.05249763 0.04701211 0.05701344]
____iterstion: 15
init time = 2.0195 s
NFG time = 0.3534 s
plot time = 0.0000 s
BR time = 19.4030 s
Train time = 2.5337 s
Matrix update time = 0.0145 s
positive data: [[1.46446611 8.53553396 8.0952219  8.69927578 8.80922503 8.81032026
  8.57011597 8.90802821 7.68550101 7.59353848]
 [1.46446611 8.53553395 8.77585414 8.37105789 8.05928153 8.05832976
  8.50022825 7.85744042 8.88034678 8.87230072]]
positive support: [2.99236748e-09 1.74743217e-08 2.67162924e-09 5.51088249e-08
 4.66605767e-09 3.93685115e-09 2.94027974e-01 3.09278184e-09
 7.05971899e-01 5.20479273e-08]
classifires probs: [1.97776414e-01 3.94012397e-01 4.79360698e-03 4.35246040e-03
 1.31262477e-02 6.60446454e-03 1.07287076e-09 7.66317295e-10
 2.63880754e-01 1.15453653e-01]
BR point: [8.95556026 7.6047585 ]
BR value: 7.908083210967254
BR point: [8.95556026 7.6047585 ]
BR value: 7.908083210967254
Points utilities = [[6.01635142 7.07242465 5.67470718 7.15351079 6.80641541 6.86547587
  7.19946543 6.41243522 7.19946546 7.14719175]]
new point utility = 7.908083210967254
new point = [8.95556026 7.6047585 ]
point added
3
classifires probs: [1.97776414e-01 3.94012397e-01 4.79360698e-03 4.35246040e-03
 1.31262477e-02 6.60446454e-03 1.07287076e-09 7.66317295e-10
 2.63880754e-01 1.15453653e-01]
____iterstion: 16
init time = 2.0195 s
NFG time = 0.3562 s
plot time = 0.0000 s
BR time = 21.8674 s
Train time = 2.5343 s
Matrix update time = 0.0159 s
positive data: [[1.46446611 8.53553396 8.0952219  8.69927578 8.80922503 8.81032026
  8.57011597 8.90802821 7.68550101 7.59353848 8.95556026]
 [1.46446611 8.53553395 8.77585414 8.37105789 8.05928153 8.05832976
  8.50022825 7.85744042 8.88034678 8.87230072 7.6047585 ]]
positive support: [5.29510466e-10 4.42480156e-09 6.70934105e-10 2.48392878e-09
 1.15168781e-09 1.43291349e-09 2.14370357e-01 7.27904857e-10
 5.14710968e-01 1.07007565e-08 2.70918658e-01]
classifires probs: [2.73749249e-01 2.95652604e-01 1.84142203e-02 2.14059263e-02
 1.26183133e-02 7.27828755e-03 6.53306181e-02 1.55545376e-10
 2.13323813e-01 9.22269691e-02]
BR point: [8.87142048 7.49322471]
BR value: 7.778593602386166
BR point: [8.87142048 7.49322471]
BR value: 7.778593602386166
Points utilities = [[6.8294147  7.26959439 6.36988916 6.86658796 6.66228935 6.72768799
  7.39144326 6.28373971 7.39144326 7.33486486 7.39144326]]
new point utility = 7.778593602386166
new point = [8.87142048 7.49322471]
point added
3
classifier utilities = 2.1424474014126593
new classifier utility = [2.14244729]
new classifier is better = False
classifier utilities = 2.1424474014126593
new classifier utility = [2.14244729]
new classifier is better = False
classifier utilities = 2.1424474014126593
new classifier utility = [0.]
new classifier is better = True
classifier utilities = [8.56978934 8.56978933 6.42734201 6.42734203 4.28489469 2.1424474
 6.42734199 6.42734198 6.42734197 4.28489465]
new classifier utility = [5.29510466e-09]
classifier added
classifires probs: [2.73749249e-01 2.95652604e-01 1.84142203e-02 2.14059263e-02
 1.26183133e-02 7.27828755e-03 6.53306181e-02 1.55545376e-10
 2.13323813e-01 9.22269691e-02]
____iterstion: 17
init time = 2.0195 s
NFG time = 0.3585 s
plot time = 0.0000 s
BR time = 23.3803 s
Train time = 2.9590 s
Matrix update time = 0.0176 s
positive data: [[1.46446611 8.53553396 8.0952219  8.69927578 8.80922503 8.81032026
  8.57011597 8.90802821 7.68550101 7.59353848 8.95556026 8.87142048]
 [1.46446611 8.53553395 8.77585414 8.37105789 8.05928153 8.05832976
  8.50022825 7.85744042 8.88034678 8.87230072 7.6047585  7.49322471]]
positive support: [1.08943123e-10 5.11643247e-10 1.24041954e-10 2.23963678e-09
 1.41653387e-10 1.57811858e-10 2.94028045e-01 8.06750006e-11
 7.05971950e-01 1.13886577e-09 3.94639915e-10 3.19719718e-10]
classifires probs: [3.25525821e-01 3.67525117e-01 1.03435562e-02 4.32067086e-03
 1.02542025e-02 5.97372354e-03 1.71431298e-11 1.52376332e-11
 1.57100474e-01 1.70635785e-02 1.01892856e-01]
BR point: [7.82230789 8.85203347]
BR value: 7.561018534506925
BR point: [7.82230789 8.85203347]
BR value: 7.561018534506925
Points utilities = [[6.28154212 7.10114517 6.68304748 7.15319708 6.85790023 6.91105885
  7.1994655  6.45501025 7.1994655  7.11888905 7.10230604 6.98601049]]
new point utility = 7.561018534506925
new point = [7.82230789 8.85203347]
point added
3
classifires probs: [3.25525821e-01 3.67525117e-01 1.03435562e-02 4.32067086e-03
 1.02542025e-02 5.97372354e-03 1.71431298e-11 1.52376332e-11
 1.57100474e-01 1.70635785e-02 1.01892856e-01]
____iterstion: 18
init time = 2.0195 s
NFG time = 0.3612 s
plot time = 0.0000 s
BR time = 25.8964 s
Train time = 2.9595 s
Matrix update time = 0.0191 s
positive data: [[1.46446611 8.53553396 8.0952219  8.69927578 8.80922503 8.81032026
  8.57011597 8.90802821 7.68550101 7.59353848 8.95556026 8.87142048
  7.82230789]
 [1.46446611 8.53553395 8.77585414 8.37105789 8.05928153 8.05832976
  8.50022825 7.85744042 8.88034678 8.87230072 7.6047585  7.49322471
  8.85203347]]
positive support: [3.12833477e-10 8.38330897e-10 5.60994119e-10 8.36790666e-10
 6.73038026e-10 7.71775054e-10 2.99076181e-01 6.38265549e-10
 3.59046348e-01 2.76554522e-09 1.54771697e-09 1.19308753e-09
 3.41877463e-01]
classifires probs: [3.48781935e-01 3.57523738e-01 9.27014122e-03 4.76408799e-03
 1.06382607e-02 5.77772823e-03 1.63012872e-10 4.20637811e-02
 1.17259881e-01 1.57927173e-02 8.81277298e-02]
BR point: [2.00638758 2.77653936]
BR value: 7.535035737022248
BR point: [2.00638758 2.77653936]
BR value: 7.535035737022248
Points utilities = [[6.37712174 7.2209839  6.80226452 7.27965415 6.96741583 7.01870566
  7.32307233 6.92197698 7.32307233 7.2403808  7.2111618  7.09308381
  7.32307233]]
new point utility = 7.535035737022248
new point = [2.00638758 2.77653936]
point added
3
classifires probs: [3.48781935e-01 3.57523738e-01 9.27014122e-03 4.76408799e-03
 1.06382607e-02 5.77772823e-03 1.63012872e-10 4.20637811e-02
 1.17259881e-01 1.57927173e-02 8.81277298e-02]
____iterstion: 19
init time = 2.0195 s
NFG time = 0.3637 s
plot time = 0.0000 s
BR time = 27.6744 s
Train time = 2.9601 s
Matrix update time = 0.0206 s
positive data: [[1.46446611 8.53553396 8.0952219  8.69927578 8.80922503 8.81032026
  8.57011597 8.90802821 7.68550101 7.59353848 8.95556026 8.87142048
  7.82230789 2.00638758]
 [1.46446611 8.53553395 8.77585414 8.37105789 8.05928153 8.05832976
  8.50022825 7.85744042 8.88034678 8.87230072 7.6047585  7.49322471
  8.85203347 2.77653936]]
positive support: [1.04438468e-09 7.92632917e-10 1.16817064e-10 1.53602469e-09
 8.95016415e-10 2.38221399e-09 2.81549602e-09 5.56721497e-10
 3.77370092e-09 1.83203282e-09 1.04104674e-09 1.13508576e-09
 3.37282033e-09 9.99999994e-01]
classifires probs: [0.4330867  0.23710225 0.03961757 0.02997094 0.01321721 0.01001189
 0.02636007 0.04042297 0.08768411 0.03316484 0.04936145]
BR point: [2.00669884 2.77662465]
BR value: 7.534569418055702
BR point: [2.00669884 2.77662465]
BR value: 7.534569418055702
Points utilities = [[7.32926807 7.29713856 7.23473753 7.3688972  7.33491404 7.42555715
  7.42495673 7.28768777 7.44445748 7.413247   7.30927118 7.39463095
  7.46489882 7.53503574]]
new point utility = 7.534569418055702
new point = [2.00669884 2.77662465]
3
classifier utilities = 7.535035701533253
new classifier utility = [0.]
new classifier is better = True
classifier utilities = 7.535035701533253
new classifier utility = [0.]
new classifier is better = True
classifier utilities = [7.53503588 7.53503587 7.53503583 7.53503584 7.53503581 7.53503576
 7.53503582 7.53503577 7.53503579 7.53503581 7.5350357 ]
new classifier utility = [1.80516534e-07]
classifier added
classifires probs: [0.4330867  0.23710225 0.03961757 0.02997094 0.01321721 0.01001189
 0.02636007 0.04042297 0.08768411 0.03316484 0.04936145]
____iterstion: 20
init time = 2.0195 s
NFG time = 0.3658 s
plot time = 0.0000 s
BR time = 29.4463 s
Train time = 3.3106 s
Matrix update time = 0.0213 s
positive data: [[1.46446611 8.53553396 8.0952219  8.69927578 8.80922503 8.81032026
  8.57011597 8.90802821 7.68550101 7.59353848 8.95556026 8.87142048
  7.82230789 2.00638758]
 [1.46446611 8.53553395 8.77585414 8.37105789 8.05928153 8.05832976
  8.50022825 7.85744042 8.88034678 8.87230072 7.6047585  7.49322471
  8.85203347 2.77653936]]
positive support: [1.79485856e-10 6.30475161e-10 4.05128239e-10 3.53930376e-09
 4.95106775e-10 5.78584982e-10 2.99076179e-01 4.82382935e-10
 3.59046349e-01 2.44723756e-09 1.72882919e-09 1.01486407e-09
 3.41877463e-01 3.18916033e-10]
classifires probs: [3.34621928e-01 1.97223730e-01 9.82717251e-03 5.19795716e-03
 1.08136141e-02 5.57053585e-03 5.48169481e-11 4.20637811e-02
 1.13976738e-01 1.33251216e-02 9.06271643e-02 1.76752258e-01]
BR point: [8.86370977 7.39999887]
BR value: 7.5006493896914295
BR point: [8.86370977 7.39999887]
BR value: 7.5006493896914295
Points utilities = [[6.20826055 7.21923037 6.83326767 7.28393675 6.97666099 7.02601498
  7.32307233 6.92880397 7.32307233 7.24012354 7.19139606 7.07364172
  7.32307233 6.20320116]]
new point utility = 7.5006493896914295
new point = [8.86370977 7.39999887]
point added
3
classifires probs: [3.34621928e-01 1.97223730e-01 9.82717251e-03 5.19795716e-03
 1.08136141e-02 5.57053585e-03 5.48169481e-11 4.20637811e-02
 1.13976738e-01 1.33251216e-02 9.06271643e-02 1.76752258e-01]
____iterstion: 21
init time = 2.0195 s
NFG time = 0.3693 s
plot time = 0.0000 s
BR time = 32.6251 s
Train time = 3.3112 s
Matrix update time = 0.0230 s
positive data: [[1.46446611 8.53553396 8.0952219  8.69927578 8.80922503 8.81032026
  8.57011597 8.90802821 7.68550101 7.59353848 8.95556026 8.87142048
  7.82230789 2.00638758 8.86370977]
 [1.46446611 8.53553395 8.77585414 8.37105789 8.05928153 8.05832976
  8.50022825 7.85744042 8.88034678 8.87230072 7.6047585  7.49322471
  8.85203347 2.77653936 7.39999887]]
positive support: [2.15072956e-09 1.60373411e-09 6.67623671e-10 3.72977239e-09
 1.84824773e-09 5.17151496e-09 7.37091820e-09 1.10136279e-09
 1.14257688e-08 2.74682368e-09 2.14706061e-09 2.46387502e-09
 8.25071576e-09 1.45261234e-09 9.99999982e-01]
classifires probs: [0.43397583 0.2021304  0.03867115 0.02323449 0.01193787 0.00931954
 0.01925448 0.03974024 0.09298746 0.02996285 0.05432599 0.04445969]
BR point: [8.86370901 7.40008265]
BR value: 7.500922743710593
BR point: [8.86370901 7.40008265]
BR value: 7.500922743710593
Points utilities = [[7.30175418 7.29783251 7.19307929 7.36059787 7.31823914 7.40243123
  7.41286439 7.2601405  7.44619845 7.39900541 7.32620272 7.35601379
  7.4726963  7.20003038 7.50064939]]
new point utility = 7.500922743710593
new point = [8.86370901 7.40008265]
3
classifier utilities = 7.500649289902023
new classifier utility = [0.]
new classifier is better = True
classifier utilities = 7.500649289902023
new classifier utility = [0.]
new classifier is better = True
classifier utilities = [7.50064972 7.5006497  7.5006496  7.50064961 7.50064953 7.50064941
 7.50064959 7.50064945 7.50064952 7.50064953 7.50064929 7.50064969]
new classifier utility = [4.20200654e-07]
classifier added
classifires probs: [0.43397583 0.2021304  0.03867115 0.02323449 0.01193787 0.00931954
 0.01925448 0.03974024 0.09298746 0.02996285 0.05432599 0.04445969]
____iterstion: 22
init time = 2.0195 s
NFG time = 0.3711 s
plot time = 0.0000 s
BR time = 34.4814 s
Train time = 3.5877 s
Matrix update time = 0.0237 s
positive data: [[1.46446611 8.53553396 8.0952219  8.69927578 8.80922503 8.81032026
  8.57011597 8.90802821 7.68550101 7.59353848 8.95556026 8.87142048
  7.82230789 2.00638758 8.86370977]
 [1.46446611 8.53553395 8.77585414 8.37105789 8.05928153 8.05832976
  8.50022825 7.85744042 8.88034678 8.87230072 7.6047585  7.49322471
  8.85203347 2.77653936 7.39999887]]
positive support: [5.79092892e-10 2.78429808e-09 6.66602735e-10 1.56889286e-08
 5.19427885e-10 8.13583943e-10 1.36222334e-01 7.75114141e-10
 1.63537385e-01 3.41786307e-09 2.57138925e-09 1.75596060e-09
 1.55717352e-01 5.83171324e-10 5.44522909e-01]
classifires probs: [3.66673171e-01 2.13875006e-01 1.22093459e-02 4.17377848e-03
 1.25341911e-02 5.41782760e-03 3.22498842e-10 4.26191961e-02
 1.14231752e-01 1.18329267e-02 7.89363026e-02 1.26713131e-01
 1.07833713e-02]
BR point: [8.57019588 8.50031126]
BR value: 7.419767407305181
BR point: [8.57019588 8.50031126]
BR value: 7.419767407305181
Points utilities = [[6.55238084 7.29877607 6.93529844 7.36932792 7.07960084 7.12749222
  7.4197671  6.93448779 7.4197671  7.34664349 7.19857257 7.08070072
  7.4197671  6.58024776 7.4197671 ]]
new point utility = 7.419767407305181
new point = [8.57019588 8.50031126]
3
classifier utilities = 4.084275437034272
new classifier utility = [2.72285032]
new classifier is better = True
classifier utilities = 4.084275437034272
new classifier utility = [0.]
new classifier is better = True
classifier utilities = [8.16855104 8.16855103 6.80712584 6.80712599 5.44570068 4.08427551
 8.16855084 5.44570065 6.80712582 5.44570069 4.08427544 8.16855103
 4.08427557]
new classifier utility = [3.78017006e-08]
classifier added
classifires probs: [3.66673171e-01 2.13875006e-01 1.22093459e-02 4.17377848e-03
 1.25341911e-02 5.41782760e-03 3.22498842e-10 4.26191961e-02
 1.14231752e-01 1.18329267e-02 7.89363026e-02 1.26713131e-01
 1.07833713e-02]
____iterstion: 23
init time = 2.0195 s
NFG time = 0.3736 s
plot time = 0.0000 s
BR time = 37.9143 s
Train time = 3.8730 s
Matrix update time = 0.0243 s
positive data: [[1.46446611 8.53553396 8.0952219  8.69927578 8.80922503 8.81032026
  8.57011597 8.90802821 7.68550101 7.59353848 8.95556026 8.87142048
  7.82230789 2.00638758 8.86370977]
 [1.46446611 8.53553395 8.77585414 8.37105789 8.05928153 8.05832976
  8.50022825 7.85744042 8.88034678 8.87230072 7.6047585  7.49322471
  8.85203347 2.77653936 7.39999887]]
positive support: [3.11423999e-09 2.95735227e-01 9.49097591e-09 1.15220908e-07
 1.61271496e-08 1.59268529e-08 4.88460879e-07 7.82609422e-09
 1.92066701e-08 3.66006815e-01 1.48246738e-08 1.13924106e-08
 3.38257275e-01 3.69658120e-09 2.50617598e-08]
classifires probs: [ 2.45552232e-01  2.07881971e-01  1.26495687e-02  3.89022566e-03
  2.06479152e-04  9.65880092e-10  1.10531954e-09  6.82575813e-03
  1.27631898e-01  3.99940805e-02  6.32892748e-02  2.31124566e-01
 -8.34136953e-11  6.09539437e-02]
BR point: [7.48676082 8.68061864]
BR value: 7.278100888444298
BR point: [7.48676082 8.68061864]
BR value: 7.278100888444298
Points utilities = [[5.57103237 7.2455285  6.62056603 7.19228669 6.91636402 6.91378643
  7.24334586 6.51701796 6.95588506 7.24552854 6.9255575  6.8121561
  7.24552852 5.79350387 7.04345523]]
new point utility = 7.278100888444298
new point = [7.48676082 8.68061864]
3
classifires probs: [ 2.45552232e-01  2.07881971e-01  1.26495687e-02  3.89022566e-03
  2.06479152e-04  9.65880092e-10  1.10531954e-09  6.82575813e-03
  1.27631898e-01  3.99940805e-02  6.32892748e-02  2.31124566e-01
 -8.34136953e-11  6.09539437e-02]
Objective = 7.245528553526831
Number of iterations = 24
Support of attacker = 3
Support of classifier = 11
Size of game = (15, 14)
init time = 2.0195 s
NFG time = 0.3768 s
plot time = 0.0000 s
BR time = 38.9432 s
Train time = 3.8736 s
Matrix update time = 0.0250 s
NEW RUN________________________________________
positive data: [[1.46446611 1.46446611]]
positive utility: 10.0
____iterstion: 0
init time = 1.7436 s
NFG time = 0
plot time = 0
BR time = 0
Train time = 0
Matrix update time = 0
positive data: [[1.46446611]
 [1.46446611]]
positive support: [1.]
classifires probs: [1.]
BR point: [1.46446611 1.46446611]
BR value: 9.999999998021368
BR point: [1.46446611 1.46446611]
BR value: 9.999999998021368
Points utilities = [[10.]]
new point utility = 9.999999998021368
new point = [1.46446611 1.46446611]
3
classifier utilities = 10.000000006757414
new classifier utility = [0.]
new classifier is better = True
classifier utilities = 10.000000006757414
new classifier utility = [0.]
new classifier is better = True
classifier utilities = [10.00000001]
new classifier utility = [0.]
classifier added
classifires probs: [1.]
____iterstion: 1
init time = 1.7436 s
NFG time = 0.3312 s
plot time = 0.0000 s
BR time = 0.8570 s
Train time = 0.3108 s
Matrix update time = 0.0006 s
positive data: [[1.46446611]
 [1.46446611]]
positive support: [1.]
classifires probs: [-2.63694171e-11  1.00000000e+00]
BR point: [8.53553396 8.53553395]
BR value: 10.000000000232049
BR point: [8.53553396 8.53553395]
BR value: 10.000000000232049
Points utilities = [[-2.63694171e-10]]
new point utility = 10.000000000232049
new point = [8.53553396 8.53553395]
point added
3
classifires probs: [-2.63694171e-11  1.00000000e+00]
____iterstion: 2
init time = 1.7436 s
NFG time = 0.3331 s
plot time = 0.0000 s
BR time = 1.6694 s
Train time = 0.3114 s
Matrix update time = 0.0019 s
positive data: [[1.46446611 8.53553396]
 [1.46446611 8.53553395]]
positive support: [1.43641857e-10 1.00000000e+00]
classifires probs: [0.88406325 0.11593675]
BR point: [8.53553398 8.53553398]
BR value: 9.99999999651658
BR point: [8.53553398 8.53553398]
BR value: 9.99999999651658
Points utilities = [[ 8.84063247 10.        ]]
new point utility = 9.99999999651658
new point = [8.53553398 8.53553398]
3
classifier utilities = 10.000000022520684
new classifier utility = [0.]
new classifier is better = True
classifier utilities = 10.000000022520684
new classifier utility = [0.]
new classifier is better = True
classifier utilities = [10.00000002 10.00000002]
new classifier utility = [1.43641857e-09]
classifier added
classifires probs: [0.88406325 0.11593675]
____iterstion: 3
init time = 1.7436 s
NFG time = 0.3346 s
plot time = 0.0000 s
BR time = 1.7173 s
Train time = 0.6026 s
Matrix update time = 0.0024 s
positive data: [[1.46446611 8.53553396]
 [1.46446611 8.53553395]]
positive support: [0.5 0.5]
classifires probs: [-1.31875722e-10  5.00000000e-01  5.00000000e-01]
BR point: [8.13610383 8.83077256]
BR value: 9.428373335509475
BR point: [8.13610383 8.83077256]
BR value: 9.428373335509475
Points utilities = [[5. 5.]]
new point utility = 9.428373335509475
new point = [8.13610383 8.83077256]
point added
3
classifier utilities = 4.9999999937854405
new classifier utility = [5.00000002]
new classifier is better = False
classifier utilities = 4.9999999937854405
new classifier utility = [0.]
new classifier is better = True
classifier utilities = [10.00000001  5.00000002  4.99999999]
new classifier utility = [0.]
classifier added
classifires probs: [-1.31875722e-10  5.00000000e-01  5.00000000e-01]
____iterstion: 4
init time = 1.7436 s
NFG time = 0.3658 s
plot time = 0.0000 s
BR time = 3.0343 s
Train time = 0.8699 s
Matrix update time = 0.0036 s
positive data: [[1.46446611 8.53553396 8.13610383]
 [1.46446611 8.53553395 8.83077256]]
positive support: [9.65197016e-10 1.37041513e-09 1.00000001e+00]
classifires probs: [0.73602425 0.12433031 0.11543855 0.02420688]
BR point: [8.13620001 8.83074086]
BR value: 9.428581060092451
BR point: [8.13620001 8.83074086]
BR value: 9.428581060092451
Points utilities = [[8.51462803 8.60354566 9.42837333]]
new point utility = 9.428581060092451
new point = [8.13620001 8.83074086]
3
classifier utilities = 9.428373434600555
new classifier utility = [0.]
new classifier is better = True
classifier utilities = 9.428373434600555
new classifier utility = [0.]
new classifier is better = True
classifier utilities = [9.42837346 9.42837345 9.42837344 9.42837343]
new classifier utility = [9.65197016e-09]
classifier added
classifires probs: [0.73602425 0.12433031 0.11543855 0.02420688]
____iterstion: 5
init time = 1.7436 s
NFG time = 0.3675 s
plot time = 0.0000 s
BR time = 4.3255 s
Train time = 1.1516 s
Matrix update time = 0.0042 s
positive data: [[1.46446611 8.53553396 8.13610383]
 [1.46446611 8.53553395 8.83077256]]
positive support: [5.52446940e-09 4.85288868e-01 5.14711133e-01]
classifires probs: [0.21722596 0.48644289 0.03287418 0.00978809 0.25366887]
BR point: [8.55511061 8.51538047]
BR value: 9.571563909306628
BR point: [8.55511061 8.51538047]
BR value: 9.571563909306628
Points utilities = [[5.03769013 7.03668851 7.03668849]]
new point utility = 9.571563909306628
new point = [8.55511061 8.51538047]
point added
3
classifires probs: [0.21722596 0.48644289 0.03287418 0.00978809 0.25366887]
____iterstion: 6
init time = 1.7436 s
NFG time = 0.3696 s
plot time = 0.0000 s
BR time = 6.7297 s
Train time = 1.1547 s
Matrix update time = 0.0069 s
positive data: [[1.46446611 8.53553396 8.13610383 8.55511061]
 [1.46446611 8.53553395 8.83077256 8.51538047]]
positive support: [5.01928253e-08 1.40788947e-07 6.79574972e-01 3.20424936e-01]
classifires probs: [0.37962425 0.23789624 0.03745311 0.17750566 0.16752074]
BR point: [8.68149574 8.37600207]
BR value: 9.517909975947445
BR point: [8.68149574 8.37600207]
BR value: 9.517909975947445
Points utilities = [[5.84598094 6.17520492 7.84892526 7.8489253 ]]
new point utility = 9.517909975947445
new point = [8.68149574 8.37600207]
point added
3
classifier utilities = 3.2036429334790624
new classifier utility = [0.]
new classifier is better = True
classifier utilities = 3.2036429334790624
new classifier utility = [0.]
new classifier is better = True
classifier utilities = [9.61093089 9.61093039 6.40728705 6.40728655 3.20364293]
new classifier utility = [5.01928253e-07]
classifier added
classifires probs: [0.37962425 0.23789624 0.03745311 0.17750566 0.16752074]
____iterstion: 7
init time = 1.7436 s
NFG time = 0.3717 s
plot time = 0.0000 s
BR time = 8.0517 s
Train time = 1.5089 s
Matrix update time = 0.0095 s
positive data: [[1.46446611 8.53553396 8.13610383 8.55511061 8.68149574]
 [1.46446611 8.53553395 8.83077256 8.51538047 8.37600207]]
positive support: [3.47860311e-09 5.96356086e-09 6.79574975e-01 3.20424922e-01
 1.01850145e-07]
classifires probs: [0.35249309 0.3279625  0.14425826 0.00776549 0.10458571 0.06293495]
BR point: [8.80452912 8.06720517]
BR value: 9.351807088507325
BR point: [8.80452912 8.06720517]
BR value: 9.351807088507325
Points utilities = [[6.64272014 6.80455589 7.84892601 7.84892599 7.83947638]]
new point utility = 9.351807088507325
new point = [8.80452912 8.06720517]
point added
3
classifires probs: [0.35249309 0.3279625  0.14425826 0.00776549 0.10458571 0.06293495]
____iterstion: 8
init time = 1.7436 s
NFG time = 0.3740 s
plot time = 0.0000 s
BR time = 10.1822 s
Train time = 1.5095 s
Matrix update time = 0.0106 s
positive data: [[1.46446611 8.53553396 8.13610383 8.55511061 8.68149574 8.80452912]
 [1.46446611 8.53553395 8.83077256 8.51538047 8.37600207 8.06720517]]
positive support: [3.02416744e-11 1.18386359e-11 3.59709570e-11 1.78750557e-11
 9.23640165e-11 1.00000000e+00]
classifires probs: [0.7229354  0.10978792 0.06265353 0.0283581  0.04191201 0.03435304]
BR point: [8.81168907 8.07358129]
BR value: 9.35205823883705
BR point: [8.81168907 8.07358129]
BR value: 9.35205823883705
Points utilities = [[8.61853986 8.32723316 8.70931793 8.74469661 8.92903007 9.35180709]]
new point utility = 9.35205823883705
new point = [8.81168907 8.07358129]
3
classifier utilities = 9.351807090892086
new classifier utility = [0.]
new classifier is better = True
classifier utilities = 9.351807090892086
new classifier utility = [0.]
new classifier is better = True
classifier utilities = [9.35180709 9.35180709 9.35180709 9.35180709 9.35180709 9.35180709]
new classifier utility = [9.38667414e-10]
classifier added
classifires probs: [0.7229354  0.10978792 0.06265353 0.0283581  0.04191201 0.03435304]
____iterstion: 9
init time = 1.7436 s
NFG time = 0.3769 s
plot time = 0.0000 s
BR time = 11.3826 s
Train time = 1.7987 s
Matrix update time = 0.0112 s
positive data: [[1.46446611 8.53553396 8.13610383 8.55511061 8.68149574 8.80452912]
 [1.46446611 8.53553395 8.83077256 8.51538047 8.37600207 8.06720517]]
positive support: [6.29386733e-10 4.83875849e-10 5.06174920e-01 2.38665512e-01
 5.93837635e-10 2.55159568e-01]
classifires probs: [0.27485776 0.3271267  0.11336644 0.03810135 0.10171207 0.0251362
 0.11969949]
BR point: [8.13821223 8.83289584]
BR value: 8.23237342344816
BR point: [8.13821223 8.83289584]
BR value: 8.23237342344816
Points utilities = [[6.34771954 7.21683951 8.23240054 8.23240054 7.33508722 8.23240054]]
new point utility = 8.23237342344816
new point = [8.13821223 8.83289584]
3
classifier utilities = 2.3862030640590417
new classifier utility = [0.]
new classifier is better = True
classifier utilities = 2.3862030640590417
new classifier utility = [0.]
new classifier is better = True
classifier utilities = [9.54481224 9.54481224 7.15860918 7.15860918 4.77240612 2.38620306
 7.15860918]
new classifier utility = [6.29386733e-09]
classifier added
classifires probs: [0.27485776 0.3271267  0.11336644 0.03810135 0.10171207 0.0251362
 0.11969949]
____iterstion: 10
init time = 1.7436 s
NFG time = 0.3798 s
plot time = 0.0000 s
BR time = 13.1336 s
Train time = 2.0926 s
Matrix update time = 0.0118 s
positive data: [[1.46446611 8.53553396 8.13610383 8.55511061 8.68149574 8.80452912]
 [1.46446611 8.53553395 8.83077256 8.51538047 8.37600207 8.06720517]]
positive support: [1.95833968e-10 4.85288681e-01 5.14711125e-01 1.79066819e-07
 9.13836802e-09 6.33281485e-09]
classifires probs: [2.00027458e-01 5.03641403e-01 3.95401721e-02 3.12210588e-03
 7.01091617e-05 5.78367795e-11 5.69469293e-11 2.53598752e-01]
BR point: [8.90310468 7.86625785]
BR value: 8.74330754304532
BR point: [8.90310468 7.86625785]
BR value: 8.74330754304532
Points utilities = [[4.93236491 7.03668861 7.03668861 7.03605671 6.9896232  6.98020048]]
new point utility = 8.74330754304532
new point = [8.90310468 7.86625785]
point added
3
classifires probs: [2.00027458e-01 5.03641403e-01 3.95401721e-02 3.12210588e-03
 7.01091617e-05 5.78367795e-11 5.69469293e-11 2.53598752e-01]
____iterstion: 11
init time = 1.7436 s
NFG time = 0.3837 s
plot time = 0.0000 s
BR time = 15.1503 s
Train time = 2.0932 s
Matrix update time = 0.0131 s
positive data: [[1.46446611 8.53553396 8.13610383 8.55511061 8.68149574 8.80452912
  8.90310468]
 [1.46446611 8.53553395 8.83077256 8.51538047 8.37600207 8.06720517
  7.86625785]]
positive support: [3.77794101e-10 3.12074018e-01 3.30995352e-01 7.50303250e-07
 8.98851757e-10 7.88897939e-10 3.56929880e-01]
classifires probs: [4.10769313e-01 2.28292081e-01 2.72824827e-02 1.90729305e-02
 1.19917933e-04 2.22529360e-10 1.25521795e-01 1.88941480e-01]
BR point: [7.73396153 8.92179025]
BR value: 8.36095460172797
BR point: [7.73396153 8.92179025]
BR value: 8.36095460172797
Points utilities = [[7.52634988 7.64583189 7.64583189 7.6455826  6.5089864  6.41100721
  7.64583189]]
new point utility = 8.36095460172797
new point = [7.73396153 8.92179025]
point added
3
classifier utilities = 3.120747711829433
new classifier utility = [0.]
new classifier is better = True
classifier utilities = 3.120747711829433
new classifier utility = [0.]
new classifier is better = True
classifier utilities = [9.36224316 9.36224316 6.24149547 6.24149548 3.12075523 3.12074772
 6.24149544 3.12074771]
new classifier utility = [3.77794101e-09]
classifier added
classifires probs: [4.10769313e-01 2.28292081e-01 2.72824827e-02 1.90729305e-02
 1.19917933e-04 2.22529360e-10 1.25521795e-01 1.88941480e-01]
____iterstion: 12
init time = 1.7436 s
NFG time = 0.3873 s
plot time = 0.0000 s
BR time = 16.6621 s
Train time = 2.4048 s
Matrix update time = 0.0147 s
positive data: [[1.46446611 8.53553396 8.13610383 8.55511061 8.68149574 8.80452912
  8.90310468 7.73396153]
 [1.46446611 8.53553395 8.83077256 8.51538047 8.37600207 8.06720517
  7.86625785 8.92179025]]
positive support: [1.79065214e-09 1.86067140e-09 1.46921742e-09 2.94869424e-01
 6.69667022e-09 1.61009676e-08 3.00963657e-09 7.05130550e-01]
classifires probs: [3.11998965e-01 2.89879945e-01 1.35578996e-02 3.62360651e-03
 1.20551211e-01 1.56638539e-02 1.02119776e-09 3.90570528e-10
 2.44724517e-01]
BR point: [7.63677295 8.91873364]
BR value: 8.096761852576146
BR point: [7.63677295 8.91873364]
BR value: 8.096761852576146
Points utilities = [[7.06496448 6.01878911 5.83673273 7.22293283 7.17940506 7.0631906
  6.60360581 7.22293284]]
new point utility = 8.096761852576146
new point = [7.63677295 8.91873364]
point added
3
classifires probs: [3.11998965e-01 2.89879945e-01 1.35578996e-02 3.62360651e-03
 1.20551211e-01 1.56638539e-02 1.02119776e-09 3.90570528e-10
 2.44724517e-01]
____iterstion: 13
init time = 1.7436 s
NFG time = 0.3906 s
plot time = 0.0000 s
BR time = 19.1706 s
Train time = 2.4054 s
Matrix update time = 0.0161 s
positive data: [[1.46446611 8.53553396 8.13610383 8.55511061 8.68149574 8.80452912
  8.90310468 7.73396153 7.63677295]
 [1.46446611 8.53553395 8.83077256 8.51538047 8.37600207 8.06720517
  7.86625785 8.92179025 8.91873364]]
positive support: [5.34026778e-09 1.50795759e-09 5.97911972e-09 9.47556815e-09
 4.82222542e-09 8.37054946e-09 2.77540945e-09 8.82686304e-09
 1.00000000e+00]
classifires probs: [0.51720288 0.17482703 0.0347573  0.04776883 0.03783814 0.02777514
 0.05860188 0.04752308 0.05370571]
BR point: [7.59550344 8.86997328]
BR value: 8.091079434246646
BR point: [7.59550344 8.86997328]
BR value: 8.091079434246646
Points utilities = [[7.77404135 7.50631787 7.8553239  7.88320583 7.6894725  7.85710148
  7.76136777 7.81330185 8.09676184]]
new point utility = 8.091079434246646
new point = [7.59550344 8.86997328]
3
classifier utilities = 8.09676201410769
new classifier utility = [0.]
new classifier is better = True
classifier utilities = 8.09676201410769
new classifier utility = [0.]
new classifier is better = True
classifier utilities = [8.09676233 8.09676228 8.09676217 8.09676217 8.09676219 8.09676204
 8.09676218 8.09676204 8.09676201]
new classifier utility = [3.13449408e-07]
classifier added
classifires probs: [0.51720288 0.17482703 0.0347573  0.04776883 0.03783814 0.02777514
 0.05860188 0.04752308 0.05370571]
____iterstion: 14
init time = 1.7436 s
NFG time = 0.3925 s
plot time = 0.0000 s
BR time = 20.9945 s
Train time = 2.6979 s
Matrix update time = 0.0167 s
positive data: [[1.46446611 8.53553396 8.13610383 8.55511061 8.68149574 8.80452912
  8.90310468 7.73396153 7.63677295]
 [1.46446611 8.53553395 8.83077256 8.51538047 8.37600207 8.06720517
  7.86625785 8.92179025 8.91873364]]
positive support: [2.69499711e-09 2.65369160e-08 8.17023452e-10 2.94869384e-01
 4.79972514e-08 8.77842400e-09 1.91773844e-09 7.05130507e-01
 2.77298360e-10]
classifires probs: [1.41856370e-01 4.46901673e-01 2.28646957e-02 7.52202313e-03
 2.82844902e-03 2.54298690e-03 7.02117045e-11 2.91467733e-10
 2.44640172e-01 1.30843629e-01]
BR point: [8.94928135 7.61203796]
BR value: 7.946421825973496
BR point: [8.94928135 7.61203796]
BR value: 7.946421825973496
Points utilities = [[5.45576304 7.19601673 5.83752797 7.22293283 7.21795361 7.06397939
  6.60434328 7.22293283 7.03735215]]
new point utility = 7.946421825973496
new point = [8.94928135 7.61203796]
point added
3
classifires probs: [1.41856370e-01 4.46901673e-01 2.28646957e-02 7.52202313e-03
 2.82844902e-03 2.54298690e-03 7.02117045e-11 2.91467733e-10
 2.44640172e-01 1.30843629e-01]
____iterstion: 15
init time = 1.7436 s
NFG time = 0.3955 s
plot time = 0.0000 s
BR time = 23.3995 s
Train time = 2.6985 s
Matrix update time = 0.0181 s
positive data: [[1.46446611 8.53553396 8.13610383 8.55511061 8.68149574 8.80452912
  8.90310468 7.73396153 7.63677295 8.94928135]
 [1.46446611 8.53553395 8.83077256 8.51538047 8.37600207 8.06720517
  7.86625785 8.92179025 8.91873364 7.61203796]]
positive support: [1.91261953e-09 9.11163735e-09 3.64752663e-09 2.15075901e-01
 9.86300209e-09 8.50330310e-09 3.56063308e-09 5.14317774e-01
 3.04399755e-08 2.70606271e-01]
classifires probs: [2.54081596e-01 3.16616674e-01 3.22047665e-02 1.63355068e-02
 1.31433063e-02 7.89647933e-03 6.64082972e-02 6.63147380e-10
 2.01551351e-01 9.17620221e-02]
BR point: [8.97185031 7.59096289]
BR value: 7.822288299054108
BR point: [8.97185031 7.59096289]
BR value: 7.822288299054108
Points utilities = [[6.67047819 7.2886859  6.46453439 7.41871348 6.84207094 6.84590015
  6.40045393 7.41871348 7.35378661 7.41871348]]
new point utility = 7.822288299054108
new point = [8.97185031 7.59096289]
point added
3
classifier utilities = 2.15035195657584
new classifier utility = [2.15035158]
new classifier is better = False
classifier utilities = 2.15035195657584
new classifier utility = [2.15035158]
new classifier is better = False
classifier utilities = 2.15035195657584
new classifier utility = [0.]
new classifier is better = True
classifier utilities = [8.6014071  8.60140708 6.45105529 6.45105536 4.30070368 2.15035196
 6.45105531 6.45105517 6.45105524 4.30070352]
new classifier utility = [1.91261953e-08]
classifier added
classifires probs: [2.54081596e-01 3.16616674e-01 3.22047665e-02 1.63355068e-02
 1.31433063e-02 7.89647933e-03 6.64082972e-02 6.63147380e-10
 2.01551351e-01 9.17620221e-02]
____iterstion: 16
init time = 1.7436 s
NFG time = 0.3993 s
plot time = 0.0000 s
BR time = 25.1120 s
Train time = 3.1465 s
Matrix update time = 0.0198 s
positive data: [[1.46446611 8.53553396 8.13610383 8.55511061 8.68149574 8.80452912
  8.90310468 7.73396153 7.63677295 8.94928135 8.97185031]
 [1.46446611 8.53553395 8.83077256 8.51538047 8.37600207 8.06720517
  7.86625785 8.92179025 8.91873364 7.61203796 7.59096289]]
positive support: [4.30276508e-10 2.03546135e-09 2.09657344e-09 2.94869428e-01
 5.43909892e-09 3.72645695e-09 9.60202327e-10 7.05130545e-01
 4.62865063e-09 3.27162973e-09 2.18989962e-09]
classifires probs: [3.47065788e-01 3.57942353e-01 2.44734074e-02 4.50027281e-03
 1.19623593e-02 4.47245840e-03 2.52532760e-10 1.06539467e-10
 1.29803116e-01 5.45962162e-03 1.14320623e-01]
BR point: [8.95724637 7.50269731]
BR value: 7.58960798051158
BR point: [8.95724637 7.50269731]
BR value: 7.58960798051158
Points utilities = [[6.37557374 7.10467763 6.92025463 7.22293283 7.18807377 7.06880897
  6.60885861 7.22293283 7.12692974 7.03798193 6.92803943]]
new point utility = 7.58960798051158
new point = [8.95724637 7.50269731]
point added
3
classifires probs: [3.47065788e-01 3.57942353e-01 2.44734074e-02 4.50027281e-03
 1.19623593e-02 4.47245840e-03 2.52532760e-10 1.06539467e-10
 1.29803116e-01 5.45962162e-03 1.14320623e-01]
____iterstion: 17
init time = 1.7436 s
NFG time = 0.4026 s
plot time = 0.0000 s
BR time = 27.6931 s
Train time = 3.1471 s
Matrix update time = 0.0213 s
positive data: [[1.46446611 8.53553396 8.13610383 8.55511061 8.68149574 8.80452912
  8.90310468 7.73396153 7.63677295 8.94928135 8.97185031 8.95724637]
 [1.46446611 8.53553395 8.83077256 8.51538047 8.37600207 8.06720517
  7.86625785 8.92179025 8.91873364 7.61203796 7.59096289 7.50269731]]
positive support: [1.04096123e-09 7.30857228e-10 2.40082282e-10 1.87366971e-09
 1.20008214e-09 2.32928522e-09 9.96893507e-11 2.96377765e-09
 1.97968183e-09 9.48183438e-10 1.52895119e-09 9.99999998e-01]
classifires probs: [0.4332844  0.22503241 0.04096044 0.03858357 0.01467051 0.0116597
 0.03708441 0.03205225 0.08577207 0.03467061 0.04622963]
BR point: [8.38383838 8.68686869]
BR value: 7.601836349772308
BR point: [8.38383838 8.68686869]
BR value: 7.601836349772308
Points utilities = [[7.36384021 7.30071837 7.30647296 7.44601286 7.37902695 7.47079993
  7.26493569 7.46530094 7.44173189 7.28437332 7.46066684 7.58960798]]
new point utility = 7.601836349772308
new point = [8.38383838 8.68686869]
3
classifier utilities = 7.589607976107238
new classifier utility = [0.]
new classifier is better = True
classifier utilities = 7.589607976107238
new classifier utility = [0.]
new classifier is better = True
classifier utilities = [7.5896081  7.58960809 7.58960806 7.58960806 7.58960806 7.58960803
 7.58960806 7.58960804 7.58960804 7.58960806 7.58960798]
new classifier utility = [1.13176658e-07]
classifier added
classifires probs: [0.4332844  0.22503241 0.04096044 0.03858357 0.01467051 0.0116597
 0.03708441 0.03205225 0.08577207 0.03467061 0.04622963]
____iterstion: 18
init time = 1.7436 s
NFG time = 0.4050 s
plot time = 0.0000 s
BR time = 29.2486 s
Train time = 3.4408 s
Matrix update time = 0.0219 s
positive data: [[1.46446611 8.53553396 8.13610383 8.55511061 8.68149574 8.80452912
  8.90310468 7.73396153 7.63677295 8.94928135 8.97185031 8.95724637]
 [1.46446611 8.53553395 8.83077256 8.51538047 8.37600207 8.06720517
  7.86625785 8.92179025 8.91873364 7.61203796 7.59096289 7.50269731]]
positive support: [2.43470118e-09 1.00405920e-08 4.04408473e-09 1.65947139e-01
 1.60564535e-08 9.37012012e-09 1.96402019e-09 3.96834643e-01
 1.66734437e-08 4.17651679e-09 3.30663414e-09 4.37218169e-01]
classifires probs: [3.66721648e-01 3.09730526e-01 1.34649576e-02 6.23620735e-03
 1.23303687e-02 6.11035054e-03 1.15973331e-09 7.49941740e-10
 1.59614219e-01 2.24927509e-02 7.61094056e-02 2.71895638e-02]
BR point: [7.83017357 8.8445338 ]
BR value: 7.749590443831545
BR point: [7.83017357 8.8445338 ]
BR value: 7.749590443831545
Points utilities = [[6.84033266 7.2613449  6.81994695 7.38324983 7.3637947  7.14736521
  6.44457667 7.38324985 7.29840367 7.12556463 7.01425398 7.38324985]]
new point utility = 7.749590443831545
new point = [7.83017357 8.8445338 ]
point added
3
classifier utilities = 3.3183145309934465
new classifier utility = [6.63662887]
new classifier is better = False
classifier utilities = 3.3183145309934465
new classifier utility = [0.]
new classifier is better = True
classifier utilities = [8.29578655 8.29578653 6.63662923 6.63662936 4.97747205 3.31831483
 8.29578625 6.6366291  6.63662916 4.97747202 3.31831453 4.97747197]
new classifier utility = [2.43470118e-08]
classifier added
classifires probs: [3.66721648e-01 3.09730526e-01 1.34649576e-02 6.23620735e-03
 1.23303687e-02 6.11035054e-03 1.15973331e-09 7.49941740e-10
 1.59614219e-01 2.24927509e-02 7.61094056e-02 2.71895638e-02]
____iterstion: 19
init time = 1.7436 s
NFG time = 0.4078 s
plot time = 0.0000 s
BR time = 31.6026 s
Train time = 3.7465 s
Matrix update time = 0.0237 s
positive data: [[1.46446611 8.53553396 8.13610383 8.55511061 8.68149574 8.80452912
  8.90310468 7.73396153 7.63677295 8.94928135 8.97185031 8.95724637
  7.83017357]
 [1.46446611 8.53553395 8.83077256 8.51538047 8.37600207 8.06720517
  7.86625785 8.92179025 8.91873364 7.61203796 7.59096289 7.50269731
  8.8445338 ]]
positive support: [9.95905022e-10 6.28213824e-09 2.49311026e-09 2.99867143e-01
 4.22109115e-08 7.17620495e-09 2.29703063e-09 3.58540910e-01
 4.10029591e-09 6.07735600e-09 4.24428633e-09 3.99920110e-09
 3.41591877e-01]
classifires probs: [3.26154569e-01 3.79110053e-01 1.70801380e-02 4.19083475e-03
 1.29812623e-02 6.17587098e-03 4.97132011e-11 4.15251421e-02
 1.10364521e-01 1.64287302e-02 1.73013733e-02 2.24977419e-12
 6.86875049e-02]
BR point: [7.49987029 8.86592518]
BR value: 7.548444691506141
BR point: [7.49987029 8.86592518]
BR value: 7.548444691506141
Points utilities = [[6.16699112 7.21693353 6.85004883 7.34535457 7.30609064 7.12721286
  7.02652939 7.34535457 7.26751087 7.26311793 7.1496585  7.06829674
  7.34535457]]
new point utility = 7.548444691506141
new point = [7.49987029 8.86592518]
point added
3
classifires probs: [3.26154569e-01 3.79110053e-01 1.70801380e-02 4.19083475e-03
 1.29812623e-02 6.17587098e-03 4.97132011e-11 4.15251421e-02
 1.10364521e-01 1.64287302e-02 1.73013733e-02 2.24977419e-12
 6.86875049e-02]
____iterstion: 20
init time = 1.7436 s
NFG time = 0.4120 s
plot time = 0.0000 s
BR time = 33.9258 s
Train time = 3.7473 s
Matrix update time = 0.0266 s
positive data: [[1.46446611 8.53553396 8.13610383 8.55511061 8.68149574 8.80452912
  8.90310468 7.73396153 7.63677295 8.94928135 8.97185031 8.95724637
  7.83017357 7.49987029]
 [1.46446611 8.53553395 8.83077256 8.51538047 8.37600207 8.06720517
  7.86625785 8.92179025 8.91873364 7.61203796 7.59096289 7.50269731
  8.8445338  8.86592518]]
positive support: [1.56200605e-08 1.30933568e-07 3.09739629e-08 2.99866335e-01
 6.73762729e-07 4.34184048e-08 3.61548818e-08 3.58540660e-01
 1.11496570e-07 1.04849749e-07 5.09192156e-08 6.05521956e-08
 3.41591823e-01 6.64789628e-08]
classifires probs: [ 3.46063784e-01  3.65187958e-01  1.27477507e-02  3.77342626e-03
  8.96573393e-03  3.57819559e-03 -8.47937270e-10  4.15251394e-02
  1.09127150e-01  1.44570997e-02  5.29551774e-02  7.26110311e-09
  4.16185783e-02]
BR point: [2.81176894 1.81688194]
BR value: 7.521655903663947
BR point: [2.81176894 1.81688194]
BR value: 7.521655903663947
Points utilities = [[6.31038615 7.25708847 6.86171484 7.34535423 7.30196288 7.05850042
  6.96228781 7.3453542  7.21396497 7.19489881 7.08250505 7.27373922
  7.3453542  7.28532148]]
new point utility = 7.521655903663947
new point = [2.81176894 1.81688194]
point added
3
classifires probs: [ 3.46063784e-01  3.65187958e-01  1.27477507e-02  3.77342626e-03
  8.96573393e-03  3.57819559e-03 -8.47937270e-10  4.15251394e-02
  1.09127150e-01  1.44570997e-02  5.29551774e-02  7.26110311e-09
  4.16185783e-02]
____iterstion: 21
init time = 1.7436 s
NFG time = 0.4146 s
plot time = 0.0000 s
BR time = 35.8236 s
Train time = 3.7479 s
Matrix update time = 0.0283 s
positive data: [[1.46446611 8.53553396 8.13610383 8.55511061 8.68149574 8.80452912
  8.90310468 7.73396153 7.63677295 8.94928135 8.97185031 8.95724637
  7.83017357 7.49987029 2.81176894]
 [1.46446611 8.53553395 8.83077256 8.51538047 8.37600207 8.06720517
  7.86625785 8.92179025 8.91873364 7.61203796 7.59096289 7.50269731
  8.8445338  8.86592518 1.81688194]]
positive support: [1.52099957e-08 1.15305717e-08 3.85105965e-09 7.04409492e-08
 3.40893184e-08 3.57759645e-08 7.34997055e-09 1.21882300e-07
 1.92857905e-08 2.10778703e-08 3.15295302e-09 5.34796622e-09
 8.81434090e-08 7.64357436e-09 9.99999788e-01]
classifires probs: [0.44379426 0.24878332 0.0362755  0.01663142 0.01136728 0.00956343
 0.01254049 0.03889097 0.09563296 0.02619119 0.02981503 0.00310957
 0.02740459]
BR point: [2.81240812 1.81728594]
BR value: 7.51969809480377
BR point: [2.81240812 1.81728594]
BR value: 7.51969809480377
Points utilities = [[7.34585258 7.34418816 7.17626064 7.45644829 7.41497594 7.44138213
  7.27003716 7.48945801 7.42140438 7.36736866 7.35037601 7.35801747
  7.51972787 7.37442495 7.52165588]]
new point utility = 7.51969809480377
new point = [2.81240812 1.81728594]
3
classifier utilities = 7.52165450947937
new classifier utility = [1.01917459e-06]
new classifier is better = True
classifier utilities = 7.52165450947937
new classifier utility = [1.01917459e-06]
new classifier is better = True
classifier utilities = [7.5216583  7.52165815 7.52165715 7.52165733 7.52165636 7.52165532
 7.5216574  7.521656   7.52165671 7.52165626 7.52165451 7.52165801
 7.52165453]
new classifier utility = [3.83321432e-06]
classifier added
classifires probs: [0.44379426 0.24878332 0.0362755  0.01663142 0.01136728 0.00956343
 0.01254049 0.03889097 0.09563296 0.02619119 0.02981503 0.00310957
 0.02740459]
____iterstion: 22
init time = 1.7436 s
NFG time = 0.4166 s
plot time = 0.0000 s
BR time = 37.5824 s
Train time = 4.0386 s
Matrix update time = 0.0290 s
positive data: [[1.46446611 8.53553396 8.13610383 8.55511061 8.68149574 8.80452912
  8.90310468 7.73396153 7.63677295 8.94928135 8.97185031 8.95724637
  7.83017357 7.49987029 2.81176894]
 [1.46446611 8.53553395 8.83077256 8.51538047 8.37600207 8.06720517
  7.86625785 8.92179025 8.91873364 7.61203796 7.59096289 7.50269731
  8.8445338  8.86592518 1.81688194]]
positive support: [1.08275729e-08 1.30665135e-07 2.96830577e-08 2.99866535e-01
 4.65634584e-07 3.47789578e-08 3.33542456e-08 3.58540664e-01
 7.78614609e-08 8.10897077e-08 4.02797552e-08 1.41569538e-07
 3.41591784e-01 1.08614825e-07 1.51315395e-10]
classifires probs: [ 3.41188865e-01  3.23087091e-02  1.43083240e-02  4.02908823e-03
  7.55878515e-03  3.87130876e-03 -1.09401667e-09  4.15251429e-02
  1.03837348e-01  1.23904776e-02  5.62167004e-02  6.31797723e-09
  4.15375061e-02  3.41227739e-01]
BR point: [8.55511086 8.51565994]
BR value: 7.3453737492142155
BR point: [8.55511086 8.51565994]
BR value: 7.3453737492142155
Points utilities = [[6.22434463 7.27115796 6.9115891  7.34535423 7.30449093 7.07822664
  6.98073053 7.34535425 7.20494657 7.16962562 7.05762666 7.27435454
  7.34535424 7.27598699 4.95505827]]
new point utility = 7.3453737492142155
new point = [8.55511086 8.51565994]
3
classifires probs: [ 3.41188865e-01  3.23087091e-02  1.43083240e-02  4.02908823e-03
  7.55878515e-03  3.87130876e-03 -1.09401667e-09  4.15251429e-02
  1.03837348e-01  1.23904776e-02  5.62167004e-02  6.31797723e-09
  4.15375061e-02  3.41227739e-01]
Objective = 7.345354289828585
Number of iterations = 23
Support of attacker = 3
Support of classifier = 12
Size of game = (15, 14)
init time = 1.7436 s
NFG time = 0.4203 s
plot time = 0.0000 s
BR time = 40.9658 s
Train time = 4.0396 s
Matrix update time = 0.0304 s
