NEW RUN________________________________________
____iterstion: 0
Points utilities = [[10.]]
new point utility = 9.999999998021366
new point = [10.]
3
classifier utilities = [10.00000001]
new classifier utility = [0.]
classifier added
____iterstion: 1
Points utilities = [[-2.63694171e-10]]
new point utility = 7.928307911844451
new point = [7.92830791]
point added
3
classifier utilities = [10.  0.]
new classifier utility = [0.]
____iterstion: 2
Points utilities = [[7.2751707  7.92830791]]
new point utility = 7.928446159348756
new point = [7.92844616]
3
classifier utilities = [7.92830792 7.92830792]
new classifier utility = [0.]
classifier added
____iterstion: 3
Points utilities = [[-1.17259325e-09 -2.05964562e-09]]
new point utility = 6.286638347424236
new point = [6.28663835]
point added
3
classifier utilities = [8.94256025 4.04679254 0.        ]
new classifier utility = [0.]
____iterstion: 4
Points utilities = [[5.74575489 5.88060849 6.28663835]]
new point utility = 6.27793200255503
new point = [6.277932]
3
classifier utilities = [6.28663836 6.28663836 6.28663835]
new classifier utility = [0.]
classifier added
____iterstion: 5
Points utilities = [[-1.25692538e-09 -2.07468679e-09 -2.74211830e-09]]
new point utility = 4.989788976324946
new point = [4.98978898]
point added
3
classifier utilities = [7.92776096 4.35137953 2.83937177 0.        ]
new classifier utility = [0.]
____iterstion: 6
Points utilities = [[4.53046671 4.63355489 4.66555125 4.98978897]]
new point utility = 4.989790275407796
new point = [4.98979028]
3
classifier utilities = [4.989789   4.989789   4.98978899 4.98978898]
new classifier utility = [0.]
classifier added
____iterstion: 7
Points utilities = [[-1.44892520e-09 -2.20534068e-09 -3.11721698e-09 -2.96101635e-09]]
new point utility = 3.972913053237093
new point = [3.97291305]
point added
3
classifier utilities = [7.005826   4.26186855 3.09714074 2.08124364 0.        ]
new classifier utility = [0.]
____iterstion: 8
Points utilities = [[3.56829453 3.66537178 3.6769594  3.70280026 3.97291305]]
new point utility = 3.9732745372459353
new point = [3.97327454]
3
classifier utilities = [3.97291309 3.97291308 3.97291307 3.97291306 3.97291306]
new classifier utility = [0.]
classifier added
____iterstion: 9
Points utilities = [[-1.87027586e-09 -2.82771546e-09 -3.74240809e-09 -3.92067189e-09
  -3.28391530e-09]]
new point utility = 3.1891546373936754
new point = [3.18915464]
point added
3
classifier utilities = [6.23369196 4.05084699 3.01951978 2.26071476 1.51796725 0.        ]
new classifier utility = [0.]
____iterstion: 10
Points utilities = [[2.82181058 2.91793699 2.92856232 2.93367148 2.95904032 3.18915464]]
new point utility = 3.189108443738464
new point = [3.18910845]
3
classifier utilities = [3.18915468 3.18915467 3.18915466 3.18915465 3.18915465 3.18915464]
new classifier utility = [0.]
classifier added
____iterstion: 11
Points utilities = [[-1.93602576e-09 -3.21313282e-09 -4.12146284e-09 -4.23358160e-09
  -4.03841205e-09 -3.27767355e-09]]
new point utility = 2.603492459610316
new point = [2.60349246]
point added
3
classifier utilities = [5.59607205 3.80926167 2.87801323 2.20352614 1.68101548 1.11118917
 0.        ]
new classifier utility = [0.]
____iterstion: 12
Points utilities = [[2.26590295 2.36020566 2.37137023 2.37378374 2.37792029 2.40380092
  2.60349246]]
new point utility = 2.603350504882419
new point = [2.60335051]
3
classifier utilities = [2.60349251 2.6034925  2.60349249 2.60349248 2.60349247 2.60349247
 2.60349246]
new classifier utility = [0.]
classifier added
____iterstion: 13
Points utilities = [[-1.55032091e-09 -3.41885298e-09 -4.33104106e-09 -4.08624175e-09
  -3.76289407e-09 -3.40100852e-09 -2.68361338e-09]]
new point utility = 2.18831184505041
new point = [2.18831184]
point added
3
classifier utilities = [5.05995269 3.56808018 2.72857056 2.11836461 1.66509615 1.28345476
 0.8296044  0.        ]
new classifier utility = [0.]
____iterstion: 14
Points utilities = [[1.87610921 1.96702941 1.97862164 1.98046974 1.98080309 1.98439742
  2.01152996 2.18831184]]
new point utility = 2.1881615330472113
new point = [2.18816153]
3
classifier utilities = [2.18831191 2.1883119  2.18831188 2.18831187 2.18831186 2.18831186
 2.18831185 2.18831185]
new classifier utility = [0.]
classifier added
____iterstion: 15
Points utilities = [[-1.95654722e-09 -3.69226773e-09 -4.25178776e-09 -3.75675913e-09
  -3.49056648e-09 -3.39463754e-09 -3.27391705e-09 -2.90477760e-09]]
new point utility = 1.9147683085703193
new point = [1.91476831]
point added
3
classifier utilities = [4.60691873 3.3210232  2.57852884 2.03548648 1.63092619 1.31314237
 1.01625082 0.64327986 0.        ]
new classifier utility = [0.]
____iterstion: 16
Points utilities = [[1.62430362 1.7109639  1.72262403 1.72426515 1.72347546 1.72175166
  1.72478831 1.75548885 1.91476831]]
new point utility = 1.9147702624004526
new point = [1.91477026]
3
classifier utilities = [1.91476838 1.91476837 1.91476836 1.91476834 1.91476833 1.91476832
 1.91476832 1.91476831 1.91476831]
new classifier utility = [0.]
classifier added
____iterstion: 17
Points utilities = [[-2.67951707e-09 -4.67815098e-09 -5.00552885e-09 -4.21256090e-09
  -3.90592869e-09 -3.89935452e-09 -3.91643290e-09 -3.87460296e-09
  -3.48903289e-09]]
new point utility = 1.748607650472958
new point = [1.74860765]
point added
3
classifier utilities = [4.22881483 3.10724861 2.44727895 1.96364497 1.59964599 1.31752773
 1.07824053 0.83246246 0.51872038 0.        ]
new classifier utility = [0.]
____iterstion: 18
Points utilities = [[1.47673477 1.55877613 1.57007643 1.57156288 1.57031781 1.56666296
  1.56198536 1.56622808 1.60415386 1.74860765]]
new point utility = 1.746549208023536
new point = [1.74654921]
3
classifier utilities = [1.74860773 1.74860772 1.7486077  1.74860769 1.74860768 1.74860767
 1.74860766 1.74860766 1.74860766 1.74860765]
new classifier utility = [0.]
classifier added
____iterstion: 19
Points utilities = [[-1.11147728e-10 -2.17558357e-10 -1.77931603e-10 -1.89194593e-10
  -2.28934429e-10 -2.63556320e-10 -2.79500364e-10 -2.81663215e-10
  -2.72790035e-10 -2.31044913e-10]]
new point utility = 1.6546774078003603
new point = [1.65467741]
point added
3
classifier utilities = [3.83461003 2.76502764 2.25651228 1.93326582 1.6550891  1.39582293
 1.16201631 0.94292066 0.71265556 0.43515301 0.        ]
new classifier utility = [0.]
____iterstion: 20
Points utilities = [[1.3986037  1.47604751 1.48667088 1.48799663 1.48656513 1.48205628
  1.47382998 1.4669828  1.47705849 1.52463376 1.65467741]]
new point utility = 1.6543360139420469
new point = [1.65433602]
3
classifier utilities = [1.65467749 1.65467748 1.65467746 1.65467745 1.65467744 1.65467743
 1.65467742 1.65467742 1.65467742 1.65467741 1.65467741]
new classifier utility = [0.]
classifier added
____iterstion: 21
Points utilities = [[-2.94287530e-10 -3.28039610e-10 -3.07388779e-10 -3.15678257e-10
  -3.37266952e-10 -3.59590366e-10 -3.71208513e-10 -3.73141371e-10
  -3.70201548e-10 -3.58814177e-10 -3.08637099e-10]]
new point utility = 1.6042838158154775
new point = [1.60428382]
point added
3
classifier utilities = [3.52399643 2.53218653 2.10521877 1.87040238 1.66140115 1.44601351
 1.23431527 1.03263125 0.8345044  0.62492984 0.3785479  0.        ]
new classifier utility = [0.]
____iterstion: 22
Points utilities = [[1.36154703 1.43464842 1.44446374 1.44562544 1.44413444 1.43925169
  1.4290296  1.41569895 1.41166081 1.43304027 1.48871958 1.60428381]]
new point utility = 1.604281707249681
new point = [1.60428171]
3
classifier utilities = [1.6042839  1.60428389 1.60428387 1.60428386 1.60428385 1.60428384
 1.60428384 1.60428383 1.60428383 1.60428382 1.60428382 1.60428382]
new classifier utility = [0.]
classifier added
____iterstion: 23
Points utilities = [[-5.49359079e-10 -5.36530862e-10 -6.24378941e-10 -6.16549739e-10
  -6.42734674e-10 -6.61649457e-10 -6.63757273e-10 -6.55483926e-10
  -6.45693857e-10 -6.34075509e-10 -6.02786115e-10 -4.92049294e-10]]
new point utility = 1.5781057084975971
new point = [1.57810571]
point added
3
classifier utilities = [3.31346053 2.39426449 2.01397002 1.83062441 1.64694783 1.45952363
 1.27146417 1.08903307 0.91235868 0.73614658 0.54994474 0.33273089
 0.        ]
new classifier utility = [0.]
____iterstion: 24
Points utilities = [[1.34655099 1.41568955 1.42470145 1.42570942 1.42421783 1.41920407
  1.40774058 1.38973614 1.37623931 1.38342064 1.41700521 1.47624544
  1.57810571]]
new point utility = 1.5780970775136955
new point = [1.57809708]
3
classifier utilities = [1.5781058  1.57810579 1.57810577 1.57810576 1.57810575 1.57810574
 1.57810573 1.57810573 1.57810572 1.57810572 1.57810572 1.57810572
 1.57810571]
new classifier utility = [0.]
classifier added
____iterstion: 25
Points utilities = [[-7.26926148e-10 -6.89567157e-10 -8.68020255e-10 -8.27901607e-10
  -8.49448514e-10 -8.63568072e-10 -8.59028535e-10 -8.45581591e-10
  -8.35234815e-10 -8.30737715e-10 -8.20737077e-10 -7.75017148e-10
  -6.10878728e-10]]
new point utility = 1.5647473797519993
new point = [1.56474738]
point added
3
classifier utilities = [3.16051391 2.29846471 1.94884286 1.79508233 1.6288951  1.46221777
 1.29476931 1.13066811 0.97147268 0.81563708 0.65918918 0.49335131
 0.29923696 0.        ]
new classifier utility = [0.]
____iterstion: 26
Points utilities = [[1.342497   1.40811813 1.41640142 1.41727393 1.41580657 1.41078133
  1.39847652 1.37661357 1.35570639 1.35343482 1.37492048 1.4164311
  1.47488253 1.56474738]]
new point utility = 1.56395446077125
new point = [1.56395446]
3
classifier utilities = [1.56474748 1.56474746 1.56474745 1.56474743 1.56474742 1.56474741
 1.56474741 1.5647474  1.5647474  1.5647474  1.56474739 1.56474739
 1.56474739 1.56474739]
new classifier utility = [0.]
classifier added
____iterstion: 27
Points utilities = [[-8.49408217e-10 -7.98497797e-10 -1.04399618e-09 -9.72406359e-10
  -9.85772065e-10 -9.95332658e-10 -9.86707064e-10 -9.71344420e-10
  -9.63192795e-10 -9.66940702e-10 -9.74866123e-10 -9.67570279e-10
  -9.07706237e-10 -6.95634853e-10]]
new point utility = 1.5580020223081636
new point = [1.55800202]
point added
3
classifier utilities = [3.04515801 2.22858297 1.90001712 1.766652   1.6136165  1.46182854
 1.31027274 1.16155017 1.01715111 0.8765627  0.73828262 0.5986887
 0.44962621 0.27375258 0.        ]
new classifier utility = [0.]
____iterstion: 28
Points utilities = [[1.34345493 1.4060193  1.41367262 1.41443068 1.41299566 1.40801088
  1.39507598 1.36972551 1.34256783 1.33330755 1.34692782 1.37865177
  1.42291237 1.47805145 1.55800202]]
new point utility = 1.5580019583976625
new point = [1.55800196]
3
classifier utilities = [1.55800213 1.55800211 1.5580021  1.55800208 1.55800207 1.55800206
 1.55800205 1.55800205 1.55800205 1.55800204 1.55800204 1.55800204
 1.55800204 1.55800204 1.55800203]
new classifier utility = [0.]
classifier added
____iterstion: 29
Points utilities = [[-9.39043946e-10 -8.83660148e-10 -1.17852104e-09 -1.07967680e-09
  -1.08282287e-09 -1.08725179e-09 -1.07522661e-09 -1.05896802e-09
  -1.05356339e-09 -1.06480786e-09 -1.08677788e-09 -1.10503250e-09
  -1.09699823e-09 -1.02140758e-09 -7.64628086e-10]]
new point utility = 1.5546169165231554
new point = [1.55461692]
point added
3
classifier utilities = [2.95491813 2.17525864 1.86222623 1.74441223 1.60197871 1.46124145
 1.32166528 1.18513584 1.05291711 0.9246888  0.79963244 0.67610002
 0.55041958 0.41495695 0.25367001 0.        ]
new classifier utility = [0.]
____iterstion: 30
Points utilities = [[1.34645947 1.40639609 1.4135157  1.41417921 1.4127777  1.40785105
  1.39439438 1.36573553 1.33314072 1.3184473  1.32645932 1.35183095
  1.38815058 1.43167216 1.48262181 1.55461691]]
new point utility = 1.5541285251247798
new point = [1.55412853]
3
classifier utilities = [1.55461703 1.55461702 1.554617   1.55461698 1.55461697 1.55461696
 1.55461695 1.55461695 1.55461695 1.55461694 1.55461694 1.55461694
 1.55461694 1.55461694 1.55461693 1.55461693]
new classifier utility = [0.]
classifier added
____iterstion: 31
Points utilities = [[-1.00887206e-09 -9.55247758e-10 -1.28773127e-09 -1.16659558e-09
  -1.15860750e-09 -1.15715512e-09 -1.14152976e-09 -1.12426871e-09
  -1.12113783e-09 -1.13859450e-09 -1.17161881e-09 -1.20799466e-09
  -1.23152358e-09 -1.21906936e-09 -1.12635580e-09 -8.26819837e-10]]
new point utility = 1.5529188400819793
new point = [1.55291884]
point added
3
classifier utilities = [2.88218395 2.13312213 1.83230606 1.72701762 1.59345239 1.46125587
 1.33081547 1.20379594 1.08135439 0.96322292 0.84872778 0.73677579
 0.62543675 0.51111878 0.38674303 0.23734344 0.        ]
new classifier utility = [0.]
____iterstion: 32
Points utilities = [[1.35010837 1.40778948 1.41445927 1.4150432  1.41367116 1.40880591
  1.39486523 1.36299841 1.32563509 1.30659456 1.3104282  1.33129079
  1.36238824 1.39931088 1.44044295 1.48725313 1.55291884]]
new point utility = 1.5523919467958378
new point = [1.55239195]
3
classifier utilities = [1.55291897 1.55291895 1.55291893 1.55291892 1.5529189  1.55291889
 1.55291888 1.55291888 1.55291888 1.55291887 1.55291887 1.55291887
 1.55291887 1.55291887 1.55291887 1.55291886 1.55291886]
new classifier utility = [0.]
classifier added
____iterstion: 33
Points utilities = [[-1.06606937e-09 -1.01792168e-09 -1.38043295e-09 -1.24186124e-09
  -1.22267217e-09 -1.21479074e-09 -1.19512895e-09 -1.17635271e-09
  -1.17464565e-09 -1.19688655e-09 -1.23857947e-09 -1.28857834e-09
  -1.33350439e-09 -1.35787920e-09 -1.33847042e-09 -1.22780739e-09
  -8.86675848e-10]]
new point utility = 1.55205242652949
new point = [1.55205243]
point added
3
classifier utilities = [2.82211473 2.09891254 1.80818516 1.71332673 1.58732347 1.46196004
 1.33864531 1.2190704  1.10439117 0.99441462 0.88853743 0.7857974
 0.68477046 0.58344703 0.47846254 0.36324772 0.22371646 0.        ]
new classifier utility = [0.22371646]
____iterstion: 34
Points utilities = [[1.35378815 1.40951502 1.41580147 1.41631955 1.41497491 1.41016804
  1.39574859 1.36079588 1.31923151 1.29661792 1.29724641 1.31478022
  1.34212602 1.37462989 1.41011394 1.44836313 1.49145999 1.55205242]]
new point utility = 1.551562376675695
new point = [1.55156238]
3
classifier utilities = [1.55205258 1.55205256 1.55205253 1.55205251 1.5520525  1.55205249
 1.55205248 1.55205247 1.55205247 1.55205247 1.55205247 1.55205246
 1.55205246 1.55205246 1.55205246 1.55205246 1.55205246 1.55205244]
new classifier utility = [0.]
classifier added
____iterstion: 35
Points utilities = [[0.74384457 0.90998101 1.00786887 1.02074902 0.98446875 0.92358606
  0.86453277 0.82167966 0.80220102 0.80824188 0.83677218 0.88230328
  0.93964162 1.00507944 1.07672358 1.155022   1.24515105 1.39684717]]
new point utility = 1.550577288833749
new point = [1.55057729]
point added
3
classifier utilities = [1.55205256 1.55205254 1.55205253 1.55205251 1.55205249 1.55205249
 1.55205248 1.55205248 1.55205248 1.55205248 1.55205247 1.55205247
 1.55205247 1.55205247 1.55205246 1.55205246 1.55205245 1.55205243
 0.        ]
new classifier utility = [0.]
____iterstion: 36
Points utilities = [[1.3604888  1.41285079 1.41851398 1.41899818 1.41778576 1.41329791
  1.39987608 1.36514116 1.32069512 1.29487251 1.292637   1.30745305
  1.33196746 1.36133532 1.39318555 1.42684074 1.46302952 1.50503126
  1.55057729]]
new point utility = 1.5486522686843895
new point = [1.54865227]
3
classifier utilities = [1.55057751 1.55057748 1.55057745 1.55057742 1.5505774  1.55057738
 1.55057737 1.55057736 1.55057736 1.55057736 1.55057735 1.55057735
 1.55057735 1.55057734 1.55057734 1.55057734 1.55057734 1.55057733
 1.5505773 ]
new classifier utility = [9.08731863e-08]
classifier added
____iterstion: 37
Points utilities = [[1.06096516 1.07981121 1.1222945  0.6729932  0.78510853 0.80003983
  0.77863697 0.75773759 0.75389331 0.77147138 0.80787882 0.85794064
  0.91705514 0.98249789 1.05365582 1.13250208 1.2271717  1.39684717
  1.39626529]]
new point utility = 1.433047915391356
new point = [1.43304792]
3
classifier utilities = [1.55205252e+00 1.55205249e+00 1.55205248e+00 1.55205247e+00
 1.55205246e+00 1.55205246e+00 1.55205245e+00 1.55205245e+00
 1.55205245e+00 1.55205244e+00 1.55205244e+00 1.55205244e+00
 1.55205244e+00 1.55205244e+00 1.55205243e+00 1.55205243e+00
 1.55205243e+00 1.55205242e+00 4.85073727e-06 5.06983569e-08]
new classifier utility = [4.85073727e-06]
Objective = 1.3968471717499487
Number of iterations = 38
Support of attacker = 2
Support of classifier = 20
Size of game = (19, 20)
NEW RUN________________________________________
____iterstion: 0
Points utilities = [[10.]]
new point utility = 9.999999998021366
new point = [10.]
3
classifier utilities = [10.00000001]
new classifier utility = [0.]
classifier added
____iterstion: 1
Points utilities = [[-2.63694171e-10]]
new point utility = 7.928307911844451
new point = [7.92830791]
point added
3
classifier utilities = [10.  0.]
new classifier utility = [0.]
____iterstion: 2
Points utilities = [[7.2751707  7.92830791]]
new point utility = 7.928446159348756
new point = [7.92844616]
3
classifier utilities = [7.92830792 7.92830792]
new classifier utility = [0.]
classifier added
____iterstion: 3
Points utilities = [[-1.17259325e-09 -2.05964562e-09]]
new point utility = 6.286638347424236
new point = [6.28663835]
point added
3
classifier utilities = [8.94256025 4.04679254 0.        ]
new classifier utility = [0.]
____iterstion: 4
Points utilities = [[5.74575489 5.88060849 6.28663835]]
new point utility = 6.27793200255503
new point = [6.277932]
3
classifier utilities = [6.28663836 6.28663836 6.28663835]
new classifier utility = [0.]
classifier added
____iterstion: 5
Points utilities = [[-1.25692538e-09 -2.07468679e-09 -2.74211830e-09]]
new point utility = 4.989788976324946
new point = [4.98978898]
point added
3
classifier utilities = [7.92776096 4.35137953 2.83937177 0.        ]
new classifier utility = [0.]
____iterstion: 6
Points utilities = [[4.53046671 4.63355489 4.66555125 4.98978897]]
new point utility = 4.989790275407796
new point = [4.98979028]
3
classifier utilities = [4.989789   4.989789   4.98978899 4.98978898]
new classifier utility = [0.]
classifier added
____iterstion: 7
Points utilities = [[-1.44892520e-09 -2.20534068e-09 -3.11721698e-09 -2.96101635e-09]]
new point utility = 3.972913053237093
new point = [3.97291305]
point added
3
classifier utilities = [7.005826   4.26186855 3.09714074 2.08124364 0.        ]
new classifier utility = [0.]
____iterstion: 8
Points utilities = [[3.56829453 3.66537178 3.6769594  3.70280026 3.97291305]]
new point utility = 3.9732745372459353
new point = [3.97327454]
3
classifier utilities = [3.97291309 3.97291308 3.97291307 3.97291306 3.97291306]
new classifier utility = [0.]
classifier added
____iterstion: 9
Points utilities = [[-1.87027586e-09 -2.82771546e-09 -3.74240809e-09 -3.92067189e-09
  -3.28391530e-09]]
new point utility = 3.1891546373936754
new point = [3.18915464]
point added
3
classifier utilities = [6.23369196 4.05084699 3.01951978 2.26071476 1.51796725 0.        ]
new classifier utility = [0.]
____iterstion: 10
Points utilities = [[2.82181058 2.91793699 2.92856232 2.93367148 2.95904032 3.18915464]]
new point utility = 3.189108443738464
new point = [3.18910845]
3
classifier utilities = [3.18915468 3.18915467 3.18915466 3.18915465 3.18915465 3.18915464]
new classifier utility = [0.]
classifier added
____iterstion: 11
Points utilities = [[-1.93602576e-09 -3.21313282e-09 -4.12146284e-09 -4.23358160e-09
  -4.03841205e-09 -3.27767355e-09]]
new point utility = 2.603492459610316
new point = [2.60349246]
point added
3
classifier utilities = [5.59607205 3.80926167 2.87801323 2.20352614 1.68101548 1.11118917
 0.        ]
new classifier utility = [0.]
____iterstion: 12
Points utilities = [[2.26590295 2.36020566 2.37137023 2.37378374 2.37792029 2.40380092
  2.60349246]]
new point utility = 2.603350504882419
new point = [2.60335051]
3
classifier utilities = [2.60349251 2.6034925  2.60349249 2.60349248 2.60349247 2.60349247
 2.60349246]
new classifier utility = [0.]
classifier added
____iterstion: 13
Points utilities = [[-1.55032091e-09 -3.41885298e-09 -4.33104106e-09 -4.08624175e-09
  -3.76289407e-09 -3.40100852e-09 -2.68361338e-09]]
new point utility = 2.18831184505041
new point = [2.18831184]
point added
3
classifier utilities = [5.05995269 3.56808018 2.72857056 2.11836461 1.66509615 1.28345476
 0.8296044  0.        ]
new classifier utility = [0.]
____iterstion: 14
Points utilities = [[1.87610921 1.96702941 1.97862164 1.98046974 1.98080309 1.98439742
  2.01152996 2.18831184]]
new point utility = 2.1881615330472113
new point = [2.18816153]
3
classifier utilities = [2.18831191 2.1883119  2.18831188 2.18831187 2.18831186 2.18831186
 2.18831185 2.18831185]
new classifier utility = [0.]
classifier added
____iterstion: 15
Points utilities = [[-1.95654722e-09 -3.69226773e-09 -4.25178776e-09 -3.75675913e-09
  -3.49056648e-09 -3.39463754e-09 -3.27391705e-09 -2.90477760e-09]]
new point utility = 1.9147683085703193
new point = [1.91476831]
point added
3
classifier utilities = [4.60691873 3.3210232  2.57852884 2.03548648 1.63092619 1.31314237
 1.01625082 0.64327986 0.        ]
new classifier utility = [0.]
____iterstion: 16
Points utilities = [[1.62430362 1.7109639  1.72262403 1.72426515 1.72347546 1.72175166
  1.72478831 1.75548885 1.91476831]]
new point utility = 1.9147702624004526
new point = [1.91477026]
3
classifier utilities = [1.91476838 1.91476837 1.91476836 1.91476834 1.91476833 1.91476832
 1.91476832 1.91476831 1.91476831]
new classifier utility = [0.]
classifier added
____iterstion: 17
Points utilities = [[-2.67951707e-09 -4.67815098e-09 -5.00552885e-09 -4.21256090e-09
  -3.90592869e-09 -3.89935452e-09 -3.91643290e-09 -3.87460296e-09
  -3.48903289e-09]]
new point utility = 1.748607650472958
new point = [1.74860765]
point added
3
classifier utilities = [4.22881483 3.10724861 2.44727895 1.96364497 1.59964599 1.31752773
 1.07824053 0.83246246 0.51872038 0.        ]
new classifier utility = [0.]
____iterstion: 18
Points utilities = [[1.47673477 1.55877613 1.57007643 1.57156288 1.57031781 1.56666296
  1.56198536 1.56622808 1.60415386 1.74860765]]
new point utility = 1.746549208023536
new point = [1.74654921]
3
classifier utilities = [1.74860773 1.74860772 1.7486077  1.74860769 1.74860768 1.74860767
 1.74860766 1.74860766 1.74860766 1.74860765]
new classifier utility = [0.]
classifier added
____iterstion: 19
Points utilities = [[-1.11147728e-10 -2.17558357e-10 -1.77931603e-10 -1.89194593e-10
  -2.28934429e-10 -2.63556320e-10 -2.79500364e-10 -2.81663215e-10
  -2.72790035e-10 -2.31044913e-10]]
new point utility = 1.6546774078003603
new point = [1.65467741]
point added
3
classifier utilities = [3.83461003 2.76502764 2.25651228 1.93326582 1.6550891  1.39582293
 1.16201631 0.94292066 0.71265556 0.43515301 0.        ]
new classifier utility = [0.]
____iterstion: 20
Points utilities = [[1.3986037  1.47604751 1.48667088 1.48799663 1.48656513 1.48205628
  1.47382998 1.4669828  1.47705849 1.52463376 1.65467741]]
new point utility = 1.6543360139420469
new point = [1.65433602]
3
classifier utilities = [1.65467749 1.65467748 1.65467746 1.65467745 1.65467744 1.65467743
 1.65467742 1.65467742 1.65467742 1.65467741 1.65467741]
new classifier utility = [0.]
classifier added
____iterstion: 21
Points utilities = [[-2.94287530e-10 -3.28039610e-10 -3.07388779e-10 -3.15678257e-10
  -3.37266952e-10 -3.59590366e-10 -3.71208513e-10 -3.73141371e-10
  -3.70201548e-10 -3.58814177e-10 -3.08637099e-10]]
new point utility = 1.6042838158154775
new point = [1.60428382]
point added
3
classifier utilities = [3.52399643 2.53218653 2.10521877 1.87040238 1.66140115 1.44601351
 1.23431527 1.03263125 0.8345044  0.62492984 0.3785479  0.        ]
new classifier utility = [0.]
____iterstion: 22
Points utilities = [[1.36154703 1.43464842 1.44446374 1.44562544 1.44413444 1.43925169
  1.4290296  1.41569895 1.41166081 1.43304027 1.48871958 1.60428381]]
new point utility = 1.604281707249681
new point = [1.60428171]
3
classifier utilities = [1.6042839  1.60428389 1.60428387 1.60428386 1.60428385 1.60428384
 1.60428384 1.60428383 1.60428383 1.60428382 1.60428382 1.60428382]
new classifier utility = [0.]
classifier added
____iterstion: 23
Points utilities = [[-5.49359079e-10 -5.36530862e-10 -6.24378941e-10 -6.16549739e-10
  -6.42734674e-10 -6.61649457e-10 -6.63757273e-10 -6.55483926e-10
  -6.45693857e-10 -6.34075509e-10 -6.02786115e-10 -4.92049294e-10]]
new point utility = 1.5781057084975971
new point = [1.57810571]
point added
3
classifier utilities = [3.31346053 2.39426449 2.01397002 1.83062441 1.64694783 1.45952363
 1.27146417 1.08903307 0.91235868 0.73614658 0.54994474 0.33273089
 0.        ]
new classifier utility = [0.]
____iterstion: 24
Points utilities = [[1.34655099 1.41568955 1.42470145 1.42570942 1.42421783 1.41920407
  1.40774058 1.38973614 1.37623931 1.38342064 1.41700521 1.47624544
  1.57810571]]
new point utility = 1.5780970775136955
new point = [1.57809708]
3
classifier utilities = [1.5781058  1.57810579 1.57810577 1.57810576 1.57810575 1.57810574
 1.57810573 1.57810573 1.57810572 1.57810572 1.57810572 1.57810572
 1.57810571]
new classifier utility = [0.]
classifier added
____iterstion: 25
Points utilities = [[-7.26926148e-10 -6.89567157e-10 -8.68020255e-10 -8.27901607e-10
  -8.49448514e-10 -8.63568072e-10 -8.59028535e-10 -8.45581591e-10
  -8.35234815e-10 -8.30737715e-10 -8.20737077e-10 -7.75017148e-10
  -6.10878728e-10]]
new point utility = 1.5647473797519993
new point = [1.56474738]
point added
3
classifier utilities = [3.16051391 2.29846471 1.94884286 1.79508233 1.6288951  1.46221777
 1.29476931 1.13066811 0.97147268 0.81563708 0.65918918 0.49335131
 0.29923696 0.        ]
new classifier utility = [0.]
____iterstion: 26
Points utilities = [[1.342497   1.40811813 1.41640142 1.41727393 1.41580657 1.41078133
  1.39847652 1.37661357 1.35570639 1.35343482 1.37492048 1.4164311
  1.47488253 1.56474738]]
new point utility = 1.56395446077125
new point = [1.56395446]
3
classifier utilities = [1.56474748 1.56474746 1.56474745 1.56474743 1.56474742 1.56474741
 1.56474741 1.5647474  1.5647474  1.5647474  1.56474739 1.56474739
 1.56474739 1.56474739]
new classifier utility = [0.]
classifier added
____iterstion: 27
Points utilities = [[-8.49408217e-10 -7.98497797e-10 -1.04399618e-09 -9.72406359e-10
  -9.85772065e-10 -9.95332658e-10 -9.86707064e-10 -9.71344420e-10
  -9.63192795e-10 -9.66940702e-10 -9.74866123e-10 -9.67570279e-10
  -9.07706237e-10 -6.95634853e-10]]
new point utility = 1.5580020223081636
new point = [1.55800202]
point added
3
classifier utilities = [3.04515801 2.22858297 1.90001712 1.766652   1.6136165  1.46182854
 1.31027274 1.16155017 1.01715111 0.8765627  0.73828262 0.5986887
 0.44962621 0.27375258 0.        ]
new classifier utility = [0.]
____iterstion: 28
Points utilities = [[1.34345493 1.4060193  1.41367262 1.41443068 1.41299566 1.40801088
  1.39507598 1.36972551 1.34256783 1.33330755 1.34692782 1.37865177
  1.42291237 1.47805145 1.55800202]]
new point utility = 1.5580019583976625
new point = [1.55800196]
3
classifier utilities = [1.55800213 1.55800211 1.5580021  1.55800208 1.55800207 1.55800206
 1.55800205 1.55800205 1.55800205 1.55800204 1.55800204 1.55800204
 1.55800204 1.55800204 1.55800203]
new classifier utility = [0.]
classifier added
____iterstion: 29
Points utilities = [[-9.39043946e-10 -8.83660148e-10 -1.17852104e-09 -1.07967680e-09
  -1.08282287e-09 -1.08725179e-09 -1.07522661e-09 -1.05896802e-09
  -1.05356339e-09 -1.06480786e-09 -1.08677788e-09 -1.10503250e-09
  -1.09699823e-09 -1.02140758e-09 -7.64628086e-10]]
new point utility = 1.5546169165231554
new point = [1.55461692]
point added
3
classifier utilities = [2.95491813 2.17525864 1.86222623 1.74441223 1.60197871 1.46124145
 1.32166528 1.18513584 1.05291711 0.9246888  0.79963244 0.67610002
 0.55041958 0.41495695 0.25367001 0.        ]
new classifier utility = [0.]
____iterstion: 30
Points utilities = [[1.34645947 1.40639609 1.4135157  1.41417921 1.4127777  1.40785105
  1.39439438 1.36573553 1.33314072 1.3184473  1.32645932 1.35183095
  1.38815058 1.43167216 1.48262181 1.55461691]]
new point utility = 1.5541285251247798
new point = [1.55412853]
3
classifier utilities = [1.55461703 1.55461702 1.554617   1.55461698 1.55461697 1.55461696
 1.55461695 1.55461695 1.55461695 1.55461694 1.55461694 1.55461694
 1.55461694 1.55461694 1.55461693 1.55461693]
new classifier utility = [0.]
classifier added
____iterstion: 31
Points utilities = [[-1.00887206e-09 -9.55247758e-10 -1.28773127e-09 -1.16659558e-09
  -1.15860750e-09 -1.15715512e-09 -1.14152976e-09 -1.12426871e-09
  -1.12113783e-09 -1.13859450e-09 -1.17161881e-09 -1.20799466e-09
  -1.23152358e-09 -1.21906936e-09 -1.12635580e-09 -8.26819837e-10]]
new point utility = 1.5529188400819793
new point = [1.55291884]
point added
3
classifier utilities = [2.88218395 2.13312213 1.83230606 1.72701762 1.59345239 1.46125587
 1.33081547 1.20379594 1.08135439 0.96322292 0.84872778 0.73677579
 0.62543675 0.51111878 0.38674303 0.23734344 0.        ]
new classifier utility = [0.]
____iterstion: 32
Points utilities = [[1.35010837 1.40778948 1.41445927 1.4150432  1.41367116 1.40880591
  1.39486523 1.36299841 1.32563509 1.30659456 1.3104282  1.33129079
  1.36238824 1.39931088 1.44044295 1.48725313 1.55291884]]
new point utility = 1.5523919467958378
new point = [1.55239195]
3
classifier utilities = [1.55291897 1.55291895 1.55291893 1.55291892 1.5529189  1.55291889
 1.55291888 1.55291888 1.55291888 1.55291887 1.55291887 1.55291887
 1.55291887 1.55291887 1.55291887 1.55291886 1.55291886]
new classifier utility = [0.]
classifier added
____iterstion: 33
Points utilities = [[-1.06606937e-09 -1.01792168e-09 -1.38043295e-09 -1.24186124e-09
  -1.22267217e-09 -1.21479074e-09 -1.19512895e-09 -1.17635271e-09
  -1.17464565e-09 -1.19688655e-09 -1.23857947e-09 -1.28857834e-09
  -1.33350439e-09 -1.35787920e-09 -1.33847042e-09 -1.22780739e-09
  -8.86675848e-10]]
new point utility = 1.55205242652949
new point = [1.55205243]
point added
3
classifier utilities = [2.82211473 2.09891254 1.80818516 1.71332673 1.58732347 1.46196004
 1.33864531 1.2190704  1.10439117 0.99441462 0.88853743 0.7857974
 0.68477046 0.58344703 0.47846254 0.36324772 0.22371646 0.        ]
new classifier utility = [0.22371646]
____iterstion: 34
Points utilities = [[1.35378815 1.40951502 1.41580147 1.41631955 1.41497491 1.41016804
  1.39574859 1.36079588 1.31923151 1.29661792 1.29724641 1.31478022
  1.34212602 1.37462989 1.41011394 1.44836313 1.49145999 1.55205242]]
new point utility = 1.551562376675695
new point = [1.55156238]
3
classifier utilities = [1.55205258 1.55205256 1.55205253 1.55205251 1.5520525  1.55205249
 1.55205248 1.55205247 1.55205247 1.55205247 1.55205247 1.55205246
 1.55205246 1.55205246 1.55205246 1.55205246 1.55205246 1.55205244]
new classifier utility = [0.]
classifier added
____iterstion: 35
Points utilities = [[0.74384457 0.90998101 1.00786887 1.02074902 0.98446875 0.92358606
  0.86453277 0.82167966 0.80220102 0.80824188 0.83677218 0.88230328
  0.93964162 1.00507944 1.07672358 1.155022   1.24515105 1.39684717]]
new point utility = 1.550577288833749
new point = [1.55057729]
point added
3
classifier utilities = [1.55205256 1.55205254 1.55205253 1.55205251 1.55205249 1.55205249
 1.55205248 1.55205248 1.55205248 1.55205248 1.55205247 1.55205247
 1.55205247 1.55205247 1.55205246 1.55205246 1.55205245 1.55205243
 0.        ]
new classifier utility = [0.]
____iterstion: 36
Points utilities = [[1.3604888  1.41285079 1.41851398 1.41899818 1.41778576 1.41329791
  1.39987608 1.36514116 1.32069512 1.29487251 1.292637   1.30745305
  1.33196746 1.36133532 1.39318555 1.42684074 1.46302952 1.50503126
  1.55057729]]
new point utility = 1.5486522686843895
new point = [1.54865227]
3
classifier utilities = [1.55057751 1.55057748 1.55057745 1.55057742 1.5505774  1.55057738
 1.55057737 1.55057736 1.55057736 1.55057736 1.55057735 1.55057735
 1.55057735 1.55057734 1.55057734 1.55057734 1.55057734 1.55057733
 1.5505773 ]
new classifier utility = [9.08731863e-08]
classifier added
____iterstion: 37
Points utilities = [[1.06096516 1.07981121 1.1222945  0.6729932  0.78510853 0.80003983
  0.77863697 0.75773759 0.75389331 0.77147138 0.80787882 0.85794064
  0.91705514 0.98249789 1.05365582 1.13250208 1.2271717  1.39684717
  1.39626529]]
new point utility = 1.433047915391356
new point = [1.43304792]
3
classifier utilities = [1.55205252e+00 1.55205249e+00 1.55205248e+00 1.55205247e+00
 1.55205246e+00 1.55205246e+00 1.55205245e+00 1.55205245e+00
 1.55205245e+00 1.55205244e+00 1.55205244e+00 1.55205244e+00
 1.55205244e+00 1.55205244e+00 1.55205243e+00 1.55205243e+00
 1.55205243e+00 1.55205242e+00 4.85073727e-06 5.06983569e-08]
new classifier utility = [4.85073727e-06]
Objective = 1.3968471717499487
Number of iterations = 38
Support of attacker = 2
Support of classifier = 20
Size of game = (19, 20)
