NEW RUN________________________________________
positive data: [[10.]]
positive utility: 10.0
____iterstion: 0
positive data: [[10.]]
positive support: [1.]
classifires probs: [1.]
BR point: [10.]
BR value: 9.999999998021366
BR point: [10.]
BR value: 9.999999998021366
Points utilities = [[10.]]
new point utility = 9.999999998021366
new point = [10.]
3
classifier utilities = [10.00000001]
new classifier utility = [0.]
classifier added
classifires probs: [1.]
____iterstion: 1
positive data: [[10.]]
positive support: [1.]
classifires probs: [-2.63694171e-11  1.00000000e+00]
BR point: [7.92830791]
BR value: 7.928307911844451
BR point: [7.92830791]
BR value: 7.928307911844451
Points utilities = [[-2.63694171e-10]]
new point utility = 7.928307911844451
new point = [7.92830791]
point added
3
classifier utilities = [10.  0.]
new classifier utility = [0.]
classifires probs: [-2.63694171e-11  1.00000000e+00]
____iterstion: 2
positive data: [[10.          7.92830791]]
positive support: [5.60455461e-10 1.00000000e+00]
classifires probs: [0.72751707 0.27248293]
BR point: [7.92844616]
BR value: 7.928446159348756
BR point: [7.92844616]
BR value: 7.928446159348756
Points utilities = [[7.2751707  7.92830791]]
new point utility = 7.928446159348756
new point = [7.92844616]
3
classifier utilities = [7.92830792 7.92830792]
new classifier utility = [0.]
classifier added
classifires probs: [0.72751707 0.27248293]
____iterstion: 3
positive data: [[10.          7.92830791]]
positive support: [0.48957677 0.51042323]
classifires probs: [-1.17259325e-10 -1.42524432e-10  1.00000000e+00]
BR point: [6.28663835]
BR value: 6.286638347424236
BR point: [6.28663835]
BR value: 6.286638347424236
Points utilities = [[-1.17259325e-09 -2.05964562e-09]]
new point utility = 6.286638347424236
new point = [6.28663835]
point added
3
classifier utilities = [8.94256025 4.04679254 0.        ]
new classifier utility = [0.]
classifires probs: [-1.17259325e-10 -1.42524432e-10  1.00000000e+00]
____iterstion: 4
positive data: [[10.          7.92830791  6.28663835]]
positive support: [5.79942475e-10 9.30739688e-10 1.00000000e+00]
classifires probs: [0.57457549 0.16714753 0.25827698]
BR point: [6.277932]
BR value: 6.27793200255503
BR point: [6.277932]
BR value: 6.27793200255503
Points utilities = [[5.74575489 5.88060849 6.28663835]]
new point utility = 6.27793200255503
new point = [6.277932]
3
classifier utilities = [6.28663836 6.28663836 6.28663835]
new classifier utility = [0.]
classifier added
classifires probs: [0.57457549 0.16714753 0.25827698]
____iterstion: 5
positive data: [[10.          7.92830791  6.28663835]]
positive support: [0.35763814 0.19071002 0.45165184]
classifires probs: [-1.25692538e-10 -1.35988367e-10 -1.74501066e-10  1.00000000e+00]
BR point: [4.98978898]
BR value: 4.989788976324946
BR point: [4.98978898]
BR value: 4.989788976324946
Points utilities = [[-1.25692538e-09 -2.07468679e-09 -2.74211830e-09]]
new point utility = 4.989788976324946
new point = [4.98978898]
point added
3
classifier utilities = [7.92776096 4.35137953 2.83937177 0.        ]
new classifier utility = [0.]
classifires probs: [-1.25692538e-10 -1.35988367e-10 -1.74501066e-10  1.00000000e+00]
____iterstion: 6
positive data: [[10.          7.92830791  6.28663835  4.98978898]]
positive support: [7.36446840e-10 1.14010327e-09 1.11398181e-09 1.00000000e+00]
classifires probs: [0.45304667 0.13138508 0.15770593 0.25786231]
BR point: [4.98979028]
BR value: 4.989790275407796
BR point: [4.98979028]
BR value: 4.989790275407796
Points utilities = [[4.53046671 4.63355489 4.66555125 4.98978897]]
new point utility = 4.989790275407796
new point = [4.98979028]
3
classifier utilities = [4.989789   4.989789   4.98978899 4.98978898]
new classifier utility = [0.]
classifier added
classifires probs: [0.45304667 0.13138508 0.15770593 0.25786231]
____iterstion: 7
positive data: [[10.          7.92830791  6.28663835  4.98978898]]
positive support: [0.27439574 0.14690749 0.16159624 0.41710053]
classifires probs: [-1.44892520e-10 -1.33267802e-10 -2.17687666e-10 -9.75671568e-11
  1.00000000e+00]
BR point: [3.97291305]
BR value: 3.972913053237093
BR point: [3.97291305]
BR value: 3.972913053237093
Points utilities = [[-1.44892520e-09 -2.20534068e-09 -3.11721698e-09 -2.96101635e-09]]
new point utility = 3.972913053237093
new point = [3.97291305]
point added
3
classifier utilities = [7.005826   4.26186855 3.09714074 2.08124364 0.        ]
new classifier utility = [0.]
classifires probs: [-1.44892520e-10 -1.33267802e-10 -2.17687666e-10 -9.75671568e-11
  1.00000000e+00]
____iterstion: 8
positive data: [[10.          7.92830791  6.28663835  4.98978898  3.97291305]]
positive support: [7.92449074e-10 1.25379482e-09 1.18463752e-09 1.18384814e-09
 1.00000000e+00]
classifires probs: [0.35682945 0.10548506 0.12257032 0.15719069 0.25792448]
BR point: [3.97327454]
BR value: 3.9732745372459353
BR point: [3.97327454]
BR value: 3.9732745372459353
Points utilities = [[3.56829453 3.66537178 3.6769594  3.70280026 3.97291305]]
new point utility = 3.9732745372459353
new point = [3.97327454]
3
classifier utilities = [3.97291309 3.97291308 3.97291307 3.97291306 3.97291306]
new classifier utility = [0.]
classifier added
classifires probs: [0.35682945 0.10548506 0.12257032 0.15719069 0.25792448]
____iterstion: 9
positive data: [[10.          7.92830791  6.28663835  4.98978898  3.97291305]]
positive support: [0.2182845  0.13008163 0.12070124 0.14885349 0.38207915]
classifires probs: [-1.87027586e-10 -1.69633065e-10 -2.38634939e-10 -1.90443429e-10
 -4.08371634e-11  1.00000000e+00]
BR point: [3.18915464]
BR value: 3.1891546373936754
BR point: [3.18915464]
BR value: 3.1891546373936754
Points utilities = [[-1.87027586e-09 -2.82771546e-09 -3.74240809e-09 -3.92067189e-09
  -3.28391530e-09]]
new point utility = 3.1891546373936754
new point = [3.18915464]
point added
3
classifier utilities = [6.23369196 4.05084699 3.01951978 2.26071476 1.51796725 0.        ]
new classifier utility = [0.]
classifires probs: [-1.87027586e-10 -1.69633065e-10 -2.38634939e-10 -1.90443429e-10
 -4.08371634e-11  1.00000000e+00]
____iterstion: 10
positive data: [[10.          7.92830791  6.28663835  4.98978898  3.97291305  3.18915464]]
positive support: [8.73682747e-10 1.34978461e-09 1.34301862e-09 1.28377686e-09
 1.28972004e-09 1.00000000e+00]
classifires probs: [0.28218106 0.08585926 0.09779884 0.12209582 0.15686871 0.25519631]
BR point: [3.18910845]
BR value: 3.189108443738464
BR point: [3.18910845]
BR value: 3.189108443738464
Points utilities = [[2.82181058 2.91793699 2.92856232 2.93367148 2.95904032 3.18915464]]
new point utility = 3.189108443738464
new point = [3.18910845]
3
classifier utilities = [3.18915468 3.18915467 3.18915466 3.18915465 3.18915465 3.18915464]
new classifier utility = [0.]
classifier added
classifires probs: [0.28218106 0.08585926 0.09779884 0.12209582 0.15686871 0.25519631]
____iterstion: 11
positive data: [[10.          7.92830791  6.28663835  4.98978898  3.97291305  3.18915464]]
positive support: [0.17868104 0.11745866 0.10728899 0.10471598 0.14342783 0.3484275 ]
classifires probs: [-1.93602576e-10 -2.11670889e-10 -2.50317426e-10 -1.92858134e-10
 -1.68037365e-10 -1.12698394e-11  1.00000000e+00]
BR point: [2.60349246]
BR value: 2.603492459610316
BR point: [2.60349246]
BR value: 2.603492459610316
Points utilities = [[-1.93602576e-09 -3.21313282e-09 -4.12146284e-09 -4.23358160e-09
  -4.03841205e-09 -3.27767355e-09]]
new point utility = 2.603492459610316
new point = [2.60349246]
point added
3
classifier utilities = [5.59607205 3.80926167 2.87801323 2.20352614 1.68101548 1.11118917
 0.        ]
new classifier utility = [0.]
classifires probs: [-1.93602576e-10 -2.11670889e-10 -2.50317426e-10 -1.92858134e-10
 -1.68037365e-10 -1.12698394e-11  1.00000000e+00]
____iterstion: 12
positive data: [[10.          7.92830791  6.28663835  4.98978898  3.97291305  3.18915464
   2.60349246]]
positive support: [9.66558244e-10 1.47799564e-09 1.59163062e-09 1.51964612e-09
 1.43532110e-09 1.44842691e-09 1.00000000e+00]
classifires probs: [0.2265903  0.0711032  0.0795145  0.09852029 0.1228049  0.15520917
 0.24625765]
BR point: [2.60335051]
BR value: 2.603350504882419
BR point: [2.60335051]
BR value: 2.603350504882419
Points utilities = [[2.26590295 2.36020566 2.37137023 2.37378374 2.37792029 2.40380092
  2.60349246]]
new point utility = 2.603350504882419
new point = [2.60335051]
3
classifier utilities = [2.60349251 2.6034925  2.60349249 2.60349248 2.60349247 2.60349247
 2.60349246]
new classifier utility = [0.]
classifier added
classifires probs: [0.2265903  0.0711032  0.0795145  0.09852029 0.1228049  0.15520917
 0.24625765]
____iterstion: 13
positive data: [[10.          7.92830791  6.28663835  4.98978898  3.97291305  3.18915464
   2.60349246]]
positive support: [0.14918725 0.10588762 0.09706395 0.0908392  0.09606085 0.14231055
 0.31865059]
classifires probs: [-1.55032091e-10 -2.76188923e-10 -2.57706966e-10 -1.29992774e-10
 -1.28216529e-10 -1.19292197e-10  3.56550803e-11  1.00000000e+00]
BR point: [2.18831184]
BR value: 2.18831184505041
BR point: [2.18831184]
BR value: 2.18831184505041
Points utilities = [[-1.55032091e-09 -3.41885298e-09 -4.33104106e-09 -4.08624175e-09
  -3.76289407e-09 -3.40100852e-09 -2.68361338e-09]]
new point utility = 2.18831184505041
new point = [2.18831184]
point added
3
classifier utilities = [5.05995269 3.56808018 2.72857056 2.11836461 1.66509615 1.28345476
 0.8296044  0.        ]
new classifier utility = [0.]
classifires probs: [-1.55032091e-10 -2.76188923e-10 -2.57706966e-10 -1.29992774e-10
 -1.28216529e-10 -1.19292197e-10  3.56550803e-11  1.00000000e+00]
____iterstion: 14
positive data: [[10.          7.92830791  6.28663835  4.98978898  3.97291305  3.18915464
   2.60349246  2.18831184]]
positive support: [1.03495647e-09 1.63078303e-09 1.88622243e-09 1.80928267e-09
 1.68429304e-09 1.58862926e-09 1.63004503e-09 1.00000000e+00]
classifires probs: [0.18761092 0.06049112 0.0666324  0.08217006 0.1016725  0.12365605
 0.15039448 0.22737247]
BR point: [2.18816153]
BR value: 2.1881615330472113
BR point: [2.18816153]
BR value: 2.1881615330472113
Points utilities = [[1.87610921 1.96702941 1.97862164 1.98046974 1.98080309 1.98439742
  2.01152996 2.18831184]]
new point utility = 2.1881615330472113
new point = [2.18816153]
3
classifier utilities = [2.18831191 2.1883119  2.18831188 2.18831187 2.18831186 2.18831186
 2.18831185 2.18831185]
new classifier utility = [0.]
classifier added
classifires probs: [0.18761092 0.06049112 0.0666324  0.08217006 0.1016725  0.12365605
 0.15039448 0.22737247]
____iterstion: 15
positive data: [[10.          7.92830791  6.28663835  4.98978898  3.97291305  3.18915464
   2.60349246  2.18831184]]
positive support: [0.12858955 0.09365105 0.0863804  0.08107763 0.07998761 0.09309412
 0.14325794 0.2939617 ]
classifires probs: [-1.95654722e-10 -2.70052183e-10 -2.10614451e-10 -7.65680245e-11
 -1.25701828e-10 -1.85840572e-10 -1.93077931e-10 -6.98959835e-11
  1.00000000e+00]
BR point: [1.91476831]
BR value: 1.9147683085703193
BR point: [1.91476831]
BR value: 1.9147683085703193
Points utilities = [[-1.95654722e-09 -3.69226773e-09 -4.25178776e-09 -3.75675913e-09
  -3.49056648e-09 -3.39463754e-09 -3.27391705e-09 -2.90477760e-09]]
new point utility = 1.9147683085703193
new point = [1.91476831]
point added
3
classifier utilities = [4.60691873 3.3210232  2.57852884 2.03548648 1.63092619 1.31314237
 1.01625082 0.64327986 0.        ]
new classifier utility = [0.]
classifires probs: [-1.95654722e-10 -2.70052183e-10 -2.10614451e-10 -7.65680245e-11
 -1.25701828e-10 -1.85840572e-10 -1.93077931e-10 -6.98959835e-11
  1.00000000e+00]
____iterstion: 16
positive data: [[10.          7.92830791  6.28663835  4.98978898  3.97291305  3.18915464
   2.60349246  2.18831184  1.91476831]]
positive support: [1.04337428e-09 1.73691542e-09 2.10407707e-09 2.02640098e-09
 1.87328325e-09 1.74564966e-09 1.65393396e-09 1.74551541e-09
 1.00000000e+00]
classifires probs: [0.16243036 0.05337406 0.05820912 0.07154519 0.08824776 0.10607064
 0.1226131  0.13972123 0.19778854]
BR point: [1.91477026]
BR value: 1.9147702624004526
BR point: [1.91477026]
BR value: 1.9147702624004526
Points utilities = [[1.62430362 1.7109639  1.72262403 1.72426515 1.72347546 1.72175166
  1.72478831 1.75548885 1.91476831]]
new point utility = 1.9147702624004526
new point = [1.91477026]
3
classifier utilities = [1.91476838 1.91476837 1.91476836 1.91476834 1.91476833 1.91476832
 1.91476832 1.91476831 1.91476831]
new classifier utility = [0.]
classifier added
classifires probs: [0.16243036 0.05337406 0.05820912 0.07154519 0.08824776 0.10607064
 0.1226131  0.13972123 0.19778854]
____iterstion: 17
positive data: [[10.          7.92830791  6.28663835  4.98978898  3.97291305  3.18915464
   2.60349246  2.18831184  1.91476831]]
positive support: [0.11215662 0.08324218 0.07693046 0.07294877 0.07101043 0.07503155
 0.09440322 0.14337174 0.27090504]
classifires probs: [-2.67951707e-10 -3.22104965e-10 -2.06160412e-10 -4.80191997e-11
 -1.38903452e-10 -2.39552473e-10 -2.81607481e-10 -2.66290258e-10
 -5.15798002e-11  1.00000000e+00]
BR point: [1.74860765]
BR value: 1.748607650472958
BR point: [1.74860765]
BR value: 1.748607650472958
Points utilities = [[-2.67951707e-09 -4.67815098e-09 -5.00552885e-09 -4.21256090e-09
  -3.90592869e-09 -3.89935452e-09 -3.91643290e-09 -3.87460296e-09
  -3.48903289e-09]]
new point utility = 1.748607650472958
new point = [1.74860765]
point added
3
classifier utilities = [4.22881483 3.10724861 2.44727895 1.96364497 1.59964599 1.31752773
 1.07824053 0.83246246 0.51872038 0.        ]
new classifier utility = [0.]
classifires probs: [-2.67951707e-10 -3.22104965e-10 -2.06160412e-10 -4.80191997e-11
 -1.38903452e-10 -2.39552473e-10 -2.81607481e-10 -2.66290258e-10
 -5.15798002e-11  1.00000000e+00]
____iterstion: 18
positive data: [[10.          7.92830791  6.28663835  4.98978898  3.97291305  3.18915464
   2.60349246  2.18831184  1.91476831  1.74860765]]
positive support: [1.03844241e-09 1.81932922e-09 2.24020479e-09 2.16041922e-09
 1.99507646e-09 1.85568200e-09 1.73497821e-09 1.64340780e-09
 1.82965397e-09 1.00000000e+00]
classifires probs: [0.14767348 0.04893545 0.05313924 0.06520761 0.08030024 0.09599108
 0.10871061 0.11576665 0.12205526 0.16222038]
BR point: [1.74654921]
BR value: 1.746549208023536
BR point: [1.74654921]
BR value: 1.746549208023536
Points utilities = [[1.47673477 1.55877613 1.57007643 1.57156288 1.57031781 1.56666296
  1.56198536 1.56622808 1.60415386 1.74860765]]
new point utility = 1.746549208023536
new point = [1.74654921]
3
classifier utilities = [1.74860773 1.74860772 1.7486077  1.74860769 1.74860768 1.74860767
 1.74860766 1.74860766 1.74860766 1.74860765]
new classifier utility = [0.]
classifier added
classifires probs: [0.14767348 0.04893545 0.05313924 0.06520761 0.08030024 0.09599108
 0.10871061 0.11576665 0.12205526 0.16222038]
____iterstion: 19
positive data: [[10.          7.92830791  6.28663835  4.98978898  3.97291305  3.18915464
   2.60349246  2.18831184  1.91476831  1.74860765]]
positive support: [0.10695824 0.06413921 0.05141801 0.0557492  0.06525846 0.07331304
 0.08415452 0.10522499 0.14492748 0.24885686]
classifires probs: [-1.11147728e-11 -1.63259320e-11 -8.62434841e-13 -9.61321194e-12
 -1.97074691e-11 -2.50176156e-11 -2.47144976e-11 -2.13566239e-11
 -1.37537832e-11  1.03355494e-11  1.00000000e+00]
BR point: [1.65467741]
BR value: 1.6546774078003603
BR point: [1.65467741]
BR value: 1.6546774078003603
Points utilities = [[-1.11147728e-10 -2.17558357e-10 -1.77931603e-10 -1.89194593e-10
  -2.28934429e-10 -2.63556320e-10 -2.79500364e-10 -2.81663215e-10
  -2.72790035e-10 -2.31044913e-10]]
new point utility = 1.6546774078003603
new point = [1.65467741]
point added
3
classifier utilities = [3.83461003 2.76502764 2.25651228 1.93326582 1.6550891  1.39582293
 1.16201631 0.94292066 0.71265556 0.43515301 0.        ]
new classifier utility = [0.]
classifires probs: [-1.11147728e-11 -1.63259320e-11 -8.62434841e-13 -9.61321194e-12
 -1.97074691e-11 -2.50176156e-11 -2.47144976e-11 -2.13566239e-11
 -1.37537832e-11  1.03355494e-11  1.00000000e+00]
____iterstion: 20
positive data: [[10.          7.92830791  6.28663835  4.98978898  3.97291305  3.18915464
   2.60349246  2.18831184  1.91476831  1.74860765  1.65467741]]
positive support: [1.02714993e-09 1.85034297e-09 2.26994503e-09 2.18481198e-09
 2.01864136e-09 1.88107678e-09 1.75172742e-09 1.60177822e-09
 1.52502065e-09 1.86571159e-09 1.00000000e+00]
classifires probs: [0.13986037 0.04631397 0.05030671 0.06172727 0.07596677 0.0905425
 0.10137968 0.10427464 0.10103133 0.10050976 0.12808699]
BR point: [1.65433602]
BR value: 1.6543360139420469
BR point: [1.65433602]
BR value: 1.6543360139420469
Points utilities = [[1.3986037  1.47604751 1.48667088 1.48799663 1.48656513 1.48205628
  1.47382998 1.4669828  1.47705849 1.52463376 1.65467741]]
new point utility = 1.6543360139420469
new point = [1.65433602]
3
classifier utilities = [1.65467749 1.65467748 1.65467746 1.65467745 1.65467744 1.65467743
 1.65467742 1.65467742 1.65467742 1.65467741 1.65467741]
new classifier utility = [0.]
classifier added
classifires probs: [0.13986037 0.04631397 0.05030671 0.06172727 0.07596677 0.0905425
 0.10137968 0.10427464 0.10103133 0.10050976 0.12808699]
____iterstion: 21
positive data: [[10.          7.92830791  6.28663835  4.98978898  3.97291305  3.18915464
   2.60349246  2.18831184  1.91476831  1.74860765  1.65467741]]
positive support: [0.09918099 0.05385358 0.03735166 0.04188579 0.05421403 0.06638068
 0.07746672 0.09053867 0.10945165 0.14090179 0.22877444]
classifires probs: [-2.94287530e-11 -1.19469874e-11 -7.51983163e-12 -1.43692790e-11
 -2.16267505e-11 -2.78625315e-11 -2.98268497e-11 -2.79346464e-11
 -2.28244980e-11 -1.18598085e-11  1.86759056e-11  1.00000000e+00]
BR point: [1.60428382]
BR value: 1.6042838158154775
BR point: [1.60428382]
BR value: 1.6042838158154775
Points utilities = [[-2.94287530e-10 -3.28039610e-10 -3.07388779e-10 -3.15678257e-10
  -3.37266952e-10 -3.59590366e-10 -3.71208513e-10 -3.73141371e-10
  -3.70201548e-10 -3.58814177e-10 -3.08637099e-10]]
new point utility = 1.6042838158154775
new point = [1.60428382]
point added
3
classifier utilities = [3.52399643 2.53218653 2.10521877 1.87040238 1.66140115 1.44601351
 1.23431527 1.03263125 0.8345044  0.62492984 0.3785479  0.        ]
new classifier utility = [0.]
classifires probs: [-2.94287530e-11 -1.19469874e-11 -7.51983163e-12 -1.43692790e-11
 -2.16267505e-11 -2.78625315e-11 -2.98268497e-11 -2.79346464e-11
 -2.28244980e-11 -1.18598085e-11  1.86759056e-11  1.00000000e+00]
____iterstion: 22
positive data: [[10.          7.92830791  6.28663835  4.98978898  3.97291305  3.18915464
   2.60349246  2.18831184  1.91476831  1.74860765  1.65467741  1.60428382]]
positive support: [1.04998739e-09 1.88611890e-09 2.27102145e-09 2.17829969e-09
 2.01742135e-09 1.88833612e-09 1.75324033e-09 1.56082420e-09
 1.39108177e-09 1.39041177e-09 1.92841337e-09 1.00000000e+00]
classifires probs: [0.1361547  0.04479796 0.04881461 0.05994948 0.07377835 0.08780057
 0.0975938  0.09804709 0.09031232 0.08228331 0.08017162 0.10029618]
BR point: [1.60428171]
BR value: 1.604281707249681
BR point: [1.60428171]
BR value: 1.604281707249681
Points utilities = [[1.36154703 1.43464842 1.44446374 1.44562544 1.44413444 1.43925169
  1.4290296  1.41569895 1.41166081 1.43304027 1.48871958 1.60428381]]
new point utility = 1.604281707249681
new point = [1.60428171]
3
classifier utilities = [1.6042839  1.60428389 1.60428387 1.60428386 1.60428385 1.60428384
 1.60428384 1.60428383 1.60428383 1.60428382 1.60428382 1.60428382]
new classifier utility = [0.]
classifier added
classifires probs: [0.1361547  0.04479796 0.04881461 0.05994948 0.07377835 0.08780057
 0.0975938  0.09804709 0.09031232 0.08228331 0.08017162 0.10029618]
____iterstion: 23
positive data: [[10.          7.92830791  6.28663835  4.98978898  3.97291305  3.18915464
   2.60349246  2.18831184  1.91476831  1.74860765  1.65467741  1.60428382]]
positive support: [0.0919196  0.04796666 0.02916433 0.03681049 0.04717551 0.05896844
 0.07007168 0.08073547 0.0920279  0.10648577 0.13127263 0.20740151]
classifires probs: [-5.49359079e-11 -1.27369005e-11 -3.16456042e-11 -2.42438746e-11
 -3.82169074e-11 -4.56894082e-11 -4.74801950e-11 -4.45898294e-11
 -3.76791210e-11 -2.53996224e-11 -1.67485444e-12  5.75825962e-11
  1.00000000e+00]
BR point: [1.57810571]
BR value: 1.5781057084975971
BR point: [1.57810571]
BR value: 1.5781057084975971
Points utilities = [[-5.49359079e-10 -5.36530862e-10 -6.24378941e-10 -6.16549739e-10
  -6.42734674e-10 -6.61649457e-10 -6.63757273e-10 -6.55483926e-10
  -6.45693857e-10 -6.34075509e-10 -6.02786115e-10 -4.92049294e-10]]
new point utility = 1.5781057084975971
new point = [1.57810571]
point added
3
classifier utilities = [3.31346053 2.39426449 2.01397002 1.83062441 1.64694783 1.45952363
 1.27146417 1.08903307 0.91235868 0.73614658 0.54994474 0.33273089
 0.        ]
new classifier utility = [0.]
classifires probs: [-5.49359079e-11 -1.27369005e-11 -3.16456042e-11 -2.42438746e-11
 -3.82169074e-11 -4.56894082e-11 -4.74801950e-11 -4.45898294e-11
 -3.76791210e-11 -2.53996224e-11 -1.67485444e-12  5.75825962e-11
  1.00000000e+00]
____iterstion: 24
positive data: [[10.          7.92830791  6.28663835  4.98978898  3.97291305  3.18915464
   2.60349246  2.18831184  1.91476831  1.74860765  1.65467741  1.60428382
   1.57810571]]
positive support: [1.12077855e-09 1.95910219e-09 2.29706626e-09 2.19565975e-09
 2.04112265e-09 1.92105536e-09 1.77559099e-09 1.53300223e-09
 1.30622396e-09 1.21113296e-09 1.29501901e-09 2.06921066e-09
 1.00000000e+00]
classifires probs: [0.1346551  0.04390627 0.04806236 0.05910166 0.07275661 0.08652748
 0.09570288 0.09435989 0.08367753 0.07240576 0.06520788 0.06382627
 0.0798103 ]
BR point: [1.57809708]
BR value: 1.5780970775136955
BR point: [1.57809708]
BR value: 1.5780970775136955
Points utilities = [[1.34655099 1.41568955 1.42470145 1.42570942 1.42421783 1.41920407
  1.40774058 1.38973614 1.37623931 1.38342064 1.41700521 1.47624544
  1.57810571]]
new point utility = 1.5780970775136955
new point = [1.57809708]
3
classifier utilities = [1.5781058  1.57810579 1.57810577 1.57810576 1.57810575 1.57810574
 1.57810573 1.57810573 1.57810572 1.57810572 1.57810572 1.57810572
 1.57810571]
new classifier utility = [0.]
classifier added
classifires probs: [0.1346551  0.04390627 0.04806236 0.05910166 0.07275661 0.08652748
 0.09570288 0.09435989 0.08367753 0.07240576 0.06520788 0.06382627
 0.0798103 ]
____iterstion: 25
positive data: [[10.          7.92830791  6.28663835  4.98978898  3.97291305  3.18915464
   2.60349246  2.18831184  1.91476831  1.74860765  1.65467741  1.60428382
   1.57810571]]
positive support: [0.08620492 0.04409792 0.02445831 0.03330546 0.04195343 0.0525056
 0.06303118 0.07274805 0.08138614 0.08946999 0.10022368 0.12099751
 0.18961782]
classifires probs: [-7.26926148e-11 -1.42827102e-11 -5.10985084e-11 -2.78453290e-11
 -4.78908311e-11 -5.69727594e-11 -5.91696280e-11 -5.64557963e-11
 -4.97985489e-11 -3.88785311e-11 -2.09250669e-11  1.29180305e-11
  9.59960901e-11  1.00000000e+00]
BR point: [1.56474738]
BR value: 1.5647473797519993
BR point: [1.56474738]
BR value: 1.5647473797519993
Points utilities = [[-7.26926148e-10 -6.89567157e-10 -8.68020255e-10 -8.27901607e-10
  -8.49448514e-10 -8.63568072e-10 -8.59028535e-10 -8.45581591e-10
  -8.35234815e-10 -8.30737715e-10 -8.20737077e-10 -7.75017148e-10
  -6.10878728e-10]]
new point utility = 1.5647473797519993
new point = [1.56474738]
point added
3
classifier utilities = [3.16051391 2.29846471 1.94884286 1.79508233 1.6288951  1.46221777
 1.29476931 1.13066811 0.97147268 0.81563708 0.65918918 0.49335131
 0.29923696 0.        ]
new classifier utility = [0.]
classifires probs: [-7.26926148e-11 -1.42827102e-11 -5.10985084e-11 -2.78453290e-11
 -4.78908311e-11 -5.69727594e-11 -5.91696280e-11 -5.64557963e-11
 -4.97985489e-11 -3.88785311e-11 -2.09250669e-11  1.29180305e-11
  9.59960901e-11  1.00000000e+00]
____iterstion: 26
positive data: [[10.          7.92830791  6.28663835  4.98978898  3.97291305  3.18915464
   2.60349246  2.18831184  1.91476831  1.74860765  1.65467741  1.60428382
   1.57810571  1.56474738]]
positive support: [1.23948556e-09 2.08093371e-09 2.37257099e-09 2.26155819e-09
 2.11176805e-09 1.99782328e-09 1.83196824e-09 1.52314945e-09
 1.25566582e-09 1.13574200e-09 1.10047796e-09 1.22267992e-09
 2.36690561e-09 1.00000000e+00]
classifires probs: [0.1342497  0.04335669 0.04769708 0.05873138 0.07233001 0.08600358
 0.09478562 0.09192154 0.07895075 0.06598081 0.05692248 0.05197594
 0.05168489 0.06540954]
BR point: [1.56395446]
BR value: 1.56395446077125
BR point: [1.56395446]
BR value: 1.56395446077125
Points utilities = [[1.342497   1.40811813 1.41640142 1.41727393 1.41580657 1.41078133
  1.39847652 1.37661357 1.35570639 1.35343482 1.37492048 1.4164311
  1.47488253 1.56474738]]
new point utility = 1.56395446077125
new point = [1.56395446]
3
classifier utilities = [1.56474748 1.56474746 1.56474745 1.56474743 1.56474742 1.56474741
 1.56474741 1.5647474  1.5647474  1.5647474  1.56474739 1.56474739
 1.56474739 1.56474739]
new classifier utility = [0.]
classifier added
classifires probs: [0.1342497  0.04335669 0.04769708 0.05873138 0.07233001 0.08600358
 0.09478562 0.09192154 0.07895075 0.06598081 0.05692248 0.05197594
 0.05168489 0.06540954]
____iterstion: 27
positive data: [[10.          7.92830791  6.28663835  4.98978898  3.97291305  3.18915464
   2.60349246  2.18831184  1.91476831  1.74860765  1.65467741  1.60428382
   1.57810571  1.56474738]]
positive support: [0.0816575  0.04144211 0.02121406 0.03066973 0.03820571 0.04752225
 0.05712426 0.06598651 0.07342319 0.0790801  0.08436323 0.09291529
 0.11144604 0.17495002]
classifires probs: [-8.49408217e-11 -1.57739596e-11 -6.53511072e-11 -2.88133666e-11
 -5.32439863e-11 -6.39759735e-11 -6.68944174e-11 -6.48847947e-11
 -5.91551727e-11 -4.99439090e-11 -3.61803046e-11 -1.39588353e-11
  2.79294276e-11  1.30620346e-10  1.00000000e+00]
BR point: [1.55800202]
BR value: 1.5580020223081636
BR point: [1.55800202]
BR value: 1.5580020223081636
Points utilities = [[-8.49408217e-10 -7.98497797e-10 -1.04399618e-09 -9.72406359e-10
  -9.85772065e-10 -9.95332658e-10 -9.86707064e-10 -9.71344420e-10
  -9.63192795e-10 -9.66940702e-10 -9.74866123e-10 -9.67570279e-10
  -9.07706237e-10 -6.95634853e-10]]
new point utility = 1.5580020223081636
new point = [1.55800202]
point added
3
classifier utilities = [3.04515801 2.22858297 1.90001712 1.766652   1.6136165  1.46182854
 1.31027274 1.16155017 1.01715111 0.8765627  0.73828262 0.5986887
 0.44962621 0.27375258 0.        ]
new classifier utility = [0.]
classifires probs: [-8.49408217e-11 -1.57739596e-11 -6.53511072e-11 -2.88133666e-11
 -5.32439863e-11 -6.39759735e-11 -6.68944174e-11 -6.48847947e-11
 -5.91551727e-11 -4.99439090e-11 -3.61803046e-11 -1.39588353e-11
  2.79294276e-11  1.30620346e-10  1.00000000e+00]
____iterstion: 28
positive data: [[10.          7.92830791  6.28663835  4.98978898  3.97291305  3.18915464
   2.60349246  2.18831184  1.91476831  1.74860765  1.65467741  1.60428382
   1.57810571  1.56474738  1.55800202]]
positive support: [1.39203131e-09 2.23575003e-09 2.48440790e-09 2.36383934e-09
 2.21715602e-09 2.10600978e-09 1.90851144e-09 1.51110247e-09
 1.22591433e-09 1.12072006e-09 1.04941476e-09 9.86214914e-10
 1.14702546e-09 2.93636050e-09 1.00000001e+00]
classifires probs: [0.13434549 0.04299617 0.04752774 0.05859563 0.0721923  0.08584239
 0.09434818 0.09008003 0.07523671 0.06133205 0.05151564 0.04534419
 0.04230194 0.04293583 0.0554057 ]
BR point: [1.55800196]
BR value: 1.5580019583976625
BR point: [1.55800196]
BR value: 1.5580019583976625
Points utilities = [[1.34345493 1.4060193  1.41367262 1.41443068 1.41299566 1.40801088
  1.39507598 1.36972551 1.34256783 1.33330755 1.34692782 1.37865177
  1.42291237 1.47805145 1.55800202]]
new point utility = 1.5580019583976625
new point = [1.55800196]
3
classifier utilities = [1.55800213 1.55800211 1.5580021  1.55800208 1.55800207 1.55800206
 1.55800205 1.55800205 1.55800205 1.55800204 1.55800204 1.55800204
 1.55800204 1.55800204 1.55800203]
new classifier utility = [0.]
classifier added
classifires probs: [0.13434549 0.04299617 0.04752774 0.05859563 0.0721923  0.08584239
 0.09434818 0.09008003 0.07523671 0.06133205 0.05151564 0.04534419
 0.04230194 0.04293583 0.0554057 ]
____iterstion: 29
positive data: [[10.          7.92830791  6.28663835  4.98978898  3.97291305  3.18915464
   2.60349246  2.18831184  1.91476831  1.74860765  1.65467741  1.60428382
   1.57810571  1.56474738  1.55800202]]
positive support: [0.07796595 0.03948288 0.01874038 0.028545   0.0354242  0.04376588
 0.05244088 0.06042042 0.06696806 0.07151768 0.0746565  0.07834052
 0.08583876 0.10307539 0.16281751]
classifires probs: [-9.39043946e-11 -1.75519411e-11 -7.60080888e-11 -2.89128227e-11
 -5.61741172e-11 -6.83702643e-11 -7.20723100e-11 -7.09261316e-11
 -6.63101534e-11 -5.87159036e-11 -4.78452642e-11 -3.20097337e-11
 -6.33496368e-12  4.23741195e-11  1.61987198e-10  1.00000000e+00]
BR point: [1.55461692]
BR value: 1.5546169165231554
BR point: [1.55461692]
BR value: 1.5546169165231554
Points utilities = [[-9.39043946e-10 -8.83660148e-10 -1.17852104e-09 -1.07967680e-09
  -1.08282287e-09 -1.08725179e-09 -1.07522661e-09 -1.05896802e-09
  -1.05356339e-09 -1.06480786e-09 -1.08677788e-09 -1.10503250e-09
  -1.09699823e-09 -1.02140758e-09 -7.64628086e-10]]
new point utility = 1.5546169165231554
new point = [1.55461692]
point added
3
classifier utilities = [2.95491813 2.17525864 1.86222623 1.74441223 1.60197871 1.46124145
 1.32166528 1.18513584 1.05291711 0.9246888  0.79963244 0.67610002
 0.55041958 0.41495695 0.25367001 0.        ]
new classifier utility = [0.]
classifires probs: [-9.39043946e-11 -1.75519411e-11 -7.60080888e-11 -2.89128227e-11
 -5.61741172e-11 -6.83702643e-11 -7.20723100e-11 -7.09261316e-11
 -6.63101534e-11 -5.87159036e-11 -4.78452642e-11 -3.20097337e-11
 -6.33496368e-12  4.23741195e-11  1.61987198e-10  1.00000000e+00]
____iterstion: 30
positive data: [[10.          7.92830791  6.28663835  4.98978898  3.97291305  3.18915464
   2.60349246  2.18831184  1.91476831  1.74860765  1.65467741  1.60428382
   1.57810571  1.56474738  1.55800202  1.55461692]]
positive support: [1.56689423e-09 2.41149039e-09 2.62126011e-09 2.49142816e-09
 2.34648467e-09 2.23497707e-09 1.99473091e-09 1.47966555e-09
 1.20459129e-09 1.15018589e-09 1.07879345e-09 9.39694945e-10
 8.01114021e-10 1.11992627e-09 3.89905947e-09 1.00000001e+00]
classifires probs: [0.13464595 0.04274324 0.04745526 0.05857019 0.07218784 0.08584713
 0.0941365  0.08851852 0.07213665 0.05775709 0.04764389 0.04099603
 0.03699264 0.03532326 0.0366632  0.04838261]
BR point: [1.55412853]
BR value: 1.5541285251247798
BR point: [1.55412853]
BR value: 1.5541285251247798
Points utilities = [[1.34645947 1.40639609 1.4135157  1.41417921 1.4127777  1.40785105
  1.39439438 1.36573553 1.33314072 1.3184473  1.32645932 1.35183095
  1.38815058 1.43167216 1.48262181 1.55461691]]
new point utility = 1.5541285251247798
new point = [1.55412853]
3
classifier utilities = [1.55461703 1.55461702 1.554617   1.55461698 1.55461697 1.55461696
 1.55461695 1.55461695 1.55461695 1.55461694 1.55461694 1.55461694
 1.55461694 1.55461694 1.55461693 1.55461693]
new classifier utility = [0.]
classifier added
classifires probs: [0.13464595 0.04274324 0.04745526 0.05857019 0.07218784 0.08584713
 0.0941365  0.08851852 0.07213665 0.05775709 0.04764389 0.04099603
 0.03699264 0.03532326 0.0366632  0.04838261]
____iterstion: 31
positive data: [[10.          7.92830791  6.28663835  4.98978898  3.97291305  3.18915464
   2.60349246  2.18831184  1.91476831  1.74860765  1.65467741  1.60428382
   1.57810571  1.56474738  1.55800202  1.55461692]]
positive support: [0.07490618 0.03794203 0.01674797 0.02676771 0.03327446 0.04090124
 0.04878813 0.05595251 0.06169491 0.06547789 0.0676579  0.06940108
 0.07244    0.07948615 0.09589178 0.15267005]
classifires probs: [-1.00887206e-10 -1.95984974e-11 -8.43505215e-11 -2.89603504e-11
 -5.78301195e-11 -7.12140118e-11 -7.56202378e-11 -7.52997941e-11
 -7.17606674e-11 -6.56220889e-11 -5.69212952e-11 -4.49158523e-11
 -2.74002771e-11  1.29710148e-12  5.61349521e-11  1.91100905e-10
  1.00000000e+00]
BR point: [1.55291884]
BR value: 1.5529188400819793
BR point: [1.55291884]
BR value: 1.5529188400819793
Points utilities = [[-1.00887206e-09 -9.55247758e-10 -1.28773127e-09 -1.16659558e-09
  -1.15860750e-09 -1.15715512e-09 -1.14152976e-09 -1.12426871e-09
  -1.12113783e-09 -1.13859450e-09 -1.17161881e-09 -1.20799466e-09
  -1.23152358e-09 -1.21906936e-09 -1.12635580e-09 -8.26819837e-10]]
new point utility = 1.5529188400819793
new point = [1.55291884]
point added
3
classifier utilities = [2.88218395 2.13312213 1.83230606 1.72701762 1.59345239 1.46125587
 1.33081547 1.20379594 1.08135439 0.96322292 0.84872778 0.73677579
 0.62543675 0.51111878 0.38674303 0.23734344 0.        ]
new classifier utility = [0.]
classifires probs: [-1.00887206e-10 -1.95984974e-11 -8.43505215e-11 -2.89603504e-11
 -5.78301195e-11 -7.12140118e-11 -7.56202378e-11 -7.52997941e-11
 -7.17606674e-11 -6.56220889e-11 -5.69212952e-11 -4.49158523e-11
 -2.74002771e-11  1.29710148e-12  5.61349521e-11  1.91100905e-10
  1.00000000e+00]
____iterstion: 32
positive data: [[10.          7.92830791  6.28663835  4.98978898  3.97291305  3.18915464
   2.60349246  2.18831184  1.91476831  1.74860765  1.65467741  1.60428382
   1.57810571  1.56474738  1.55800202  1.55461692  1.55291884]]
positive support: [1.79095809e-09 2.65040383e-09 2.82574309e-09 2.68842385e-09
 2.54484884e-09 2.42915802e-09 2.13421877e-09 1.46113568e-09
 1.21052141e-09 1.23670568e-09 1.19115362e-09 1.02741181e-09
 7.54749549e-10 6.16437857e-10 1.33760027e-09 5.39567951e-09
 1.00000001e+00]
classifires probs: [0.13501084 0.0425541  0.0474296  0.05859325 0.07223957 0.08592165
 0.09401794 0.08708687 0.06946758 0.05489856 0.04473391 0.03788107
 0.03347112 0.03096664 0.03027227 0.03212358 0.04333144]
BR point: [1.55239195]
BR value: 1.5523919467958378
BR point: [1.55239195]
BR value: 1.5523919467958378
Points utilities = [[1.35010837 1.40778948 1.41445927 1.4150432  1.41367116 1.40880591
  1.39486523 1.36299841 1.32563509 1.30659456 1.3104282  1.33129079
  1.36238824 1.39931088 1.44044295 1.48725313 1.55291884]]
new point utility = 1.5523919467958378
new point = [1.55239195]
3
classifier utilities = [1.55291897 1.55291895 1.55291893 1.55291892 1.5529189  1.55291889
 1.55291888 1.55291888 1.55291888 1.55291887 1.55291887 1.55291887
 1.55291887 1.55291887 1.55291887 1.55291886 1.55291886]
new classifier utility = [0.]
classifier added
classifires probs: [0.13501084 0.0425541  0.0474296  0.05859325 0.07223957 0.08592165
 0.09401794 0.08708687 0.06946758 0.05489856 0.04473391 0.03788107
 0.03347112 0.03096664 0.03027227 0.03212358 0.04333144]
____iterstion: 33
positive data: [[10.          7.92830791  6.28663835  4.98978898  3.97291305  3.18915464
   2.60349246  2.18831184  1.91476831  1.74860765  1.65467741  1.60428382
   1.57810571  1.56474738  1.55800202  1.55461692  1.55291884]]
positive support: [0.07232022 0.03666954 0.0150889  0.02525222 0.03155454 0.0386669
 0.04592866 0.05240534 0.05743596 0.06054943 0.06209067 0.06297323
 0.06420573 0.06709357 0.07395036 0.08975282 0.14406191]
classifires probs: [-1.06606937e-10 -2.17838490e-11 -9.11912657e-11 -2.92984608e-11
 -5.88715449e-11 -7.31610309e-11 -7.81352757e-11 -7.85133701e-11
 -7.59044727e-11 -7.10135582e-11 -6.40525256e-11 -5.46786664e-11
 -4.17922550e-11 -2.27913095e-11  8.70037242e-12  6.93128365e-11
  2.18807592e-10  1.00000000e+00]
BR point: [1.55205243]
BR value: 1.55205242652949
BR point: [1.55205243]
BR value: 1.55205242652949
Points utilities = [[-1.06606937e-09 -1.01792168e-09 -1.38043295e-09 -1.24186124e-09
  -1.22267217e-09 -1.21479074e-09 -1.19512895e-09 -1.17635271e-09
  -1.17464565e-09 -1.19688655e-09 -1.23857947e-09 -1.28857834e-09
  -1.33350439e-09 -1.35787920e-09 -1.33847042e-09 -1.22780739e-09
  -8.86675848e-10]]
new point utility = 1.55205242652949
new point = [1.55205243]
point added
3
classifier utilities = [2.82211473 2.09891254 1.80818516 1.71332673 1.58732347 1.46196004
 1.33864531 1.2190704  1.10439117 0.99441462 0.88853743 0.7857974
 0.68477046 0.58344703 0.47846254 0.36324772 0.22371646 0.        ]
new classifier utility = [0.22371646]
classifires probs: [-1.06606937e-10 -2.17838490e-11 -9.11912657e-11 -2.92984608e-11
 -5.88715449e-11 -7.31610309e-11 -7.81352757e-11 -7.85133701e-11
 -7.59044727e-11 -7.10135582e-11 -6.40525256e-11 -5.46786664e-11
 -4.17922550e-11 -2.27913095e-11  8.70037242e-12  6.93128365e-11
  2.18807592e-10  1.00000000e+00]
____iterstion: 34
positive data: [[10.          7.92830791  6.28663835  4.98978898  3.97291305  3.18915464
   2.60349246  2.18831184  1.91476831  1.74860765  1.65467741  1.60428382
   1.57810571  1.56474738  1.55800202  1.55461692  1.55291884  1.55205243]]
positive support: [2.02892996e-09 2.90486510e-09 3.04908475e-09 2.90602215e-09
 2.76395134e-09 2.64237583e-09 2.28604252e-09 1.42543069e-09
 1.20658482e-09 1.33707119e-09 1.33848179e-09 1.17801824e-09
 8.38941887e-10 4.68800071e-10 5.25748831e-10 1.88252331e-09
 7.27658733e-09 1.00000001e+00]
classifires probs: [0.13537881 0.04240376 0.04742546 0.05863554 0.07231194 0.08602061
 0.09393013 0.08574108 0.06712977 0.0525374  0.04247301 0.0355559
 0.03092308 0.02803307 0.02657881 0.02657437 0.0287709  0.03957634]
BR point: [1.55156238]
BR value: 1.551562376675695
BR point: [1.55156238]
BR value: 1.551562376675695
Points utilities = [[1.35378815 1.40951502 1.41580147 1.41631955 1.41497491 1.41016804
  1.39574859 1.36079588 1.31923151 1.29661792 1.29724641 1.31478022
  1.34212602 1.37462989 1.41011394 1.44836313 1.49145999 1.55205242]]
new point utility = 1.551562376675695
new point = [1.55156238]
3
classifier utilities = [1.55205258 1.55205256 1.55205253 1.55205251 1.5520525  1.55205249
 1.55205248 1.55205247 1.55205247 1.55205247 1.55205247 1.55205246
 1.55205246 1.55205246 1.55205246 1.55205246 1.55205246 1.55205244]
new classifier utility = [0.]
classifier added
classifires probs: [0.13537881 0.04240376 0.04742546 0.05863554 0.07231194 0.08602061
 0.09393013 0.08574108 0.06712977 0.0525374  0.04247301 0.0355559
 0.03092308 0.02803307 0.02657881 0.02657437 0.0287709  0.03957634]
____iterstion: 35
positive data: [[10.          7.92830791  6.28663835  4.98978898  3.97291305  3.18915464
   2.60349246  2.18831184  1.91476831  1.74860765  1.65467741  1.60428382
   1.57810571  1.56474738  1.55800202  1.55461692  1.55291884  1.55205243]]
positive support: [2.57953032e-09 1.67107856e-09 2.79074177e-09 2.86089115e-09
 1.84042128e-09 9.84654648e-10 8.77960916e-10 1.00057643e-09
 1.19349356e-09 1.41150200e-09 1.60381820e-09 1.77457647e-09
 1.99069856e-09 2.36403182e-09 3.11707009e-09 4.92852585e-09
 1.17402516e-08 1.00000000e+00]
classifires probs: [0.07438446 0.04039174 0.04554301 0.04424837 0.04322762 0.04180697
 0.0424644  0.04341908 0.04346898 0.04326564 0.04348084 0.04426598
 0.04545668 0.04690322 0.04876558 0.05186991 0.05885089 0.09818665
 0.10000001]
BR point: [1.55057729]
BR value: 1.550577288833749
BR point: [1.55057729]
BR value: 1.550577288833749
Points utilities = [[0.74384457 0.90998101 1.00786887 1.02074902 0.98446875 0.92358606
  0.86453277 0.82167966 0.80220102 0.80824188 0.83677218 0.88230328
  0.93964162 1.00507944 1.07672358 1.155022   1.24515105 1.39684717]]
new point utility = 1.550577288833749
new point = [1.55057729]
point added
3
classifier utilities = [1.55205256 1.55205254 1.55205253 1.55205251 1.55205249 1.55205249
 1.55205248 1.55205248 1.55205248 1.55205248 1.55205247 1.55205247
 1.55205247 1.55205247 1.55205246 1.55205246 1.55205245 1.55205243
 0.        ]
new classifier utility = [0.]
classifires probs: [0.07438446 0.04039174 0.04554301 0.04424837 0.04322762 0.04180697
 0.0424644  0.04341908 0.04346898 0.04326564 0.04348084 0.04426598
 0.04545668 0.04690322 0.04876558 0.05186991 0.05885089 0.09818665
 0.10000001]
____iterstion: 36
positive data: [[10.          7.92830791  6.28663835  4.98978898  3.97291305  3.18915464
   2.60349246  2.18831184  1.91476831  1.74860765  1.65467741  1.60428382
   1.57810571  1.56474738  1.55800202  1.55461692  1.55291884  1.55205243
   1.55057729]]
positive support: [3.08225958e-09 4.16959975e-09 4.29366513e-09 4.12598739e-09
 3.96208784e-09 3.81382080e-09 3.42989771e-09 2.17602177e-09
 1.68347665e-09 1.88914557e-09 1.93423255e-09 1.74186016e-09
 1.30528327e-09 7.89449588e-10 6.75435567e-10 1.72678643e-09
 5.38489682e-09 2.04704141e-08 1.00000001e+00]
classifires probs: [0.13604888 0.04215444 0.04743619 0.05874089 0.07248263 0.08629451
 0.09453409 0.08614139 0.06590847 0.05077484 0.04068549 0.03377434
 0.02905315 0.02597396 0.02420967 0.02359565 0.02430731 0.02758799
 0.03029612]
BR point: [1.54865227]
BR value: 1.5486522686843895
BR point: [1.54865227]
BR value: 1.5486522686843895
Points utilities = [[1.3604888  1.41285079 1.41851398 1.41899818 1.41778576 1.41329791
  1.39987608 1.36514116 1.32069512 1.29487251 1.292637   1.30745305
  1.33196746 1.36133532 1.39318555 1.42684074 1.46302952 1.50503126
  1.55057729]]
new point utility = 1.5486522686843895
new point = [1.54865227]
3
classifier utilities = [1.55057751 1.55057748 1.55057745 1.55057742 1.5505774  1.55057738
 1.55057737 1.55057736 1.55057736 1.55057736 1.55057735 1.55057735
 1.55057735 1.55057734 1.55057734 1.55057734 1.55057734 1.55057733
 1.5505773 ]
new classifier utility = [9.08731863e-08]
classifier added
classifires probs: [0.13604888 0.04215444 0.04743619 0.05874089 0.07248263 0.08629451
 0.09453409 0.08614139 0.06590847 0.05077484 0.04068549 0.03377434
 0.02905315 0.02597396 0.02420967 0.02359565 0.02430731 0.02758799
 0.03029612]
____iterstion: 37
positive data: [[10.          7.92830791  6.28663835  4.98978898  3.97291305  3.18915464
   2.60349246  2.18831184  1.91476831  1.74860765  1.65467741  1.60428382
   1.57810571  1.56474738  1.55800202  1.55461692  1.55291884  1.55205243
   1.55057729]]
positive support: [2.62466614e-09 1.58007523e-09 1.89678044e-09 1.20220380e-09
 1.43403790e-09 1.41418564e-09 1.27726551e-09 1.14907152e-09
 1.07971715e-09 1.07112806e-09 1.11618227e-09 1.21019854e-09
 1.35590777e-09 1.56905828e-09 1.89307090e-09 2.45450752e-09
 3.82571914e-09 9.99996871e-01 3.12834278e-06]
classifires probs: [0.00657745 0.03010042 0.04232368 0.05587254 0.06274125 0.05324734
 0.04821136 0.04719179 0.04745979 0.04746621 0.04704766 0.04654162
 0.04633026 0.04678419 0.04839102 0.05219007 0.06175894 0.10976442
 0.00048094 0.09951906]
BR point: [1.43304792]
BR value: 1.433047915391356
BR point: [1.43304792]
BR value: 1.433047915391356
Points utilities = [[1.06096516 1.07981121 1.1222945  0.6729932  0.78510853 0.80003983
  0.77863697 0.75773759 0.75389331 0.77147138 0.80787882 0.85794064
  0.91705514 0.98249789 1.05365582 1.13250208 1.2271717  1.39684717
  1.39626529]]
new point utility = 1.433047915391356
new point = [1.43304792]
3
classifier utilities = [1.55205252e+00 1.55205249e+00 1.55205248e+00 1.55205247e+00
 1.55205246e+00 1.55205246e+00 1.55205245e+00 1.55205245e+00
 1.55205245e+00 1.55205244e+00 1.55205244e+00 1.55205244e+00
 1.55205244e+00 1.55205244e+00 1.55205243e+00 1.55205243e+00
 1.55205243e+00 1.55205242e+00 4.85073727e-06 5.06983569e-08]
new classifier utility = [4.85073727e-06]
classifires probs: [0.00657745 0.03010042 0.04232368 0.05587254 0.06274125 0.05324734
 0.04821136 0.04719179 0.04745979 0.04746621 0.04704766 0.04654162
 0.04633026 0.04678419 0.04839102 0.05219007 0.06175894 0.10976442
 0.00048094 0.09951906]
Objective = 1.3968471717499487
Number of iterations = 38
Support of attacker = 2
Support of classifier = 20
Size of game = (19, 20)
NEW RUN________________________________________
positive data: [[10.]]
positive utility: 10.0
____iterstion: 0
positive data: [[10.]]
positive support: [1.]
classifires probs: [1.]
BR point: [10.]
BR value: 9.999999998021366
BR point: [10.]
BR value: 9.999999998021366
Points utilities = [[10.]]
new point utility = 9.999999998021366
new point = [10.]
3
classifier utilities = [10.00000001]
new classifier utility = [0.]
classifier added
classifires probs: [1.]
____iterstion: 1
positive data: [[10.]]
positive support: [1.]
classifires probs: [-2.63694171e-11  1.00000000e+00]
BR point: [7.92830791]
BR value: 7.928307911844451
BR point: [7.92830791]
BR value: 7.928307911844451
Points utilities = [[-2.63694171e-10]]
new point utility = 7.928307911844451
new point = [7.92830791]
point added
3
classifier utilities = [10.  0.]
new classifier utility = [0.]
classifires probs: [-2.63694171e-11  1.00000000e+00]
____iterstion: 2
positive data: [[10.          7.92830791]]
positive support: [5.60455461e-10 1.00000000e+00]
classifires probs: [0.72751707 0.27248293]
BR point: [7.92844616]
BR value: 7.928446159348756
BR point: [7.92844616]
BR value: 7.928446159348756
Points utilities = [[7.2751707  7.92830791]]
new point utility = 7.928446159348756
new point = [7.92844616]
3
classifier utilities = [7.92830792 7.92830792]
new classifier utility = [0.]
classifier added
classifires probs: [0.72751707 0.27248293]
____iterstion: 3
positive data: [[10.          7.92830791]]
positive support: [0.48957677 0.51042323]
classifires probs: [-1.17259325e-10 -1.42524432e-10  1.00000000e+00]
BR point: [6.28663835]
BR value: 6.286638347424236
BR point: [6.28663835]
BR value: 6.286638347424236
Points utilities = [[-1.17259325e-09 -2.05964562e-09]]
new point utility = 6.286638347424236
new point = [6.28663835]
point added
3
classifier utilities = [8.94256025 4.04679254 0.        ]
new classifier utility = [0.]
classifires probs: [-1.17259325e-10 -1.42524432e-10  1.00000000e+00]
____iterstion: 4
positive data: [[10.          7.92830791  6.28663835]]
positive support: [5.79942475e-10 9.30739688e-10 1.00000000e+00]
classifires probs: [0.57457549 0.16714753 0.25827698]
BR point: [6.277932]
BR value: 6.27793200255503
BR point: [6.277932]
BR value: 6.27793200255503
Points utilities = [[5.74575489 5.88060849 6.28663835]]
new point utility = 6.27793200255503
new point = [6.277932]
3
classifier utilities = [6.28663836 6.28663836 6.28663835]
new classifier utility = [0.]
classifier added
classifires probs: [0.57457549 0.16714753 0.25827698]
____iterstion: 5
positive data: [[10.          7.92830791  6.28663835]]
positive support: [0.35763814 0.19071002 0.45165184]
classifires probs: [-1.25692538e-10 -1.35988367e-10 -1.74501066e-10  1.00000000e+00]
BR point: [4.98978898]
BR value: 4.989788976324946
BR point: [4.98978898]
BR value: 4.989788976324946
Points utilities = [[-1.25692538e-09 -2.07468679e-09 -2.74211830e-09]]
new point utility = 4.989788976324946
new point = [4.98978898]
point added
3
classifier utilities = [7.92776096 4.35137953 2.83937177 0.        ]
new classifier utility = [0.]
classifires probs: [-1.25692538e-10 -1.35988367e-10 -1.74501066e-10  1.00000000e+00]
____iterstion: 6
positive data: [[10.          7.92830791  6.28663835  4.98978898]]
positive support: [7.36446840e-10 1.14010327e-09 1.11398181e-09 1.00000000e+00]
classifires probs: [0.45304667 0.13138508 0.15770593 0.25786231]
BR point: [4.98979028]
BR value: 4.989790275407796
BR point: [4.98979028]
BR value: 4.989790275407796
Points utilities = [[4.53046671 4.63355489 4.66555125 4.98978897]]
new point utility = 4.989790275407796
new point = [4.98979028]
3
classifier utilities = [4.989789   4.989789   4.98978899 4.98978898]
new classifier utility = [0.]
classifier added
classifires probs: [0.45304667 0.13138508 0.15770593 0.25786231]
____iterstion: 7
positive data: [[10.          7.92830791  6.28663835  4.98978898]]
positive support: [0.27439574 0.14690749 0.16159624 0.41710053]
classifires probs: [-1.44892520e-10 -1.33267802e-10 -2.17687666e-10 -9.75671568e-11
  1.00000000e+00]
BR point: [3.97291305]
BR value: 3.972913053237093
BR point: [3.97291305]
BR value: 3.972913053237093
Points utilities = [[-1.44892520e-09 -2.20534068e-09 -3.11721698e-09 -2.96101635e-09]]
new point utility = 3.972913053237093
new point = [3.97291305]
point added
3
classifier utilities = [7.005826   4.26186855 3.09714074 2.08124364 0.        ]
new classifier utility = [0.]
classifires probs: [-1.44892520e-10 -1.33267802e-10 -2.17687666e-10 -9.75671568e-11
  1.00000000e+00]
____iterstion: 8
positive data: [[10.          7.92830791  6.28663835  4.98978898  3.97291305]]
positive support: [7.92449074e-10 1.25379482e-09 1.18463752e-09 1.18384814e-09
 1.00000000e+00]
classifires probs: [0.35682945 0.10548506 0.12257032 0.15719069 0.25792448]
BR point: [3.97327454]
BR value: 3.9732745372459353
BR point: [3.97327454]
BR value: 3.9732745372459353
Points utilities = [[3.56829453 3.66537178 3.6769594  3.70280026 3.97291305]]
new point utility = 3.9732745372459353
new point = [3.97327454]
3
classifier utilities = [3.97291309 3.97291308 3.97291307 3.97291306 3.97291306]
new classifier utility = [0.]
classifier added
classifires probs: [0.35682945 0.10548506 0.12257032 0.15719069 0.25792448]
____iterstion: 9
positive data: [[10.          7.92830791  6.28663835  4.98978898  3.97291305]]
positive support: [0.2182845  0.13008163 0.12070124 0.14885349 0.38207915]
classifires probs: [-1.87027586e-10 -1.69633065e-10 -2.38634939e-10 -1.90443429e-10
 -4.08371634e-11  1.00000000e+00]
BR point: [3.18915464]
BR value: 3.1891546373936754
BR point: [3.18915464]
BR value: 3.1891546373936754
Points utilities = [[-1.87027586e-09 -2.82771546e-09 -3.74240809e-09 -3.92067189e-09
  -3.28391530e-09]]
new point utility = 3.1891546373936754
new point = [3.18915464]
point added
3
classifier utilities = [6.23369196 4.05084699 3.01951978 2.26071476 1.51796725 0.        ]
new classifier utility = [0.]
classifires probs: [-1.87027586e-10 -1.69633065e-10 -2.38634939e-10 -1.90443429e-10
 -4.08371634e-11  1.00000000e+00]
____iterstion: 10
positive data: [[10.          7.92830791  6.28663835  4.98978898  3.97291305  3.18915464]]
positive support: [8.73682747e-10 1.34978461e-09 1.34301862e-09 1.28377686e-09
 1.28972004e-09 1.00000000e+00]
classifires probs: [0.28218106 0.08585926 0.09779884 0.12209582 0.15686871 0.25519631]
BR point: [3.18910845]
BR value: 3.189108443738464
BR point: [3.18910845]
BR value: 3.189108443738464
Points utilities = [[2.82181058 2.91793699 2.92856232 2.93367148 2.95904032 3.18915464]]
new point utility = 3.189108443738464
new point = [3.18910845]
3
classifier utilities = [3.18915468 3.18915467 3.18915466 3.18915465 3.18915465 3.18915464]
new classifier utility = [0.]
classifier added
classifires probs: [0.28218106 0.08585926 0.09779884 0.12209582 0.15686871 0.25519631]
____iterstion: 11
positive data: [[10.          7.92830791  6.28663835  4.98978898  3.97291305  3.18915464]]
positive support: [0.17868104 0.11745866 0.10728899 0.10471598 0.14342783 0.3484275 ]
classifires probs: [-1.93602576e-10 -2.11670889e-10 -2.50317426e-10 -1.92858134e-10
 -1.68037365e-10 -1.12698394e-11  1.00000000e+00]
BR point: [2.60349246]
BR value: 2.603492459610316
BR point: [2.60349246]
BR value: 2.603492459610316
Points utilities = [[-1.93602576e-09 -3.21313282e-09 -4.12146284e-09 -4.23358160e-09
  -4.03841205e-09 -3.27767355e-09]]
new point utility = 2.603492459610316
new point = [2.60349246]
point added
3
classifier utilities = [5.59607205 3.80926167 2.87801323 2.20352614 1.68101548 1.11118917
 0.        ]
new classifier utility = [0.]
classifires probs: [-1.93602576e-10 -2.11670889e-10 -2.50317426e-10 -1.92858134e-10
 -1.68037365e-10 -1.12698394e-11  1.00000000e+00]
____iterstion: 12
positive data: [[10.          7.92830791  6.28663835  4.98978898  3.97291305  3.18915464
   2.60349246]]
positive support: [9.66558244e-10 1.47799564e-09 1.59163062e-09 1.51964612e-09
 1.43532110e-09 1.44842691e-09 1.00000000e+00]
classifires probs: [0.2265903  0.0711032  0.0795145  0.09852029 0.1228049  0.15520917
 0.24625765]
BR point: [2.60335051]
BR value: 2.603350504882419
BR point: [2.60335051]
BR value: 2.603350504882419
Points utilities = [[2.26590295 2.36020566 2.37137023 2.37378374 2.37792029 2.40380092
  2.60349246]]
new point utility = 2.603350504882419
new point = [2.60335051]
3
classifier utilities = [2.60349251 2.6034925  2.60349249 2.60349248 2.60349247 2.60349247
 2.60349246]
new classifier utility = [0.]
classifier added
classifires probs: [0.2265903  0.0711032  0.0795145  0.09852029 0.1228049  0.15520917
 0.24625765]
____iterstion: 13
positive data: [[10.          7.92830791  6.28663835  4.98978898  3.97291305  3.18915464
   2.60349246]]
positive support: [0.14918725 0.10588762 0.09706395 0.0908392  0.09606085 0.14231055
 0.31865059]
classifires probs: [-1.55032091e-10 -2.76188923e-10 -2.57706966e-10 -1.29992774e-10
 -1.28216529e-10 -1.19292197e-10  3.56550803e-11  1.00000000e+00]
BR point: [2.18831184]
BR value: 2.18831184505041
BR point: [2.18831184]
BR value: 2.18831184505041
Points utilities = [[-1.55032091e-09 -3.41885298e-09 -4.33104106e-09 -4.08624175e-09
  -3.76289407e-09 -3.40100852e-09 -2.68361338e-09]]
new point utility = 2.18831184505041
new point = [2.18831184]
point added
3
classifier utilities = [5.05995269 3.56808018 2.72857056 2.11836461 1.66509615 1.28345476
 0.8296044  0.        ]
new classifier utility = [0.]
classifires probs: [-1.55032091e-10 -2.76188923e-10 -2.57706966e-10 -1.29992774e-10
 -1.28216529e-10 -1.19292197e-10  3.56550803e-11  1.00000000e+00]
____iterstion: 14
positive data: [[10.          7.92830791  6.28663835  4.98978898  3.97291305  3.18915464
   2.60349246  2.18831184]]
positive support: [1.03495647e-09 1.63078303e-09 1.88622243e-09 1.80928267e-09
 1.68429304e-09 1.58862926e-09 1.63004503e-09 1.00000000e+00]
classifires probs: [0.18761092 0.06049112 0.0666324  0.08217006 0.1016725  0.12365605
 0.15039448 0.22737247]
BR point: [2.18816153]
BR value: 2.1881615330472113
BR point: [2.18816153]
BR value: 2.1881615330472113
Points utilities = [[1.87610921 1.96702941 1.97862164 1.98046974 1.98080309 1.98439742
  2.01152996 2.18831184]]
new point utility = 2.1881615330472113
new point = [2.18816153]
3
classifier utilities = [2.18831191 2.1883119  2.18831188 2.18831187 2.18831186 2.18831186
 2.18831185 2.18831185]
new classifier utility = [0.]
classifier added
classifires probs: [0.18761092 0.06049112 0.0666324  0.08217006 0.1016725  0.12365605
 0.15039448 0.22737247]
____iterstion: 15
positive data: [[10.          7.92830791  6.28663835  4.98978898  3.97291305  3.18915464
   2.60349246  2.18831184]]
positive support: [0.12858955 0.09365105 0.0863804  0.08107763 0.07998761 0.09309412
 0.14325794 0.2939617 ]
classifires probs: [-1.95654722e-10 -2.70052183e-10 -2.10614451e-10 -7.65680245e-11
 -1.25701828e-10 -1.85840572e-10 -1.93077931e-10 -6.98959835e-11
  1.00000000e+00]
BR point: [1.91476831]
BR value: 1.9147683085703193
BR point: [1.91476831]
BR value: 1.9147683085703193
Points utilities = [[-1.95654722e-09 -3.69226773e-09 -4.25178776e-09 -3.75675913e-09
  -3.49056648e-09 -3.39463754e-09 -3.27391705e-09 -2.90477760e-09]]
new point utility = 1.9147683085703193
new point = [1.91476831]
point added
3
classifier utilities = [4.60691873 3.3210232  2.57852884 2.03548648 1.63092619 1.31314237
 1.01625082 0.64327986 0.        ]
new classifier utility = [0.]
classifires probs: [-1.95654722e-10 -2.70052183e-10 -2.10614451e-10 -7.65680245e-11
 -1.25701828e-10 -1.85840572e-10 -1.93077931e-10 -6.98959835e-11
  1.00000000e+00]
____iterstion: 16
positive data: [[10.          7.92830791  6.28663835  4.98978898  3.97291305  3.18915464
   2.60349246  2.18831184  1.91476831]]
positive support: [1.04337428e-09 1.73691542e-09 2.10407707e-09 2.02640098e-09
 1.87328325e-09 1.74564966e-09 1.65393396e-09 1.74551541e-09
 1.00000000e+00]
classifires probs: [0.16243036 0.05337406 0.05820912 0.07154519 0.08824776 0.10607064
 0.1226131  0.13972123 0.19778854]
BR point: [1.91477026]
BR value: 1.9147702624004526
BR point: [1.91477026]
BR value: 1.9147702624004526
Points utilities = [[1.62430362 1.7109639  1.72262403 1.72426515 1.72347546 1.72175166
  1.72478831 1.75548885 1.91476831]]
new point utility = 1.9147702624004526
new point = [1.91477026]
3
classifier utilities = [1.91476838 1.91476837 1.91476836 1.91476834 1.91476833 1.91476832
 1.91476832 1.91476831 1.91476831]
new classifier utility = [0.]
classifier added
classifires probs: [0.16243036 0.05337406 0.05820912 0.07154519 0.08824776 0.10607064
 0.1226131  0.13972123 0.19778854]
____iterstion: 17
positive data: [[10.          7.92830791  6.28663835  4.98978898  3.97291305  3.18915464
   2.60349246  2.18831184  1.91476831]]
positive support: [0.11215662 0.08324218 0.07693046 0.07294877 0.07101043 0.07503155
 0.09440322 0.14337174 0.27090504]
classifires probs: [-2.67951707e-10 -3.22104965e-10 -2.06160412e-10 -4.80191997e-11
 -1.38903452e-10 -2.39552473e-10 -2.81607481e-10 -2.66290258e-10
 -5.15798002e-11  1.00000000e+00]
BR point: [1.74860765]
BR value: 1.748607650472958
BR point: [1.74860765]
BR value: 1.748607650472958
Points utilities = [[-2.67951707e-09 -4.67815098e-09 -5.00552885e-09 -4.21256090e-09
  -3.90592869e-09 -3.89935452e-09 -3.91643290e-09 -3.87460296e-09
  -3.48903289e-09]]
new point utility = 1.748607650472958
new point = [1.74860765]
point added
3
classifier utilities = [4.22881483 3.10724861 2.44727895 1.96364497 1.59964599 1.31752773
 1.07824053 0.83246246 0.51872038 0.        ]
new classifier utility = [0.]
classifires probs: [-2.67951707e-10 -3.22104965e-10 -2.06160412e-10 -4.80191997e-11
 -1.38903452e-10 -2.39552473e-10 -2.81607481e-10 -2.66290258e-10
 -5.15798002e-11  1.00000000e+00]
____iterstion: 18
positive data: [[10.          7.92830791  6.28663835  4.98978898  3.97291305  3.18915464
   2.60349246  2.18831184  1.91476831  1.74860765]]
positive support: [1.03844241e-09 1.81932922e-09 2.24020479e-09 2.16041922e-09
 1.99507646e-09 1.85568200e-09 1.73497821e-09 1.64340780e-09
 1.82965397e-09 1.00000000e+00]
classifires probs: [0.14767348 0.04893545 0.05313924 0.06520761 0.08030024 0.09599108
 0.10871061 0.11576665 0.12205526 0.16222038]
BR point: [1.74654921]
BR value: 1.746549208023536
BR point: [1.74654921]
BR value: 1.746549208023536
Points utilities = [[1.47673477 1.55877613 1.57007643 1.57156288 1.57031781 1.56666296
  1.56198536 1.56622808 1.60415386 1.74860765]]
new point utility = 1.746549208023536
new point = [1.74654921]
3
classifier utilities = [1.74860773 1.74860772 1.7486077  1.74860769 1.74860768 1.74860767
 1.74860766 1.74860766 1.74860766 1.74860765]
new classifier utility = [0.]
classifier added
classifires probs: [0.14767348 0.04893545 0.05313924 0.06520761 0.08030024 0.09599108
 0.10871061 0.11576665 0.12205526 0.16222038]
____iterstion: 19
positive data: [[10.          7.92830791  6.28663835  4.98978898  3.97291305  3.18915464
   2.60349246  2.18831184  1.91476831  1.74860765]]
positive support: [0.10695824 0.06413921 0.05141801 0.0557492  0.06525846 0.07331304
 0.08415452 0.10522499 0.14492748 0.24885686]
classifires probs: [-1.11147728e-11 -1.63259320e-11 -8.62434841e-13 -9.61321194e-12
 -1.97074691e-11 -2.50176156e-11 -2.47144976e-11 -2.13566239e-11
 -1.37537832e-11  1.03355494e-11  1.00000000e+00]
BR point: [1.65467741]
BR value: 1.6546774078003603
BR point: [1.65467741]
BR value: 1.6546774078003603
Points utilities = [[-1.11147728e-10 -2.17558357e-10 -1.77931603e-10 -1.89194593e-10
  -2.28934429e-10 -2.63556320e-10 -2.79500364e-10 -2.81663215e-10
  -2.72790035e-10 -2.31044913e-10]]
new point utility = 1.6546774078003603
new point = [1.65467741]
point added
3
classifier utilities = [3.83461003 2.76502764 2.25651228 1.93326582 1.6550891  1.39582293
 1.16201631 0.94292066 0.71265556 0.43515301 0.        ]
new classifier utility = [0.]
classifires probs: [-1.11147728e-11 -1.63259320e-11 -8.62434841e-13 -9.61321194e-12
 -1.97074691e-11 -2.50176156e-11 -2.47144976e-11 -2.13566239e-11
 -1.37537832e-11  1.03355494e-11  1.00000000e+00]
____iterstion: 20
positive data: [[10.          7.92830791  6.28663835  4.98978898  3.97291305  3.18915464
   2.60349246  2.18831184  1.91476831  1.74860765  1.65467741]]
positive support: [1.02714993e-09 1.85034297e-09 2.26994503e-09 2.18481198e-09
 2.01864136e-09 1.88107678e-09 1.75172742e-09 1.60177822e-09
 1.52502065e-09 1.86571159e-09 1.00000000e+00]
classifires probs: [0.13986037 0.04631397 0.05030671 0.06172727 0.07596677 0.0905425
 0.10137968 0.10427464 0.10103133 0.10050976 0.12808699]
BR point: [1.65433602]
BR value: 1.6543360139420469
BR point: [1.65433602]
BR value: 1.6543360139420469
Points utilities = [[1.3986037  1.47604751 1.48667088 1.48799663 1.48656513 1.48205628
  1.47382998 1.4669828  1.47705849 1.52463376 1.65467741]]
new point utility = 1.6543360139420469
new point = [1.65433602]
3
classifier utilities = [1.65467749 1.65467748 1.65467746 1.65467745 1.65467744 1.65467743
 1.65467742 1.65467742 1.65467742 1.65467741 1.65467741]
new classifier utility = [0.]
classifier added
classifires probs: [0.13986037 0.04631397 0.05030671 0.06172727 0.07596677 0.0905425
 0.10137968 0.10427464 0.10103133 0.10050976 0.12808699]
____iterstion: 21
positive data: [[10.          7.92830791  6.28663835  4.98978898  3.97291305  3.18915464
   2.60349246  2.18831184  1.91476831  1.74860765  1.65467741]]
positive support: [0.09918099 0.05385358 0.03735166 0.04188579 0.05421403 0.06638068
 0.07746672 0.09053867 0.10945165 0.14090179 0.22877444]
classifires probs: [-2.94287530e-11 -1.19469874e-11 -7.51983163e-12 -1.43692790e-11
 -2.16267505e-11 -2.78625315e-11 -2.98268497e-11 -2.79346464e-11
 -2.28244980e-11 -1.18598085e-11  1.86759056e-11  1.00000000e+00]
BR point: [1.60428382]
BR value: 1.6042838158154775
BR point: [1.60428382]
BR value: 1.6042838158154775
Points utilities = [[-2.94287530e-10 -3.28039610e-10 -3.07388779e-10 -3.15678257e-10
  -3.37266952e-10 -3.59590366e-10 -3.71208513e-10 -3.73141371e-10
  -3.70201548e-10 -3.58814177e-10 -3.08637099e-10]]
new point utility = 1.6042838158154775
new point = [1.60428382]
point added
3
classifier utilities = [3.52399643 2.53218653 2.10521877 1.87040238 1.66140115 1.44601351
 1.23431527 1.03263125 0.8345044  0.62492984 0.3785479  0.        ]
new classifier utility = [0.]
classifires probs: [-2.94287530e-11 -1.19469874e-11 -7.51983163e-12 -1.43692790e-11
 -2.16267505e-11 -2.78625315e-11 -2.98268497e-11 -2.79346464e-11
 -2.28244980e-11 -1.18598085e-11  1.86759056e-11  1.00000000e+00]
____iterstion: 22
positive data: [[10.          7.92830791  6.28663835  4.98978898  3.97291305  3.18915464
   2.60349246  2.18831184  1.91476831  1.74860765  1.65467741  1.60428382]]
positive support: [1.04998739e-09 1.88611890e-09 2.27102145e-09 2.17829969e-09
 2.01742135e-09 1.88833612e-09 1.75324033e-09 1.56082420e-09
 1.39108177e-09 1.39041177e-09 1.92841337e-09 1.00000000e+00]
classifires probs: [0.1361547  0.04479796 0.04881461 0.05994948 0.07377835 0.08780057
 0.0975938  0.09804709 0.09031232 0.08228331 0.08017162 0.10029618]
BR point: [1.60428171]
BR value: 1.604281707249681
BR point: [1.60428171]
BR value: 1.604281707249681
Points utilities = [[1.36154703 1.43464842 1.44446374 1.44562544 1.44413444 1.43925169
  1.4290296  1.41569895 1.41166081 1.43304027 1.48871958 1.60428381]]
new point utility = 1.604281707249681
new point = [1.60428171]
3
classifier utilities = [1.6042839  1.60428389 1.60428387 1.60428386 1.60428385 1.60428384
 1.60428384 1.60428383 1.60428383 1.60428382 1.60428382 1.60428382]
new classifier utility = [0.]
classifier added
classifires probs: [0.1361547  0.04479796 0.04881461 0.05994948 0.07377835 0.08780057
 0.0975938  0.09804709 0.09031232 0.08228331 0.08017162 0.10029618]
____iterstion: 23
positive data: [[10.          7.92830791  6.28663835  4.98978898  3.97291305  3.18915464
   2.60349246  2.18831184  1.91476831  1.74860765  1.65467741  1.60428382]]
positive support: [0.0919196  0.04796666 0.02916433 0.03681049 0.04717551 0.05896844
 0.07007168 0.08073547 0.0920279  0.10648577 0.13127263 0.20740151]
classifires probs: [-5.49359079e-11 -1.27369005e-11 -3.16456042e-11 -2.42438746e-11
 -3.82169074e-11 -4.56894082e-11 -4.74801950e-11 -4.45898294e-11
 -3.76791210e-11 -2.53996224e-11 -1.67485444e-12  5.75825962e-11
  1.00000000e+00]
BR point: [1.57810571]
BR value: 1.5781057084975971
BR point: [1.57810571]
BR value: 1.5781057084975971
Points utilities = [[-5.49359079e-10 -5.36530862e-10 -6.24378941e-10 -6.16549739e-10
  -6.42734674e-10 -6.61649457e-10 -6.63757273e-10 -6.55483926e-10
  -6.45693857e-10 -6.34075509e-10 -6.02786115e-10 -4.92049294e-10]]
new point utility = 1.5781057084975971
new point = [1.57810571]
point added
3
classifier utilities = [3.31346053 2.39426449 2.01397002 1.83062441 1.64694783 1.45952363
 1.27146417 1.08903307 0.91235868 0.73614658 0.54994474 0.33273089
 0.        ]
new classifier utility = [0.]
classifires probs: [-5.49359079e-11 -1.27369005e-11 -3.16456042e-11 -2.42438746e-11
 -3.82169074e-11 -4.56894082e-11 -4.74801950e-11 -4.45898294e-11
 -3.76791210e-11 -2.53996224e-11 -1.67485444e-12  5.75825962e-11
  1.00000000e+00]
____iterstion: 24
positive data: [[10.          7.92830791  6.28663835  4.98978898  3.97291305  3.18915464
   2.60349246  2.18831184  1.91476831  1.74860765  1.65467741  1.60428382
   1.57810571]]
positive support: [1.12077855e-09 1.95910219e-09 2.29706626e-09 2.19565975e-09
 2.04112265e-09 1.92105536e-09 1.77559099e-09 1.53300223e-09
 1.30622396e-09 1.21113296e-09 1.29501901e-09 2.06921066e-09
 1.00000000e+00]
classifires probs: [0.1346551  0.04390627 0.04806236 0.05910166 0.07275661 0.08652748
 0.09570288 0.09435989 0.08367753 0.07240576 0.06520788 0.06382627
 0.0798103 ]
BR point: [1.57809708]
BR value: 1.5780970775136955
BR point: [1.57809708]
BR value: 1.5780970775136955
Points utilities = [[1.34655099 1.41568955 1.42470145 1.42570942 1.42421783 1.41920407
  1.40774058 1.38973614 1.37623931 1.38342064 1.41700521 1.47624544
  1.57810571]]
new point utility = 1.5780970775136955
new point = [1.57809708]
3
classifier utilities = [1.5781058  1.57810579 1.57810577 1.57810576 1.57810575 1.57810574
 1.57810573 1.57810573 1.57810572 1.57810572 1.57810572 1.57810572
 1.57810571]
new classifier utility = [0.]
classifier added
classifires probs: [0.1346551  0.04390627 0.04806236 0.05910166 0.07275661 0.08652748
 0.09570288 0.09435989 0.08367753 0.07240576 0.06520788 0.06382627
 0.0798103 ]
____iterstion: 25
positive data: [[10.          7.92830791  6.28663835  4.98978898  3.97291305  3.18915464
   2.60349246  2.18831184  1.91476831  1.74860765  1.65467741  1.60428382
   1.57810571]]
positive support: [0.08620492 0.04409792 0.02445831 0.03330546 0.04195343 0.0525056
 0.06303118 0.07274805 0.08138614 0.08946999 0.10022368 0.12099751
 0.18961782]
classifires probs: [-7.26926148e-11 -1.42827102e-11 -5.10985084e-11 -2.78453290e-11
 -4.78908311e-11 -5.69727594e-11 -5.91696280e-11 -5.64557963e-11
 -4.97985489e-11 -3.88785311e-11 -2.09250669e-11  1.29180305e-11
  9.59960901e-11  1.00000000e+00]
BR point: [1.56474738]
BR value: 1.5647473797519993
BR point: [1.56474738]
BR value: 1.5647473797519993
Points utilities = [[-7.26926148e-10 -6.89567157e-10 -8.68020255e-10 -8.27901607e-10
  -8.49448514e-10 -8.63568072e-10 -8.59028535e-10 -8.45581591e-10
  -8.35234815e-10 -8.30737715e-10 -8.20737077e-10 -7.75017148e-10
  -6.10878728e-10]]
new point utility = 1.5647473797519993
new point = [1.56474738]
point added
3
classifier utilities = [3.16051391 2.29846471 1.94884286 1.79508233 1.6288951  1.46221777
 1.29476931 1.13066811 0.97147268 0.81563708 0.65918918 0.49335131
 0.29923696 0.        ]
new classifier utility = [0.]
classifires probs: [-7.26926148e-11 -1.42827102e-11 -5.10985084e-11 -2.78453290e-11
 -4.78908311e-11 -5.69727594e-11 -5.91696280e-11 -5.64557963e-11
 -4.97985489e-11 -3.88785311e-11 -2.09250669e-11  1.29180305e-11
  9.59960901e-11  1.00000000e+00]
____iterstion: 26
positive data: [[10.          7.92830791  6.28663835  4.98978898  3.97291305  3.18915464
   2.60349246  2.18831184  1.91476831  1.74860765  1.65467741  1.60428382
   1.57810571  1.56474738]]
positive support: [1.23948556e-09 2.08093371e-09 2.37257099e-09 2.26155819e-09
 2.11176805e-09 1.99782328e-09 1.83196824e-09 1.52314945e-09
 1.25566582e-09 1.13574200e-09 1.10047796e-09 1.22267992e-09
 2.36690561e-09 1.00000000e+00]
classifires probs: [0.1342497  0.04335669 0.04769708 0.05873138 0.07233001 0.08600358
 0.09478562 0.09192154 0.07895075 0.06598081 0.05692248 0.05197594
 0.05168489 0.06540954]
BR point: [1.56395446]
BR value: 1.56395446077125
BR point: [1.56395446]
BR value: 1.56395446077125
Points utilities = [[1.342497   1.40811813 1.41640142 1.41727393 1.41580657 1.41078133
  1.39847652 1.37661357 1.35570639 1.35343482 1.37492048 1.4164311
  1.47488253 1.56474738]]
new point utility = 1.56395446077125
new point = [1.56395446]
3
classifier utilities = [1.56474748 1.56474746 1.56474745 1.56474743 1.56474742 1.56474741
 1.56474741 1.5647474  1.5647474  1.5647474  1.56474739 1.56474739
 1.56474739 1.56474739]
new classifier utility = [0.]
classifier added
classifires probs: [0.1342497  0.04335669 0.04769708 0.05873138 0.07233001 0.08600358
 0.09478562 0.09192154 0.07895075 0.06598081 0.05692248 0.05197594
 0.05168489 0.06540954]
____iterstion: 27
positive data: [[10.          7.92830791  6.28663835  4.98978898  3.97291305  3.18915464
   2.60349246  2.18831184  1.91476831  1.74860765  1.65467741  1.60428382
   1.57810571  1.56474738]]
positive support: [0.0816575  0.04144211 0.02121406 0.03066973 0.03820571 0.04752225
 0.05712426 0.06598651 0.07342319 0.0790801  0.08436323 0.09291529
 0.11144604 0.17495002]
classifires probs: [-8.49408217e-11 -1.57739596e-11 -6.53511072e-11 -2.88133666e-11
 -5.32439863e-11 -6.39759735e-11 -6.68944174e-11 -6.48847947e-11
 -5.91551727e-11 -4.99439090e-11 -3.61803046e-11 -1.39588353e-11
  2.79294276e-11  1.30620346e-10  1.00000000e+00]
BR point: [1.55800202]
BR value: 1.5580020223081636
BR point: [1.55800202]
BR value: 1.5580020223081636
Points utilities = [[-8.49408217e-10 -7.98497797e-10 -1.04399618e-09 -9.72406359e-10
  -9.85772065e-10 -9.95332658e-10 -9.86707064e-10 -9.71344420e-10
  -9.63192795e-10 -9.66940702e-10 -9.74866123e-10 -9.67570279e-10
  -9.07706237e-10 -6.95634853e-10]]
new point utility = 1.5580020223081636
new point = [1.55800202]
point added
3
classifier utilities = [3.04515801 2.22858297 1.90001712 1.766652   1.6136165  1.46182854
 1.31027274 1.16155017 1.01715111 0.8765627  0.73828262 0.5986887
 0.44962621 0.27375258 0.        ]
new classifier utility = [0.]
classifires probs: [-8.49408217e-11 -1.57739596e-11 -6.53511072e-11 -2.88133666e-11
 -5.32439863e-11 -6.39759735e-11 -6.68944174e-11 -6.48847947e-11
 -5.91551727e-11 -4.99439090e-11 -3.61803046e-11 -1.39588353e-11
  2.79294276e-11  1.30620346e-10  1.00000000e+00]
____iterstion: 28
positive data: [[10.          7.92830791  6.28663835  4.98978898  3.97291305  3.18915464
   2.60349246  2.18831184  1.91476831  1.74860765  1.65467741  1.60428382
   1.57810571  1.56474738  1.55800202]]
positive support: [1.39203131e-09 2.23575003e-09 2.48440790e-09 2.36383934e-09
 2.21715602e-09 2.10600978e-09 1.90851144e-09 1.51110247e-09
 1.22591433e-09 1.12072006e-09 1.04941476e-09 9.86214914e-10
 1.14702546e-09 2.93636050e-09 1.00000001e+00]
classifires probs: [0.13434549 0.04299617 0.04752774 0.05859563 0.0721923  0.08584239
 0.09434818 0.09008003 0.07523671 0.06133205 0.05151564 0.04534419
 0.04230194 0.04293583 0.0554057 ]
BR point: [1.55800196]
BR value: 1.5580019583976625
BR point: [1.55800196]
BR value: 1.5580019583976625
Points utilities = [[1.34345493 1.4060193  1.41367262 1.41443068 1.41299566 1.40801088
  1.39507598 1.36972551 1.34256783 1.33330755 1.34692782 1.37865177
  1.42291237 1.47805145 1.55800202]]
new point utility = 1.5580019583976625
new point = [1.55800196]
3
classifier utilities = [1.55800213 1.55800211 1.5580021  1.55800208 1.55800207 1.55800206
 1.55800205 1.55800205 1.55800205 1.55800204 1.55800204 1.55800204
 1.55800204 1.55800204 1.55800203]
new classifier utility = [0.]
classifier added
classifires probs: [0.13434549 0.04299617 0.04752774 0.05859563 0.0721923  0.08584239
 0.09434818 0.09008003 0.07523671 0.06133205 0.05151564 0.04534419
 0.04230194 0.04293583 0.0554057 ]
____iterstion: 29
positive data: [[10.          7.92830791  6.28663835  4.98978898  3.97291305  3.18915464
   2.60349246  2.18831184  1.91476831  1.74860765  1.65467741  1.60428382
   1.57810571  1.56474738  1.55800202]]
positive support: [0.07796595 0.03948288 0.01874038 0.028545   0.0354242  0.04376588
 0.05244088 0.06042042 0.06696806 0.07151768 0.0746565  0.07834052
 0.08583876 0.10307539 0.16281751]
classifires probs: [-9.39043946e-11 -1.75519411e-11 -7.60080888e-11 -2.89128227e-11
 -5.61741172e-11 -6.83702643e-11 -7.20723100e-11 -7.09261316e-11
 -6.63101534e-11 -5.87159036e-11 -4.78452642e-11 -3.20097337e-11
 -6.33496368e-12  4.23741195e-11  1.61987198e-10  1.00000000e+00]
BR point: [1.55461692]
BR value: 1.5546169165231554
BR point: [1.55461692]
BR value: 1.5546169165231554
Points utilities = [[-9.39043946e-10 -8.83660148e-10 -1.17852104e-09 -1.07967680e-09
  -1.08282287e-09 -1.08725179e-09 -1.07522661e-09 -1.05896802e-09
  -1.05356339e-09 -1.06480786e-09 -1.08677788e-09 -1.10503250e-09
  -1.09699823e-09 -1.02140758e-09 -7.64628086e-10]]
new point utility = 1.5546169165231554
new point = [1.55461692]
point added
3
classifier utilities = [2.95491813 2.17525864 1.86222623 1.74441223 1.60197871 1.46124145
 1.32166528 1.18513584 1.05291711 0.9246888  0.79963244 0.67610002
 0.55041958 0.41495695 0.25367001 0.        ]
new classifier utility = [0.]
classifires probs: [-9.39043946e-11 -1.75519411e-11 -7.60080888e-11 -2.89128227e-11
 -5.61741172e-11 -6.83702643e-11 -7.20723100e-11 -7.09261316e-11
 -6.63101534e-11 -5.87159036e-11 -4.78452642e-11 -3.20097337e-11
 -6.33496368e-12  4.23741195e-11  1.61987198e-10  1.00000000e+00]
____iterstion: 30
positive data: [[10.          7.92830791  6.28663835  4.98978898  3.97291305  3.18915464
   2.60349246  2.18831184  1.91476831  1.74860765  1.65467741  1.60428382
   1.57810571  1.56474738  1.55800202  1.55461692]]
positive support: [1.56689423e-09 2.41149039e-09 2.62126011e-09 2.49142816e-09
 2.34648467e-09 2.23497707e-09 1.99473091e-09 1.47966555e-09
 1.20459129e-09 1.15018589e-09 1.07879345e-09 9.39694945e-10
 8.01114021e-10 1.11992627e-09 3.89905947e-09 1.00000001e+00]
classifires probs: [0.13464595 0.04274324 0.04745526 0.05857019 0.07218784 0.08584713
 0.0941365  0.08851852 0.07213665 0.05775709 0.04764389 0.04099603
 0.03699264 0.03532326 0.0366632  0.04838261]
BR point: [1.55412853]
BR value: 1.5541285251247798
BR point: [1.55412853]
BR value: 1.5541285251247798
Points utilities = [[1.34645947 1.40639609 1.4135157  1.41417921 1.4127777  1.40785105
  1.39439438 1.36573553 1.33314072 1.3184473  1.32645932 1.35183095
  1.38815058 1.43167216 1.48262181 1.55461691]]
new point utility = 1.5541285251247798
new point = [1.55412853]
3
classifier utilities = [1.55461703 1.55461702 1.554617   1.55461698 1.55461697 1.55461696
 1.55461695 1.55461695 1.55461695 1.55461694 1.55461694 1.55461694
 1.55461694 1.55461694 1.55461693 1.55461693]
new classifier utility = [0.]
classifier added
classifires probs: [0.13464595 0.04274324 0.04745526 0.05857019 0.07218784 0.08584713
 0.0941365  0.08851852 0.07213665 0.05775709 0.04764389 0.04099603
 0.03699264 0.03532326 0.0366632  0.04838261]
____iterstion: 31
positive data: [[10.          7.92830791  6.28663835  4.98978898  3.97291305  3.18915464
   2.60349246  2.18831184  1.91476831  1.74860765  1.65467741  1.60428382
   1.57810571  1.56474738  1.55800202  1.55461692]]
positive support: [0.07490618 0.03794203 0.01674797 0.02676771 0.03327446 0.04090124
 0.04878813 0.05595251 0.06169491 0.06547789 0.0676579  0.06940108
 0.07244    0.07948615 0.09589178 0.15267005]
classifires probs: [-1.00887206e-10 -1.95984974e-11 -8.43505215e-11 -2.89603504e-11
 -5.78301195e-11 -7.12140118e-11 -7.56202378e-11 -7.52997941e-11
 -7.17606674e-11 -6.56220889e-11 -5.69212952e-11 -4.49158523e-11
 -2.74002771e-11  1.29710148e-12  5.61349521e-11  1.91100905e-10
  1.00000000e+00]
BR point: [1.55291884]
BR value: 1.5529188400819793
BR point: [1.55291884]
BR value: 1.5529188400819793
Points utilities = [[-1.00887206e-09 -9.55247758e-10 -1.28773127e-09 -1.16659558e-09
  -1.15860750e-09 -1.15715512e-09 -1.14152976e-09 -1.12426871e-09
  -1.12113783e-09 -1.13859450e-09 -1.17161881e-09 -1.20799466e-09
  -1.23152358e-09 -1.21906936e-09 -1.12635580e-09 -8.26819837e-10]]
new point utility = 1.5529188400819793
new point = [1.55291884]
point added
3
classifier utilities = [2.88218395 2.13312213 1.83230606 1.72701762 1.59345239 1.46125587
 1.33081547 1.20379594 1.08135439 0.96322292 0.84872778 0.73677579
 0.62543675 0.51111878 0.38674303 0.23734344 0.        ]
new classifier utility = [0.]
classifires probs: [-1.00887206e-10 -1.95984974e-11 -8.43505215e-11 -2.89603504e-11
 -5.78301195e-11 -7.12140118e-11 -7.56202378e-11 -7.52997941e-11
 -7.17606674e-11 -6.56220889e-11 -5.69212952e-11 -4.49158523e-11
 -2.74002771e-11  1.29710148e-12  5.61349521e-11  1.91100905e-10
  1.00000000e+00]
____iterstion: 32
positive data: [[10.          7.92830791  6.28663835  4.98978898  3.97291305  3.18915464
   2.60349246  2.18831184  1.91476831  1.74860765  1.65467741  1.60428382
   1.57810571  1.56474738  1.55800202  1.55461692  1.55291884]]
positive support: [1.79095809e-09 2.65040383e-09 2.82574309e-09 2.68842385e-09
 2.54484884e-09 2.42915802e-09 2.13421877e-09 1.46113568e-09
 1.21052141e-09 1.23670568e-09 1.19115362e-09 1.02741181e-09
 7.54749549e-10 6.16437857e-10 1.33760027e-09 5.39567951e-09
 1.00000001e+00]
classifires probs: [0.13501084 0.0425541  0.0474296  0.05859325 0.07223957 0.08592165
 0.09401794 0.08708687 0.06946758 0.05489856 0.04473391 0.03788107
 0.03347112 0.03096664 0.03027227 0.03212358 0.04333144]
BR point: [1.55239195]
BR value: 1.5523919467958378
BR point: [1.55239195]
BR value: 1.5523919467958378
Points utilities = [[1.35010837 1.40778948 1.41445927 1.4150432  1.41367116 1.40880591
  1.39486523 1.36299841 1.32563509 1.30659456 1.3104282  1.33129079
  1.36238824 1.39931088 1.44044295 1.48725313 1.55291884]]
new point utility = 1.5523919467958378
new point = [1.55239195]
3
classifier utilities = [1.55291897 1.55291895 1.55291893 1.55291892 1.5529189  1.55291889
 1.55291888 1.55291888 1.55291888 1.55291887 1.55291887 1.55291887
 1.55291887 1.55291887 1.55291887 1.55291886 1.55291886]
new classifier utility = [0.]
classifier added
classifires probs: [0.13501084 0.0425541  0.0474296  0.05859325 0.07223957 0.08592165
 0.09401794 0.08708687 0.06946758 0.05489856 0.04473391 0.03788107
 0.03347112 0.03096664 0.03027227 0.03212358 0.04333144]
____iterstion: 33
positive data: [[10.          7.92830791  6.28663835  4.98978898  3.97291305  3.18915464
   2.60349246  2.18831184  1.91476831  1.74860765  1.65467741  1.60428382
   1.57810571  1.56474738  1.55800202  1.55461692  1.55291884]]
positive support: [0.07232022 0.03666954 0.0150889  0.02525222 0.03155454 0.0386669
 0.04592866 0.05240534 0.05743596 0.06054943 0.06209067 0.06297323
 0.06420573 0.06709357 0.07395036 0.08975282 0.14406191]
classifires probs: [-1.06606937e-10 -2.17838490e-11 -9.11912657e-11 -2.92984608e-11
 -5.88715449e-11 -7.31610309e-11 -7.81352757e-11 -7.85133701e-11
 -7.59044727e-11 -7.10135582e-11 -6.40525256e-11 -5.46786664e-11
 -4.17922550e-11 -2.27913095e-11  8.70037242e-12  6.93128365e-11
  2.18807592e-10  1.00000000e+00]
BR point: [1.55205243]
BR value: 1.55205242652949
BR point: [1.55205243]
BR value: 1.55205242652949
Points utilities = [[-1.06606937e-09 -1.01792168e-09 -1.38043295e-09 -1.24186124e-09
  -1.22267217e-09 -1.21479074e-09 -1.19512895e-09 -1.17635271e-09
  -1.17464565e-09 -1.19688655e-09 -1.23857947e-09 -1.28857834e-09
  -1.33350439e-09 -1.35787920e-09 -1.33847042e-09 -1.22780739e-09
  -8.86675848e-10]]
new point utility = 1.55205242652949
new point = [1.55205243]
point added
3
classifier utilities = [2.82211473 2.09891254 1.80818516 1.71332673 1.58732347 1.46196004
 1.33864531 1.2190704  1.10439117 0.99441462 0.88853743 0.7857974
 0.68477046 0.58344703 0.47846254 0.36324772 0.22371646 0.        ]
new classifier utility = [0.22371646]
classifires probs: [-1.06606937e-10 -2.17838490e-11 -9.11912657e-11 -2.92984608e-11
 -5.88715449e-11 -7.31610309e-11 -7.81352757e-11 -7.85133701e-11
 -7.59044727e-11 -7.10135582e-11 -6.40525256e-11 -5.46786664e-11
 -4.17922550e-11 -2.27913095e-11  8.70037242e-12  6.93128365e-11
  2.18807592e-10  1.00000000e+00]
____iterstion: 34
positive data: [[10.          7.92830791  6.28663835  4.98978898  3.97291305  3.18915464
   2.60349246  2.18831184  1.91476831  1.74860765  1.65467741  1.60428382
   1.57810571  1.56474738  1.55800202  1.55461692  1.55291884  1.55205243]]
positive support: [2.02892996e-09 2.90486510e-09 3.04908475e-09 2.90602215e-09
 2.76395134e-09 2.64237583e-09 2.28604252e-09 1.42543069e-09
 1.20658482e-09 1.33707119e-09 1.33848179e-09 1.17801824e-09
 8.38941887e-10 4.68800071e-10 5.25748831e-10 1.88252331e-09
 7.27658733e-09 1.00000001e+00]
classifires probs: [0.13537881 0.04240376 0.04742546 0.05863554 0.07231194 0.08602061
 0.09393013 0.08574108 0.06712977 0.0525374  0.04247301 0.0355559
 0.03092308 0.02803307 0.02657881 0.02657437 0.0287709  0.03957634]
BR point: [1.55156238]
BR value: 1.551562376675695
BR point: [1.55156238]
BR value: 1.551562376675695
Points utilities = [[1.35378815 1.40951502 1.41580147 1.41631955 1.41497491 1.41016804
  1.39574859 1.36079588 1.31923151 1.29661792 1.29724641 1.31478022
  1.34212602 1.37462989 1.41011394 1.44836313 1.49145999 1.55205242]]
new point utility = 1.551562376675695
new point = [1.55156238]
3
classifier utilities = [1.55205258 1.55205256 1.55205253 1.55205251 1.5520525  1.55205249
 1.55205248 1.55205247 1.55205247 1.55205247 1.55205247 1.55205246
 1.55205246 1.55205246 1.55205246 1.55205246 1.55205246 1.55205244]
new classifier utility = [0.]
classifier added
classifires probs: [0.13537881 0.04240376 0.04742546 0.05863554 0.07231194 0.08602061
 0.09393013 0.08574108 0.06712977 0.0525374  0.04247301 0.0355559
 0.03092308 0.02803307 0.02657881 0.02657437 0.0287709  0.03957634]
____iterstion: 35
positive data: [[10.          7.92830791  6.28663835  4.98978898  3.97291305  3.18915464
   2.60349246  2.18831184  1.91476831  1.74860765  1.65467741  1.60428382
   1.57810571  1.56474738  1.55800202  1.55461692  1.55291884  1.55205243]]
positive support: [2.57953032e-09 1.67107856e-09 2.79074177e-09 2.86089115e-09
 1.84042128e-09 9.84654648e-10 8.77960916e-10 1.00057643e-09
 1.19349356e-09 1.41150200e-09 1.60381820e-09 1.77457647e-09
 1.99069856e-09 2.36403182e-09 3.11707009e-09 4.92852585e-09
 1.17402516e-08 1.00000000e+00]
classifires probs: [0.07438446 0.04039174 0.04554301 0.04424837 0.04322762 0.04180697
 0.0424644  0.04341908 0.04346898 0.04326564 0.04348084 0.04426598
 0.04545668 0.04690322 0.04876558 0.05186991 0.05885089 0.09818665
 0.10000001]
BR point: [1.55057729]
BR value: 1.550577288833749
BR point: [1.55057729]
BR value: 1.550577288833749
Points utilities = [[0.74384457 0.90998101 1.00786887 1.02074902 0.98446875 0.92358606
  0.86453277 0.82167966 0.80220102 0.80824188 0.83677218 0.88230328
  0.93964162 1.00507944 1.07672358 1.155022   1.24515105 1.39684717]]
new point utility = 1.550577288833749
new point = [1.55057729]
point added
3
classifier utilities = [1.55205256 1.55205254 1.55205253 1.55205251 1.55205249 1.55205249
 1.55205248 1.55205248 1.55205248 1.55205248 1.55205247 1.55205247
 1.55205247 1.55205247 1.55205246 1.55205246 1.55205245 1.55205243
 0.        ]
new classifier utility = [0.]
classifires probs: [0.07438446 0.04039174 0.04554301 0.04424837 0.04322762 0.04180697
 0.0424644  0.04341908 0.04346898 0.04326564 0.04348084 0.04426598
 0.04545668 0.04690322 0.04876558 0.05186991 0.05885089 0.09818665
 0.10000001]
____iterstion: 36
positive data: [[10.          7.92830791  6.28663835  4.98978898  3.97291305  3.18915464
   2.60349246  2.18831184  1.91476831  1.74860765  1.65467741  1.60428382
   1.57810571  1.56474738  1.55800202  1.55461692  1.55291884  1.55205243
   1.55057729]]
positive support: [3.08225958e-09 4.16959975e-09 4.29366513e-09 4.12598739e-09
 3.96208784e-09 3.81382080e-09 3.42989771e-09 2.17602177e-09
 1.68347665e-09 1.88914557e-09 1.93423255e-09 1.74186016e-09
 1.30528327e-09 7.89449588e-10 6.75435567e-10 1.72678643e-09
 5.38489682e-09 2.04704141e-08 1.00000001e+00]
classifires probs: [0.13604888 0.04215444 0.04743619 0.05874089 0.07248263 0.08629451
 0.09453409 0.08614139 0.06590847 0.05077484 0.04068549 0.03377434
 0.02905315 0.02597396 0.02420967 0.02359565 0.02430731 0.02758799
 0.03029612]
BR point: [1.54865227]
BR value: 1.5486522686843895
BR point: [1.54865227]
BR value: 1.5486522686843895
Points utilities = [[1.3604888  1.41285079 1.41851398 1.41899818 1.41778576 1.41329791
  1.39987608 1.36514116 1.32069512 1.29487251 1.292637   1.30745305
  1.33196746 1.36133532 1.39318555 1.42684074 1.46302952 1.50503126
  1.55057729]]
new point utility = 1.5486522686843895
new point = [1.54865227]
3
classifier utilities = [1.55057751 1.55057748 1.55057745 1.55057742 1.5505774  1.55057738
 1.55057737 1.55057736 1.55057736 1.55057736 1.55057735 1.55057735
 1.55057735 1.55057734 1.55057734 1.55057734 1.55057734 1.55057733
 1.5505773 ]
new classifier utility = [9.08731863e-08]
classifier added
classifires probs: [0.13604888 0.04215444 0.04743619 0.05874089 0.07248263 0.08629451
 0.09453409 0.08614139 0.06590847 0.05077484 0.04068549 0.03377434
 0.02905315 0.02597396 0.02420967 0.02359565 0.02430731 0.02758799
 0.03029612]
____iterstion: 37
positive data: [[10.          7.92830791  6.28663835  4.98978898  3.97291305  3.18915464
   2.60349246  2.18831184  1.91476831  1.74860765  1.65467741  1.60428382
   1.57810571  1.56474738  1.55800202  1.55461692  1.55291884  1.55205243
   1.55057729]]
positive support: [2.62466614e-09 1.58007523e-09 1.89678044e-09 1.20220380e-09
 1.43403790e-09 1.41418564e-09 1.27726551e-09 1.14907152e-09
 1.07971715e-09 1.07112806e-09 1.11618227e-09 1.21019854e-09
 1.35590777e-09 1.56905828e-09 1.89307090e-09 2.45450752e-09
 3.82571914e-09 9.99996871e-01 3.12834278e-06]
classifires probs: [0.00657745 0.03010042 0.04232368 0.05587254 0.06274125 0.05324734
 0.04821136 0.04719179 0.04745979 0.04746621 0.04704766 0.04654162
 0.04633026 0.04678419 0.04839102 0.05219007 0.06175894 0.10976442
 0.00048094 0.09951906]
BR point: [1.43304792]
BR value: 1.433047915391356
BR point: [1.43304792]
BR value: 1.433047915391356
Points utilities = [[1.06096516 1.07981121 1.1222945  0.6729932  0.78510853 0.80003983
  0.77863697 0.75773759 0.75389331 0.77147138 0.80787882 0.85794064
  0.91705514 0.98249789 1.05365582 1.13250208 1.2271717  1.39684717
  1.39626529]]
new point utility = 1.433047915391356
new point = [1.43304792]
3
classifier utilities = [1.55205252e+00 1.55205249e+00 1.55205248e+00 1.55205247e+00
 1.55205246e+00 1.55205246e+00 1.55205245e+00 1.55205245e+00
 1.55205245e+00 1.55205244e+00 1.55205244e+00 1.55205244e+00
 1.55205244e+00 1.55205244e+00 1.55205243e+00 1.55205243e+00
 1.55205243e+00 1.55205242e+00 4.85073727e-06 5.06983569e-08]
new classifier utility = [4.85073727e-06]
classifires probs: [0.00657745 0.03010042 0.04232368 0.05587254 0.06274125 0.05324734
 0.04821136 0.04719179 0.04745979 0.04746621 0.04704766 0.04654162
 0.04633026 0.04678419 0.04839102 0.05219007 0.06175894 0.10976442
 0.00048094 0.09951906]
Objective = 1.3968471717499487
Number of iterations = 38
Support of attacker = 2
Support of classifier = 20
Size of game = (19, 20)
