NEW RUN________________________________________
positive data: [[1.46446611 1.46446611]]
positive utility: 10.0
____iterstion: 0
init time = 0.7887 s
NFG time = 0
plot time = 0
BR time = 0
Train time = 0
Matrix update time = 0
positive data: [[1.46446611]
 [1.46446611]]
positive support: [1.]
classifires probs: [1.]
BR point: [1.46446611 1.46446611]
BR value: 9.999999998021368
BR point: [1.46446611 1.46446611]
BR value: 9.999999998021368
Points utilities = [[10.]]
new point utility = 9.999999998021368
new point = [1.46446611 1.46446611]
3
classifier utilities = 10.000000006757414
new classifier utility = [0.]
new classifier is better = True
classifier utilities = [10.00000001]
new classifier utility = [0.]
classifier added
classifires probs: [1.]
____iterstion: 1
init time = 0.7887 s
NFG time = 0.0055 s
plot time = 0.0000 s
BR time = 0.7084 s
Train time = 0.1350 s
Matrix update time = 0.0006 s
positive data: [[1.46446611]
 [1.46446611]]
positive support: [1.]
classifires probs: [-2.63694171e-11  1.00000000e+00]
BR point: [8.53553395 8.53553396]
BR value: 10.000000000232049
BR point: [8.53553395 8.53553396]
BR value: 10.000000000232049
Points utilities = [[-2.63694171e-10]]
new point utility = 10.000000000232049
new point = [8.53553395 8.53553396]
point added
3
classifires probs: [-2.63694171e-11  1.00000000e+00]
____iterstion: 2
init time = 0.7887 s
NFG time = 0.0074 s
plot time = 0.0000 s
BR time = 1.5394 s
Train time = 0.1356 s
Matrix update time = 0.0015 s
positive data: [[1.46446611 8.53553395]
 [1.46446611 8.53553396]]
positive support: [1.43641857e-10 1.00000000e+00]
classifires probs: [0.88406325 0.11593675]
BR point: [8.53553398 8.53553398]
BR value: 9.99999999651658
BR point: [8.53553398 8.53553398]
BR value: 9.99999999651658
Points utilities = [[ 8.84063247 10.        ]]
new point utility = 9.99999999651658
new point = [8.53553398 8.53553398]
3
classifier utilities = 10.000000022520684
new classifier utility = [0.]
new classifier is better = True
classifier utilities = [10.00000002 10.00000002]
new classifier utility = [1.43641857e-09]
classifier added
classifires probs: [0.88406325 0.11593675]
____iterstion: 3
init time = 0.7887 s
NFG time = 0.0092 s
plot time = 0.0000 s
BR time = 1.5748 s
Train time = 0.2847 s
Matrix update time = 0.0021 s
positive data: [[1.46446611 8.53553395]
 [1.46446611 8.53553396]]
positive support: [0.5 0.5]
classifires probs: [-1.31875722e-10  5.00000000e-01  5.00000000e-01]
BR point: [8.11964026 8.84804718]
BR value: 9.372237558295563
BR point: [8.11964026 8.84804718]
BR value: 9.372237558295563
Points utilities = [[5. 5.]]
new point utility = 9.372237558295563
new point = [8.11964026 8.84804718]
point added
3
classifier utilities = 4.9999999937854405
new classifier utility = [5.00000002]
new classifier is better = False
classifier utilities = 4.9999999937854405
new classifier utility = [0.]
new classifier is better = True
classifier utilities = [10.00000001  5.00000002  4.99999999]
new classifier utility = [0.]
classifier added
classifires probs: [-1.31875722e-10  5.00000000e-01  5.00000000e-01]
____iterstion: 4
init time = 0.7887 s
NFG time = 0.0406 s
plot time = 0.0000 s
BR time = 2.8216 s
Train time = 0.5610 s
Matrix update time = 0.0032 s
positive data: [[1.46446611 8.53553395 8.11964026]
 [1.46446611 8.53553396 8.84804718]]
positive support: [3.76174159e-09 5.73975384e-09 1.00000006e+00]
classifires probs: [0.73220138 0.12466852 0.11546218 0.02766792]
BR point: [8.02993801 8.75093262]
BR value: 9.360635139026455
BR point: [8.02993801 8.75093262]
BR value: 9.360635139026455
Points utilities = [[8.47663558 8.568699   9.3722375 ]]
new point utility = 9.360635139026455
new point = [8.02993801 8.75093262]
3
classifier utilities = 9.37223772143447
new classifier utility = [0.]
new classifier is better = True
classifier utilities = [9.37223817 9.37223813 9.37223811 9.37223772]
new classifier utility = [9.50149543e-08]
classifier added
classifires probs: [0.73220138 0.12466852 0.11546218 0.02766792]
____iterstion: 5
init time = 0.7887 s
NFG time = 0.0427 s
plot time = 0.0000 s
BR time = 4.0762 s
Train time = 0.6985 s
Matrix update time = 0.0038 s
positive data: [[1.46446611 8.53553395 8.11964026]
 [1.46446611 8.53553396 8.84804718]]
positive support: [7.04383441e-09 3.19084887e-01 6.80915121e-01]
classifires probs: [0.26394892 0.35193005 0.09761719 0.12062482 0.16587902]
BR point: [8.82645536 8.05233548]
BR value: 9.289248733824817
BR point: [8.82645536 8.05233548]
BR value: 9.289248733824817
Points utilities = [[5.27445129 7.81757989 7.81757994]]
new point utility = 9.289248733824817
new point = [8.82645536 8.05233548]
point added
3
classifier utilities = 3.1908489372444637
new classifier utility = [0.]
new classifier is better = True
classifier utilities = [9.57254721 9.57254714 6.38169834 6.38169803 3.19084894]
new classifier utility = [7.04383441e-08]
classifier added
classifires probs: [0.26394892 0.35193005 0.09761719 0.12062482 0.16587902]
____iterstion: 6
init time = 0.7887 s
NFG time = 0.0450 s
plot time = 0.0000 s
BR time = 5.5295 s
Train time = 0.8372 s
Matrix update time = 0.0050 s
positive data: [[1.46446611 8.53553395 8.11964026 8.82645536]
 [1.46446611 8.53553396 8.84804718 8.05233548]]
positive support: [2.69808807e-08 1.27617390e-08 6.04303361e-09 1.00000003e+00]
classifires probs: [0.8047762  0.04202199 0.02618679 0.02973338 0.02183042 0.0754512 ]
BR point: [8.69317196 8.3169084 ]
BR value: 9.57258250691136
BR point: [8.69317196 8.3169084 ]
BR value: 9.57258250691136
Points utilities = [[9.28244621 8.68628619 8.46049099 9.28924868]]
new point utility = 9.57258250691136
new point = [8.69317196 8.3169084 ]
point added
3
classifier utilities = 9.28924903760187
new classifier utility = [0.]
new classifier is better = True
classifier utilities = [9.28924949 9.28924922 9.28924937 9.2892491  9.28924944 9.28924904]
new classifier utility = [4.54062944e-07]
classifier added
classifires probs: [0.8047762  0.04202199 0.02618679 0.02973338 0.02183042 0.0754512 ]
____iterstion: 7
init time = 0.7887 s
NFG time = 0.0475 s
plot time = 0.0000 s
BR time = 6.9711 s
Train time = 0.9794 s
Matrix update time = 0.0062 s
positive data: [[1.46446611 8.53553395 8.11964026 8.82645536 8.69317196]
 [1.46446611 8.53553396 8.84804718 8.05233548 8.3169084 ]]
positive support: [2.23256151e-09 1.89143571e-01 4.03625250e-01 4.07231167e-01
 1.63220721e-08]
classifires probs: [0.44550677 0.23029656 0.08095839 0.0473938  0.07197497 0.02995887
 0.09391064]
BR point: [8.53553393 8.53553393]
BR value: 8.41688941017977
BR point: [8.53553393 8.53553393]
BR value: 8.41688941017977
Points utilities = [[7.22309641 8.41688941 8.41688941 8.41688941 8.1110363 ]]
new point utility = 8.41688941017977
new point = [8.53553393 8.53553393]
3
classifier utilities = 3.782871673810731
new classifier utility = [0.]
new classifier is better = True
classifier utilities = [9.45717923 9.45717921 7.56574336 7.56574335 5.6743075  3.78287167
 5.67430747]
new classifier utility = [2.23256151e-08]
classifier added
classifires probs: [0.44550677 0.23029656 0.08095839 0.0473938  0.07197497 0.02995887
 0.09391064]
____iterstion: 8
init time = 0.7887 s
NFG time = 0.0500 s
plot time = 0.0000 s
BR time = 8.0017 s
Train time = 1.1209 s
Matrix update time = 0.0068 s
positive data: [[1.46446611 8.53553395 8.11964026 8.82645536 8.69317196]
 [1.46446611 8.53553396 8.84804718 8.05233548 8.3169084 ]]
positive support: [1.09689370e-08 4.83797066e-01 5.16202555e-01 7.59987938e-08
 3.08331130e-07]
classifires probs: [2.60935477e-01 4.40570692e-01 4.08648477e-02 6.12278300e-03
 3.63879758e-09 4.77737084e-09 2.04860310e-10 2.51506191e-01]
BR point: [7.91405751 8.9461017 ]
BR value: 8.757900265101075
BR point: [7.91405751 8.9461017 ]
BR value: 8.757900265101075
Points utilities = [[5.53306525 7.01506173 7.0150617  6.95294516 6.95599174]]
new point utility = 8.757900265101075
new point = [7.91405751 8.9461017 ]
point added
3
classifires probs: [2.60935477e-01 4.40570692e-01 4.08648477e-02 6.12278300e-03
 3.63879758e-09 4.77737084e-09 2.04860310e-10 2.51506191e-01]
____iterstion: 9
init time = 0.7887 s
NFG time = 0.0528 s
plot time = 0.0000 s
BR time = 9.6029 s
Train time = 1.1215 s
Matrix update time = 0.0080 s
positive data: [[1.46446611 8.53553395 8.11964026 8.82645536 8.69317196 7.91405751]
 [1.46446611 8.53553396 8.84804718 8.05233548 8.3169084  8.9461017 ]]
positive support: [1.04517484e-09 2.29349048e-01 9.41279130e-10 2.46897345e-01
 3.28937069e-08 5.23753577e-01]
classifires probs: [4.89543338e-01 2.09763418e-01 5.18670020e-02 4.09698640e-03
 9.19475725e-02 4.57750861e-03 7.92745086e-10 1.48204173e-01]
BR point: [1.80539905 2.44868381]
BR value: 8.517534443569017
BR point: [1.80539905 2.44868381]
BR value: 8.517534443569017
Points utilities = [[7.86139596 7.91254329 7.07857685 7.9125433  7.86329927 7.9125433 ]]
new point utility = 8.517534443569017
new point = [1.80539905 2.44868381]
point added
3
classifier utilities = 2.2934911145809216
new classifier utility = [0.]
new classifier is better = True
classifier utilities = [9.1739633  9.17396329 6.8804725  6.88047281 4.58698166 2.29349111
 6.88047213 4.58698164]
new classifier utility = [1.04517484e-08]
classifier added
classifires probs: [4.89543338e-01 2.09763418e-01 5.18670020e-02 4.09698640e-03
 9.19475725e-02 4.57750861e-03 7.92745086e-10 1.48204173e-01]
____iterstion: 10
init time = 0.7887 s
NFG time = 0.0554 s
plot time = 0.0000 s
BR time = 10.5189 s
Train time = 1.2650 s
Matrix update time = 0.0095 s
positive data: [[1.46446611 8.53553395 8.11964026 8.82645536 8.69317196 7.91405751
  1.80539905]
 [1.46446611 8.53553396 8.84804718 8.05233548 8.3169084  8.9461017
  2.44868381]]
positive support: [1.08896687e-08 4.40612534e-08 6.03578051e-10 1.19513104e-08
 4.60582352e-08 4.73402236e-09 1.00000007e+00]
classifires probs: [0.54889338 0.19849751 0.02381191 0.01002855 0.06776754 0.02672564
 0.02709922 0.04670876 0.05046749]
BR point: [1.71470819 2.47047255]
BR value: 8.486998312213167
BR point: [1.71470819 2.47047255]
BR value: 8.486998312213167
Points utilities = [[7.91473939 8.42257648 7.57586609 8.13482289 8.37429987 7.48834918
  8.5175344 ]]
new point utility = 8.486998312213167
new point = [1.71470819 2.47047255]
3
classifier utilities = 8.517534977846564
new classifier utility = [0.]
new classifier is better = True
classifier utilities = [8.51753622 8.51753611 8.51753532 8.51753567 8.51753617 8.51753573
 8.51753565 8.51753521 8.51753498]
new classifier utility = [1.05150059e-06]
classifier added
classifires probs: [0.54889338 0.19849751 0.02381191 0.01002855 0.06776754 0.02672564
 0.02709922 0.04670876 0.05046749]
____iterstion: 11
init time = 0.7887 s
NFG time = 0.0578 s
plot time = 0.0000 s
BR time = 11.4739 s
Train time = 1.4074 s
Matrix update time = 0.0100 s
positive data: [[1.46446611 8.53553395 8.11964026 8.82645536 8.69317196 7.91405751
  1.80539905]
 [1.46446611 8.53553396 8.84804718 8.05233548 8.3169084  8.9461017
  2.44868381]]
positive support: [4.65775563e-10 3.11642264e-01 3.32516366e-01 4.36729163e-08
 1.26625561e-08 3.55841314e-01 1.46241372e-09]
classifires probs: [2.69470124e-01 2.27984969e-01 4.54073540e-02 7.60355112e-03
 1.86928344e-03 1.02255771e-03 3.96192655e-10 5.71460205e-02
 1.25296939e-01 2.64199201e-01]
BR point: [8.85755508 7.91282312]
BR value: 8.43444606734465
BR point: [8.85755508 7.91282312]
BR value: 8.43444606734465
Points utilities = [[5.00212279 7.63523577 7.63523577 7.5944907  7.59023038 7.63523578
  6.26720863]]
new point utility = 8.43444606734465
new point = [8.85755508 7.91282312]
point added
3
classifires probs: [2.69470124e-01 2.27984969e-01 4.54073540e-02 7.60355112e-03
 1.86928344e-03 1.02255771e-03 3.96192655e-10 5.71460205e-02
 1.25296939e-01 2.64199201e-01]
____iterstion: 12
init time = 0.7887 s
NFG time = 0.0604 s
plot time = 0.0000 s
BR time = 14.1557 s
Train time = 1.4081 s
Matrix update time = 0.0115 s
positive data: [[1.46446611 8.53553395 8.11964026 8.82645536 8.69317196 7.91405751
  1.80539905 8.85755508]
 [1.46446611 8.53553396 8.84804718 8.05233548 8.3169084  8.9461017
  2.44868381 7.91282312]]
positive support: [5.39398561e-10 2.27194561e-01 1.75870642e-09 2.51383665e-09
 1.32780376e-08 5.18833430e-01 4.19908700e-10 2.53971993e-01]
classifires probs: [ 2.85661663e-01  2.04616231e-01  3.41006227e-02  6.17318877e-03
  5.29040456e-02  2.48678068e-03 -3.37036828e-11  1.23796622e-01
  4.96215052e-02  2.40639341e-01]
BR point: [8.92333576 7.73217751]
BR value: 8.353409665712954
BR point: [8.92333576 7.73217751]
BR value: 8.353409665712954
Points utilities = [[5.48571239 7.8382128  7.22778569 7.67832461 7.79008963 7.83821281
  6.46788056 7.83821281]]
new point utility = 8.353409665712954
new point = [8.92333576 7.73217751]
point added
3
classifier utilities = 2.271945741091135
new classifier utility = [0.]
new classifier is better = True
classifier utilities = [9.087783   9.087783   6.81583726 6.81583738 4.54389151 2.27194589
 6.81583712 4.54389149 2.27194574 9.08778299]
new classifier utility = [8.97057243e-09]
classifier added
classifires probs: [ 2.85661663e-01  2.04616231e-01  3.41006227e-02  6.17318877e-03
  5.29040456e-02  2.48678068e-03 -3.37036828e-11  1.23796622e-01
  4.96215052e-02  2.40639341e-01]
____iterstion: 13
init time = 0.7887 s
NFG time = 0.0629 s
plot time = 0.0000 s
BR time = 15.9117 s
Train time = 1.5637 s
Matrix update time = 0.0137 s
positive data: [[1.46446611 8.53553395 8.11964026 8.82645536 8.69317196 7.91405751
  1.80539905 8.85755508 8.92333576]
 [1.46446611 8.53553396 8.84804718 8.05233548 8.3169084  8.9461017
  2.44868381 7.91282312 7.73217751]]
positive support: [2.63752025e-09 1.78474562e-01 1.90428975e-01 1.96222866e-08
 2.55539713e-08 2.03786952e-01 5.07406852e-09 7.93420327e-09
 4.27309478e-01]
classifires probs: [0.39428725 0.14748374 0.05307411 0.01705668 0.01693364 0.01417751
 0.04923635 0.05944289 0.0259051  0.18627084 0.03613189]
BR point: [8.53553379 8.53553379]
BR value: 7.942118231980401
BR point: [8.53553379 8.53553379]
BR value: 7.942118231980401
Points utilities = [[6.49188739 7.94211823 7.94211823 7.7034233  7.63014    7.94211824
  6.93096616 7.65022433 7.94211825]]
new point utility = 7.942118231980401
new point = [8.53553379 8.53553379]
3
classifier utilities = 3.5694912350447674
new classifier utility = [0.]
new classifier is better = True
classifier utilities = [8.92372873 8.9237287  7.13898286 7.13898301 5.35423731 3.5694917
 5.3542371  5.35423701 3.56949126 8.92372866 3.56949124]
new classifier utility = [6.95937559e-08]
classifier added
classifires probs: [0.39428725 0.14748374 0.05307411 0.01705668 0.01693364 0.01417751
 0.04923635 0.05944289 0.0259051  0.18627084 0.03613189]
____iterstion: 14
init time = 0.7887 s
NFG time = 0.0659 s
plot time = 0.0000 s
BR time = 17.1404 s
Train time = 1.7106 s
Matrix update time = 0.0143 s
positive data: [[1.46446611 8.53553395 8.11964026 8.82645536 8.69317196 7.91405751
  1.80539905 8.85755508 8.92333576]
 [1.46446611 8.53553396 8.84804718 8.05233548 8.3169084  8.9461017
  2.44868381 7.91282312 7.73217751]]
positive support: [1.16080167e-09 4.83797340e-01 5.16202621e-01 2.32244416e-09
 2.84935440e-08 4.08969747e-09 1.08453637e-09 3.05337954e-09
 1.81599743e-09]
classifires probs: [ 1.59996135e-01  1.92068899e-01  4.18669301e-02  5.12070041e-03
  1.96937969e-10  3.18801313e-10 -2.32149437e-12  2.15380755e-02
  1.92666013e-10  3.49441149e-01  1.73738019e-10  2.29968110e-01]
BR point: [7.84896716 8.91324949]
BR value: 8.678761954554593
BR point: [7.84896716 8.91324949]
BR value: 8.678761954554593
Points utilities = [[4.53369252 7.01506183 7.01506183 6.95294521 6.94614132 6.74386254
  5.54115742 6.69576716 6.43239183]]
new point utility = 8.678761954554593
new point = [7.84896716 8.91324949]
point added
3
classifires probs: [ 1.59996135e-01  1.92068899e-01  4.18669301e-02  5.12070041e-03
  1.96937969e-10  3.18801313e-10 -2.32149437e-12  2.15380755e-02
  1.92666013e-10  3.49441149e-01  1.73738019e-10  2.29968110e-01]
____iterstion: 15
init time = 0.7887 s
NFG time = 0.0689 s
plot time = 0.0000 s
BR time = 20.0565 s
Train time = 1.7112 s
Matrix update time = 0.0158 s
positive data: [[1.46446611 8.53553395 8.11964026 8.82645536 8.69317196 7.91405751
  1.80539905 8.85755508 8.92333576 7.84896716]
 [1.46446611 8.53553396 8.84804718 8.05233548 8.3169084  8.9461017
  2.44868381 7.91282312 7.73217751 8.91324949]]
positive support: [5.26020427e-10 2.22143629e-01 1.03302562e-08 9.72252838e-09
 2.46667071e-09 1.05240052e-09 8.13864025e-10 3.85770451e-09
 2.65931663e-01 5.11924684e-01]
classifires probs: [3.51147689e-01 1.77105544e-01 3.75097436e-02 4.97713804e-03
 8.34800545e-03 2.55792455e-03 4.01312619e-10 3.45400425e-10
 1.99574933e-02 2.29794274e-01 8.60664840e-02 8.25357033e-02]
BR point: [8.87989378 7.88863887]
BR value: 8.115567262411945
BR point: [8.87989378 7.88863887]
BR value: 8.115567262411945
Points utilities = [[5.88123044 7.66395513 7.50279847 7.53767095 7.60773652 7.0110004
  6.5602538  7.43739769 7.66395513 7.66395513]]
new point utility = 8.115567262411945
new point = [8.87989378 7.88863887]
point added
3
classifier utilities = 2.2214361644394263
new classifier utility = [2.22143613]
new classifier is better = False
classifier utilities = 2.2214361644394263
new classifier utility = [0.]
new classifier is better = True
classifier utilities = [8.88574516 8.88574516 6.66430884 6.66430886 4.44287258 2.22143629
 6.66430889 6.66430862 2.22143617 8.88574515 2.22143616 4.44287249]
new classifier utility = [1.21923191e-08]
classifier added
classifires probs: [3.51147689e-01 1.77105544e-01 3.75097436e-02 4.97713804e-03
 8.34800545e-03 2.55792455e-03 4.01312619e-10 3.45400425e-10
 1.99574933e-02 2.29794274e-01 8.60664840e-02 8.25357033e-02]
____iterstion: 16
init time = 0.7887 s
NFG time = 0.0716 s
plot time = 0.0000 s
BR time = 21.5669 s
Train time = 2.0084 s
Matrix update time = 0.0175 s
positive data: [[1.46446611 8.53553395 8.11964026 8.82645536 8.69317196 7.91405751
  1.80539905 8.85755508 8.92333576 7.84896716 8.87989378]
 [1.46446611 8.53553396 8.84804718 8.05233548 8.3169084  8.9461017
  2.44868381 7.91282312 7.73217751 8.91324949 7.88863887]]
positive support: [4.95713531e-01 1.66737253e-09 5.41366661e-10 3.23010763e-10
 5.04286468e-01 1.21377608e-10 3.36648894e-10 1.24798784e-10
 7.87407449e-11 2.86528688e-10 4.40519682e-10]
classifires probs: [-4.76377119e-11  4.52736101e-02  7.90875293e-03  1.80658611e-02
 -4.46573000e-11 -4.51945225e-11  2.84180965e-03  6.68527091e-03
  4.86867323e-04  4.40946997e-01  2.54724055e-04  5.45907346e-03
  4.72077033e-01]
BR point: [8.85387886 7.51367521]
BR value: 7.85933958494631
BR point: [8.85387886 7.51367521]
BR value: 7.85933958494631
Points utilities = [[4.95713531 4.89062417 4.8270494  4.75790881 4.95713531 4.56919193
  4.7617532  4.5862769  4.34061614 4.57528167 4.53725908]]
new point utility = 7.85933958494631
new point = [8.85387886 7.51367521]
point added
3
classifier utilities = 4.957135308914945
new classifier utility = [4.95713531]
new classifier is better = False
classifier utilities = 4.957135308914945
new classifier utility = [0.]
new classifier is better = True
classifier utilities = [9.91427065 4.95713534 4.95713533 4.95713533 9.91427064 9.91427062
 4.95713533 4.95713531 4.95713531 4.95713534 4.95713531 4.95713531
 4.95713531]
new classifier utility = [3.68360585e-08]
classifier added
classifires probs: [-4.76377119e-11  4.52736101e-02  7.90875293e-03  1.80658611e-02
 -4.46573000e-11 -4.51945225e-11  2.84180965e-03  6.68527091e-03
  4.86867323e-04  4.40946997e-01  2.54724055e-04  5.45907346e-03
  4.72077033e-01]
____iterstion: 17
init time = 0.7887 s
NFG time = 0.0741 s
plot time = 0.0000 s
BR time = 24.5320 s
Train time = 2.2846 s
Matrix update time = 0.0195 s
positive data: [[1.46446611 8.53553395 8.11964026 8.82645536 8.69317196 7.91405751
  1.80539905 8.85755508 8.92333576 7.84896716 8.87989378 8.85387886]
 [1.46446611 8.53553396 8.84804718 8.05233548 8.3169084  8.9461017
  2.44868381 7.91282312 7.73217751 8.91324949 7.88863887 7.51367521]]
positive support: [1.76519203e-08 2.82684547e-01 6.39738766e-08 8.34221558e-09
 1.84094132e-08 1.09287747e-08 2.13835758e-08 7.01159050e-09
 7.27386153e-09 9.71673990e-09 9.27981815e-09 7.17315369e-01]
classifires probs: [ 1.34956212e-01  1.37825606e-01  1.88040722e-02  7.77687677e-03
  7.21878123e-12  1.27291758e-08  1.21288658e-01  3.61401386e-09
  3.66766378e-09  2.98506777e-01 -2.81315391e-10  3.16086946e-09
  2.80841772e-01  1.44587116e-09]
BR point: [8.93952189 7.51778949]
BR value: 7.685100908691019
BR point: [8.93952189 7.51778949]
BR value: 7.685100908691019
Points utilities = [[5.55890737 6.92577256 6.74012153 5.55375905 5.69221295 6.29831592
  5.97499268 5.34833462 4.99424941 6.24140293 5.28854438 6.92577255]]
new point utility = 7.685100908691019
new point = [8.93952189 7.51778949]
point added
3
classifier utilities = 2.8268466100747265
new classifier utility = [0.]
new classifier is better = True
classifier utilities = [8.48053887 8.48053869 5.65369322 5.65369322 8.48053809 5.65369262
 2.82684661 5.65369239 5.65369236 8.48053851 5.6536923  5.65369224
 5.65369215 8.48053866]
new classifier utility = [1.13827531e-06]
classifier added
classifires probs: [ 1.34956212e-01  1.37825606e-01  1.88040722e-02  7.77687677e-03
  7.21878123e-12  1.27291758e-08  1.21288658e-01  3.61401386e-09
  3.66766378e-09  2.98506777e-01 -2.81315391e-10  3.16086946e-09
  2.80841772e-01  1.44587116e-09]
____iterstion: 18
init time = 0.7887 s
NFG time = 0.0770 s
plot time = 0.0000 s
BR time = 27.8408 s
Train time = 2.4320 s
Matrix update time = 0.0234 s
positive data: [[1.46446611 8.53553395 8.11964026 8.82645536 8.69317196 7.91405751
  1.80539905 8.85755508 8.92333576 7.84896716 8.87989378 8.85387886
  8.93952189]
 [1.46446611 8.53553396 8.84804718 8.05233548 8.3169084  8.9461017
  2.44868381 7.91282312 7.73217751 8.91324949 7.88863887 7.51367521
  7.51778949]]
positive support: [4.13898882e-10 6.78658499e-09 1.71901555e-01 4.70993658e-10
 3.57733014e-10 5.63007907e-10 3.82901089e-10 3.82076131e-10
 2.19566498e-10 5.65783872e-10 3.60453215e-10 4.08819038e-01
 4.19279400e-01]
classifires probs: [ 1.29256559e-01  2.77808995e-01 -2.78009965e-13  2.66631473e-11
  1.69884201e-10  7.54761088e-11  2.32743166e-02  2.10922854e-10
  4.40857510e-11  2.67518745e-01  8.22720660e-11  1.73552759e-10
  2.35038055e-01  1.39860895e-10  6.71033283e-02]
BR point: [8.50480155 8.56561462]
BR value: 7.646224959518938
BR point: [8.50480155 8.56561462]
BR value: 7.646224959518938
Points utilities = [[4.5467226  6.97858616 7.16940507 6.26638135 6.63116276 6.69946047
  6.23893432 6.03459817 5.63507901 6.63892263 5.96713603 7.16940507
  7.16940507]]
new point utility = 7.646224959518938
new point = [8.50480155 8.56561462]
point added
3
classifier utilities = 1.611102229548106
new classifier utility = [1.61110221]
new classifier is better = False
classifier utilities = 1.611102229548106
new classifier utility = [1.61110221]
new classifier is better = False
classifier utilities = 1.611102229548106
new classifier utility = [1.61110221]
new classifier is better = False
classifier utilities = 1.611102229548106
new classifier utility = [0.]
new classifier is better = True
classifier utilities = [8.05551136 8.05551136 8.05551129 8.05551123 6.44440914 6.44440907
 4.8333068  6.44440907 6.44440906 8.05551135 6.44440906 6.44440906
 6.44440905 8.05551144 1.61110223]
new classifier utility = [1.72414327e-08]
classifier added
classifires probs: [ 1.29256559e-01  2.77808995e-01 -2.78009965e-13  2.66631473e-11
  1.69884201e-10  7.54761088e-11  2.32743166e-02  2.10922854e-10
  4.40857510e-11  2.67518745e-01  8.22720660e-11  1.73552759e-10
  2.35038055e-01  1.39860895e-10  6.71033283e-02]
____iterstion: 19
init time = 0.7887 s
NFG time = 0.0797 s
plot time = 0.0000 s
BR time = 31.9742 s
Train time = 3.0037 s
Matrix update time = 0.0255 s
positive data: [[1.46446611 8.53553395 8.11964026 8.82645536 8.69317196 7.91405751
  1.80539905 8.85755508 8.92333576 7.84896716 8.87989378 8.85387886
  8.93952189 8.50480155]
 [1.46446611 8.53553396 8.84804718 8.05233548 8.3169084  8.9461017
  2.44868381 7.91282312 7.73217751 8.91324949 7.88863887 7.51367521
  7.51778949 8.56561462]]
positive support: [2.93205104e-01 1.84723178e-09 5.05661560e-10 1.78066858e-09
 1.52227486e-09 3.34789239e-01 1.22553357e-09 2.29781222e-09
 1.24916480e-09 3.09109530e-08 2.78058717e-09 3.72005640e-01
 9.00024164e-09 5.18408707e-10]
classifires probs: [-4.20464084e-10  4.14299381e-02 -3.91777341e-10  1.64832917e-02
  7.83069245e-02  9.28009826e-03  5.55029404e-03 -2.97065311e-10
  6.22734741e-03  3.49434544e-01  4.16664537e-03  2.82860316e-03
  2.29611859e-01  6.24202930e-03  1.55040907e-02  2.34934335e-01]
BR point: [7.30914388 8.85418738]
BR value: 7.223599123180875
BR point: [7.30914388 8.85418738]
BR value: 7.223599123180875
Points utilities = [[5.86410196 4.8096373  4.07358857 4.65555619 4.86520839 5.86410196
  5.54121367 4.53906249 4.27336061 5.83566138 4.52517597 5.86410196
  5.76045634 4.17975339]]
new point utility = 7.223599123180875
new point = [7.30914388 8.85418738]
point added
3
classifier utilities = 5.8641021033184435
new classifier utility = [5.86410178]
new classifier is better = False
classifier utilities = 5.8641021033184435
new classifier utility = [2.93205104]
new classifier is better = True
classifier utilities = [8.79615328 5.86410224 8.79615324 5.86410222 5.86410221 5.86410219
 5.86410221 8.79615318 5.86410216 5.86410223 5.86410214 5.86410237
 5.8641021  5.8641023  5.86410212 5.86410211]
new classifier utility = [2.93205139]
classifier added
classifires probs: [-4.20464084e-10  4.14299381e-02 -3.91777341e-10  1.64832917e-02
  7.83069245e-02  9.28009826e-03  5.55029404e-03 -2.97065311e-10
  6.22734741e-03  3.49434544e-01  4.16664537e-03  2.82860316e-03
  2.29611859e-01  6.24202930e-03  1.55040907e-02  2.34934335e-01]
____iterstion: 20
init time = 0.7887 s
NFG time = 0.2002 s
plot time = 0.0000 s
BR time = 35.2334 s
Train time = 3.3164 s
Matrix update time = 0.0276 s
positive data: [[1.46446611 8.53553395 8.11964026 8.82645536 8.69317196 7.91405751
  1.80539905 8.85755508 8.92333576 7.84896716 8.87989378 8.85387886
  8.93952189 8.50480155 7.30914388]
 [1.46446611 8.53553396 8.84804718 8.05233548 8.3169084  8.9461017
  2.44868381 7.91282312 7.73217751 8.91324949 7.88863887 7.51367521
  7.51778949 8.56561462 8.85418738]]
positive support: [7.21119376e-09 1.21128559e-08 3.29064281e-09 9.16358101e-09
 9.68675457e-09 3.78921343e-09 7.41612337e-09 3.80618882e-09
 2.53116027e-09 3.74736620e-08 1.66427039e-09 1.34198410e-08
 1.25480494e-08 3.97720441e-09 9.99999988e-01]
classifires probs: [0.39011881 0.08549292 0.02242716 0.01995079 0.02867194 0.02336266
 0.01345188 0.00946487 0.02139785 0.16915862 0.01743486 0.00720414
 0.0829343  0.022698   0.00955315 0.05842529 0.01825275]
BR point: [1.24803276 1.78039348]
BR value: 7.201023201280313
BR point: [1.24803276 1.78039348]
BR value: 7.201023201280313
Points utilities = [[7.02699667 7.09592174 6.86845681 7.0773012  7.04570804 7.01281421
  7.07672004 7.0069412  6.7677528  7.17037911 7.08283168 7.09606212
  7.16267977 6.90166994 7.22359911]]
new point utility = 7.201023201280313
new point = [1.24803276 1.78039348]
3
classifier utilities = 7.2235993784112225
new classifier utility = [0.]
new classifier is better = True
classifier utilities = [7.22360018 7.22360011 7.22359992 7.22359995 7.22359975 7.22359963
 7.22359982 7.22359976 7.22359945 7.22360004 7.22359941 7.2235997
 7.22359938 7.22360001 7.22359961 7.22359953 7.22359943]
new classifier utility = [1.1378757e-06]
classifier added
classifires probs: [0.39011881 0.08549292 0.02242716 0.01995079 0.02867194 0.02336266
 0.01345188 0.00946487 0.02139785 0.16915862 0.01743486 0.00720414
 0.0829343  0.022698   0.00955315 0.05842529 0.01825275]
____iterstion: 21
init time = 0.7887 s
NFG time = 0.2026 s
plot time = 0.0001 s
BR time = 38.1933 s
Train time = 3.4640 s
Matrix update time = 0.0285 s
positive data: [[1.46446611 8.53553395 8.11964026 8.82645536 8.69317196 7.91405751
  1.80539905 8.85755508 8.92333576 7.84896716 8.87989378 8.85387886
  8.93952189 8.50480155 7.30914388]
 [1.46446611 8.53553396 8.84804718 8.05233548 8.3169084  8.9461017
  2.44868381 7.91282312 7.73217751 8.91324949 7.88863887 7.51367521
  7.51778949 8.56561462 8.85418738]]
positive support: [8.24046861e-08 2.83990290e-09 2.70517706e-09 6.79731484e-10
 3.22101488e-10 2.91987490e-01 9.35513273e-09 1.08580346e-09
 1.46423267e-09 1.43299001e-07 6.49621042e-10 1.03353085e-07
 1.45673745e-08 3.33692445e-09 7.08012177e-01]
classifires probs: [5.65913736e-04 5.29391045e-02 9.91245875e-10 1.41996358e-09
 4.77592379e-09 2.71796633e-10 4.76706090e-10 1.39586283e-10
 4.66546896e-10 3.21263672e-01 5.69614217e-10 1.03085846e-09
 2.78312545e-01 1.85942045e-09 6.05614931e-11 2.07916162e-01
 6.31771880e-03 1.32684872e-01]
BR point: [2.9537587 1.8175717]
BR value: 7.092228604313262
BR point: [2.9537587 1.8175717]
BR value: 7.092228604313262
Points utilities = [[6.2579722  5.07453569 4.75597537 4.71386244 4.9882679  6.26513679
  5.78116005 4.53950439 4.23896757 6.26335358 4.48875625 6.19320266
  6.08724422 5.07228384 6.2651368 ]]
new point utility = 7.092228604313262
new point = [2.9537587 1.8175717]
point added
3
classifier utilities = 2.5572005322108695
new classifier utility = [0.]
new classifier is better = True
classifier utilities = [7.67159667 7.67159585 7.67159661 7.67159579 5.11439804 5.11439801
 7.67159582 7.67159656 5.114398   7.67159577 5.11439799 5.11439921
 5.11439797 7.67159585 7.67159568 7.67159562 5.11439828 2.55720053]
new classifier utility = [1.95456157e-06]
classifier added
classifires probs: [5.65913736e-04 5.29391045e-02 9.91245875e-10 1.41996358e-09
 4.77592379e-09 2.71796633e-10 4.76706090e-10 1.39586283e-10
 4.66546896e-10 3.21263672e-01 5.69614217e-10 1.03085846e-09
 2.78312545e-01 1.85942045e-09 6.05614931e-11 2.07916162e-01
 6.31771880e-03 1.32684872e-01]
____iterstion: 22
init time = 0.7887 s
NFG time = 0.2069 s
plot time = 0.0001 s
BR time = 41.2482 s
Train time = 3.6146 s
Matrix update time = 0.0313 s
positive data: [[1.46446611 8.53553395 8.11964026 8.82645536 8.69317196 7.91405751
  1.80539905 8.85755508 8.92333576 7.84896716 8.87989378 8.85387886
  8.93952189 8.50480155 7.30914388 2.9537587 ]
 [1.46446611 8.53553396 8.84804718 8.05233548 8.3169084  8.9461017
  2.44868381 7.91282312 7.73217751 8.91324949 7.88863887 7.51367521
  7.51778949 8.56561462 8.85418738 1.8175717 ]]
positive support: [8.79471752e-09 1.64140416e-08 7.70165361e-09 1.16454698e-08
 1.12083431e-08 8.87119303e-09 9.09511566e-09 4.88684271e-09
 3.64335843e-09 2.39932121e-08 2.64264498e-09 1.53473775e-08
 5.37472691e-09 7.13746765e-09 1.20080723e-09 1.00000001e+00]
classifires probs: [0.3456086  0.08905896 0.02564414 0.01860322 0.01461849 0.0143178
 0.00850033 0.0042486  0.01941905 0.1829998  0.01432344 0.00633474
 0.09437117 0.01718532 0.00036124 0.09116652 0.01134267 0.01016592
 0.03172998]
BR point: [7.83446296 8.657922  ]
BR value: 7.155558141060303
BR point: [7.83446296 8.657922  ]
BR value: 7.155558141060303
Points utilities = [[6.92152697 6.99867406 6.84039804 6.96630705 6.9508193  6.94976757
  6.95882736 6.88235089 6.58184637 7.0403859  6.93211167 7.00394279
  6.98170084 6.85305921 6.92095996 7.09222859]]
new point utility = 7.155558141060303
new point = [7.83446296 8.657922  ]
point added
3
classifier utilities = 7.092228993801933
new classifier utility = [0.]
new classifier is better = True
classifier utilities = [7.0922299  7.09222982 7.09222956 7.09222958 7.09222947 7.09222931
 7.09222947 7.09222931 7.09222909 7.09222974 7.09222905 7.0922292
 7.09222899 7.09222971 7.09222926 7.09222912 7.09222908 7.09222989
 7.09222942]
new classifier utility = [1.08041507e-06]
classifier added
classifires probs: [0.3456086  0.08905896 0.02564414 0.01860322 0.01461849 0.0143178
 0.00850033 0.0042486  0.01941905 0.1829998  0.01432344 0.00633474
 0.09437117 0.01718532 0.00036124 0.09116652 0.01134267 0.01016592
 0.03172998]
____iterstion: 23
init time = 0.7887 s
NFG time = 0.2093 s
plot time = 0.0001 s
BR time = 44.4276 s
Train time = 3.7594 s
Matrix update time = 0.0335 s
positive data: [[1.46446611 8.53553395 8.11964026 8.82645536 8.69317196 7.91405751
  1.80539905 8.85755508 8.92333576 7.84896716 8.87989378 8.85387886
  8.93952189 8.50480155 7.30914388 2.9537587  7.83446296]
 [1.46446611 8.53553396 8.84804718 8.05233548 8.3169084  8.9461017
  2.44868381 7.91282312 7.73217751 8.91324949 7.88863887 7.51367521
  7.51778949 8.56561462 8.85418738 1.8175717  8.657922  ]]
positive support: [3.44165272e-09 1.07641683e-08 2.70232179e-09 2.66573295e-09
 3.87963522e-09 1.09473819e-08 3.77690204e-09 2.45921407e-09
 2.18851350e-09 4.34733045e-08 2.48840475e-09 1.11487737e-08
 1.54099829e-08 5.54842567e-09 7.15103106e-01 3.83588413e-10
 2.84896796e-01]
classifires probs: [ 6.69220555e-03  5.74108741e-02  1.12396819e-09  7.75630174e-10
  7.38374077e-10  3.40297754e-10 -1.36495203e-11  1.84310769e-09
  9.87811000e-12  6.48137653e-02  7.73179671e-11  1.85300613e-09
  2.23089038e-01  1.53062022e-09 -3.98544323e-10  2.01925175e-01
  3.09704230e-02  7.60554128e-02  4.79432449e-02  2.91099853e-01]
BR point: [1.72109005 2.75631776]
BR value: 7.1913923081282265
BR point: [1.72109005 2.75631776]
BR value: 7.1913923081282265
Points utilities = [[5.86675505 5.44015358 5.09864118 5.053494   5.34767024 6.11299071
  5.48602794 4.86657353 4.54438318 6.32653728 4.81216901 6.0461159
  6.13328557 5.43773953 6.32788252 5.02768189 6.32788251]]
new point utility = 7.1913923081282265
new point = [1.72109005 2.75631776]
point added
3
classifires probs: [ 6.69220555e-03  5.74108741e-02  1.12396819e-09  7.75630174e-10
  7.38374077e-10  3.40297754e-10 -1.36495203e-11  1.84310769e-09
  9.87811000e-12  6.48137653e-02  7.73179671e-11  1.85300613e-09
  2.23089038e-01  1.53062022e-09 -3.98544323e-10  2.01925175e-01
  3.09704230e-02  7.60554128e-02  4.79432449e-02  2.91099853e-01]
____iterstion: 24
init time = 0.7887 s
NFG time = 0.2124 s
plot time = 0.0001 s
BR time = 47.6199 s
Train time = 3.7599 s
Matrix update time = 0.0355 s
positive data: [[1.46446611 8.53553395 8.11964026 8.82645536 8.69317196 7.91405751
  1.80539905 8.85755508 8.92333576 7.84896716 8.87989378 8.85387886
  8.93952189 8.50480155 7.30914388 2.9537587  7.83446296 1.72109005]
 [1.46446611 8.53553396 8.84804718 8.05233548 8.3169084  8.9461017
  2.44868381 7.91282312 7.73217751 8.91324949 7.88863887 7.51367521
  7.51778949 8.56561462 8.85418738 1.8175717  8.657922   2.75631776]]
positive support: [1.77655321e-08 7.60300761e-09 6.31655163e-09 8.77618652e-09
 5.38682851e-09 2.69367454e-08 2.87500794e-09 6.43703206e-09
 5.82669245e-09 5.39800872e-08 5.91805351e-09 1.85104606e-08
 9.96143726e-09 7.77220481e-09 7.15103092e-01 1.04423974e-08
 2.84896773e-01 2.76174314e-08]
classifires probs: [ 1.90841860e-02  3.36361697e-02  9.69904213e-10  1.45292659e-09
  7.11628160e-10 -5.18684974e-10  9.46672924e-11  4.01502768e-09
  1.48804469e-09  2.16683359e-01  2.19579869e-09  3.07392867e-09
  2.01498474e-01  4.79008209e-10 -2.89526274e-11  2.37342339e-01
  1.55639507e-02  3.90583781e-02  8.49402815e-02  1.52192847e-01]
BR point: [7.59881918 8.28429006]
BR value: 6.7814327826587455
BR point: [7.59881918 8.28429006]
BR value: 6.7814327826587455
Points utilities = [[5.97487622 5.45595223 5.11344805 5.06816975 5.36320031 6.11299067
  5.37561865 4.88070646 4.55758049 6.19282814 4.82614396 5.88839687
  5.86110109 5.45353117 6.32788251 6.01284212 6.32788251 6.02354596]]
new point utility = 6.7814327826587455
new point = [7.59881918 8.28429006]
point added
3
classifires probs: [ 1.90841860e-02  3.36361697e-02  9.69904213e-10  1.45292659e-09
  7.11628160e-10 -5.18684974e-10  9.46672924e-11  4.01502768e-09
  1.48804469e-09  2.16683359e-01  2.19579869e-09  3.07392867e-09
  2.01498474e-01  4.79008209e-10 -2.89526274e-11  2.37342339e-01
  1.55639507e-02  3.90583781e-02  8.49402815e-02  1.52192847e-01]
____iterstion: 25
init time = 0.7887 s
NFG time = 0.2168 s
plot time = 0.0001 s
BR time = 50.2699 s
Train time = 3.7605 s
Matrix update time = 0.0376 s
positive data: [[1.46446611 8.53553395 8.11964026 8.82645536 8.69317196 7.91405751
  1.80539905 8.85755508 8.92333576 7.84896716 8.87989378 8.85387886
  8.93952189 8.50480155 7.30914388 2.9537587  7.83446296 1.72109005
  7.59881918]
 [1.46446611 8.53553396 8.84804718 8.05233548 8.3169084  8.9461017
  2.44868381 7.91282312 7.73217751 8.91324949 7.88863887 7.51367521
  7.51778949 8.56561462 8.85418738 1.8175717  8.657922   2.75631776
  8.28429006]]
positive support: [5.83291000e-09 3.38683562e-10 4.68374221e-10 3.12211649e-10
 4.65148548e-10 2.88605372e-09 6.23671209e-10 1.93784097e-10
 2.49469651e-10 2.85861307e-08 2.13488128e-10 4.10929815e-09
 1.39114707e-08 4.63085033e-10 7.15103087e-01 2.44910310e-09
 2.84896830e-01 2.02207842e-08 1.30988100e-09]
classifires probs: [7.63101269e-03 9.97423746e-04 1.79713129e-10 3.12060148e-10
 3.50921780e-10 1.20714232e-10 8.20334240e-11 2.68659991e-10
 1.02408876e-10 1.77501254e-01 1.13922679e-10 2.47456100e-10
 2.54402447e-01 3.18739836e-10 2.24861751e-11 2.02871568e-01
 2.54717524e-02 1.01870142e-01 2.21285059e-02 2.07125892e-01]
BR point: [7.90542308 8.76898235]
BR value: 6.338908925602408
BR point: [7.90542308 8.76898235]
BR value: 6.338908925602408
Points utilities = [[6.1437543  5.17254231 4.84782953 4.80490322 5.0846084  6.11299073
  5.24145948 4.62717771 4.3208365  6.27881564 4.57544945 6.08199576
  6.12601244 5.17024702 6.3278826  5.62324443 6.32788259 6.3248484
  6.23738716]]
new point utility = 6.338908925602408
new point = [7.90542308 8.76898235]
3
classifires probs: [7.63101269e-03 9.97423746e-04 1.79713129e-10 3.12060148e-10
 3.50921780e-10 1.20714232e-10 8.20334240e-11 2.68659991e-10
 1.02408876e-10 1.77501254e-01 1.13922679e-10 2.47456100e-10
 2.54402447e-01 3.18739836e-10 2.24861751e-11 2.02871568e-01
 2.54717524e-02 1.01870142e-01 2.21285059e-02 2.07125892e-01]
Objective = 6.327882597958639
Number of iterations = 26
Support of attacker = 2
Support of classifier = 9
Size of game = (19, 20)
init time = 0.7887 s
NFG time = 0.2207 s
plot time = 0.0001 s
BR time = 53.0739 s
Train time = 3.7611 s
Matrix update time = 0.0382 s
