NEW RUN________________________________________
---------------------------- iteration: 0
Size of game = (1, 1)
Objective = 0
Support of attacker = 0
Support of classifier = 0
init time = 0.6071 s
NFG time = 0
plot time = 0
BR time = 0
Train time = 0
Matrix update time = 0
Points utilities = [[10.]]
new point utility = 9.999999998021366
new point = [10.]
classifier utilities = [10.00000001]
new classifier utility = [0.]
classifier added
---------------------------- iteration: 1
Size of game = (1, 2)
Objective = 9.999999998229708
Support of attacker = 1
Support of classifier = 1
init time = 0.6071 s
NFG time = 0.0060 s
plot time = 0.0000 s
BR time = 0.0136 s
Train time = 0.8425 s
Matrix update time = 0.0006 s
Points utilities = [[9.9]]
new point utility = 9.899999996731847
new point = [10.]
Size of game = (1, 2)
Objective = 9.899999997744473
Number of iterations = 2
Support of attacker = 1
Support of classifier = 2
init time = 0.6071 s
NFG time = 0.0079 s
plot time = 0.0000 s
BR time = 0.0299 s
Train time = 0.8430 s
Matrix update time = 0.0011 s
NEW RUN________________________________________
---------------------------- iteration: 0
Size of game = (1, 1)
Objective = 0
Support of attacker = 0
Support of classifier = 0
init time = 0.5791 s
NFG time = 0
plot time = 0
BR time = 0
Train time = 0
Matrix update time = 0
Points utilities = [[10.]]
new point utility = 9.999999998021366
new point = [10.]
classifier utilities = [10.00000001]
new classifier utility = [0.]
classifier added
---------------------------- iteration: 1
Size of game = (1, 2)
Objective = 9.999999998229708
Support of attacker = 1
Support of classifier = 1
init time = 0.5791 s
NFG time = 0.0060 s
plot time = 0.0000 s
BR time = 0.0142 s
Train time = 1.0686 s
Matrix update time = 0.0005 s
Points utilities = [[-2.63694171e-10]]
new point utility = 6.4265171898866305
new point = [6.42651719]
point added
---------------------------- iteration: 2
Size of game = (2, 2)
Objective = -2.338272939174942e-10
Support of attacker = 1
Support of classifier = 1
init time = 0.5791 s
NFG time = 0.0076 s
plot time = 0.0000 s
BR time = 0.1609 s
Train time = 1.0691 s
Matrix update time = 0.0013 s
Points utilities = [[5.8760414  6.42651719]]
new point utility = 6.425819809552651
new point = [6.42581981]
classifier utilities = [6.4265172  6.42651719]
new classifier utility = [0.]
classifier added
---------------------------- iteration: 3
Size of game = (2, 3)
Objective = 6.426517188485935
Support of attacker = 1
Support of classifier = 2
init time = 0.5791 s
NFG time = 0.0095 s
plot time = 0.0000 s
BR time = 0.2677 s
Train time = 1.4951 s
Matrix update time = 0.0018 s
Points utilities = [[-1.02844528e-09 -1.52092381e-09]]
new point utility = 4.333008592316647
new point = [4.33300859]
point added
---------------------------- iteration: 4
Size of game = (3, 3)
Objective = -1.123839769648072e-09
Support of attacker = 2
Support of classifier = 1
init time = 0.5791 s
NFG time = 0.0113 s
plot time = 0.0000 s
BR time = 0.4797 s
Train time = 1.4955 s
Matrix update time = 0.0027 s
Points utilities = [[3.88767846 3.96450736 4.33300859]]
new point utility = 4.3329781854202585
new point = [4.33297819]
classifier utilities = [4.3330086  4.3330086  4.33300859]
new classifier utility = [0.]
classifier added
---------------------------- iteration: 5
Size of game = (3, 4)
Objective = 4.3330085908600005
Support of attacker = 1
Support of classifier = 3
init time = 0.5791 s
NFG time = 0.0130 s
plot time = 0.0000 s
BR time = 0.6051 s
Train time = 1.9204 s
Matrix update time = 0.0032 s
Points utilities = [[-1.48795737e-09 -1.96063658e-09 -2.15244920e-09]]
new point utility = 3.057282161841303
new point = [3.05728216]
point added
---------------------------- iteration: 6
Size of game = (4, 4)
Objective = -1.676886480538978e-09
Support of attacker = 3
Support of classifier = 1
init time = 0.5791 s
NFG time = 0.0146 s
plot time = 0.0000 s
BR time = 0.8436 s
Train time = 1.9208 s
Matrix update time = 0.0041 s
Points utilities = [[2.67675218 2.73640481 2.76845148 3.05728216]]
new point utility = 3.056984354754734
new point = [3.05698436]
classifier utilities = [3.05728218 3.05728218 3.05728217 3.05728216]
new classifier utility = [0.]
classifier added
---------------------------- iteration: 7
Size of game = (4, 5)
Objective = 3.0572821599718676
Support of attacker = 1
Support of classifier = 4
init time = 0.5791 s
NFG time = 0.0162 s
plot time = 0.0000 s
BR time = 1.0319 s
Train time = 2.3419 s
Matrix update time = 0.0047 s
Points utilities = [[-1.38418309e-09 -1.66648744e-09 -1.83864663e-09 -1.72217658e-09]]
new point utility = 2.294133119649902
new point = [2.29413312]
point added
---------------------------- iteration: 8
Size of game = (5, 5)
Objective = -1.51279700842397e-09
Support of attacker = 4
Support of classifier = 1
init time = 0.5791 s
NFG time = 0.0180 s
plot time = 0.0000 s
BR time = 1.3490 s
Train time = 2.3424 s
Matrix update time = 0.0057 s
Points utilities = [[1.95849728 2.01701549 2.02629103 2.05599905 2.29413312]]
new point utility = 2.2940801695639297
new point = [2.29408017]
classifier utilities = [2.29413315 2.29413314 2.29413313 2.29413313 2.29413312]
new classifier utility = [0.]
classifier added
---------------------------- iteration: 9
Size of game = (5, 6)
Objective = 2.294133117761587
Support of attacker = 1
Support of classifier = 5
init time = 0.5791 s
NFG time = 0.0198 s
plot time = 0.0000 s
BR time = 1.6762 s
Train time = 3.1901 s
Matrix update time = 0.0062 s
Points utilities = [[-1.16376548e-09 -1.49124795e-09 -1.60328356e-09 -1.59229759e-09
  -1.43823654e-09]]
new point utility = 1.8788855321664617
new point = [1.87888553]
point added
---------------------------- iteration: 10
Size of game = (6, 6)
Objective = -1.2322060927341926e-09
Support of attacker = 5
Support of classifier = 1
init time = 0.5791 s
NFG time = 0.0217 s
plot time = 0.0000 s
BR time = 2.0772 s
Train time = 3.1905 s
Matrix update time = 0.0073 s
Points utilities = [[1.57737958 1.63293093 1.6380159  1.63983921 1.67076495 1.87888553]]
new point utility = 1.8788909375594853
new point = [1.87889094]
classifier utilities = [1.87888556 1.87888555 1.87888555 1.87888554 1.87888554 1.87888553]
new classifier utility = [0.]
classifier added
---------------------------- iteration: 11
Size of game = (6, 7)
Objective = 1.8788855303855143
Support of attacker = 1
Support of classifier = 6
init time = 0.5791 s
NFG time = 0.0232 s
plot time = 0.0000 s
BR time = 2.4357 s
Train time = 4.2489 s
Matrix update time = 0.0079 s
Points utilities = [[-2.62490044e-09 -2.99386425e-09 -3.00944905e-09 -2.89895745e-09
  -2.68320938e-09 -2.28677951e-09]]
new point utility = 1.6855354009214254
new point = [1.6855354]
point added
---------------------------- iteration: 12
Size of game = (7, 7)
Objective = -1.4846788824904715e-09
Support of attacker = 6
Support of classifier = 1
init time = 0.5791 s
NFG time = 0.0251 s
plot time = 0.0000 s
BR time = 2.9157 s
Train time = 4.2494 s
Matrix update time = 0.0090 s
Points utilities = [[1.40923365 1.46094547 1.46420454 1.45763996 1.45379425 1.49710987
  1.6855354 ]]
new point utility = 1.684965318939112
new point = [1.68496532]
classifier utilities = [1.68553543 1.68553542 1.68553542 1.68553541 1.68553541 1.6855354
 1.6855354 ]
new classifier utility = [0.]
classifier added
---------------------------- iteration: 13
Size of game = (7, 8)
Objective = 1.6855353992261413
Support of attacker = 1
Support of classifier = 7
init time = 0.5791 s
NFG time = 0.0270 s
plot time = 0.0000 s
BR time = 3.3783 s
Train time = 5.5186 s
Matrix update time = 0.0096 s
Points utilities = [[-1.01186389e-10 -9.91491246e-11 -8.89495305e-11 -9.52774725e-11
  -1.00386839e-10 -1.05988884e-10 -1.05827408e-10]]
new point utility = 1.5963237418400482
new point = [1.59632374]
point added
---------------------------- iteration: 14
Size of game = (8, 8)
Objective = -7.4983094219639e-11
Support of attacker = 7
Support of classifier = 1
init time = 0.5791 s
NFG time = 0.0288 s
plot time = 0.0000 s
BR time = 3.9489 s
Train time = 5.5191 s
Matrix update time = 0.0108 s
Points utilities = [[1.33901928 1.38703623 1.38914918 1.37858005 1.35914144 1.36281728
  1.4320765  1.59632374]]
new point utility = 1.595756684433312
new point = [1.59575669]
classifier utilities = [1.59632377 1.59632377 1.59632376 1.59632375 1.59632375 1.59632375
 1.59632375 1.59632374]
new classifier utility = [0.]
classifier added
---------------------------- iteration: 15
Size of game = (8, 9)
Objective = 1.5963237402288013
Support of attacker = 1
Support of classifier = 8
init time = 0.5791 s
NFG time = 0.0305 s
plot time = 0.0000 s
BR time = 4.6298 s
Train time = 6.7977 s
Matrix update time = 0.0114 s
Points utilities = [[-1.64390463e-10 -1.63671405e-10 -1.55051971e-10 -1.70054203e-10
  -1.82486361e-10 -1.94363958e-10 -2.08236791e-10 -2.02392404e-10]]
new point utility = 1.560850790901719
new point = [1.56085079]
point added
---------------------------- iteration: 16
Size of game = (9, 9)
Objective = -1.4238445942274851e-10
Support of attacker = 8
Support of classifier = 1
init time = 0.5791 s
NFG time = 0.0324 s
plot time = 0.0000 s
BR time = 5.3093 s
Train time = 6.7981 s
Matrix update time = 0.0127 s
Points utilities = [[1.31775051 1.36250575 1.36385452 1.35095495 1.32136166 1.30319899
  1.33829224 1.41762793 1.56085079]]
new point utility = 1.5600914422269416
new point = [1.56009144]
classifier utilities = [1.56085083 1.56085082 1.56085081 1.5608508  1.5608508  1.5608508
 1.5608508  1.5608508  1.56085079]
new classifier utility = [0.]
classifier added
---------------------------- iteration: 17
Size of game = (9, 10)
Objective = 1.5608507893118635
Support of attacker = 1
Support of classifier = 9
init time = 0.5791 s
NFG time = 0.0341 s
plot time = 0.0000 s
BR time = 5.9011 s
Train time = 7.8825 s
Matrix update time = 0.0132 s
Points utilities = [[-1.80182989e-10 -1.88484854e-10 -1.79219432e-10 -1.87386083e-10
  -1.98521341e-10 -2.11778882e-10 -2.30923307e-10 -2.48048409e-10
  -2.37783226e-10]]
new point utility = 1.5593809046811204
new point = [1.5593809]
point added
---------------------------- iteration: 18
Size of game = (10, 10)
Objective = -1.6198157762534688e-10
Support of attacker = 9
Support of classifier = 1
init time = 0.5791 s
NFG time = 0.0360 s
plot time = 0.0000 s
BR time = 6.5906 s
Train time = 7.8831 s
Matrix update time = 0.0147 s
Points utilities = [[1.3260279  1.36811675 1.36894648 1.35440816 1.31577415 1.28100741
  1.29669329 1.34916773 1.43137201 1.5593809 ]]
new point utility = 1.559391747617257
new point = [1.55939175]
classifier utilities = [1.55938094 1.55938093 1.55938092 1.55938092 1.55938092 1.55938091
 1.55938091 1.55938091 1.55938091 1.55938091]
new classifier utility = [0.]
classifier added
---------------------------- iteration: 19
Size of game = (10, 11)
Objective = 1.559380903069913
Support of attacker = 1
Support of classifier = 10
init time = 0.5791 s
NFG time = 0.0377 s
plot time = 0.0000 s
BR time = 7.2438 s
Train time = 8.9513 s
Matrix update time = 0.0153 s
Points utilities = [[-1.75391281e-10 -1.89735400e-10 -1.79977840e-10 -1.80566401e-10
  -1.87505015e-10 -1.99320428e-10 -2.18768523e-10 -2.41074537e-10
  -2.58786149e-10 -2.45535863e-10]]
new point utility = 1.5592149451620374
new point = [1.55921495]
point added
---------------------------- iteration: 20
Size of game = (11, 11)
Objective = -1.5723309982867744e-10
Support of attacker = 10
Support of classifier = 1
init time = 0.5791 s
NFG time = 0.0399 s
plot time = 0.0000 s
BR time = 8.0322 s
Train time = 8.9517 s
Matrix update time = 0.0168 s
Points utilities = [[1.33329604 1.37324236 1.3737034  1.35777678 1.30994896 1.26193894
  1.26501215 1.30284121 1.36498272 1.45132787 1.55921494]]
new point utility = 1.5589281435055948
new point = [1.55892814]
classifier utilities = [1.55921499 1.55921498 1.55921497 1.55921496 1.55921496 1.55921496
 1.55921496 1.55921495 1.55921495 1.55921495 1.55921495]
new classifier utility = [0.]
classifier added
---------------------------- iteration: 21
Size of game = (11, 12)
Objective = 1.5592149434472573
Support of attacker = 1
Support of classifier = 11
init time = 0.5791 s
NFG time = 0.0416 s
plot time = 0.0000 s
BR time = 8.6942 s
Train time = 10.0208 s
Matrix update time = 0.0175 s
Points utilities = [[-1.71723024e-10 -1.89421007e-10 -1.78670179e-10 -1.74514671e-10
  -1.78352515e-10 -1.88804856e-10 -2.07898224e-10 -2.31690945e-10
  -2.56523699e-10 -2.75371430e-10 -2.54581020e-10]]
new point utility = 1.559192678541336
new point = [1.55919268]
point added
---------------------------- iteration: 22
Size of game = (12, 12)
Objective = -1.5072937804460956e-10
Support of attacker = 11
Support of classifier = 1
init time = 0.5791 s
NFG time = 0.0437 s
plot time = 0.0000 s
BR time = 9.5215 s
Train time = 10.0213 s
Matrix update time = 0.0190 s
Points utilities = [[1.33918277 1.37736165 1.37755394 1.36037947 1.30323653 1.24491849
  1.23948596 1.2683016  1.3195908  1.3909495  1.46395612 1.55919268]]
new point utility = 1.5587385461202736
new point = [1.55873855]
classifier utilities = [1.55919272 1.55919271 1.5591927  1.5591927  1.55919269 1.55919269
 1.55919269 1.55919269 1.55919269 1.55919269 1.55919269 1.55919269]
new classifier utility = [0.]
classifier added
---------------------------- iteration: 23
Size of game = (12, 13)
Objective = 1.5591926767406112
Support of attacker = 1
Support of classifier = 12
init time = 0.5791 s
NFG time = 0.0455 s
plot time = 0.0000 s
BR time = 10.1641 s
Train time = 11.2945 s
Matrix update time = 0.0196 s
Points utilities = [[-1.66835829e-10 -1.87215611e-10 -1.75615823e-10 -1.67977711e-10
  -1.68917014e-10 -1.77506420e-10 -1.95215387e-10 -2.18581490e-10
  -2.45254058e-10 -2.72663526e-10 -2.88747612e-10 -2.61097060e-10]]
new point utility = 1.5515392347568724
new point = [1.55153923]
point added
---------------------------- iteration: 24
Size of game = (13, 13)
Objective = -1.431298172150417e-10
Support of attacker = 12
Support of classifier = 1
init time = 0.5791 s
NFG time = 0.0474 s
plot time = 0.0000 s
BR time = 11.0852 s
Train time = 11.2949 s
Matrix update time = 0.0212 s
Points utilities = [[1.33726908 1.37378458 1.37374623 1.35544577 1.28996993 1.22424747
  1.21308359 1.2358817  1.28022953 1.34288334 1.40356078 1.4677505
  1.55153923]]
new point utility = 1.55153601858829
new point = [1.55153602]
classifier utilities = [1.55153929 1.55153928 1.55153927 1.55153926 1.55153926 1.55153926
 1.55153925 1.55153925 1.55153925 1.55153925 1.55153925 1.55153925
 1.55153924]
new classifier utility = [0.]
classifier added
---------------------------- iteration: 25
Size of game = (13, 14)
Objective = 1.5515392325715374
Support of attacker = 1
Support of classifier = 13
init time = 0.5791 s
NFG time = 0.0491 s
plot time = 0.0000 s
BR time = 11.8191 s
Train time = 12.4591 s
Matrix update time = 0.0218 s
Points utilities = [[0.74788184 0.83202017 0.8198111  0.77463219 0.73005367 0.71587021
  0.74426508 0.80039653 0.87752222 0.9754178  1.0813287  1.20302082
  1.3963853 ]]
new point utility = 1.5502817418861659
new point = [1.55028174]
point added
---------------------------- iteration: 26
Size of game = (14, 14)
Objective = 1.3963852963319494
Support of attacker = 1
Support of classifier = 14
init time = 0.5791 s
NFG time = 0.0514 s
plot time = 0.0000 s
BR time = 12.7879 s
Train time = 12.4595 s
Matrix update time = 0.0234 s
Points utilities = [[1.34648615 1.38009899 1.38010536 1.36334454 1.29781589 1.22635614
  1.21015654 1.22810953 1.26741459 1.32449587 1.37849596 1.43293999
  1.48851417 1.55028174]]
new point utility = 1.5498611369828923
new point = [1.54986114]
classifier utilities = [1.55028182 1.5502818  1.55028179 1.55028178 1.55028177 1.55028177
 1.55028177 1.55028177 1.55028176 1.55028176 1.55028176 1.55028176
 1.55028176 1.55028174]
new classifier utility = [0.]
classifier added
---------------------------- iteration: 27
Size of game = (14, 15)
Objective = 1.550281740131621
Support of attacker = 1
Support of classifier = 14
init time = 0.5791 s
NFG time = 0.0533 s
plot time = 0.0000 s
BR time = 13.4433 s
Train time = 13.7257 s
Matrix update time = 0.0241 s
Points utilities = [[0.82033375 0.91153856 0.89772761 0.84472333 0.78922877 0.76619191
  0.78863741 0.83969901 0.91150067 1.00311479 1.10069764 1.21249706
  1.39638531 1.39594216]]
new point utility = 1.5501095265347888
new point = [1.55010953]
point added
---------------------------- iteration: 28
Size of game = (15, 15)
Objective = 1.3963853059008116
Support of attacker = 1
Support of classifier = 15
init time = 0.5791 s
NFG time = 0.0554 s
plot time = 0.0000 s
BR time = 14.2507 s
Train time = 13.7262 s
Matrix update time = 0.0258 s
Points utilities = [[1.35504438 1.38623768 1.38626528 1.37065564 1.30504392 1.22915559
  1.20934391 1.22380158 1.25938736 1.31227784 1.36137224 1.40926658
  1.45304028 1.4915763  1.55010953]]
new point utility = 1.550142076766709
new point = [1.55014208]
classifier utilities = [1.55010961 1.55010959 1.55010958 1.55010957 1.55010956 1.55010956
 1.55010956 1.55010956 1.55010955 1.55010955 1.55010955 1.55010955
 1.55010955 1.55010954 1.55010952]
new classifier utility = [0.]
classifier added
---------------------------- iteration: 29
Size of game = (15, 16)
Objective = 1.55010952388603
Support of attacker = 1
Support of classifier = 15
init time = 0.5791 s
NFG time = 0.0572 s
plot time = 0.0000 s
BR time = 14.9923 s
Train time = 15.2045 s
Matrix update time = 0.0265 s
Points utilities = [[0.87185039 0.96019337 0.94676337 0.89146976 0.83013818 0.80165361
  0.82026237 0.86802909 0.93649838 1.02452316 1.11784844 1.22466796
  1.39638529 1.39557645 1.39590256]]
new point utility = 1.5444750939591307
new point = [1.54447509]
point added
---------------------------- iteration: 30
Size of game = (16, 16)
Objective = 1.3963852944356656
Support of attacker = 2
Support of classifier = 16
init time = 0.5791 s
NFG time = 0.0595 s
plot time = 0.0000 s
BR time = 16.2568 s
Train time = 15.2050 s
Matrix update time = 0.0283 s
Points utilities = [[1.35798262 1.38700767 1.38706637 1.37262501 1.30827986 1.22915136
  1.20659647 1.21833661 1.25100693 1.30056879 1.34582306 1.38895761
  1.42588035 1.45589313 1.49203514 1.54447509]]
new point utility = 1.5445214696566627
new point = [1.54452147]
classifier utilities = [1.5444752  1.54447518 1.54447516 1.54447515 1.54447514 1.54447514
 1.54447514 1.54447513 1.54447513 1.54447513 1.54447513 1.54447512
 1.54447512 1.54447512 1.54447511 1.54447509]
new classifier utility = [0.]
classifier added
---------------------------- iteration: 31
Size of game = (16, 17)
Objective = 1.544475091532268
Support of attacker = 1
Support of classifier = 16
init time = 0.5791 s
NFG time = 0.0613 s
plot time = 0.0000 s
BR time = 17.0999 s
Train time = 16.7023 s
Matrix update time = 0.0290 s
Points utilities = [[0.90658725 0.99729428 0.98551403 0.92920532 0.86379609 0.83133127
  0.84712673 0.89237374 0.95811214 1.04302777 1.13260172 1.23475963
  1.39638531 1.39563055 1.39597449 1.39357078]]
new point utility = 1.5434968917914613
new point = [1.54349689]
point added
---------------------------- iteration: 32
Size of game = (17, 17)
Objective = 1.3963853102498427
Support of attacker = 1
Support of classifier = 17
init time = 0.5791 s
NFG time = 0.0636 s
plot time = 0.0000 s
BR time = 17.9749 s
Train time = 16.7027 s
Matrix update time = 0.0309 s
Points utilities = [[1.36441496 1.39158369 1.39165943 1.37817885 1.31534174 1.2332911
  1.20840534 1.21796209 1.24839816 1.29547303 1.33782123 1.37736444
  1.40951439 1.43458086 1.46297133 1.49196535 1.54349689]]
new point utility = 1.5435593763101845
new point = [1.54355938]
classifier utilities = [1.54349703 1.543497   1.54349698 1.54349697 1.54349696 1.54349695
 1.54349695 1.54349695 1.54349694 1.54349694 1.54349694 1.54349693
 1.54349693 1.54349693 1.54349692 1.54349691 1.54349689]
new classifier utility = [0.]
classifier added
---------------------------- iteration: 33
Size of game = (17, 18)
Objective = 1.5434968876562913
Support of attacker = 1
Support of classifier = 17
init time = 0.5791 s
NFG time = 0.0654 s
plot time = 0.0000 s
BR time = 18.7359 s
Train time = 18.2011 s
Matrix update time = 0.0315 s
Points utilities = [[0.9381659  1.0289976  1.01871982 0.96231517 0.89365217 0.85778021
  0.87117541 0.91424358 0.97751736 1.05949253 1.14540998 1.24296565
  1.39638531 1.39563131 1.39593208 1.39236345 1.39380766]]
new point utility = 1.5434072925553497
new point = [1.54340729]
point added
---------------------------- iteration: 34
Size of game = (18, 18)
Objective = 1.3963853067055727
Support of attacker = 2
Support of classifier = 18
init time = 0.5791 s
NFG time = 0.0680 s
plot time = 0.0000 s
BR time = 19.6736 s
Train time = 18.2016 s
Matrix update time = 0.0335 s
Points utilities = [[1.37112099 1.39652822 1.39660617 1.38413147 1.32319038 1.23857255
  1.21152914 1.21918369 1.24780077 1.29295332 1.3330983  1.36991916
  1.39850506 1.41991166 1.44349233 1.46470579 1.49532329 1.54340729]]
new point utility = 1.5434068256103126
new point = [1.54340683]
classifier utilities = [1.54340749 1.54340745 1.54340742 1.5434074  1.54340739 1.54340738
 1.54340738 1.54340737 1.54340737 1.54340737 1.54340736 1.54340736
 1.54340735 1.54340735 1.54340735 1.54340734 1.54340733 1.5434073 ]
new classifier utility = [0.]
classifier added
---------------------------- iteration: 35
Size of game = (18, 19)
Objective = 1.5434072870859943
Support of attacker = 1
Support of classifier = 18
init time = 0.5791 s
NFG time = 0.0699 s
plot time = 0.0000 s
BR time = 20.3579 s
Train time = 19.6890 s
Matrix update time = 0.0342 s
Points utilities = [[0.96664601 1.05623831 1.04752314 0.99206784 0.92097309 0.88214219
  0.89340808 0.93452205 0.99553589 1.07475591 1.15719341 1.25038503
  1.3963853  1.39562412 1.39588365 1.3918946  1.39230986 1.39419256]]
new point utility = 1.5433296331037085
new point = [1.54332963]
point added
---------------------------- iteration: 36
Size of game = (19, 19)
Objective = 1.3963853020655836
Support of attacker = 2
Support of classifier = 19
init time = 0.5791 s
NFG time = 0.0724 s
plot time = 0.0001 s
BR time = 21.4780 s
Train time = 19.6894 s
Matrix update time = 0.0361 s
Points utilities = [[1.38073402 1.40266956 1.40266664 1.3925197  1.33686062 1.25219076
  1.22275156 1.22825025 1.25507512 1.29862813 1.3371013  1.37201933
  1.39824871 1.41571337 1.43477387 1.45031813 1.47266744 1.50045149
  1.54332963]]
new point utility = 1.5433931688649705
new point = [1.54339318]
classifier utilities = [1.54333003 1.54332995 1.54332989 1.54332986 1.54332984 1.54332982
 1.54332981 1.5433298  1.5433298  1.54332979 1.54332979 1.54332978
 1.54332978 1.54332977 1.54332976 1.54332975 1.54332974 1.54332971
 1.54332965]
new classifier utility = [0.]
classifier added
---------------------------- iteration: 37
Size of game = (19, 20)
Objective = 1.5433296224148814
Support of attacker = 1
Support of classifier = 19
init time = 0.5791 s
NFG time = 0.0743 s
plot time = 0.0001 s
BR time = 22.5172 s
Train time = 21.4080 s
Matrix update time = 0.0368 s
Points utilities = [[0.99254887 1.07900108 1.07168682 1.01838232 0.94595397 0.90463115
  0.91386921 0.95304812 1.01189184 1.08856469 1.16782677 1.25703274
  1.39638529 1.39564529 1.39590487 1.39168781 1.3917405  1.39278322
  1.39444973]]
new point utility = 1.5391829748614994
new point = [1.53918298]
point added
---------------------------- iteration: 38
Size of game = (20, 20)
Objective = 1.3963852949402789
Support of attacker = 2
Support of classifier = 20
init time = 0.5791 s
NFG time = 0.0767 s
plot time = 0.0001 s
BR time = 23.9965 s
Train time = 21.4086 s
Matrix update time = 0.0390 s
Points utilities = [[1.3864407  1.40529856 1.40529106 1.39745082 1.3483498  1.2645163
  1.23302054 1.23646887 1.26153673 1.30353887 1.34048739 1.37380843
  1.39820456 1.4125609  1.4281274  1.43960256 1.45689556 1.47736925
  1.50223426 1.53918298]]
new point utility = 1.5391828470122435
new point = [1.53918285]
classifier utilities = [1.53918298 1.53918298 1.53918298 1.53918298 1.53918298 1.53918298
 1.53918298 1.53918298 1.53918298 1.53918298 1.53918298 1.53918298
 1.53918298 1.53918298 1.53918298 1.53918298 1.53918298 1.53918298
 1.53918298 1.53918298]
new classifier utility = [0.]
classifier added
---------------------------- iteration: 39
Size of game = (20, 21)
Objective = 1.539182975572735
Support of attacker = 1
Support of classifier = 20
init time = 0.5791 s
NFG time = 0.0787 s
plot time = 0.0001 s
BR time = 25.3115 s
Train time = 23.1329 s
Matrix update time = 0.0397 s
Points utilities = [[1.01574415 1.0982232  1.09204259 1.04181823 0.96903642 0.92561046
  0.93289252 0.97013362 1.02685551 1.10112962 1.17747542 1.2630612
  1.39638529 1.39566902 1.39594082 1.39167683 1.39165768 1.39256488
  1.39381836 1.39306003]]
new point utility = 1.538365916231344
new point = [1.53836592]
point added
---------------------------- iteration: 40
Size of game = (21, 21)
Objective = 1.3963852868822781
Support of attacker = 2
Support of classifier = 21
init time = 0.5791 s
NFG time = 0.0812 s
plot time = 0.0001 s
BR time = 26.5835 s
Train time = 23.1334 s
Matrix update time = 0.0419 s
Points utilities = [[1.39302529 1.40976677 1.40977319 1.40348369 1.35912722 1.27535617
  1.24192851 1.24358362 1.26715109 1.30784613 1.34351542 1.37549789
  1.39833899 1.41087853 1.42433871 1.43331643 1.44760212 1.46420876
  1.48311999 1.50249517 1.53836592]]
new point utility = 1.5384130478932636
new point = [1.53841305]
classifier utilities = [1.53836593 1.53836593 1.53836592 1.53836592 1.53836592 1.53836592
 1.53836592 1.53836592 1.53836592 1.53836592 1.53836592 1.53836592
 1.53836592 1.53836592 1.53836592 1.53836592 1.53836592 1.53836592
 1.53836592 1.53836592 1.53836592]
new classifier utility = [0.]
classifier added
---------------------------- iteration: 41
Size of game = (21, 22)
Objective = 1.5383659173021897
Support of attacker = 1
Support of classifier = 21
init time = 0.5791 s
NFG time = 0.0833 s
plot time = 0.0001 s
BR time = 27.6380 s
Train time = 24.8932 s
Matrix update time = 0.0425 s
Points utilities = [[1.03673112 1.1151172  1.1098899  1.06316301 0.99075246 0.94553711
  0.9509366  0.98624596 1.04087725 1.11284623 1.18643911 1.26862611
  1.39638528 1.39569468 1.39598204 1.39166716 1.3915781  1.39237399
  1.39338486 1.39133515 1.3933472 ]]
new point utility = 1.5382727446914934
new point = [1.53827275]
point added
---------------------------- iteration: 42
Size of game = (22, 22)
Objective = 1.3963852772292136
Support of attacker = 2
Support of classifier = 22
init time = 0.5791 s
NFG time = 0.0859 s
plot time = 0.0001 s
BR time = 29.5747 s
Train time = 24.8936 s
Matrix update time = 0.0447 s
Points utilities = [[1.39918475 1.41423713 1.41426765 1.40923733 1.36890102 1.28509758
  1.24982701 1.24982678 1.27203761 1.31157225 1.34613034 1.37698216
  1.3985565  1.40983031 1.42182262 1.42903669 1.44118377 1.45516871
  1.47059837 1.48432678 1.50493793 1.53827275]]
new point utility = 1.5382694196310505
new point = [1.53826942]
classifier utilities = [1.53827276 1.53827276 1.53827276 1.53827276 1.53827275 1.53827275
 1.53827275 1.53827275 1.53827275 1.53827275 1.53827275 1.53827275
 1.53827275 1.53827275 1.53827275 1.53827275 1.53827275 1.53827275
 1.53827275 1.53827275 1.53827275 1.53827275]
new classifier utility = [0.]
classifier added
---------------------------- iteration: 43
Size of game = (22, 23)
Objective = 1.5382727462532209
Support of attacker = 1
Support of classifier = 22
init time = 0.5791 s
NFG time = 0.0878 s
plot time = 0.0001 s
BR time = 30.5285 s
Train time = 26.6406 s
Matrix update time = 0.0455 s
Points utilities = [[1.05571865 1.13009006 1.12560094 1.08251819 1.0111565  0.9644621
  0.96805139 1.00143731 1.05401122 1.12376708 1.19476184 1.27375164
  1.39638531 1.39571495 1.39601389 1.39164555 1.39148864 1.39218834
  1.39302962 1.39050683 1.39133983 1.39370321]]
new point utility = 1.5381634452802786
new point = [1.53816345]
point added
---------------------------- iteration: 44
Size of game = (23, 23)
Objective = 1.396385310831889
Support of attacker = 1
Support of classifier = 23
init time = 0.5791 s
NFG time = 0.0907 s
plot time = 0.0001 s
BR time = 32.2468 s
Train time = 26.6410 s
Matrix update time = 0.0478 s
Points utilities = [[1.40467331 1.41828944 1.41834994 1.41440786 1.37774269 1.29411458
  1.2570842  1.25551348 1.27645329 1.3149155  1.3484663  1.37832275
  1.39883324 1.40915184 1.42006161 1.42598643 1.43655637 1.44861166
  1.46163951 1.47213385 1.48766035 1.50728037 1.53816345]]
new point utility = 1.5382567405939982
new point = [1.53825674]
classifier utilities = [1.53816346 1.53816346 1.53816346 1.53816346 1.53816346 1.53816345
 1.53816345 1.53816345 1.53816345 1.53816345 1.53816345 1.53816345
 1.53816345 1.53816345 1.53816345 1.53816345 1.53816345 1.53816345
 1.53816345 1.53816345 1.53816345 1.53816345 1.53816344]
new classifier utility = [0.]
classifier added
---------------------------- iteration: 45
Size of game = (23, 24)
Objective = 1.5381634448519903
Support of attacker = 1
Support of classifier = 23
init time = 0.5791 s
NFG time = 0.0927 s
plot time = 0.0001 s
BR time = 33.2309 s
Train time = 28.6811 s
Matrix update time = 0.0485 s
Points utilities = [[1.07292193 1.143484   1.13952342 1.10000502 1.03028019 0.98241363
  0.98427606 1.01576722 1.06633434 1.13397111 1.20251508 1.2785027
  1.39638531 1.39572628 1.39602968 1.39161162 1.3913951  1.39201665
  1.39273729 1.38996922 1.39037912 1.39174845 1.39391771]]
new point utility = 1.5350148014972023
new point = [1.5350148]
point added
---------------------------- iteration: 46
Size of game = (24, 24)
Objective = 1.3963853107132789
Support of attacker = 1
Support of classifier = 24
init time = 0.5791 s
NFG time = 0.0955 s
plot time = 0.0001 s
BR time = 34.8761 s
Train time = 28.6816 s
Matrix update time = 0.0508 s
Points utilities = [[1.40778561 1.41990737 1.42000605 1.4171898  1.38488296 1.30313248
  1.26445174 1.26123689 1.2808262  1.31815899 1.35069017 1.37960812
  1.3992234  1.40859675 1.41849449 1.42327943 1.43250311 1.44294146
  1.45401418 1.4621186  1.47452385 1.48937247 1.50751625 1.5350148 ]]
new point utility = 1.5350063279957271
new point = [1.53500633]
NEW RUN________________________________________
---------------------------- iteration: 0
Size of game = (1, 1)
Objective = 0
Support of attacker = 0
Support of classifier = 0
init time = 0.7681 s
NFG time = 0
plot time = 0
BR time = 0
Train time = 0
Matrix update time = 0
Points utilities = [[10.]]
new point utility = 9.999999998021366
new point = [10.]
classifier utilities = [10.00000001]
new classifier utility = [0.]
classifier added
---------------------------- iteration: 1
Size of game = (1, 2)
Objective = 9.999999998229708
Support of attacker = 1
Support of classifier = 1
init time = 0.7681 s
NFG time = 0.0064 s
plot time = 0.0000 s
BR time = 0.0136 s
Train time = 1.0465 s
Matrix update time = 0.0005 s
Points utilities = [[-2.63694171e-10]]
new point utility = 6.4042290530617985
new point = [6.40422905]
point added
---------------------------- iteration: 2
Size of game = (2, 2)
Objective = -2.338272939174942e-10
Support of attacker = 1
Support of classifier = 1
init time = 0.7681 s
NFG time = 0.0083 s
plot time = 0.0000 s
BR time = 0.1570 s
Train time = 1.0470 s
Matrix update time = 0.0013 s
Points utilities = [[5.85489049 6.40422905]]
new point utility = 6.404263495333834
new point = [6.4042635]
classifier utilities = [6.40422906 6.40422906]
new classifier utility = [0.]
classifier added
---------------------------- iteration: 3
Size of game = (2, 3)
Objective = 6.404229051663713
Support of attacker = 1
Support of classifier = 2
init time = 0.7681 s
NFG time = 0.0098 s
plot time = 0.0000 s
BR time = 0.2600 s
Train time = 1.4748 s
Matrix update time = 0.0018 s
Points utilities = [[-1.03005107e-09 -1.51643527e-09]]
new point utility = 4.311940069738225
new point = [4.31194007]
point added
---------------------------- iteration: 4
Size of game = (3, 3)
Objective = -1.1258456200915488e-09
Support of attacker = 2
Support of classifier = 1
init time = 0.7681 s
NFG time = 0.0115 s
plot time = 0.0000 s
BR time = 0.4820 s
Train time = 1.4753 s
Matrix update time = 0.0027 s
Points utilities = [[3.86743024 3.94368457 4.31194007]]
new point utility = 4.311916059240291
new point = [4.31191606]
classifier utilities = [4.31194008 4.31194008 4.31194007]
new classifier utility = [0.]
classifier added
---------------------------- iteration: 5
Size of game = (3, 4)
Objective = 4.311940068286507
Support of attacker = 1
Support of classifier = 3
init time = 0.7681 s
NFG time = 0.0130 s
plot time = 0.0000 s
BR time = 0.6601 s
Train time = 1.8930 s
Matrix update time = 0.0032 s
Points utilities = [[-1.48988958e-09 -1.95760165e-09 -2.14293118e-09]]
new point utility = 3.0508409109600607
new point = [3.05084091]
point added
---------------------------- iteration: 6
Size of game = (4, 4)
Objective = -1.678601080722103e-09
Support of attacker = 3
Support of classifier = 1
init time = 0.7681 s
NFG time = 0.0147 s
plot time = 0.0000 s
BR time = 0.9190 s
Train time = 1.8934 s
Matrix update time = 0.0041 s
Points utilities = [[2.67100893 2.72988681 2.76154786 3.05084091]]
new point utility = 3.050801961911232
new point = [3.05080196]
classifier utilities = [3.05084093 3.05084092 3.05084092 3.05084091]
new classifier utility = [0.]
classifier added
---------------------------- iteration: 7
Size of game = (4, 5)
Objective = 3.0508409090991617
Support of attacker = 1
Support of classifier = 4
init time = 0.7681 s
NFG time = 0.0164 s
plot time = 0.0000 s
BR time = 1.1763 s
Train time = 2.3141 s
Matrix update time = 0.0047 s
Points utilities = [[-1.38884912e-09 -1.66826817e-09 -1.83657343e-09 -1.72468500e-09]]
new point utility = 2.29163214552502
new point = [2.29163215]
point added
---------------------------- iteration: 8
Size of game = (5, 5)
Objective = -1.516385341854943e-09
Support of attacker = 4
Support of classifier = 1
init time = 0.7681 s
NFG time = 0.0183 s
plot time = 0.0000 s
BR time = 1.5071 s
Train time = 2.3146 s
Matrix update time = 0.0057 s
Points utilities = [[1.95674723 2.01439026 2.02301837 2.05389836 2.29163214]]
new point utility = 2.291621963302872
new point = [2.29162196]
classifier utilities = [2.29163217 2.29163216 2.29163216 2.29163215 2.29163215]
new classifier utility = [0.]
classifier added
---------------------------- iteration: 9
Size of game = (5, 6)
Objective = 2.29163214363975
Support of attacker = 1
Support of classifier = 5
init time = 0.7681 s
NFG time = 0.0202 s
plot time = 0.0000 s
BR time = 1.8416 s
Train time = 3.1582 s
Matrix update time = 0.0063 s
Points utilities = [[-1.16901263e-09 -1.49259595e-09 -1.60180370e-09 -1.59507991e-09
  -1.44239893e-09]]
new point utility = 1.8780343268028348
new point = [1.87803433]
point added
---------------------------- iteration: 10
Size of game = (6, 6)
Objective = -1.2364852964004085e-09
Support of attacker = 5
Support of classifier = 1
init time = 0.7681 s
NFG time = 0.0222 s
plot time = 0.0000 s
BR time = 2.2501 s
Train time = 3.1587 s
Matrix update time = 0.0074 s
Points utilities = [[1.57725573 1.6319364  1.63635225 1.63925439 1.67010431 1.87803433]]
new point utility = 1.8778790802353031
new point = [1.87787908]
classifier utilities = [1.87803436 1.87803435 1.87803434 1.87803433 1.87803433 1.87803433]
new classifier utility = [0.]
classifier added
---------------------------- iteration: 11
Size of game = (6, 7)
Objective = 1.8780343250259117
Support of attacker = 1
Support of classifier = 6
init time = 0.7681 s
NFG time = 0.0239 s
plot time = 0.0000 s
BR time = 2.5847 s
Train time = 4.2078 s
Matrix update time = 0.0079 s
Points utilities = [[-2.62463689e-09 -2.98321094e-09 -2.99638153e-09 -2.89337489e-09
  -2.68030254e-09 -2.28646082e-09]]
new point utility = 1.6851449553306865
new point = [1.68514496]
point added
---------------------------- iteration: 12
Size of game = (7, 7)
Objective = -1.4844792120850978e-09
Support of attacker = 6
Support of classifier = 1
init time = 0.7681 s
NFG time = 0.0256 s
plot time = 0.0000 s
BR time = 3.0280 s
Train time = 4.2083 s
Matrix update time = 0.0092 s
