NEW RUN________________________________________
positive data: [[10.]]
positive utility: 10.0
---------------------------- iteration: 0
Size of game = (1, 1)
Objective = 0
Support of attacker = 0
Support of classifier = 0
init time = 0.6071 s
NFG time = 0
plot time = 0
BR time = 0
Train time = 0
Matrix update time = 0
positive data: [[10.]]
positive support: [1.]
classifires probs: [1.]
BR point: [10.]
BR value: 9.999999998021366
Points utilities = [[10.]]
new point utility = 9.999999998021366
new point = [10.]
classifier utilities = 10.000000006757414
new classifier utility = [10.00000001]
new classifier is better = False
classifier utilities = 10.000000006757414
new classifier utility = [10.00000001]
new classifier is better = False
classifier utilities = 10.000000006757414
new classifier utility = [10.00000001]
new classifier is better = False
classifier utilities = 10.000000006757414
new classifier utility = [0.]
new classifier is better = True
classifier utilities = [10.00000001]
new classifier utility = [0.]
classifier added
classifires probs: [1.]
---------------------------- iteration: 1
Size of game = (1, 2)
Objective = 9.999999998229708
Support of attacker = 1
Support of classifier = 1
init time = 0.6071 s
NFG time = 0.0060 s
plot time = 0.0000 s
BR time = 0.0136 s
Train time = 0.8425 s
Matrix update time = 0.0006 s
positive data: [[10.]]
positive support: [1.]
classifires probs: [0.99 0.01]
BR point: [10.]
BR value: 9.899999996731847
Points utilities = [[9.9]]
new point utility = 9.899999996731847
new point = [10.]
classifires probs: [0.99 0.01]
Size of game = (1, 2)
Objective = 9.899999997744473
Number of iterations = 2
Support of attacker = 1
Support of classifier = 2
init time = 0.6071 s
NFG time = 0.0079 s
plot time = 0.0000 s
BR time = 0.0299 s
Train time = 0.8430 s
Matrix update time = 0.0011 s
NEW RUN________________________________________
positive data: [[10.]]
positive utility: 10.0
---------------------------- iteration: 0
Size of game = (1, 1)
Objective = 0
Support of attacker = 0
Support of classifier = 0
init time = 0.5791 s
NFG time = 0
plot time = 0
BR time = 0
Train time = 0
Matrix update time = 0
positive data: [[10.]]
positive support: [1.]
classifires probs: [1.]
BR point: [10.]
BR value: 9.999999998021366
Points utilities = [[10.]]
new point utility = 9.999999998021366
new point = [10.]
classifier utilities = 10.000000006757414
new classifier utility = [0.]
new classifier is better = True
classifier utilities = 10.000000006757414
new classifier utility = [0.]
new classifier is better = True
classifier utilities = 10.000000006757414
new classifier utility = [0.]
new classifier is better = True
classifier utilities = 10.000000006757414
new classifier utility = [0.]
new classifier is better = True
classifier utilities = 10.000000006757414
new classifier utility = [0.]
new classifier is better = True
classifier utilities = [10.00000001]
new classifier utility = [0.]
classifier added
classifires probs: [1.]
---------------------------- iteration: 1
Size of game = (1, 2)
Objective = 9.999999998229708
Support of attacker = 1
Support of classifier = 1
init time = 0.5791 s
NFG time = 0.0060 s
plot time = 0.0000 s
BR time = 0.0142 s
Train time = 1.0686 s
Matrix update time = 0.0005 s
positive data: [[10.]]
positive support: [1.]
classifires probs: [-2.63694171e-11  1.00000000e+00]
BR point: [6.42651719]
BR value: 6.4265171898866305
Points utilities = [[-2.63694171e-10]]
new point utility = 6.4265171898866305
new point = [6.42651719]
point added
classifires probs: [-2.63694171e-11  1.00000000e+00]
---------------------------- iteration: 2
Size of game = (2, 2)
Objective = -2.338272939174942e-10
Support of attacker = 1
Support of classifier = 1
init time = 0.5791 s
NFG time = 0.0076 s
plot time = 0.0000 s
BR time = 0.1609 s
Train time = 1.0691 s
Matrix update time = 0.0013 s
positive data: [[10.          6.42651719]]
positive support: [5.92368337e-10 1.00000000e+00]
classifires probs: [0.58760414 0.41239586]
BR point: [6.42581981]
BR value: 6.425819809552651
Points utilities = [[5.8760414  6.42651719]]
new point utility = 6.425819809552651
new point = [6.42581981]
classifier utilities = 6.426517193516342
new classifier utility = [0.]
new classifier is better = True
classifier utilities = 6.426517193516342
new classifier utility = [0.]
new classifier is better = True
classifier utilities = [6.4265172  6.42651719]
new classifier utility = [0.]
classifier added
classifires probs: [0.58760414 0.41239586]
---------------------------- iteration: 3
Size of game = (2, 3)
Objective = 6.426517188485935
Support of attacker = 1
Support of classifier = 2
init time = 0.5791 s
NFG time = 0.0095 s
plot time = 0.0000 s
BR time = 0.2677 s
Train time = 1.4951 s
Matrix update time = 0.0018 s
positive data: [[10.          6.42651719]]
positive support: [0.36610912 0.63389088]
classifires probs: [-1.02844528e-10 -1.33819245e-10  1.00000000e+00]
BR point: [4.33300859]
BR value: 4.333008592316647
Points utilities = [[-1.02844528e-09 -1.52092381e-09]]
new point utility = 4.333008592316647
new point = [4.33300859]
point added
classifires probs: [-1.02844528e-10 -1.33819245e-10  1.00000000e+00]
---------------------------- iteration: 4
Size of game = (3, 3)
Objective = -1.123839769648072e-09
Support of attacker = 2
Support of classifier = 1
init time = 0.5791 s
NFG time = 0.0113 s
plot time = 0.0000 s
BR time = 0.4797 s
Train time = 1.4955 s
Matrix update time = 0.0027 s
positive data: [[10.          6.42651719  4.33300859]]
positive support: [5.30359088e-10 6.71743631e-10 1.00000000e+00]
classifires probs: [0.38876785 0.22813043 0.38310173]
BR point: [4.33297819]
BR value: 4.3329781854202585
Points utilities = [[3.88767846 3.96450736 4.33300859]]
new point utility = 4.3329781854202585
new point = [4.33297819]
classifier utilities = 4.3330085943919725
new classifier utility = [0.]
new classifier is better = True
classifier utilities = 4.3330085943919725
new classifier utility = [0.]
new classifier is better = True
classifier utilities = [4.3330086  4.3330086  4.33300859]
new classifier utility = [0.]
classifier added
classifires probs: [0.38876785 0.22813043 0.38310173]
---------------------------- iteration: 5
Size of game = (3, 4)
Objective = 4.3330085908600005
Support of attacker = 1
Support of classifier = 3
init time = 0.5791 s
NFG time = 0.0130 s
plot time = 0.0000 s
BR time = 0.6051 s
Train time = 1.9204 s
Matrix update time = 0.0032 s
positive data: [[10.          6.42651719  4.33300859]]
positive support: [0.23450496 0.18742601 0.57806902]
classifires probs: [-1.48795737e-10 -1.56289665e-10 -1.91670871e-10  1.00000000e+00]
BR point: [3.05728216]
BR value: 3.057282161841303
Points utilities = [[-1.48795737e-09 -1.96063658e-09 -2.15244920e-09]]
new point utility = 3.057282161841303
new point = [3.05728216]
point added
classifires probs: [-1.48795737e-10 -1.56289665e-10 -1.91670871e-10  1.00000000e+00]
---------------------------- iteration: 6
Size of game = (4, 4)
Objective = -1.676886480538978e-09
Support of attacker = 3
Support of classifier = 1
init time = 0.5791 s
NFG time = 0.0146 s
plot time = 0.0000 s
BR time = 0.8436 s
Train time = 1.9208 s
Matrix update time = 0.0041 s
positive data: [[10.          6.42651719  4.33300859  3.05728216]]
positive support: [8.04193000e-10 1.03510559e-09 1.02738074e-09 1.00000000e+00]
classifires probs: [0.26767522 0.15812382 0.21312227 0.3610787 ]
BR point: [3.05698436]
BR value: 3.056984354754734
Points utilities = [[2.67675218 2.73640481 2.76845148 3.05728216]]
new point utility = 3.056984354754734
new point = [3.05698436]
classifier utilities = 3.0572821641091767
new classifier utility = [0.]
new classifier is better = True
classifier utilities = 3.0572821641091767
new classifier utility = [0.]
new classifier is better = True
classifier utilities = [3.05728218 3.05728218 3.05728217 3.05728216]
new classifier utility = [0.]
classifier added
classifires probs: [0.26767522 0.15812382 0.21312227 0.3610787 ]
---------------------------- iteration: 7
Size of game = (4, 5)
Objective = 3.0572821599718676
Support of attacker = 1
Support of classifier = 4
init time = 0.5791 s
NFG time = 0.0162 s
plot time = 0.0000 s
BR time = 1.0319 s
Train time = 2.3419 s
Matrix update time = 0.0047 s
positive data: [[10.          6.42651719  4.33300859  3.05728216]]
positive support: [0.17267321 0.12645876 0.1883944  0.51247363]
classifires probs: [-1.38418309e-10 -1.20895934e-10 -1.65020626e-10 -1.38968252e-10
  1.00000000e+00]
BR point: [2.29413312]
BR value: 2.294133119649902
Points utilities = [[-1.38418309e-09 -1.66648744e-09 -1.83864663e-09 -1.72217658e-09]]
new point utility = 2.294133119649902
new point = [2.29413312]
point added
classifires probs: [-1.38418309e-10 -1.20895934e-10 -1.65020626e-10 -1.38968252e-10
  1.00000000e+00]
---------------------------- iteration: 8
Size of game = (5, 5)
Objective = -1.51279700842397e-09
Support of attacker = 4
Support of classifier = 1
init time = 0.5791 s
NFG time = 0.0180 s
plot time = 0.0000 s
BR time = 1.3490 s
Train time = 2.3424 s
Matrix update time = 0.0057 s
positive data: [[10.          6.42651719  4.33300859  3.05728216  2.29413312]]
positive support: [9.53484077e-10 1.25465070e-09 1.20969536e-09 1.22493189e-09
 1.00000000e+00]
classifires probs: [0.19584973 0.11800853 0.15378241 0.20485174 0.32750759]
BR point: [2.29408017]
BR value: 2.2940801695639297
Points utilities = [[1.95849728 2.01701549 2.02629103 2.05599905 2.29413312]]
new point utility = 2.2940801695639297
new point = [2.29408017]
classifier utilities = 2.294133121660611
new classifier utility = [0.]
new classifier is better = True
classifier utilities = 2.294133121660611
new classifier utility = [0.]
new classifier is better = True
classifier utilities = 2.294133121660611
new classifier utility = [0.]
new classifier is better = True
classifier utilities = 2.294133121660611
new classifier utility = [0.]
new classifier is better = True
classifier utilities = [2.29413315 2.29413314 2.29413313 2.29413313 2.29413312]
new classifier utility = [0.]
classifier added
classifires probs: [0.19584973 0.11800853 0.15378241 0.20485174 0.32750759]
---------------------------- iteration: 9
Size of game = (5, 6)
Objective = 2.294133117761587
Support of attacker = 1
Support of classifier = 5
init time = 0.5791 s
NFG time = 0.0198 s
plot time = 0.0000 s
BR time = 1.6762 s
Train time = 3.1901 s
Matrix update time = 0.0062 s
positive data: [[10.          6.42651719  4.33300859  3.05728216  2.29413312]]
positive support: [0.13688328 0.10237481 0.11891578 0.19796091 0.44386522]
classifires probs: [-1.16376548e-10 -1.15669506e-10 -1.37970189e-10 -1.50805030e-10
 -1.06098120e-10  1.00000000e+00]
BR point: [1.87888553]
BR value: 1.8788855321664617
Points utilities = [[-1.16376548e-09 -1.49124795e-09 -1.60328356e-09 -1.59229759e-09
  -1.43823654e-09]]
new point utility = 1.8788855321664617
new point = [1.87888553]
point added
classifires probs: [-1.16376548e-10 -1.15669506e-10 -1.37970189e-10 -1.50805030e-10
 -1.06098120e-10  1.00000000e+00]
---------------------------- iteration: 10
Size of game = (6, 6)
Objective = -1.2322060927341926e-09
Support of attacker = 5
Support of classifier = 1
init time = 0.5791 s
NFG time = 0.0217 s
plot time = 0.0000 s
BR time = 2.0772 s
Train time = 3.1905 s
Matrix update time = 0.0073 s
positive data: [[10.          6.42651719  4.33300859  3.05728216  2.29413312  1.87888553]]
positive support: [9.63633531e-10 1.31592985e-09 1.27476148e-09 1.19426154e-09
 1.24058095e-09 1.00000000e+00]
classifires probs: [0.15773796 0.09635471 0.12393933 0.15833956 0.19190568 0.27172275]
BR point: [1.87889094]
BR value: 1.8788909375594853
Points utilities = [[1.57737958 1.63293093 1.6380159  1.63983921 1.67076495 1.87888553]]
new point utility = 1.8788909375594853
new point = [1.87889094]
classifier utilities = 1.8788855338324584
new classifier utility = [0.]
new classifier is better = True
classifier utilities = 1.8788855338324584
new classifier utility = [0.]
new classifier is better = True
classifier utilities = 1.8788855338324584
new classifier utility = [0.]
new classifier is better = True
classifier utilities = 1.8788855338324584
new classifier utility = [0.]
new classifier is better = True
classifier utilities = 1.8788855338324584
new classifier utility = [0.]
new classifier is better = True
classifier utilities = [1.87888556 1.87888555 1.87888555 1.87888554 1.87888554 1.87888553]
new classifier utility = [0.]
classifier added
classifires probs: [0.15773796 0.09635471 0.12393933 0.15833956 0.19190568 0.27172275]
---------------------------- iteration: 11
Size of game = (6, 7)
Objective = 1.8788855303855143
Support of attacker = 1
Support of classifier = 6
init time = 0.5791 s
NFG time = 0.0232 s
plot time = 0.0000 s
BR time = 2.4357 s
Train time = 4.2489 s
Matrix update time = 0.0079 s
positive data: [[10.          6.42651719  4.33300859  3.05728216  2.29413312  1.87888553]]
positive support: [0.11726417 0.09963409 0.09734657 0.12207431 0.19714478 0.36653609]
classifires probs: [-2.62490044e-10 -2.03371038e-10 -2.28679210e-10 -2.53673609e-10
 -2.21382301e-10 -4.74973703e-11  1.00000000e+00]
BR point: [1.6855354]
BR value: 1.6855354009214254
Points utilities = [[-2.62490044e-09 -2.99386425e-09 -3.00944905e-09 -2.89895745e-09
  -2.68320938e-09 -2.28677951e-09]]
new point utility = 1.6855354009214254
new point = [1.6855354]
point added
classifires probs: [-2.62490044e-10 -2.03371038e-10 -2.28679210e-10 -2.53673609e-10
 -2.21382301e-10 -4.74973703e-11  1.00000000e+00]
---------------------------- iteration: 12
Size of game = (7, 7)
Objective = -1.4846788824904715e-09
Support of attacker = 6
Support of classifier = 1
init time = 0.5791 s
NFG time = 0.0251 s
plot time = 0.0000 s
BR time = 2.9157 s
Train time = 4.2494 s
Matrix update time = 0.0090 s
positive data: [[10.          6.42651719  4.33300859  3.05728216  2.29413312  1.87888553
   1.6855354 ]]
positive support: [9.16352926e-10 1.28599752e-09 1.24670910e-09 1.14724490e-09
 1.04432171e-09 1.15564286e-09 1.00000000e+00]
classifires probs: [0.14092336 0.08640746 0.11058785 0.13885771 0.15692452 0.16310647
 0.20319261]
BR point: [1.68496532]
BR value: 1.684965318939112
Points utilities = [[1.40923365 1.46094547 1.46420454 1.45763996 1.45379425 1.49710987
  1.6855354 ]]
new point utility = 1.684965318939112
new point = [1.68496532]
classifier utilities = 1.685535402483114
new classifier utility = [0.]
new classifier is better = True
classifier utilities = 1.685535402483114
new classifier utility = [0.]
new classifier is better = True
classifier utilities = 1.685535402483114
new classifier utility = [0.]
new classifier is better = True
classifier utilities = 1.685535402483114
new classifier utility = [0.]
new classifier is better = True
classifier utilities = 1.685535402483114
new classifier utility = [0.]
new classifier is better = True
classifier utilities = 1.685535402483114
new classifier utility = [0.]
new classifier is better = True
classifier utilities = [1.68553543 1.68553542 1.68553542 1.68553541 1.68553541 1.6855354
 1.6855354 ]
new classifier utility = [0.]
classifier added
classifires probs: [0.14092336 0.08640746 0.11058785 0.13885771 0.15692452 0.16310647
 0.20319261]
---------------------------- iteration: 13
Size of game = (7, 8)
Objective = 1.6855353992261413
Support of attacker = 1
Support of classifier = 7
init time = 0.5791 s
NFG time = 0.0270 s
plot time = 0.0000 s
BR time = 3.3783 s
Train time = 5.5186 s
Matrix update time = 0.0096 s
positive data: [[10.          6.42651719  4.33300859  3.05728216  2.29413312  1.87888553
   1.6855354 ]]
positive support: [0.10177598 0.0853551  0.09020147 0.10255    0.13383615 0.18584239
 0.30043892]
classifires probs: [-1.01186389e-11 -5.30948827e-12 -5.10022594e-12 -1.06357552e-11
 -1.25939624e-11 -1.26524353e-11 -6.37512747e-12  1.00000000e+00]
BR point: [1.59632374]
BR value: 1.5963237418400482
Points utilities = [[-1.01186389e-10 -9.91491246e-11 -8.89495305e-11 -9.52774725e-11
  -1.00386839e-10 -1.05988884e-10 -1.05827408e-10]]
new point utility = 1.5963237418400482
new point = [1.59632374]
point added
classifires probs: [-1.01186389e-11 -5.30948827e-12 -5.10022594e-12 -1.06357552e-11
 -1.25939624e-11 -1.26524353e-11 -6.37512747e-12  1.00000000e+00]
---------------------------- iteration: 14
Size of game = (8, 8)
Objective = -7.4983094219639e-11
Support of attacker = 7
Support of classifier = 1
init time = 0.5791 s
NFG time = 0.0288 s
plot time = 0.0000 s
BR time = 3.9489 s
Train time = 5.5191 s
Matrix update time = 0.0108 s
positive data: [[10.          6.42651719  4.33300859  3.05728216  2.29413312  1.87888553
   1.6855354   1.59632374]]
positive support: [8.89021160e-10 1.24966214e-09 1.20837479e-09 1.10507804e-09
 9.48026578e-10 8.47109851e-10 1.14620939e-09 1.00000000e+00]
classifires probs: [0.13390193 0.08192823 0.10476675 0.13031994 0.14152542 0.13289051
 0.12429428 0.15037293]
BR point: [1.59575669]
BR value: 1.595756684433312
Points utilities = [[1.33901928 1.38703623 1.38914918 1.37858005 1.35914144 1.36281728
  1.4320765  1.59632374]]
new point utility = 1.595756684433312
new point = [1.59575669]
classifier utilities = 1.5963237436991284
new classifier utility = [1.59632374]
new classifier is better = False
classifier utilities = 1.5963237436991284
new classifier utility = [1.59632374]
new classifier is better = False
classifier utilities = 1.5963237436991284
new classifier utility = [0.]
new classifier is better = True
classifier utilities = 1.5963237436991284
new classifier utility = [0.]
new classifier is better = True
classifier utilities = 1.5963237436991284
new classifier utility = [0.]
new classifier is better = True
classifier utilities = 1.5963237436991284
new classifier utility = [0.]
new classifier is better = True
classifier utilities = [1.59632377 1.59632377 1.59632376 1.59632375 1.59632375 1.59632375
 1.59632375 1.59632374]
new classifier utility = [0.]
classifier added
classifires probs: [0.13390193 0.08192823 0.10476675 0.13031994 0.14152542 0.13289051
 0.12429428 0.15037293]
---------------------------- iteration: 15
Size of game = (8, 9)
Objective = 1.5963237402288013
Support of attacker = 1
Support of classifier = 8
init time = 0.5791 s
NFG time = 0.0305 s
plot time = 0.0000 s
BR time = 4.6298 s
Train time = 6.7977 s
Matrix update time = 0.0114 s
positive data: [[10.          6.42651719  4.33300859  3.05728216  2.29413312  1.87888553
   1.6855354   1.59632374]]
positive support: [0.08644483 0.06572228 0.07648087 0.09232447 0.11240603 0.13808831
 0.16982111 0.25871211]
classifires probs: [-1.64390463e-11 -9.02908835e-12 -1.03157712e-11 -1.98387661e-11
 -2.39221284e-11 -2.39016068e-11 -2.00970029e-11 -3.24315496e-12
  1.00000000e+00]
BR point: [1.56085079]
BR value: 1.560850790901719
Points utilities = [[-1.64390463e-10 -1.63671405e-10 -1.55051971e-10 -1.70054203e-10
  -1.82486361e-10 -1.94363958e-10 -2.08236791e-10 -2.02392404e-10]]
new point utility = 1.560850790901719
new point = [1.56085079]
point added
classifires probs: [-1.64390463e-11 -9.02908835e-12 -1.03157712e-11 -1.98387661e-11
 -2.39221284e-11 -2.39016068e-11 -2.00970029e-11 -3.24315496e-12
  1.00000000e+00]
---------------------------- iteration: 16
Size of game = (9, 9)
Objective = -1.4238445942274851e-10
Support of attacker = 8
Support of classifier = 1
init time = 0.5791 s
NFG time = 0.0324 s
plot time = 0.0000 s
BR time = 5.3093 s
Train time = 6.7981 s
Matrix update time = 0.0127 s
positive data: [[10.          6.42651719  4.33300859  3.05728216  2.29413312  1.87888553
   1.6855354   1.59632374  1.56085079]]
positive support: [9.00440131e-10 1.23733997e-09 1.19178415e-09 1.08558385e-09
 8.80196975e-10 7.11866318e-10 7.46134616e-10 1.16289724e-09
 1.00000000e+00]
classifires probs: [0.13177505 0.08023804 0.10274616 0.12712177 0.13409326 0.11762785
 0.10038431 0.09407148 0.11194209]
BR point: [1.56009144]
BR value: 1.5600914422269416
Points utilities = [[1.31775051 1.36250575 1.36385452 1.35095495 1.32136166 1.30319899
  1.33829224 1.41762793 1.56085079]]
new point utility = 1.5600914422269416
new point = [1.56009144]
classifier utilities = 1.5608507935447404
new classifier utility = [1.56085079]
new classifier is better = False
classifier utilities = 1.5608507935447404
new classifier utility = [1.56085079]
new classifier is better = False
classifier utilities = 1.5608507935447404
new classifier utility = [1.56085079]
new classifier is better = False
classifier utilities = 1.5608507935447404
new classifier utility = [1.56085079]
new classifier is better = False
classifier utilities = 1.5608507935447404
new classifier utility = [0.]
new classifier is better = True
classifier utilities = [1.56085083 1.56085082 1.56085081 1.5608508  1.5608508  1.5608508
 1.5608508  1.5608508  1.56085079]
new classifier utility = [0.]
classifier added
classifires probs: [0.13177505 0.08023804 0.10274616 0.12712177 0.13409326 0.11762785
 0.10038431 0.09407148 0.11194209]
---------------------------- iteration: 17
Size of game = (9, 10)
Objective = 1.5608507893118635
Support of attacker = 1
Support of classifier = 9
init time = 0.5791 s
NFG time = 0.0341 s
plot time = 0.0000 s
BR time = 5.9011 s
Train time = 7.8825 s
Matrix update time = 0.0132 s
positive data: [[10.          6.42651719  4.33300859  3.05728216  2.29413312  1.87888553
   1.6855354   1.59632374  1.56085079]]
positive support: [0.07743315 0.05471354 0.06474362 0.08191804 0.09893262 0.11525553
 0.1289633  0.15170915 0.22633106]
classifires probs: [-1.80182989e-11 -1.13109394e-11 -1.20321918e-11 -1.99302902e-11
 -2.52426398e-11 -2.61807991e-11 -2.42877817e-11 -1.83843424e-11
  3.04522237e-12  1.00000000e+00]
BR point: [1.5593809]
BR value: 1.5593809046811204
Points utilities = [[-1.80182989e-10 -1.88484854e-10 -1.79219432e-10 -1.87386083e-10
  -1.98521341e-10 -2.11778882e-10 -2.30923307e-10 -2.48048409e-10
  -2.37783226e-10]]
new point utility = 1.5593809046811204
new point = [1.5593809]
point added
classifires probs: [-1.80182989e-11 -1.13109394e-11 -1.20321918e-11 -1.99302902e-11
 -2.52426398e-11 -2.61807991e-11 -2.42877817e-11 -1.83843424e-11
  3.04522237e-12  1.00000000e+00]
---------------------------- iteration: 18
Size of game = (10, 10)
Objective = -1.6198157762534688e-10
Support of attacker = 9
Support of classifier = 1
init time = 0.5791 s
NFG time = 0.0360 s
plot time = 0.0000 s
BR time = 6.5906 s
Train time = 7.8831 s
Matrix update time = 0.0147 s
positive data: [[10.          6.42651719  4.33300859  3.05728216  2.29413312  1.87888553
   1.6855354   1.59632374  1.56085079  1.5593809 ]]
positive support: [9.37389669e-10 1.24192430e-09 1.19101073e-09 1.07420843e-09
 8.11116981e-10 6.17533517e-10 5.89969543e-10 6.69128829e-10
 1.03871407e-09 1.00000000e+00]
classifires probs: [0.13260279 0.0802834  0.10304821 0.12707612 0.13052819 0.10825237
 0.08751538 0.07586528 0.07187427 0.08295398]
BR point: [1.55939175]
BR value: 1.559391747617257
Points utilities = [[1.3260279  1.36811675 1.36894648 1.35440816 1.31577415 1.28100741
  1.29669329 1.34916773 1.43137201 1.5593809 ]]
new point utility = 1.559391747617257
new point = [1.55939175]
classifier utilities = 1.5593809088874242
new classifier utility = [1.55938091]
new classifier is better = False
classifier utilities = 1.5593809088874242
new classifier utility = [1.55938091]
new classifier is better = False
classifier utilities = 1.5593809088874242
new classifier utility = [1.55938091]
new classifier is better = False
classifier utilities = 1.5593809088874242
new classifier utility = [1.55938091]
new classifier is better = False
classifier utilities = 1.5593809088874242
new classifier utility = [0.]
new classifier is better = True
classifier utilities = [1.55938094 1.55938093 1.55938092 1.55938092 1.55938092 1.55938091
 1.55938091 1.55938091 1.55938091 1.55938091]
new classifier utility = [0.]
classifier added
classifires probs: [0.13260279 0.0802834  0.10304821 0.12707612 0.13052819 0.10825237
 0.08751538 0.07586528 0.07187427 0.08295398]
---------------------------- iteration: 19
Size of game = (10, 11)
Objective = 1.559380903069913
Support of attacker = 1
Support of classifier = 10
init time = 0.5791 s
NFG time = 0.0377 s
plot time = 0.0000 s
BR time = 7.2438 s
Train time = 8.9513 s
Matrix update time = 0.0153 s
positive data: [[10.          6.42651719  4.33300859  3.05728216  2.29413312  1.87888553
   1.6855354   1.59632374  1.56085079  1.5593809 ]]
positive support: [0.07145879 0.04878863 0.05695974 0.07307109 0.08855556 0.10123193
 0.10809517 0.1165676  0.13513416 0.20013733]
classifires probs: [-1.75391281e-11 -1.19847017e-11 -1.20126307e-11 -1.75246243e-11
 -2.26713194e-11 -2.43519874e-11 -2.37073189e-11 -2.12268648e-11
 -1.47795590e-11  8.34086249e-12  1.00000000e+00]
BR point: [1.55921495]
BR value: 1.5592149451620374
Points utilities = [[-1.75391281e-10 -1.89735400e-10 -1.79977840e-10 -1.80566401e-10
  -1.87505015e-10 -1.99320428e-10 -2.18768523e-10 -2.41074537e-10
  -2.58786149e-10 -2.45535863e-10]]
new point utility = 1.5592149451620374
new point = [1.55921495]
point added
classifires probs: [-1.75391281e-11 -1.19847017e-11 -1.20126307e-11 -1.75246243e-11
 -2.26713194e-11 -2.43519874e-11 -2.37073189e-11 -2.12268648e-11
 -1.47795590e-11  8.34086249e-12  1.00000000e+00]
---------------------------- iteration: 20
Size of game = (11, 11)
Objective = -1.5723309982867744e-10
Support of attacker = 10
Support of classifier = 1
init time = 0.5791 s
NFG time = 0.0399 s
plot time = 0.0000 s
BR time = 8.0322 s
Train time = 8.9517 s
Matrix update time = 0.0168 s
positive data: [[10.          6.42651719  4.33300859  3.05728216  2.29413312  1.87888553
   1.6855354   1.59632374  1.56085079  1.5593809   1.55921495]]
positive support: [1.02610418e-09 1.30598383e-09 1.24725502e-09 1.10105491e-09
 7.76953245e-10 6.06310550e-10 5.67661770e-10 5.91722897e-10
 6.37350863e-10 1.12378826e-09 1.00000000e+00]
classifires probs: [0.1333296  0.08035416 0.10334848 0.12708012 0.12688719 0.10064273
 0.07886831 0.06564041 0.05836099 0.05619575 0.06929226]
BR point: [1.55892814]
BR value: 1.5589281435055948
Points utilities = [[1.33329604 1.37324236 1.3737034  1.35777678 1.30994896 1.26193894
  1.26501215 1.30284121 1.36498272 1.45132787 1.55921494]]
new point utility = 1.5589281435055948
new point = [1.55892814]
classifier utilities = 1.5592149510787254
new classifier utility = [1.55921495]
new classifier is better = False
classifier utilities = 1.5592149510787254
new classifier utility = [1.55921495]
new classifier is better = False
classifier utilities = 1.5592149510787254
new classifier utility = [1.55921495]
new classifier is better = False
classifier utilities = 1.5592149510787254
new classifier utility = [1.55921495]
new classifier is better = False
classifier utilities = 1.5592149510787254
new classifier utility = [0.]
new classifier is better = True
classifier utilities = [1.55921499 1.55921498 1.55921497 1.55921496 1.55921496 1.55921496
 1.55921496 1.55921495 1.55921495 1.55921495 1.55921495]
new classifier utility = [0.]
classifier added
classifires probs: [0.1333296  0.08035416 0.10334848 0.12708012 0.12688719 0.10064273
 0.07886831 0.06564041 0.05836099 0.05619575 0.06929226]
---------------------------- iteration: 21
Size of game = (11, 12)
Objective = 1.5592149434472573
Support of attacker = 1
Support of classifier = 11
init time = 0.5791 s
NFG time = 0.0416 s
plot time = 0.0000 s
BR time = 8.6942 s
Train time = 10.0208 s
Matrix update time = 0.0175 s
positive data: [[10.          6.42651719  4.33300859  3.05728216  2.29413312  1.87888553
   1.6855354   1.59632374  1.56085079  1.5593809   1.55921495]]
positive support: [0.06697323 0.0449294  0.05151357 0.06601803 0.08025946 0.09119216
 0.09537831 0.09815522 0.10441061 0.1197883  0.18138171]
classifires probs: [-1.71723024e-11 -1.23026063e-11 -1.17597611e-11 -1.58469672e-11
 -2.06612426e-11 -2.27448045e-11 -2.28548594e-11 -2.17977806e-11
 -1.92083125e-11 -1.22415916e-11  1.33151000e-11  1.00000000e+00]
BR point: [1.55919268]
BR value: 1.559192678541336
Points utilities = [[-1.71723024e-10 -1.89421007e-10 -1.78670179e-10 -1.74514671e-10
  -1.78352515e-10 -1.88804856e-10 -2.07898224e-10 -2.31690945e-10
  -2.56523699e-10 -2.75371430e-10 -2.54581020e-10]]
new point utility = 1.559192678541336
new point = [1.55919268]
point added
classifires probs: [-1.71723024e-11 -1.23026063e-11 -1.17597611e-11 -1.58469672e-11
 -2.06612426e-11 -2.27448045e-11 -2.28548594e-11 -2.17977806e-11
 -1.92083125e-11 -1.22415916e-11  1.33151000e-11  1.00000000e+00]
---------------------------- iteration: 22
Size of game = (12, 12)
Objective = -1.5072937804460956e-10
Support of attacker = 11
Support of classifier = 1
init time = 0.5791 s
NFG time = 0.0437 s
plot time = 0.0000 s
BR time = 9.5215 s
Train time = 10.0213 s
Matrix update time = 0.0190 s
positive data: [[10.          6.42651719  4.33300859  3.05728216  2.29413312  1.87888553
   1.6855354   1.59632374  1.56085079  1.5593809   1.55921495  1.55919268]]
positive support: [1.11689854e-09 1.35992787e-09 1.29258285e-09 1.10798731e-09
 7.46309862e-10 6.59968980e-10 6.09236935e-10 6.25187096e-10
 6.12301834e-10 5.05581946e-10 1.24299925e-09 1.00000000e+00]
classifires probs: [0.13391828 0.08040647 0.10359614 0.12704278 0.12310997 0.09450984
 0.07278285 0.05914771 0.05091643 0.04655783 0.04691762 0.06109409]
BR point: [1.55873855]
BR value: 1.5587385461202736
Points utilities = [[1.33918277 1.37736165 1.37755394 1.36037947 1.30323653 1.24491849
  1.23948596 1.2683016  1.3195908  1.3909495  1.46395612 1.55919268]]
new point utility = 1.5587385461202736
new point = [1.55873855]
classifier utilities = 1.5591926861929366
new classifier utility = [1.55919269]
new classifier is better = False
classifier utilities = 1.5591926861929366
new classifier utility = [1.55919269]
new classifier is better = False
classifier utilities = 1.5591926861929366
new classifier utility = [1.55919269]
new classifier is better = False
classifier utilities = 1.5591926861929366
new classifier utility = [1.55919269]
new classifier is better = False
classifier utilities = 1.5591926861929366
new classifier utility = [1.55919269]
new classifier is better = False
classifier utilities = 1.5591926861929366
new classifier utility = [0.]
new classifier is better = True
classifier utilities = [1.55919272 1.55919271 1.5591927  1.5591927  1.55919269 1.55919269
 1.55919269 1.55919269 1.55919269 1.55919269 1.55919269 1.55919269]
new classifier utility = [0.]
classifier added
classifires probs: [0.13391828 0.08040647 0.10359614 0.12704278 0.12310997 0.09450984
 0.07278285 0.05914771 0.05091643 0.04655783 0.04691762 0.06109409]
---------------------------- iteration: 23
Size of game = (12, 13)
Objective = 1.5591926767406112
Support of attacker = 1
Support of classifier = 12
init time = 0.5791 s
NFG time = 0.0455 s
plot time = 0.0000 s
BR time = 10.1641 s
Train time = 11.2945 s
Matrix update time = 0.0196 s
positive data: [[10.          6.42651719  4.33300859  3.05728216  2.29413312  1.87888553
   1.6855354   1.59632374  1.56085079  1.5593809   1.55921495  1.55919268]]
positive support: [0.06343735 0.04218221 0.04753764 0.06042743 0.07352014 0.08330948
 0.08637901 0.08693699 0.08819536 0.09270343 0.10852727 0.1668437 ]
classifires probs: [-1.66835829e-11 -1.24481545e-11 -1.13980283e-11 -1.44137109e-11
 -1.86865202e-11 -2.08443161e-11 -2.13437158e-11 -2.11100171e-11
 -2.02003997e-11 -1.77252575e-11 -1.03341138e-11  1.77312458e-11
  1.00000000e+00]
BR point: [1.55153923]
BR value: 1.5515392347568724
Points utilities = [[-1.66835829e-10 -1.87215611e-10 -1.75615823e-10 -1.67977711e-10
  -1.68917014e-10 -1.77506420e-10 -1.95215387e-10 -2.18581490e-10
  -2.45254058e-10 -2.72663526e-10 -2.88747612e-10 -2.61097060e-10]]
new point utility = 1.5515392347568724
new point = [1.55153923]
point added
classifires probs: [-1.66835829e-11 -1.24481545e-11 -1.13980283e-11 -1.44137109e-11
 -1.86865202e-11 -2.08443161e-11 -2.13437158e-11 -2.11100171e-11
 -2.02003997e-11 -1.77252575e-11 -1.03341138e-11  1.77312458e-11
  1.00000000e+00]
---------------------------- iteration: 24
Size of game = (13, 13)
Objective = -1.431298172150417e-10
Support of attacker = 12
Support of classifier = 1
init time = 0.5791 s
NFG time = 0.0474 s
plot time = 0.0000 s
BR time = 11.0852 s
Train time = 11.2949 s
Matrix update time = 0.0212 s
positive data: [[10.          6.42651719  4.33300859  3.05728216  2.29413312  1.87888553
   1.6855354   1.59632374  1.56085079  1.5593809   1.55921495  1.55919268
   1.55153923]]
positive support: [1.40228148e-09 1.64862476e-09 1.57138244e-09 1.32237780e-09
 8.84913762e-10 8.87470218e-10 7.98305236e-10 8.22733157e-10
 8.51586650e-10 6.92479248e-10 5.56767818e-10 2.47055812e-09
 1.00000001e+00]
classifires probs: [0.13372691 0.08004123 0.10327399 0.12630779 0.11894088 0.08929093
 0.06812051 0.05450269 0.04600771 0.04095178 0.03900704 0.04118142
 0.05864713]
BR point: [1.55153602]
BR value: 1.55153601858829
Points utilities = [[1.33726908 1.37378458 1.37374623 1.35544577 1.28996993 1.22424747
  1.21308359 1.2358817  1.28022953 1.34288334 1.40356078 1.4677505
  1.55153923]]
new point utility = 1.55153601858829
new point = [1.55153602]
classifier utilities = 1.5515392438112003
new classifier utility = [1.55153924]
new classifier is better = False
classifier utilities = 1.5515392438112003
new classifier utility = [1.55153924]
new classifier is better = False
classifier utilities = 1.5515392438112003
new classifier utility = [1.55153924]
new classifier is better = False
classifier utilities = 1.5515392438112003
new classifier utility = [1.55153924]
new classifier is better = False
classifier utilities = 1.5515392438112003
new classifier utility = [1.55153924]
new classifier is better = False
classifier utilities = 1.5515392438112003
new classifier utility = [0.]
new classifier is better = True
classifier utilities = [1.55153929 1.55153928 1.55153927 1.55153926 1.55153926 1.55153926
 1.55153925 1.55153925 1.55153925 1.55153925 1.55153925 1.55153925
 1.55153924]
new classifier utility = [0.]
classifier added
classifires probs: [0.13372691 0.08004123 0.10327399 0.12630779 0.11894088 0.08929093
 0.06812051 0.05450269 0.04600771 0.04095178 0.03900704 0.04118142
 0.05864713]
---------------------------- iteration: 25
Size of game = (13, 14)
Objective = 1.5515392325715374
Support of attacker = 1
Support of classifier = 13
init time = 0.5791 s
NFG time = 0.0491 s
plot time = 0.0000 s
BR time = 11.8191 s
Train time = 12.4591 s
Matrix update time = 0.0218 s
positive data: [[10.          6.42651719  4.33300859  3.05728216  2.29413312  1.87888553
   1.6855354   1.59632374  1.56085079  1.5593809   1.55921495  1.55919268
   1.55153923]]
positive support: [2.10698506e-09 1.98835918e-09 2.03577705e-09 1.77851279e-09
 1.54889118e-09 1.51718175e-09 1.62102075e-09 1.77870978e-09
 2.02878597e-09 2.65967014e-09 4.26486472e-09 1.07649415e-08
 1.00000000e+00]
classifires probs: [0.07478818 0.05467855 0.05973462 0.06417146 0.06485356 0.06278152
 0.06055215 0.05983984 0.06080775 0.06330843 0.06799236 0.07805807
 0.1284335  0.10000001]
BR point: [1.55028174]
BR value: 1.5502817418861659
Points utilities = [[0.74788184 0.83202017 0.8198111  0.77463219 0.73005367 0.71587021
  0.74426508 0.80039653 0.87752222 0.9754178  1.0813287  1.20302082
  1.3963853 ]]
new point utility = 1.5502817418861659
new point = [1.55028174]
point added
classifires probs: [0.07478818 0.05467855 0.05973462 0.06417146 0.06485356 0.06278152
 0.06055215 0.05983984 0.06080775 0.06330843 0.06799236 0.07805807
 0.1284335  0.10000001]
---------------------------- iteration: 26
Size of game = (14, 14)
Objective = 1.3963852963319494
Support of attacker = 1
Support of classifier = 14
init time = 0.5791 s
NFG time = 0.0514 s
plot time = 0.0000 s
BR time = 12.7879 s
Train time = 12.4595 s
Matrix update time = 0.0234 s
positive data: [[10.          6.42651719  4.33300859  3.05728216  2.29413312  1.87888553
   1.6855354   1.59632374  1.56085079  1.5593809   1.55921495  1.55919268
   1.55153923  1.55028174]]
positive support: [1.73366944e-09 1.92906312e-09 1.84085593e-09 1.58052075e-09
 1.16514269e-09 1.20606033e-09 1.07344495e-09 1.06373133e-09
 1.10131501e-09 9.78105962e-10 7.95384201e-10 1.79650420e-09
 9.26045116e-09 1.00000000e+00]
classifires probs: [0.13464861 0.08010207 0.10375903 0.12742378 0.1197773  0.08699322
 0.06526164 0.05137047 0.04266627 0.0373705  0.03472327 0.03493072
 0.04035212 0.040621  ]
BR point: [1.54986114]
BR value: 1.5498611369828923
Points utilities = [[1.34648615 1.38009899 1.38010536 1.36334454 1.29781589 1.22635614
  1.21015654 1.22810953 1.26741459 1.32449587 1.37849596 1.43293999
  1.48851417 1.55028174]]
new point utility = 1.5498611369828923
new point = [1.54986114]
classifier utilities = 1.550281742680688
new classifier utility = [1.55028174]
new classifier is better = False
classifier utilities = 1.550281742680688
new classifier utility = [1.55028174]
new classifier is better = False
classifier utilities = 1.550281742680688
new classifier utility = [1.55028174]
new classifier is better = False
classifier utilities = 1.550281742680688
new classifier utility = [1.55028174]
new classifier is better = False
classifier utilities = 1.550281742680688
new classifier utility = [1.55028174]
new classifier is better = False
classifier utilities = 1.550281742680688
new classifier utility = [0.]
new classifier is better = True
classifier utilities = [1.55028182 1.5502818  1.55028179 1.55028178 1.55028177 1.55028177
 1.55028177 1.55028177 1.55028176 1.55028176 1.55028176 1.55028176
 1.55028176 1.55028174]
new classifier utility = [0.]
classifier added
classifires probs: [0.13464861 0.08010207 0.10375903 0.12742378 0.1197773  0.08699322
 0.06526164 0.05137047 0.04266627 0.0373705  0.03472327 0.03493072
 0.04035212 0.040621  ]
---------------------------- iteration: 27
Size of game = (14, 15)
Objective = 1.550281740131621
Support of attacker = 1
Support of classifier = 14
init time = 0.5791 s
NFG time = 0.0533 s
plot time = 0.0000 s
BR time = 13.4433 s
Train time = 13.7257 s
Matrix update time = 0.0241 s
positive data: [[10.          6.42651719  4.33300859  3.05728216  2.29413312  1.87888553
   1.6855354   1.59632374  1.56085079  1.5593809   1.55921495  1.55919268
   1.55153923  1.55028174]]
positive support: [6.52267731e-10 8.44546834e-10 8.16028192e-10 6.98050934e-10
 6.07123701e-10 5.74966730e-10 5.97407708e-10 6.57118644e-10
 7.59625005e-10 9.50887054e-10 1.31367627e-09 2.40344929e-09
 9.99999091e-01 9.09048961e-07]
classifires probs: [0.08203338 0.05980684 0.06534322 0.06911534 0.0677217  0.06377015
 0.06009478 0.05813509 0.05795631 0.05930078 0.06265307 0.07171348
 0.12235585 0.00044418 0.09955583]
BR point: [1.55010953]
BR value: 1.5501095265347888
Points utilities = [[0.82033375 0.91153856 0.89772761 0.84472333 0.78922877 0.76619191
  0.78863741 0.83969901 0.91150067 1.00311479 1.10069764 1.21249706
  1.39638531 1.39594216]]
new point utility = 1.5501095265347888
new point = [1.55010953]
point added
classifires probs: [0.08203338 0.05980684 0.06534322 0.06911534 0.0677217  0.06377015
 0.06009478 0.05813509 0.05795631 0.05930078 0.06265307 0.07171348
 0.12235585 0.00044418 0.09955583]
---------------------------- iteration: 28
Size of game = (15, 15)
Objective = 1.3963853059008116
Support of attacker = 1
Support of classifier = 15
init time = 0.5791 s
NFG time = 0.0554 s
plot time = 0.0000 s
BR time = 14.2507 s
Train time = 13.7262 s
Matrix update time = 0.0258 s
positive data: [[10.          6.42651719  4.33300859  3.05728216  2.29413312  1.87888553
   1.6855354   1.59632374  1.56085079  1.5593809   1.55921495  1.55919268
   1.55153923  1.55028174  1.55010953]]
positive support: [2.02343758e-09 2.19514159e-09 2.10123573e-09 1.79814320e-09
 1.52022926e-09 1.49983500e-09 1.29274951e-09 1.25356675e-09
 1.33445126e-09 1.31930117e-09 1.13528839e-09 1.53980067e-09
 4.01023960e-09 1.01433464e-08 9.99999998e-01]
classifires probs: [0.13550444 0.08020146 0.10422545 0.12839353 0.12053659 0.08533251
 0.06328957 0.04915392 0.04022208 0.03467817 0.03157619 0.03072986
 0.03267156 0.02561707 0.0378676 ]
BR point: [1.55014208]
BR value: 1.550142076766709
Points utilities = [[1.35504438 1.38623768 1.38626528 1.37065564 1.30504392 1.22915559
  1.20934391 1.22380158 1.25938736 1.31227784 1.36137224 1.40926658
  1.45304028 1.4915763  1.55010953]]
new point utility = 1.550142076766709
new point = [1.55014208]
classifier utilities = 1.5501095242192438
new classifier utility = [1.55010952]
new classifier is better = False
classifier utilities = 1.5501095242192438
new classifier utility = [1.55010952]
new classifier is better = False
classifier utilities = 1.5501095242192438
new classifier utility = [1.55010952]
new classifier is better = False
classifier utilities = 1.5501095242192438
new classifier utility = [1.55010952]
new classifier is better = False
classifier utilities = 1.5501095242192438
new classifier utility = [1.55010952]
new classifier is better = False
classifier utilities = 1.5501095242192438
new classifier utility = [1.55010952]
new classifier is better = False
classifier utilities = 1.5501095242192438
new classifier utility = [0.]
new classifier is better = True
classifier utilities = [1.55010961 1.55010959 1.55010958 1.55010957 1.55010956 1.55010956
 1.55010956 1.55010956 1.55010955 1.55010955 1.55010955 1.55010955
 1.55010955 1.55010954 1.55010952]
new classifier utility = [0.]
classifier added
classifires probs: [0.13550444 0.08020146 0.10422545 0.12839353 0.12053659 0.08533251
 0.06328957 0.04915392 0.04022208 0.03467817 0.03157619 0.03072986
 0.03267156 0.02561707 0.0378676 ]
---------------------------- iteration: 29
Size of game = (15, 16)
Objective = 1.55010952388603
Support of attacker = 1
Support of classifier = 15
init time = 0.5791 s
NFG time = 0.0572 s
plot time = 0.0000 s
BR time = 14.9923 s
Train time = 15.2045 s
Matrix update time = 0.0265 s
positive data: [[10.          6.42651719  4.33300859  3.05728216  2.29413312  1.87888553
   1.6855354   1.59632374  1.56085079  1.5593809   1.55921495  1.55919268
   1.55153923  1.55028174  1.55010953]]
positive support: [2.08982775e-09 2.66356310e-09 2.59878095e-09 2.25904022e-09
 1.98018738e-09 1.87521411e-09 1.93343352e-09 2.10768102e-09
 2.42127626e-09 2.98975077e-09 3.96953131e-09 6.37244338e-09
 9.99996606e-01 7.35498006e-07 2.66228747e-06]
classifires probs: [0.08718504 0.06222612 0.06908907 0.07308874 0.07026369 0.06481176
 0.05998354 0.05711961 0.05622468 0.0570141  0.05992395 0.06851975
 0.11454994 0.00020828 0.00031039 0.09948134]
BR point: [1.54447509]
BR value: 1.5444750939591307
Points utilities = [[0.87185039 0.96019337 0.94676337 0.89146976 0.83013818 0.80165361
  0.82026237 0.86802909 0.93649838 1.02452316 1.11784844 1.22466796
  1.39638529 1.39557645 1.39590256]]
new point utility = 1.5444750939591307
new point = [1.54447509]
point added
classifires probs: [0.08718504 0.06222612 0.06908907 0.07308874 0.07026369 0.06481176
 0.05998354 0.05711961 0.05622468 0.0570141  0.05992395 0.06851975
 0.11454994 0.00020828 0.00031039 0.09948134]
---------------------------- iteration: 30
Size of game = (16, 16)
Objective = 1.3963852944356656
Support of attacker = 2
Support of classifier = 16
init time = 0.5791 s
NFG time = 0.0595 s
plot time = 0.0000 s
BR time = 16.2568 s
Train time = 15.2050 s
Matrix update time = 0.0283 s
positive data: [[10.          6.42651719  4.33300859  3.05728216  2.29413312  1.87888553
   1.6855354   1.59632374  1.56085079  1.5593809   1.55921495  1.55919268
   1.55153923  1.55028174  1.55010953  1.54447509]]
positive support: [2.42155163e-09 2.60351370e-09 2.48904165e-09 2.04204243e-09
 2.01819765e-09 1.86479628e-09 1.57369722e-09 1.49168530e-09
 1.58804022e-09 1.65301017e-09 1.50031023e-09 1.65325467e-09
 2.78280654e-09 5.03880626e-09 1.33705091e-08 9.99999996e-01]
classifires probs: [0.13579826 0.08002745 0.10429051 0.1288528  0.12130296 0.08391973
 0.06166181 0.04736046 0.03827641 0.03253853 0.02911253 0.027677
 0.02819173 0.02010501 0.02342011 0.0374647 ]
BR point: [1.54452147]
BR value: 1.5445214696566627
Points utilities = [[1.35798262 1.38700767 1.38706637 1.37262501 1.30827986 1.22915136
  1.20659647 1.21833661 1.25100693 1.30056879 1.34582306 1.38895761
  1.42588035 1.45589313 1.49203514 1.54447509]]
new point utility = 1.5445214696566627
new point = [1.54452147]
classifier utilities = 1.5444750886742475
new classifier utility = [1.54447509]
new classifier is better = False
classifier utilities = 1.5444750886742475
new classifier utility = [1.54447509]
new classifier is better = False
classifier utilities = 1.5444750886742475
new classifier utility = [1.54447509]
new classifier is better = False
classifier utilities = 1.5444750886742475
new classifier utility = [1.54447509]
new classifier is better = False
classifier utilities = 1.5444750886742475
new classifier utility = [1.54447509]
new classifier is better = False
classifier utilities = 1.5444750886742475
new classifier utility = [1.54447509]
new classifier is better = False
classifier utilities = 1.5444750886742475
new classifier utility = [0.]
new classifier is better = True
classifier utilities = [1.5444752  1.54447518 1.54447516 1.54447515 1.54447514 1.54447514
 1.54447514 1.54447513 1.54447513 1.54447513 1.54447513 1.54447512
 1.54447512 1.54447512 1.54447511 1.54447509]
new classifier utility = [0.]
classifier added
classifires probs: [0.13579826 0.08002745 0.10429051 0.1288528  0.12130296 0.08391973
 0.06166181 0.04736046 0.03827641 0.03253853 0.02911253 0.027677
 0.02819173 0.02010501 0.02342011 0.0374647 ]
---------------------------- iteration: 31
Size of game = (16, 17)
Objective = 1.544475091532268
Support of attacker = 1
Support of classifier = 16
init time = 0.5791 s
NFG time = 0.0613 s
plot time = 0.0000 s
BR time = 17.0999 s
Train time = 16.7023 s
Matrix update time = 0.0290 s
positive data: [[10.          6.42651719  4.33300859  3.05728216  2.29413312  1.87888553
   1.6855354   1.59632374  1.56085079  1.5593809   1.55921495  1.55919268
   1.55153923  1.55028174  1.55010953  1.54447509]]
positive support: [1.22376866e-10 1.59119230e-10 1.54615744e-10 1.32529620e-10
 1.13627800e-10 1.05937328e-10 1.08946003e-10 1.19115696e-10
 1.37383179e-10 1.70577075e-10 2.27876741e-10 3.69654738e-10
 9.99999741e-01 3.60988303e-08 2.11799088e-07 1.17043715e-08]
classifires probs: [0.09065872 0.06452553 0.0722591  0.07648846 0.07259215 0.06593582
 0.06012636 0.05643188 0.05482165 0.05503332 0.0575193  0.06553012
 0.10807759 0.00024317 0.0003219  0.00172904 0.09770589]
BR point: [1.54349689]
BR value: 1.5434968917914613
Points utilities = [[0.90658725 0.99729428 0.98551403 0.92920532 0.86379609 0.83133127
  0.84712673 0.89237374 0.95811214 1.04302777 1.13260172 1.23475963
  1.39638531 1.39563055 1.39597449 1.39357078]]
new point utility = 1.5434968917914613
new point = [1.54349689]
point added
classifires probs: [0.09065872 0.06452553 0.0722591  0.07648846 0.07259215 0.06593582
 0.06012636 0.05643188 0.05482165 0.05503332 0.0575193  0.06553012
 0.10807759 0.00024317 0.0003219  0.00172904 0.09770589]
---------------------------- iteration: 32
Size of game = (17, 17)
Objective = 1.3963853102498427
Support of attacker = 1
Support of classifier = 17
init time = 0.5791 s
NFG time = 0.0636 s
plot time = 0.0000 s
BR time = 17.9749 s
Train time = 16.7027 s
Matrix update time = 0.0309 s
positive data: [[10.          6.42651719  4.33300859  3.05728216  2.29413312  1.87888553
   1.6855354   1.59632374  1.56085079  1.5593809   1.55921495  1.55919268
   1.55153923  1.55028174  1.55010953  1.54447509  1.54349689]]
positive support: [3.03717028e-09 3.26344807e-09 3.11240450e-09 2.40685350e-09
 2.66958299e-09 2.35965908e-09 1.97316917e-09 1.84465270e-09
 1.95281454e-09 2.07205085e-09 1.91665813e-09 1.90289891e-09
 2.39557144e-09 3.53193465e-09 6.68158535e-09 1.31947147e-08
 9.99999999e-01]
classifires probs: [0.1364415  0.08009627 0.10463848 0.12960938 0.1225646  0.08304479
 0.06053169 0.04605268 0.03683965 0.03094209 0.02724838 0.02537359
 0.02507888 0.01690587 0.01841794 0.02221578 0.03399844]
BR point: [1.54355938]
BR value: 1.5435593763101845
Points utilities = [[1.36441496 1.39158369 1.39165943 1.37817885 1.31534174 1.2332911
  1.20840534 1.21796209 1.24839816 1.29547303 1.33782123 1.37736444
  1.40951439 1.43458086 1.46297133 1.49196535 1.54349689]]
new point utility = 1.5435593763101845
new point = [1.54355938]
classifier utilities = 1.5434968903019133
new classifier utility = [1.54349689]
new classifier is better = False
classifier utilities = 1.5434968903019133
new classifier utility = [1.54349689]
new classifier is better = False
classifier utilities = 1.5434968903019133
new classifier utility = [1.54349689]
new classifier is better = False
classifier utilities = 1.5434968903019133
new classifier utility = [1.54349689]
new classifier is better = False
classifier utilities = 1.5434968903019133
new classifier utility = [1.54349689]
new classifier is better = False
classifier utilities = 1.5434968903019133
new classifier utility = [1.54349689]
new classifier is better = False
classifier utilities = 1.5434968903019133
new classifier utility = [0.]
new classifier is better = True
classifier utilities = [1.54349703 1.543497   1.54349698 1.54349697 1.54349696 1.54349695
 1.54349695 1.54349695 1.54349694 1.54349694 1.54349694 1.54349693
 1.54349693 1.54349693 1.54349692 1.54349691 1.54349689]
new classifier utility = [0.]
classifier added
classifires probs: [0.1364415  0.08009627 0.10463848 0.12960938 0.1225646  0.08304479
 0.06053169 0.04605268 0.03683965 0.03094209 0.02724838 0.02537359
 0.02507888 0.01690587 0.01841794 0.02221578 0.03399844]
---------------------------- iteration: 33
Size of game = (17, 18)
Objective = 1.5434968876562913
Support of attacker = 1
Support of classifier = 17
init time = 0.5791 s
NFG time = 0.0654 s
plot time = 0.0000 s
BR time = 18.7359 s
Train time = 18.2011 s
Matrix update time = 0.0315 s
positive data: [[10.          6.42651719  4.33300859  3.05728216  2.29413312  1.87888553
   1.6855354   1.59632374  1.56085079  1.5593809   1.55921495  1.55919268
   1.55153923  1.55028174  1.55010953  1.54447509  1.54349689]]
positive support: [5.18020962e-10 6.79672174e-10 6.60175986e-10 5.61571223e-10
 4.73733994e-10 4.36685023e-10 4.48213962e-10 4.90853011e-10
 5.67299206e-10 7.06300750e-10 9.46126580e-10 1.54465503e-09
 9.99998652e-01 1.16355190e-07 1.16602304e-06 2.23806260e-08
 4.59210201e-08]
classifires probs: [0.09381659 0.06630087 0.07498935 0.07965484 0.07477641 0.06699864
 0.06031711 0.05586434 0.05355398 0.05315938 0.05517534 0.06257855
 0.10281459 0.00024366 0.00029405 0.00097469 0.00150702 0.09698058]
BR point: [1.54340729]
BR value: 1.5434072925553497
Points utilities = [[0.9381659  1.0289976  1.01871982 0.96231517 0.89365217 0.85778021
  0.87117541 0.91424358 0.97751736 1.05949253 1.14540998 1.24296565
  1.39638531 1.39563131 1.39593208 1.39236345 1.39380766]]
new point utility = 1.5434072925553497
new point = [1.54340729]
point added
classifires probs: [0.09381659 0.06630087 0.07498935 0.07965484 0.07477641 0.06699864
 0.06031711 0.05586434 0.05355398 0.05315938 0.05517534 0.06257855
 0.10281459 0.00024366 0.00029405 0.00097469 0.00150702 0.09698058]
---------------------------- iteration: 34
Size of game = (18, 18)
Objective = 1.3963853067055727
Support of attacker = 2
Support of classifier = 18
init time = 0.5791 s
NFG time = 0.0680 s
plot time = 0.0000 s
BR time = 19.6736 s
Train time = 18.2016 s
Matrix update time = 0.0335 s
positive data: [[10.          6.42651719  4.33300859  3.05728216  2.29413312  1.87888553
   1.6855354   1.59632374  1.56085079  1.5593809   1.55921495  1.55919268
   1.55153923  1.55028174  1.55010953  1.54447509  1.54349689  1.54340729]]
positive support: [4.21051951e-09 4.55069770e-09 4.33474863e-09 3.21431537e-09
 3.82680431e-09 3.20195753e-09 2.64335884e-09 2.44371845e-09
 2.56550003e-09 2.73973959e-09 2.56442161e-09 2.43124041e-09
 2.58314009e-09 3.33553987e-09 5.16704247e-09 7.83849256e-09
 1.73592985e-08 1.00000000e+00]
classifires probs: [0.1371121  0.08019506 0.10501072 0.13041477 0.12403875 0.08243456
 0.05957404 0.04496463 0.03569166 0.02970899 0.02583517 0.02362755
 0.02275822 0.01453934 0.01531401 0.01713227 0.02043747 0.03121069]
BR point: [1.54340683]
BR value: 1.5434068256103126
Points utilities = [[1.37112099 1.39652822 1.39660617 1.38413147 1.32319038 1.23857255
  1.21152914 1.21918369 1.24780077 1.29295332 1.3330983  1.36991916
  1.39850506 1.41991166 1.44349233 1.46470579 1.49532329 1.54340729]]
new point utility = 1.5434068256103126
new point = [1.54340683]
classifier utilities = 1.543407298358617
new classifier utility = [1.5434073]
new classifier is better = False
classifier utilities = 1.543407298358617
new classifier utility = [1.5434073]
new classifier is better = False
classifier utilities = 1.543407298358617
new classifier utility = [1.5434073]
new classifier is better = False
classifier utilities = 1.543407298358617
new classifier utility = [1.5434073]
new classifier is better = False
classifier utilities = 1.543407298358617
new classifier utility = [1.5434073]
new classifier is better = False
classifier utilities = 1.543407298358617
new classifier utility = [1.5434073]
new classifier is better = False
classifier utilities = 1.543407298358617
new classifier utility = [0.]
new classifier is better = True
classifier utilities = [1.54340749 1.54340745 1.54340742 1.5434074  1.54340739 1.54340738
 1.54340738 1.54340737 1.54340737 1.54340737 1.54340736 1.54340736
 1.54340735 1.54340735 1.54340735 1.54340734 1.54340733 1.5434073 ]
new classifier utility = [0.]
classifier added
classifires probs: [0.1371121  0.08019506 0.10501072 0.13041477 0.12403875 0.08243456
 0.05957404 0.04496463 0.03569166 0.02970899 0.02583517 0.02362755
 0.02275822 0.01453934 0.01531401 0.01713227 0.02043747 0.03121069]
---------------------------- iteration: 35
Size of game = (18, 19)
Objective = 1.5434072870859943
Support of attacker = 1
Support of classifier = 18
init time = 0.5791 s
NFG time = 0.0699 s
plot time = 0.0000 s
BR time = 20.3579 s
Train time = 19.6890 s
Matrix update time = 0.0342 s
positive data: [[10.          6.42651719  4.33300859  3.05728216  2.29413312  1.87888553
   1.6855354   1.59632374  1.56085079  1.5593809   1.55921495  1.55919268
   1.55153923  1.55028174  1.55010953  1.54447509  1.54349689  1.54340729]]
positive support: [1.09880533e-09 1.40862841e-09 1.36946028e-09 1.16581902e-09
 9.82232318e-10 9.04812280e-10 9.19840620e-10 9.94552990e-10
 1.13660751e-09 1.41000537e-09 1.90546238e-09 3.22624001e-09
 9.99997220e-01 4.82465561e-08 2.50290794e-06 3.62802893e-08
 5.07068768e-08 1.48915090e-07]
classifires probs: [0.0966646  0.06769166 0.07739797 0.08273916 0.07695371 0.06805579
 0.0605412  0.05537729 0.0523948  0.05140343 0.05294452 0.05977975
 0.09805611 0.00023903 0.00026744 0.00070237 0.00084019 0.0012722
 0.09667878]
BR point: [1.54332963]
BR value: 1.5433296331037085
Points utilities = [[0.96664601 1.05623831 1.04752314 0.99206784 0.92097309 0.88214219
  0.89340808 0.93452205 0.99553589 1.07475591 1.15719341 1.25038503
  1.3963853  1.39562412 1.39588365 1.3918946  1.39230986 1.39419256]]
new point utility = 1.5433296331037085
new point = [1.54332963]
point added
classifires probs: [0.0966646  0.06769166 0.07739797 0.08273916 0.07695371 0.06805579
 0.0605412  0.05537729 0.0523948  0.05140343 0.05294452 0.05977975
 0.09805611 0.00023903 0.00026744 0.00070237 0.00084019 0.0012722
 0.09667878]
---------------------------- iteration: 36
Size of game = (19, 19)
Objective = 1.3963853020655836
Support of attacker = 2
Support of classifier = 19
init time = 0.5791 s
NFG time = 0.0724 s
plot time = 0.0001 s
BR time = 21.4780 s
Train time = 19.6894 s
Matrix update time = 0.0361 s
positive data: [[10.          6.42651719  4.33300859  3.05728216  2.29413312  1.87888553
   1.6855354   1.59632374  1.56085079  1.5593809   1.55921495  1.55919268
   1.55153923  1.55028174  1.55010953  1.54447509  1.54349689  1.54340729
   1.54332963]]
positive support: [7.93021912e-09 8.44213688e-09 8.08885527e-09 6.61841567e-09
 8.66192865e-09 5.36155253e-09 3.75107648e-09 3.15039242e-09
 3.02039707e-09 3.07438596e-09 2.96448481e-09 3.13631640e-09
 3.61469838e-09 4.95595035e-09 7.33237715e-09 9.60782436e-09
 1.64595241e-08 3.83013678e-08 1.00000001e+00]
classifires probs: [0.1380734  0.08018939 0.10545377 0.13175978 0.12725384 0.0837238
 0.05898409 0.0439862  0.03467252 0.02868763 0.02476335 0.02240719
 0.02124604 0.01199647 0.01239769 0.01344111 0.01507478 0.01805715
 0.02783179]
BR point: [1.54339318]
BR value: 1.5433931688649705
Points utilities = [[1.38073402 1.40266956 1.40266664 1.3925197  1.33686062 1.25219076
  1.22275156 1.22825025 1.25507512 1.29862813 1.3371013  1.37201933
  1.39824871 1.41571337 1.43477387 1.45031813 1.47266744 1.50045149
  1.54332963]]
new point utility = 1.5433931688649705
new point = [1.54339318]
classifier utilities = 1.543329652118493
new classifier utility = [1.54332965]
new classifier is better = False
classifier utilities = 1.543329652118493
new classifier utility = [1.54332965]
new classifier is better = False
classifier utilities = 1.543329652118493
new classifier utility = [1.54332965]
new classifier is better = False
classifier utilities = 1.543329652118493
new classifier utility = [1.54332965]
new classifier is better = False
classifier utilities = 1.543329652118493
new classifier utility = [1.54332965]
new classifier is better = False
classifier utilities = 1.543329652118493
new classifier utility = [1.54332965]
new classifier is better = False
classifier utilities = 1.543329652118493
new classifier utility = [1.54332965]
new classifier is better = False
classifier utilities = 1.543329652118493
new classifier utility = [0.]
new classifier is better = True
classifier utilities = [1.54333003 1.54332995 1.54332989 1.54332986 1.54332984 1.54332982
 1.54332981 1.5433298  1.5433298  1.54332979 1.54332979 1.54332978
 1.54332978 1.54332977 1.54332976 1.54332975 1.54332974 1.54332971
 1.54332965]
new classifier utility = [0.]
classifier added
classifires probs: [0.1380734  0.08018939 0.10545377 0.13175978 0.12725384 0.0837238
 0.05898409 0.0439862  0.03467252 0.02868763 0.02476335 0.02240719
 0.02124604 0.01199647 0.01239769 0.01344111 0.01507478 0.01805715
 0.02783179]
---------------------------- iteration: 37
Size of game = (19, 20)
Objective = 1.5433296224148814
Support of attacker = 1
Support of classifier = 19
init time = 0.5791 s
NFG time = 0.0743 s
plot time = 0.0001 s
BR time = 22.5172 s
Train time = 21.4080 s
Matrix update time = 0.0368 s
positive data: [[10.          6.42651719  4.33300859  3.05728216  2.29413312  1.87888553
   1.6855354   1.59632374  1.56085079  1.5593809   1.55921495  1.55919268
   1.55153923  1.55028174  1.55010953  1.54447509  1.54349689  1.54340729
   1.54332963]]
positive support: [2.17205156e-09 2.61552884e-09 2.55420590e-09 2.20548895e-09
 1.88598420e-09 1.75335604e-09 1.74560792e-09 1.82657405e-09
 2.02610948e-09 2.47822364e-09 3.38172862e-09 5.99337292e-09
 9.99995388e-01 8.50112070e-08 3.68120356e-06 8.60425328e-08
 1.04837898e-07 1.79188286e-07 4.90924699e-07]
classifires probs: [0.09925489 0.06864338 0.07943261 0.08576966 0.0792356  0.06913607
 0.06071114 0.0548435  0.05126821 0.04977986 0.05090891 0.05722362
 0.09379255 0.00025269 0.00026748 0.00055479 0.0006052  0.00072794
 0.00112523 0.09646669]
BR point: [1.53918298]
BR value: 1.5391829748614994
Points utilities = [[0.99254887 1.07900108 1.07168682 1.01838232 0.94595397 0.90463115
  0.91386921 0.95304812 1.01189184 1.08856469 1.16782677 1.25703274
  1.39638529 1.39564529 1.39590487 1.39168781 1.3917405  1.39278322
  1.39444973]]
new point utility = 1.5391829748614994
new point = [1.53918298]
point added
classifires probs: [0.09925489 0.06864338 0.07943261 0.08576966 0.0792356  0.06913607
 0.06071114 0.0548435  0.05126821 0.04977986 0.05090891 0.05722362
 0.09379255 0.00025269 0.00026748 0.00055479 0.0006052  0.00072794
 0.00112523 0.09646669]
---------------------------- iteration: 38
Size of game = (20, 20)
Objective = 1.3963852949402789
Support of attacker = 2
Support of classifier = 20
init time = 0.5791 s
NFG time = 0.0767 s
plot time = 0.0001 s
BR time = 23.9965 s
Train time = 21.4086 s
Matrix update time = 0.0390 s
positive data: [[10.          6.42651719  4.33300859  3.05728216  2.29413312  1.87888553
   1.6855354   1.59632374  1.56085079  1.5593809   1.55921495  1.55919268
   1.55153923  1.55028174  1.55010953  1.54447509  1.54349689  1.54340729
   1.54332963  1.53918298]]
positive support: [1.48451429e-10 1.50140524e-10 1.44137001e-10 1.28559876e-10
 1.71382903e-10 9.20524005e-11 5.85709032e-11 4.60236148e-11
 4.04312622e-11 3.84706809e-11 3.79374617e-11 4.81061547e-11
 6.80474104e-11 9.51612076e-11 1.36403332e-10 1.67112375e-10
 2.51541690e-10 4.36381071e-10 1.00402154e-09 1.00000000e+00]
classifires probs: [0.13864407 0.0800278  0.10565037 0.13276701 0.130649   0.08527576
 0.05851648 0.04304226 0.03366384 0.02769699 0.02378585 0.02138298
 0.02007013 0.00999145 0.01014342 0.01079085 0.01179451 0.01332005
 0.01615945 0.02662773]
BR point: [1.53918285]
BR value: 1.5391828470122435
Points utilities = [[1.3864407  1.40529856 1.40529106 1.39745082 1.3483498  1.2645163
  1.23302054 1.23646887 1.26153673 1.30353887 1.34048739 1.37380843
  1.39820456 1.4125609  1.4281274  1.43960256 1.45689556 1.47736925
  1.50223426 1.53918298]]
new point utility = 1.5391828470122435
new point = [1.53918285]
classifier utilities = 1.539182975388462
new classifier utility = [1.53918298]
new classifier is better = False
classifier utilities = 1.539182975388462
new classifier utility = [1.53918298]
new classifier is better = False
classifier utilities = 1.539182975388462
new classifier utility = [1.53918298]
new classifier is better = False
classifier utilities = 1.539182975388462
new classifier utility = [1.53918298]
new classifier is better = False
classifier utilities = 1.539182975388462
new classifier utility = [1.53918298]
new classifier is better = False
classifier utilities = 1.539182975388462
new classifier utility = [1.53918298]
new classifier is better = False
classifier utilities = 1.539182975388462
new classifier utility = [1.53918298]
new classifier is better = False
classifier utilities = 1.539182975388462
new classifier utility = [0.]
new classifier is better = True
classifier utilities = [1.53918298 1.53918298 1.53918298 1.53918298 1.53918298 1.53918298
 1.53918298 1.53918298 1.53918298 1.53918298 1.53918298 1.53918298
 1.53918298 1.53918298 1.53918298 1.53918298 1.53918298 1.53918298
 1.53918298 1.53918298]
new classifier utility = [0.]
classifier added
classifires probs: [0.13864407 0.0800278  0.10565037 0.13276701 0.130649   0.08527576
 0.05851648 0.04304226 0.03366384 0.02769699 0.02378585 0.02138298
 0.02007013 0.00999145 0.01014342 0.01079085 0.01179451 0.01332005
 0.01615945 0.02662773]
---------------------------- iteration: 39
Size of game = (20, 21)
Objective = 1.539182975572735
Support of attacker = 1
Support of classifier = 20
init time = 0.5791 s
NFG time = 0.0787 s
plot time = 0.0001 s
BR time = 25.3115 s
Train time = 23.1329 s
Matrix update time = 0.0397 s
positive data: [[10.          6.42651719  4.33300859  3.05728216  2.29413312  1.87888553
   1.6855354   1.59632374  1.56085079  1.5593809   1.55921495  1.55919268
   1.55153923  1.55028174  1.55010953  1.54447509  1.54349689  1.54340729
   1.54332963  1.53918298]]
positive support: [3.37043572e-09 3.93215439e-09 3.86466899e-09 3.38856092e-09
 2.90290081e-09 2.68922487e-09 2.64421776e-09 2.72286874e-09
 2.97757525e-09 3.61542883e-09 4.93214216e-09 8.78027668e-09
 9.99993626e-01 1.40890787e-07 4.72333271e-06 1.45273554e-07
 1.73434076e-07 2.82774365e-07 6.03693929e-07 3.32700150e-07]
classifires probs: [0.10157442 0.06931491 0.08113939 0.08873742 0.0816315  0.07024039
 0.06083152 0.05426032 0.05015205 0.04825064 0.04903941 0.05490187
 0.08992614 0.000268   0.00027536 0.00052449 0.00055866 0.00064013
 0.00085759 0.00194039 0.09493539]
BR point: [1.53836592]
BR value: 1.538365916231344
Points utilities = [[1.01574415 1.0982232  1.09204259 1.04181823 0.96903642 0.92561046
  0.93289252 0.97013362 1.02685551 1.10112962 1.17747542 1.2630612
  1.39638529 1.39566902 1.39594082 1.39167683 1.39165768 1.39256488
  1.39381836 1.39306003]]
new point utility = 1.538365916231344
new point = [1.53836592]
point added
classifires probs: [0.10157442 0.06931491 0.08113939 0.08873742 0.0816315  0.07024039
 0.06083152 0.05426032 0.05015205 0.04825064 0.04903941 0.05490187
 0.08992614 0.000268   0.00027536 0.00052449 0.00055866 0.00064013
 0.00085759 0.00194039 0.09493539]
---------------------------- iteration: 40
Size of game = (21, 21)
Objective = 1.3963852868822781
Support of attacker = 2
Support of classifier = 21
init time = 0.5791 s
NFG time = 0.0812 s
plot time = 0.0001 s
BR time = 26.5835 s
Train time = 23.1334 s
Matrix update time = 0.0419 s
positive data: [[10.          6.42651719  4.33300859  3.05728216  2.29413312  1.87888553
   1.6855354   1.59632374  1.56085079  1.5593809   1.55921495  1.55919268
   1.55153923  1.55028174  1.55010953  1.54447509  1.54349689  1.54340729
   1.54332963  1.53918298  1.53836592]]
positive support: [2.08684203e-10 2.05108730e-10 1.96565864e-10 1.80363629e-10
 2.47647603e-10 1.25590757e-10 7.66444367e-11 5.83527263e-11
 4.85409247e-11 4.33968735e-11 4.23675742e-11 5.87745429e-11
 8.82533130e-11 1.24265553e-10 1.73380342e-10 2.04548104e-10
 2.86791426e-10 4.38270760e-10 7.49049325e-10 1.25966771e-09
 1.00000000e+00]
classifires probs: [0.13930253 0.08006462 0.10598951 0.13370588 0.13337354 0.08634725
 0.05803212 0.04221427 0.03280387 0.02686217 0.02296571 0.0205245
 0.01907323 0.0088196  0.00878448 0.00916492 0.00984355 0.01081417
 0.01230126 0.01517692 0.0238359 ]
BR point: [1.53841305]
BR value: 1.5384130478932636
Points utilities = [[1.39302529 1.40976677 1.40977319 1.40348369 1.35912722 1.27535617
  1.24192851 1.24358362 1.26715109 1.30784613 1.34351542 1.37549789
  1.39833899 1.41087853 1.42433871 1.43331643 1.44760212 1.46420876
  1.48311999 1.50249517 1.53836592]]
new point utility = 1.5384130478932636
new point = [1.53841305]
classifier utilities = 1.5383659169146306
new classifier utility = [1.53836592]
new classifier is better = False
classifier utilities = 1.5383659169146306
new classifier utility = [1.53836592]
new classifier is better = False
classifier utilities = 1.5383659169146306
new classifier utility = [1.53836592]
new classifier is better = False
classifier utilities = 1.5383659169146306
new classifier utility = [1.53836592]
new classifier is better = False
classifier utilities = 1.5383659169146306
new classifier utility = [1.53836592]
new classifier is better = False
classifier utilities = 1.5383659169146306
new classifier utility = [1.53836592]
new classifier is better = False
classifier utilities = 1.5383659169146306
new classifier utility = [1.53836592]
new classifier is better = False
classifier utilities = 1.5383659169146306
new classifier utility = [0.]
new classifier is better = True
classifier utilities = [1.53836593 1.53836593 1.53836592 1.53836592 1.53836592 1.53836592
 1.53836592 1.53836592 1.53836592 1.53836592 1.53836592 1.53836592
 1.53836592 1.53836592 1.53836592 1.53836592 1.53836592 1.53836592
 1.53836592 1.53836592 1.53836592]
new classifier utility = [0.]
classifier added
classifires probs: [0.13930253 0.08006462 0.10598951 0.13370588 0.13337354 0.08634725
 0.05803212 0.04221427 0.03280387 0.02686217 0.02296571 0.0205245
 0.01907323 0.0088196  0.00878448 0.00916492 0.00984355 0.01081417
 0.01230126 0.01517692 0.0238359 ]
---------------------------- iteration: 41
Size of game = (21, 22)
Objective = 1.5383659173021897
Support of attacker = 1
Support of classifier = 21
init time = 0.5791 s
NFG time = 0.0833 s
plot time = 0.0001 s
BR time = 27.6380 s
Train time = 24.8932 s
Matrix update time = 0.0425 s
positive data: [[10.          6.42651719  4.33300859  3.05728216  2.29413312  1.87888553
   1.6855354   1.59632374  1.56085079  1.5593809   1.55921495  1.55919268
   1.55153923  1.55028174  1.55010953  1.54447509  1.54349689  1.54340729
   1.54332963  1.53918298  1.53836592]]
positive support: [4.77628762e-09 5.44562073e-09 5.38430627e-09 4.80249476e-09
 4.11096825e-09 3.77356775e-09 3.66678061e-09 3.72923616e-09
 4.03675272e-09 4.87965889e-09 6.65084251e-09 1.18260022e-08
 9.99991961e-01 2.30750429e-07 5.45036487e-06 2.14655630e-07
 2.48375263e-07 3.80563402e-07 6.80319169e-07 2.99745486e-07
 5.79873368e-07]
classifires probs: [0.10367311 0.06984501 0.08262951 0.09160012 0.08411579 0.07138005
 0.0609312  0.05364847 0.04904204 0.04678087 0.04727463 0.05272212
 0.08635704 0.00028456 0.0002854  0.00049163 0.00051335 0.00056801
 0.00070039 0.00110063 0.00178802 0.09426803]
BR point: [1.53827275]
BR value: 1.5382727446914934
Points utilities = [[1.03673112 1.1151172  1.1098899  1.06316301 0.99075246 0.94553711
  0.9509366  0.98624596 1.04087725 1.11284623 1.18643911 1.26862611
  1.39638528 1.39569468 1.39598204 1.39166716 1.3915781  1.39237399
  1.39338486 1.39133515 1.3933472 ]]
new point utility = 1.5382727446914934
new point = [1.53827275]
point added
classifires probs: [0.10367311 0.06984501 0.08262951 0.09160012 0.08411579 0.07138005
 0.0609312  0.05364847 0.04904204 0.04678087 0.04727463 0.05272212
 0.08635704 0.00028456 0.0002854  0.00049163 0.00051335 0.00056801
 0.00070039 0.00110063 0.00178802 0.09426803]
---------------------------- iteration: 42
Size of game = (22, 22)
Objective = 1.3963852772292136
Support of attacker = 2
Support of classifier = 22
init time = 0.5791 s
NFG time = 0.0859 s
plot time = 0.0001 s
BR time = 29.5747 s
Train time = 24.8936 s
Matrix update time = 0.0447 s
positive data: [[10.          6.42651719  4.33300859  3.05728216  2.29413312  1.87888553
   1.6855354   1.59632374  1.56085079  1.5593809   1.55921495  1.55919268
   1.55153923  1.55028174  1.55010953  1.54447509  1.54349689  1.54340729
   1.54332963  1.53918298  1.53836592  1.53827275]]
positive support: [2.68905047e-10 2.59018951e-10 2.47623736e-10 2.31135160e-10
 3.24961426e-10 1.59596454e-10 9.48388203e-11 7.08183937e-11
 5.66853364e-11 4.79543712e-11 4.56021421e-11 6.62971529e-11
 1.01642472e-10 1.44895797e-10 1.98899470e-10 2.28646592e-10
 3.05255497e-10 4.32813610e-10 6.48952455e-10 8.74795062e-10
 1.68087971e-09 9.99999999e-01]
classifires probs: [0.13991847 0.08014429 0.10633115 0.13455056 0.13575194 0.08727158
 0.05753349 0.04143918 0.03202359 0.02612097 0.0222533  0.01979938
 0.01826147 0.00800327 0.00783746 0.00801709 0.00845623 0.00911529
 0.01004509 0.01148638 0.01391027 0.02172954]
BR point: [1.53826942]
BR value: 1.5382694196310505
Points utilities = [[1.39918475 1.41423713 1.41426765 1.40923733 1.36890102 1.28509758
  1.24982701 1.24982678 1.27203761 1.31157225 1.34613034 1.37698216
  1.3985565  1.40983031 1.42182262 1.42903669 1.44118377 1.45516871
  1.47059837 1.48432678 1.50493793 1.53827275]]
new point utility = 1.5382694196310505
new point = [1.53826942]
classifier utilities = 1.5382727456341316
new classifier utility = [1.53827275]
new classifier is better = False
classifier utilities = 1.5382727456341316
new classifier utility = [1.53827275]
new classifier is better = False
classifier utilities = 1.5382727456341316
new classifier utility = [1.53827275]
new classifier is better = False
classifier utilities = 1.5382727456341316
new classifier utility = [1.53827275]
new classifier is better = False
classifier utilities = 1.5382727456341316
new classifier utility = [1.53827275]
new classifier is better = False
classifier utilities = 1.5382727456341316
new classifier utility = [1.53827275]
new classifier is better = False
classifier utilities = 1.5382727456341316
new classifier utility = [1.53827275]
new classifier is better = False
classifier utilities = 1.5382727456341316
new classifier utility = [0.]
new classifier is better = True
classifier utilities = [1.53827276 1.53827276 1.53827276 1.53827276 1.53827275 1.53827275
 1.53827275 1.53827275 1.53827275 1.53827275 1.53827275 1.53827275
 1.53827275 1.53827275 1.53827275 1.53827275 1.53827275 1.53827275
 1.53827275 1.53827275 1.53827275 1.53827275]
new classifier utility = [0.]
classifier added
classifires probs: [0.13991847 0.08014429 0.10633115 0.13455056 0.13575194 0.08727158
 0.05753349 0.04143918 0.03202359 0.02612097 0.0222533  0.01979938
 0.01826147 0.00800327 0.00783746 0.00801709 0.00845623 0.00911529
 0.01004509 0.01148638 0.01391027 0.02172954]
---------------------------- iteration: 43
Size of game = (22, 23)
Objective = 1.5382727462532209
Support of attacker = 1
Support of classifier = 22
init time = 0.5791 s
NFG time = 0.0878 s
plot time = 0.0001 s
BR time = 30.5285 s
Train time = 26.6406 s
Matrix update time = 0.0455 s
positive data: [[10.          6.42651719  4.33300859  3.05728216  2.29413312  1.87888553
   1.6855354   1.59632374  1.56085079  1.5593809   1.55921495  1.55919268
   1.55153923  1.55028174  1.55010953  1.54447509  1.54349689  1.54340729
   1.54332963  1.53918298  1.53836592  1.53827275]]
positive support: [6.32219924e-11 7.10536586e-11 7.05390491e-11 6.39459232e-11
 5.47578595e-11 4.96279308e-11 4.77087478e-11 4.80982520e-11
 5.17411170e-11 6.24528168e-11 8.50586015e-11 1.50596239e-10
 9.99999904e-01 3.55932084e-09 5.95472959e-08 2.80286759e-09
 3.13213556e-09 4.50684132e-09 7.11164785e-09 3.16410615e-09
 4.04643923e-09 9.22284181e-09]
classifires probs: [0.10557186 0.07027611 0.08392555 0.09430507 0.08667895 0.07255849
 0.06101267 0.05301102 0.0479402  0.04536958 0.04560908 0.05067165
 0.08306976 0.00029761 0.00029287 0.00045709 0.00046939 0.00050568
 0.0005905  0.00079265 0.0010213  0.00159116 0.09398173]
BR point: [1.53816345]
BR value: 1.5381634452802786
Points utilities = [[1.05571865 1.13009006 1.12560094 1.08251819 1.0111565  0.9644621
  0.96805139 1.00143731 1.05401122 1.12376708 1.19476184 1.27375164
  1.39638531 1.39571495 1.39601389 1.39164555 1.39148864 1.39218834
  1.39302962 1.39050683 1.39133983 1.39370321]]
new point utility = 1.5381634452802786
new point = [1.53816345]
point added
classifires probs: [0.10557186 0.07027611 0.08392555 0.09430507 0.08667895 0.07255849
 0.06101267 0.05301102 0.0479402  0.04536958 0.04560908 0.05067165
 0.08306976 0.00029761 0.00029287 0.00045709 0.00046939 0.00050568
 0.0005905  0.00079265 0.0010213  0.00159116 0.09398173]
---------------------------- iteration: 44
Size of game = (23, 23)
Objective = 1.396385310831889
Support of attacker = 1
Support of classifier = 23
init time = 0.5791 s
NFG time = 0.0907 s
plot time = 0.0001 s
BR time = 32.2468 s
Train time = 26.6410 s
Matrix update time = 0.0478 s
positive data: [[10.          6.42651719  4.33300859  3.05728216  2.29413312  1.87888553
   1.6855354   1.59632374  1.56085079  1.5593809   1.55921495  1.55919268
   1.55153923  1.55028174  1.55010953  1.54447509  1.54349689  1.54340729
   1.54332963  1.53918298  1.53836592  1.53827275  1.53816345]]
positive support: [3.31660341e-10 3.14045670e-10 2.99311799e-10 2.83868790e-10
 4.06317704e-10 1.95931449e-10 1.13987746e-10 8.39878467e-11
 6.53807074e-11 5.28533449e-11 4.87408874e-11 7.26287845e-11
 1.12104926e-10 1.62313528e-10 2.20942241e-10 2.49624958e-10
 3.21343193e-10 4.32422494e-10 6.01824495e-10 7.43643510e-10
 1.11960448e-09 2.17000464e-09 9.99999999e-01]
classifires probs: [0.14046733 0.08022599 0.10664273 0.13529964 0.13791476 0.08821667
 0.05703994 0.04069599 0.03129024 0.02543591 0.0216075  0.01916101
 0.01758003 0.00738726 0.00713905 0.00717819 0.00743319 0.00786486
 0.00848862 0.00936959 0.01060084 0.01281315 0.02014751]
BR point: [1.53825674]
BR value: 1.5382567405939982
Points utilities = [[1.40467331 1.41828944 1.41834994 1.41440786 1.37774269 1.29411458
  1.2570842  1.25551348 1.27645329 1.3149155  1.3484663  1.37832275
  1.39883324 1.40915184 1.42006161 1.42598643 1.43655637 1.44861166
  1.46163951 1.47213385 1.48766035 1.50728037 1.53816345]]
new point utility = 1.5382567405939982
new point = [1.53825674]
classifier utilities = 1.5381634438788367
new classifier utility = [1.53816344]
new classifier is better = False
classifier utilities = 1.5381634438788367
new classifier utility = [1.53816344]
new classifier is better = False
classifier utilities = 1.5381634438788367
new classifier utility = [1.53816344]
new classifier is better = False
classifier utilities = 1.5381634438788367
new classifier utility = [1.53816344]
new classifier is better = False
classifier utilities = 1.5381634438788367
new classifier utility = [1.53816344]
new classifier is better = False
classifier utilities = 1.5381634438788367
new classifier utility = [1.53816344]
new classifier is better = False
classifier utilities = 1.5381634438788367
new classifier utility = [1.53816344]
new classifier is better = False
classifier utilities = 1.5381634438788367
new classifier utility = [1.53816344]
new classifier is better = False
classifier utilities = 1.5381634438788367
new classifier utility = [0.]
new classifier is better = True
classifier utilities = [1.53816346 1.53816346 1.53816346 1.53816346 1.53816346 1.53816345
 1.53816345 1.53816345 1.53816345 1.53816345 1.53816345 1.53816345
 1.53816345 1.53816345 1.53816345 1.53816345 1.53816345 1.53816345
 1.53816345 1.53816345 1.53816345 1.53816345 1.53816344]
new classifier utility = [0.]
classifier added
classifires probs: [0.14046733 0.08022599 0.10664273 0.13529964 0.13791476 0.08821667
 0.05703994 0.04069599 0.03129024 0.02543591 0.0216075  0.01916101
 0.01758003 0.00738726 0.00713905 0.00717819 0.00743319 0.00786486
 0.00848862 0.00936959 0.01060084 0.01281315 0.02014751]
---------------------------- iteration: 45
Size of game = (23, 24)
Objective = 1.5381634448519903
Support of attacker = 1
Support of classifier = 23
init time = 0.5791 s
NFG time = 0.0927 s
plot time = 0.0001 s
BR time = 33.2309 s
Train time = 28.6811 s
Matrix update time = 0.0485 s
positive data: [[10.          6.42651719  4.33300859  3.05728216  2.29413312  1.87888553
   1.6855354   1.59632374  1.56085079  1.5593809   1.55921495  1.55919268
   1.55153923  1.55028174  1.55010953  1.54447509  1.54349689  1.54340729
   1.54332963  1.53918298  1.53836592  1.53827275  1.53816345]]
positive support: [7.89456778e-11 8.81415907e-11 8.76718924e-11 8.03533470e-11
 6.90579964e-11 6.17805556e-11 5.88507863e-11 5.90082840e-11
 6.33090517e-11 7.64681339e-11 1.04097867e-10 1.83523846e-10
 9.99999889e-01 5.07559334e-09 6.31073868e-08 3.34057064e-09
 3.61703300e-09 4.93488704e-09 7.15483851e-09 3.31381970e-09
 3.80652923e-09 5.61160582e-09 1.24282779e-08]
classifires probs: [0.10729219 0.07063995 0.0850545  0.09681168 0.08929513 0.07377694
 0.06108414 0.052362   0.04685851 0.04401808 0.04403797 0.04874625
 0.08002264 0.00030492 0.00029575 0.00042494 0.00043076 0.00045504
 0.00051233 0.00063278 0.00074608 0.00094492 0.00147458 0.0937779 ]
BR point: [1.5350148]
BR value: 1.5350148014972023
Points utilities = [[1.07292193 1.143484   1.13952342 1.10000502 1.03028019 0.98241363
  0.98427606 1.01576722 1.06633434 1.13397111 1.20251508 1.2785027
  1.39638531 1.39572628 1.39602968 1.39161162 1.3913951  1.39201665
  1.39273729 1.38996922 1.39037912 1.39174845 1.39391771]]
new point utility = 1.5350148014972023
new point = [1.5350148]
point added
classifires probs: [0.10729219 0.07063995 0.0850545  0.09681168 0.08929513 0.07377694
 0.06108414 0.052362   0.04685851 0.04401808 0.04403797 0.04874625
 0.08002264 0.00030492 0.00029575 0.00042494 0.00043076 0.00045504
 0.00051233 0.00063278 0.00074608 0.00094492 0.00147458 0.0937779 ]
---------------------------- iteration: 46
Size of game = (24, 24)
Objective = 1.3963853107132789
Support of attacker = 1
Support of classifier = 24
init time = 0.5791 s
NFG time = 0.0955 s
plot time = 0.0001 s
BR time = 34.8761 s
Train time = 28.6816 s
Matrix update time = 0.0508 s
positive data: [[10.          6.42651719  4.33300859  3.05728216  2.29413312  1.87888553
   1.6855354   1.59632374  1.56085079  1.5593809   1.55921495  1.55919268
   1.55153923  1.55028174  1.55010953  1.54447509  1.54349689  1.54340729
   1.54332963  1.53918298  1.53836592  1.53827275  1.53816345  1.5350148 ]]
positive support: [4.38630358e-10 4.10917414e-10 3.91596029e-10 3.79711066e-10
 5.28634834e-10 2.60392885e-10 1.49757303e-10 1.11148954e-10
 8.90206569e-11 7.70520336e-11 7.64489256e-11 1.10907251e-10
 1.62072528e-10 2.23491188e-10 2.92687042e-10 3.23426373e-10
 4.00249337e-10 5.12518395e-10 6.71944902e-10 7.91465721e-10
 1.07340693e-09 1.63295150e-09 3.17836096e-09 9.99999998e-01]
classifires probs: [0.14077856 0.08016652 0.10677318 0.13582737 0.14011723 0.08990386
 0.05661138 0.03991031 0.03050649 0.02471428 0.02095379 0.01855912
 0.01700712 0.00677773 0.00648613 0.00643647 0.00655986 0.00681706
 0.00722161 0.00780356 0.00856844 0.00971085 0.01186454 0.01992454]
BR point: [1.53500633]
BR value: 1.5350063279957271
Points utilities = [[1.40778561 1.41990737 1.42000605 1.4171898  1.38488296 1.30313248
  1.26445174 1.26123689 1.2808262  1.31815899 1.35069017 1.37960812
  1.3992234  1.40859675 1.41849449 1.42327943 1.43250311 1.44294146
  1.45401418 1.4621186  1.47452385 1.48937247 1.50751625 1.5350148 ]]
new point utility = 1.5350063279957271
new point = [1.53500633]
classifier utilities = 1.5350147984142168
new classifier utility = [1.5350148]
new classifier is better = False
classifier utilities = 1.5350147984142168
new classifier utility = [1.5350148]
new classifier is better = False
classifier utilities = 1.5350147984142168
new classifier utility = [1.5350148]
new classifier is better = False
classifier utilities = 1.5350147984142168
new classifier utility = [1.5350148]
new classifier is better = False
classifier utilities = 1.5350147984142168
new classifier utility = [1.5350148]
new classifier is better = False
NEW RUN________________________________________
positive data: [[10.]]
positive utility: 10.0
---------------------------- iteration: 0
Size of game = (1, 1)
Objective = 0
Support of attacker = 0
Support of classifier = 0
init time = 0.7681 s
NFG time = 0
plot time = 0
BR time = 0
Train time = 0
Matrix update time = 0
positive data: [[10.]]
positive support: [1.]
classifires probs: [1.]
BR point: [10.]
BR value: 9.999999998021366
Points utilities = [[10.]]
new point utility = 9.999999998021366
new point = [10.]
classifier utilities = 10.000000006757414
new classifier utility = [0.]
new classifier is better = True
classifier utilities = 10.000000006757414
new classifier utility = [0.]
new classifier is better = True
classifier utilities = 10.000000006757414
new classifier utility = [0.]
new classifier is better = True
classifier utilities = 10.000000006757414
new classifier utility = [0.]
new classifier is better = True
classifier utilities = 10.000000006757414
new classifier utility = [0.]
new classifier is better = True
classifier utilities = [10.00000001]
new classifier utility = [0.]
classifier added
classifires probs: [1.]
---------------------------- iteration: 1
Size of game = (1, 2)
Objective = 9.999999998229708
Support of attacker = 1
Support of classifier = 1
init time = 0.7681 s
NFG time = 0.0064 s
plot time = 0.0000 s
BR time = 0.0136 s
Train time = 1.0465 s
Matrix update time = 0.0005 s
positive data: [[10.]]
positive support: [1.]
classifires probs: [-2.63694171e-11  1.00000000e+00]
BR point: [6.40422905]
BR value: 6.4042290530617985
Points utilities = [[-2.63694171e-10]]
new point utility = 6.4042290530617985
new point = [6.40422905]
point added
classifires probs: [-2.63694171e-11  1.00000000e+00]
---------------------------- iteration: 2
Size of game = (2, 2)
Objective = -2.338272939174942e-10
Support of attacker = 1
Support of classifier = 1
init time = 0.7681 s
NFG time = 0.0083 s
plot time = 0.0000 s
BR time = 0.1570 s
Train time = 1.0470 s
Matrix update time = 0.0013 s
positive data: [[10.          6.40422905]]
positive support: [5.91913552e-10 1.00000000e+00]
classifires probs: [0.58548905 0.41451095]
BR point: [6.4042635]
BR value: 6.404263495333834
Points utilities = [[5.85489049 6.40422905]]
new point utility = 6.404263495333834
new point = [6.4042635]
classifier utilities = 6.404229056674894
new classifier utility = [0.]
new classifier is better = True
classifier utilities = 6.404229056674894
new classifier utility = [0.]
new classifier is better = True
classifier utilities = [6.40422906 6.40422906]
new classifier utility = [0.]
classifier added
classifires probs: [0.58548905 0.41451095]
---------------------------- iteration: 3
Size of game = (2, 3)
Objective = 6.404229051663713
Support of attacker = 1
Support of classifier = 2
init time = 0.7681 s
NFG time = 0.0098 s
plot time = 0.0000 s
BR time = 0.2600 s
Train time = 1.4748 s
Matrix update time = 0.0018 s
positive data: [[10.          6.40422905]]
positive support: [0.36410827 0.63589173]
classifires probs: [-1.03005107e-10 -1.33781438e-10  1.00000000e+00]
BR point: [4.31194007]
BR value: 4.311940069738225
Points utilities = [[-1.03005107e-09 -1.51643527e-09]]
new point utility = 4.311940069738225
new point = [4.31194007]
point added
classifires probs: [-1.03005107e-10 -1.33781438e-10  1.00000000e+00]
---------------------------- iteration: 4
Size of game = (3, 3)
Objective = -1.1258456200915488e-09
Support of attacker = 2
Support of classifier = 1
init time = 0.7681 s
NFG time = 0.0115 s
plot time = 0.0000 s
BR time = 0.4820 s
Train time = 1.4753 s
Matrix update time = 0.0027 s
positive data: [[10.          6.40422905  4.31194007]]
positive support: [5.30211714e-10 6.69906141e-10 1.00000000e+00]
classifires probs: [0.38674302 0.22905078 0.3842062 ]
BR point: [4.31191606]
BR value: 4.311916059240291
Points utilities = [[3.86743024 3.94368457 4.31194007]]
new point utility = 4.311916059240291
new point = [4.31191606]
classifier utilities = 4.3119400717985235
new classifier utility = [0.]
new classifier is better = True
classifier utilities = 4.3119400717985235
new classifier utility = [0.]
new classifier is better = True
classifier utilities = [4.31194008 4.31194008 4.31194007]
new classifier utility = [0.]
classifier added
classifires probs: [0.38674302 0.22905078 0.3842062 ]
---------------------------- iteration: 5
Size of game = (3, 4)
Objective = 4.311940068286507
Support of attacker = 1
Support of classifier = 3
init time = 0.7681 s
NFG time = 0.0130 s
plot time = 0.0000 s
BR time = 0.6601 s
Train time = 1.8930 s
Matrix update time = 0.0032 s
positive data: [[10.          6.40422905  4.31194007]]
positive support: [0.23301791 0.1877928  0.5791893 ]
classifires probs: [-1.48988958e-10 -1.56684315e-10 -1.91302833e-10  1.00000000e+00]
BR point: [3.05084091]
BR value: 3.0508409109600607
Points utilities = [[-1.48988958e-09 -1.95760165e-09 -2.14293118e-09]]
new point utility = 3.0508409109600607
new point = [3.05084091]
point added
classifires probs: [-1.48988958e-10 -1.56684315e-10 -1.91302833e-10  1.00000000e+00]
---------------------------- iteration: 6
Size of game = (4, 4)
Objective = -1.678601080722103e-09
Support of attacker = 3
Support of classifier = 1
init time = 0.7681 s
NFG time = 0.0147 s
plot time = 0.0000 s
BR time = 0.9190 s
Train time = 1.8934 s
Matrix update time = 0.0041 s
positive data: [[10.          6.40422905  4.31194007  3.05084091]]
positive support: [8.03963971e-10 1.02975052e-09 1.02172105e-09 1.00000000e+00]
classifires probs: [0.26710089 0.15916225 0.21417893 0.35955792]
BR point: [3.05080196]
BR value: 3.050801961911232
Points utilities = [[2.67100893 2.72988681 2.76154786 3.05084091]]
new point utility = 3.050801961911232
new point = [3.05080196]
classifier utilities = 3.050840913222296
new classifier utility = [0.]
new classifier is better = True
classifier utilities = 3.050840913222296
new classifier utility = [0.]
new classifier is better = True
classifier utilities = [3.05084093 3.05084092 3.05084092 3.05084091]
new classifier utility = [0.]
classifier added
classifires probs: [0.26710089 0.15916225 0.21417893 0.35955792]
---------------------------- iteration: 7
Size of game = (4, 5)
Objective = 3.0508409090991617
Support of attacker = 1
Support of classifier = 4
init time = 0.7681 s
NFG time = 0.0164 s
plot time = 0.0000 s
BR time = 1.1763 s
Train time = 2.3141 s
Matrix update time = 0.0047 s
positive data: [[10.          6.40422905  4.31194007  3.05084091]]
positive support: [0.17188695 0.1266257  0.18971241 0.51177494]
classifires probs: [-1.38884912e-10 -1.21609857e-10 -1.65432632e-10 -1.39387230e-10
  1.00000000e+00]
BR point: [2.29163215]
BR value: 2.29163214552502
Points utilities = [[-1.38884912e-09 -1.66826817e-09 -1.83657343e-09 -1.72468500e-09]]
new point utility = 2.29163214552502
new point = [2.29163215]
point added
classifires probs: [-1.38884912e-10 -1.21609857e-10 -1.65432632e-10 -1.39387230e-10
  1.00000000e+00]
---------------------------- iteration: 8
Size of game = (5, 5)
Objective = -1.516385341854943e-09
Support of attacker = 4
Support of classifier = 1
init time = 0.7681 s
NFG time = 0.0183 s
plot time = 0.0000 s
BR time = 1.5071 s
Train time = 2.3146 s
Matrix update time = 0.0057 s
positive data: [[10.          6.40422905  4.31194007  3.05084091  2.29163215]]
positive support: [9.55385891e-10 1.25039117e-09 1.20319795e-09 1.22447316e-09
 1.00000000e+00]
classifires probs: [0.19567472 0.11886591 0.15462599 0.20405706 0.32677632]
BR point: [2.29162196]
BR value: 2.291621963302872
Points utilities = [[1.95674723 2.01439026 2.02301837 2.05389836 2.29163214]]
new point utility = 2.291621963302872
new point = [2.29162196]
classifier utilities = 2.2916321475349157
new classifier utility = [0.]
new classifier is better = True
classifier utilities = 2.2916321475349157
new classifier utility = [0.]
new classifier is better = True
classifier utilities = 2.2916321475349157
new classifier utility = [0.]
new classifier is better = True
classifier utilities = 2.2916321475349157
new classifier utility = [0.]
new classifier is better = True
classifier utilities = [2.29163217 2.29163216 2.29163216 2.29163215 2.29163215]
new classifier utility = [0.]
classifier added
classifires probs: [0.19567472 0.11886591 0.15462599 0.20405706 0.32677632]
---------------------------- iteration: 9
Size of game = (5, 6)
Objective = 2.29163214363975
Support of attacker = 1
Support of classifier = 5
init time = 0.7681 s
NFG time = 0.0202 s
plot time = 0.0000 s
BR time = 1.8416 s
Train time = 3.1582 s
Matrix update time = 0.0063 s
positive data: [[10.          6.40422905  4.31194007  3.05084091  2.29163215]]
positive support: [0.1363916  0.10245304 0.11963859 0.19795712 0.44355966]
classifires probs: [-1.16901263e-10 -1.16162849e-10 -1.38416863e-10 -1.51351894e-10
 -1.06587057e-10  1.00000000e+00]
BR point: [1.87803433]
BR value: 1.8780343268028348
Points utilities = [[-1.16901263e-09 -1.49259595e-09 -1.60180370e-09 -1.59507991e-09
  -1.44239893e-09]]
new point utility = 1.8780343268028348
new point = [1.87803433]
point added
classifires probs: [-1.16901263e-10 -1.16162849e-10 -1.38416863e-10 -1.51351894e-10
 -1.06587057e-10  1.00000000e+00]
---------------------------- iteration: 10
Size of game = (6, 6)
Objective = -1.2364852964004085e-09
Support of attacker = 5
Support of classifier = 1
init time = 0.7681 s
NFG time = 0.0222 s
plot time = 0.0000 s
BR time = 2.2501 s
Train time = 3.1587 s
Matrix update time = 0.0074 s
positive data: [[10.          6.40422905  4.31194007  3.05084091  2.29163215  1.87803433]]
positive support: [9.65312056e-10 1.31029275e-09 1.26559498e-09 1.19360475e-09
 1.23904614e-09 1.00000000e+00]
classifires probs: [0.15772557 0.09709611 0.12467159 0.15781904 0.19147145 0.27121623]
BR point: [1.87787908]
BR value: 1.8778790802353031
Points utilities = [[1.57725573 1.6319364  1.63635225 1.63925439 1.67010431 1.87803433]]
new point utility = 1.8778790802353031
new point = [1.87787908]
classifier utilities = 1.8780343284648084
new classifier utility = [0.]
new classifier is better = True
classifier utilities = 1.8780343284648084
new classifier utility = [0.]
new classifier is better = True
classifier utilities = 1.8780343284648084
new classifier utility = [0.]
new classifier is better = True
classifier utilities = 1.8780343284648084
new classifier utility = [0.]
new classifier is better = True
classifier utilities = 1.8780343284648084
new classifier utility = [0.]
new classifier is better = True
classifier utilities = [1.87803436 1.87803435 1.87803434 1.87803433 1.87803433 1.87803433]
new classifier utility = [0.]
classifier added
classifires probs: [0.15772557 0.09709611 0.12467159 0.15781904 0.19147145 0.27121623]
---------------------------- iteration: 11
Size of game = (6, 7)
Objective = 1.8780343250259117
Support of attacker = 1
Support of classifier = 6
init time = 0.7681 s
NFG time = 0.0239 s
plot time = 0.0000 s
BR time = 2.5847 s
Train time = 4.2078 s
Matrix update time = 0.0079 s
positive data: [[10.          6.40422905  4.31194007  3.05084091  2.29163215  1.87803433]]
positive support: [0.11722672 0.09978239 0.09787883 0.12210412 0.19702051 0.36598743]
classifires probs: [-2.62463689e-10 -2.03355212e-10 -2.29084432e-10 -2.53482695e-10
 -2.21218153e-10 -4.78713399e-11  1.00000000e+00]
BR point: [1.68514496]
BR value: 1.6851449553306865
Points utilities = [[-2.62463689e-09 -2.98321094e-09 -2.99638153e-09 -2.89337489e-09
  -2.68030254e-09 -2.28646082e-09]]
new point utility = 1.6851449553306865
new point = [1.68514496]
point added
classifires probs: [-2.62463689e-10 -2.03355212e-10 -2.29084432e-10 -2.53482695e-10
 -2.21218153e-10 -4.78713399e-11  1.00000000e+00]
---------------------------- iteration: 12
Size of game = (7, 7)
Objective = -1.4844792120850978e-09
Support of attacker = 6
Support of classifier = 1
init time = 0.7681 s
NFG time = 0.0256 s
plot time = 0.0000 s
BR time = 3.0280 s
Train time = 4.2083 s
Matrix update time = 0.0092 s
positive data: [[10.          6.40422905  4.31194007  3.05084091  2.29163215  1.87803433
   1.68514496]]
positive support: [9.19093994e-10 1.28123085e-09 1.23802031e-09 1.14679442e-09
 1.04268778e-09 1.15472795e-09 1.00000000e+00]
classifires probs: [0.14095257 0.08708625 0.1112573  0.13842235 0.15655537 0.16278369
 0.20294247]
