NEW RUN________________________________________
____iterstion: 0
Points utilities = [[10.]]
new point utility = 9.999999998021366
new point = [1.4644661]
3
classifier utilities = [10.00000001]
new classifier utility = [0.]
classifier added
____iterstion: 1
Points utilities = [[-2.63694171e-10]]
new point utility = 10.000000000232056
new point = [1.46446608]
point added
3
____iterstion: 2
Points utilities = [[ 8.84063832 10.        ]]
new point utility = 9.99999999651659
new point = [1.4644661]
3
classifier utilities = [10.00000002 10.00000002]
new classifier utility = [1.43684128e-09]
classifier added
____iterstion: 3
Points utilities = [[5. 5.]]
new point utility = 4.999999998010365
new point = [1.4644661]
3
classifier utilities = [10.00000001  5.00000001  5.00000001]
new classifier utility = [0.]
classifier added
____iterstion: 4
Points utilities = [[-1.57236804e-09 -1.57236804e-09]]
new point utility = 4.9489436250040235
new point = [3.09838175]
point added
3
____iterstion: 5
Points utilities = [[4.6032496  4.60324962 4.94894349]]
new point utility = 4.93999100394893
new point = [3.100452]
3
classifier utilities = [4.94894572 4.94894487 4.94894487 4.94894402]
new classifier utility = [8.49917076e-07]
classifier added
____iterstion: 6
Points utilities = [[3.31056411 2.86261507 3.31056411]]
new point utility = 3.310564108430103
new point = [8.53553392]
3
classifier utilities = [6.62112823 3.31056412 6.62112823 3.31056411 3.31056411]
new classifier utility = [0.]
classifier added
____iterstion: 7
Points utilities = [[-3.13187914e-09 -1.74651755e-09 -1.95793668e-09]]
new point utility = 4.205161609112358
new point = [3.27242351]
point added
3
____iterstion: 8
Points utilities = [[2.96030536 2.53193119 2.48239473 2.96030536]]
new point utility = 2.9603053609244463
new point = [8.53553388]
3
classifier utilities = [5.92061074 2.96030537 5.92061073 2.96030537 2.96030537 2.96030536]
new classifier utility = [0.]
classifier added
____iterstion: 9
Points utilities = [[-3.29754676e-09 -1.77022795e-09 -2.05243414e-09 -2.00998710e-09]]
new point utility = 4.190848457139646
new point = [3.27582593]
point added
3
____iterstion: 10
Points utilities = [[2.953205   2.53548923 2.33488741 2.52287068 2.953205  ]]
new point utility = 2.9532049951620856
new point = [8.53553389]
3
classifier utilities = [5.90641  2.953205 5.90641  2.953205 2.953205 2.953205 2.953205]
new classifier utility = [0.]
classifier added
____iterstion: 11
Points utilities = [[-3.15708855e-09 -1.69386711e-09 -1.90100207e-09 -2.00476917e-09
  -2.15994372e-09]]
new point utility = 3.687112560227522
new point = [3.39741151]
point added
3
____iterstion: 12
Points utilities = [[2.69385712 2.30293951 2.05078315 2.17802344 2.44684002 2.69385712]]
new point utility = 2.6938571166151575
new point = [8.53553389]
3
classifier utilities = [5.38771425 2.69385713 5.38771425 2.69385713 2.69385712 2.69385713
 2.69385712 2.69385712]
new classifier utility = [2.69385713]
Objective = 2.6938571168569583
Number of iterations = 13
Support of attacker = 2
Support of classifier = 6
Size of game = (6, 8)
