NEW RUN________________________________________
positive data: [[8.53553389]]
positive utility: 10.0
____iterstion: 0
positive data: [[8.53553389]]
positive support: [1.]
classifires probs: [1.]
BR point: [1.4644661]
BR value: 9.999999998021366
BR point: [1.4644661]
BR value: 9.999999998021366
Points utilities = [[10.]]
new point utility = 9.999999998021366
new point = [1.4644661]
3
classifier utilities = 10.000000006757414
new classifier utility = [0.]
new classifier is better = True
classifier utilities = 10.000000006757414
new classifier utility = [0.]
new classifier is better = True
classifier utilities = [10.00000001]
new classifier utility = [0.]
classifier added
classifires probs: [1.]
____iterstion: 1
positive data: [[8.53553389]]
positive support: [1.]
classifires probs: [-2.63694171e-11  1.00000000e+00]
BR point: [1.46446611]
BR value: 10.000000000232056
BR point: [1.46446611]
BR value: 10.000000000232056
Points utilities = [[-2.63694171e-10]]
new point utility = 10.000000000232056
new point = [1.46446611]
point added
3
classifires probs: [-2.63694171e-11  1.00000000e+00]
____iterstion: 2
positive data: [[8.53553389 1.46446611]]
positive support: [1.43684128e-10 1.00000000e+00]
classifires probs: [0.88406383 0.11593617]
BR point: [1.4644661]
BR value: 9.99999999651659
BR point: [1.4644661]
BR value: 9.99999999651659
Points utilities = [[ 8.84063832 10.        ]]
new point utility = 9.99999999651659
new point = [1.4644661]
3
classifier utilities = 10.000000022519682
new classifier utility = [0.]
new classifier is better = True
classifier utilities = 10.000000022519682
new classifier utility = [0.]
new classifier is better = True
classifier utilities = [10.00000002 10.00000002]
new classifier utility = [1.43684128e-09]
classifier added
classifires probs: [0.88406383 0.11593617]
____iterstion: 3
positive data: [[8.53553389 1.46446611]]
positive support: [0.5 0.5]
classifires probs: [-1.9687336e-10  5.0000000e-01  5.0000000e-01]
BR point: [3.01810343]
BR value: 5.297237888020634
BR point: [3.01810343]
BR value: 5.297237888020634
Points utilities = [[5. 5.]]
new point utility = 5.297237888020634
new point = [3.01810343]
point added
3
classifier utilities = 5.000000007245134
new classifier utility = [0.]
new classifier is better = True
classifier utilities = 5.000000007245134
new classifier utility = [0.]
new classifier is better = True
classifier utilities = 5.000000007245134
new classifier utility = [0.]
new classifier is better = True
classifier utilities = [10.00000001  5.00000001  5.00000001]
new classifier utility = [0.]
classifier added
classifires probs: [-1.9687336e-10  5.0000000e-01  5.0000000e-01]
____iterstion: 4
positive data: [[8.53553389 1.46446611 3.01810343]]
positive support: [8.64645063e-08 8.64615622e-08 1.00000009e+00]
classifires probs: [0.24548782 0.24871751 0.24871754 0.25707711]
BR point: [3.01764929]
BR value: 5.299212910643012
BR point: [3.01764929]
BR value: 5.299212910643012
Points utilities = [[4.94205357 4.94205334 5.29723775]]
new point utility = 5.299212910643012
new point = [3.01764929]
3
classifier utilities = 5.2972383406836485
new classifier utility = [0.]
new classifier is better = True
classifier utilities = 5.2972383406836485
new classifier utility = [0.]
new classifier is better = True
classifier utilities = [5.29724009 5.29723922 5.29723922 5.29723834]
new classifier utility = [8.64645063e-07]
classifier added
classifires probs: [0.24548782 0.24871751 0.24871754 0.25707711]
____iterstion: 5
positive data: [[8.53553389 1.46446611 3.01810343]]
positive support: [3.46287215e-01 4.51717113e-10 6.53712789e-01]
classifires probs: [-3.86266958e-10  2.98785048e-01 -4.19126221e-10  3.54927739e-01
  3.46287214e-01]
BR point: [6.65386502]
BR value: 3.8976024682558696
BR point: [6.65386502]
BR value: 3.8976024682558696
Points utilities = [[3.46287213 2.98785047 3.46287213]]
new point utility = 3.8976024682558696
new point = [6.65386502]
point added
3
classifier utilities = 3.4628721427112237
new classifier utility = [3.46287215]
new classifier is better = False
classifier utilities = 3.4628721427112237
new classifier utility = [3.46287215]
new classifier is better = False
classifier utilities = 3.4628721427112237
new classifier utility = [3.46287215]
new classifier is better = False
classifier utilities = 3.4628721427112237
new classifier utility = [3.46287215]
new classifier is better = False
classifier utilities = 3.4628721427112237
new classifier utility = [3.46287215]
new classifier is better = False
classifier utilities = 3.4628721427112237
new classifier utility = [3.46287215]
new classifier is better = False
classifier utilities = 3.4628721427112237
new classifier utility = [3.46287215]
new classifier is better = False
classifier utilities = 3.4628721427112237
new classifier utility = [3.46287215]
new classifier is better = False
classifier utilities = 3.4628721427112237
new classifier utility = [3.46287215]
new classifier is better = False
classifier utilities = 3.4628721427112237
new classifier utility = [3.46287215]
new classifier is better = False
classifier utilities = 3.4628721427112237
new classifier utility = [3.46287215]
new classifier is better = False
classifier utilities = 3.4628721427112237
new classifier utility = [3.46287215]
new classifier is better = False
classifier utilities = 3.4628721427112237
new classifier utility = [3.46287215]
new classifier is better = False
classifier utilities = 3.4628721427112237
new classifier utility = [3.46287215]
new classifier is better = False
classifier utilities = 3.4628721427112237
new classifier utility = [3.46287215]
new classifier is better = False
classifier utilities = 3.4628721427112237
new classifier utility = [3.46287215]
new classifier is better = False
classifier utilities = 3.4628721427112237
new classifier utility = [3.46287215]
new classifier is better = False
classifier utilities = 3.4628721427112237
new classifier utility = [3.46287215]
new classifier is better = False
classifier utilities = 3.4628721427112237
new classifier utility = [3.46287215]
new classifier is better = False
classifier utilities = 3.4628721427112237
new classifier utility = [3.46287215]
new classifier is better = False
classifier utilities = 3.4628721427112237
new classifier utility = [3.46287215]
new classifier is better = False
classifier utilities = 3.4628721427112237
new classifier utility = [3.46287215]
new classifier is better = False
classifier utilities = 3.4628721427112237
new classifier utility = [3.46287215]
new classifier is better = False
classifier utilities = 3.4628721427112237
new classifier utility = [3.46287215]
new classifier is better = False
classifier utilities = 3.4628721427112237
new classifier utility = [3.46287215]
new classifier is better = False
classifier utilities = 3.4628721427112237
new classifier utility = [3.46287215]
new classifier is better = False
classifier utilities = 3.4628721427112237
new classifier utility = [3.46287215]
new classifier is better = False
classifier utilities = 3.4628721427112237
new classifier utility = [3.46287215]
new classifier is better = False
classifier utilities = 3.4628721427112237
new classifier utility = [3.46287215]
new classifier is better = False
classifier utilities = 3.4628721427112237
new classifier utility = [3.46287215]
new classifier is better = False
classifier utilities = 3.4628721427112237
new classifier utility = [3.46287215]
new classifier is better = False
classifier utilities = 3.4628721427112237
new classifier utility = [3.46287215]
new classifier is better = False
classifier utilities = 3.4628721427112237
new classifier utility = [3.46287215]
new classifier is better = False
classifier utilities = 3.4628721427112237
new classifier utility = [3.46287215]
new classifier is better = False
classifier utilities = 3.4628721427112237
new classifier utility = [3.46287215]
new classifier is better = False
classifier utilities = 3.4628721427112237
new classifier utility = [3.46287215]
new classifier is better = False
classifier utilities = 3.4628721427112237
new classifier utility = [3.46287215]
new classifier is better = False
classifier utilities = 3.4628721427112237
new classifier utility = [3.46287215]
new classifier is better = False
classifier utilities = 3.4628721427112237
new classifier utility = [3.46287215]
new classifier is better = False
classifier utilities = 3.4628721427112237
new classifier utility = [3.46287215]
new classifier is better = False
classifier utilities = 3.4628721427112237
new classifier utility = [3.46287215]
new classifier is better = False
classifier utilities = 3.4628721427112237
new classifier utility = [3.46287215]
new classifier is better = False
classifier utilities = 3.4628721427112237
new classifier utility = [3.46287215]
new classifier is better = False
classifier utilities = 3.4628721427112237
new classifier utility = [3.46287215]
new classifier is better = False
classifier utilities = 3.4628721427112237
new classifier utility = [3.46287215]
new classifier is better = False
classifier utilities = 3.4628721427112237
new classifier utility = [3.46287215]
new classifier is better = False
classifier utilities = 3.4628721427112237
new classifier utility = [3.46287215]
new classifier is better = False
classifier utilities = 3.4628721427112237
new classifier utility = [3.46287215]
new classifier is better = False
classifier utilities = 3.4628721427112237
new classifier utility = [3.46287215]
new classifier is better = False
classifier utilities = 3.4628721427112237
new classifier utility = [3.46287215]
new classifier is better = False
classifier utilities = 3.4628721427112237
new classifier utility = [3.46287215]
new classifier is better = False
classifier utilities = 3.4628721427112237
new classifier utility = [3.46287215]
new classifier is better = False
classifier utilities = 3.4628721427112237
new classifier utility = [3.46287215]
new classifier is better = False
classifier utilities = 3.4628721427112237
new classifier utility = [3.46287215]
new classifier is better = False
classifier utilities = 3.4628721427112237
new classifier utility = [3.46287215]
new classifier is better = False
classifier utilities = 3.4628721427112237
new classifier utility = [3.46287215]
new classifier is better = False
classifier utilities = 3.4628721427112237
new classifier utility = [3.46287215]
new classifier is better = False
classifier utilities = 3.4628721427112237
new classifier utility = [3.46287215]
new classifier is better = False
classifier utilities = 3.4628721427112237
new classifier utility = [3.46287215]
new classifier is better = False
classifier utilities = 3.4628721427112237
new classifier utility = [3.46287215]
new classifier is better = False
classifier utilities = 3.4628721427112237
new classifier utility = [3.46287215]
new classifier is better = False
classifier utilities = 3.4628721427112237
new classifier utility = [3.46287215]
new classifier is better = False
classifier utilities = 3.4628721427112237
new classifier utility = [3.46287215]
new classifier is better = False
classifier utilities = 3.4628721427112237
new classifier utility = [3.46287215]
new classifier is better = False
classifier utilities = 3.4628721427112237
new classifier utility = [3.46287215]
new classifier is better = False
classifier utilities = 3.4628721427112237
new classifier utility = [3.46287215]
new classifier is better = False
classifier utilities = 3.4628721427112237
new classifier utility = [3.46287215]
new classifier is better = False
classifier utilities = 3.4628721427112237
new classifier utility = [3.46287215]
new classifier is better = False
classifier utilities = 3.4628721427112237
new classifier utility = [3.46287215]
new classifier is better = False
classifier utilities = 3.4628721427112237
new classifier utility = [3.46287215]
new classifier is better = False
classifier utilities = 3.4628721427112237
new classifier utility = [3.46287215]
new classifier is better = False
classifier utilities = 3.4628721427112237
new classifier utility = [3.46287215]
new classifier is better = False
classifier utilities = 3.4628721427112237
new classifier utility = [3.46287215]
new classifier is better = False
classifier utilities = 3.4628721427112237
new classifier utility = [3.46287215]
new classifier is better = False
classifier utilities = 3.4628721427112237
new classifier utility = [3.46287215]
new classifier is better = False
classifier utilities = 3.4628721427112237
new classifier utility = [3.46287215]
new classifier is better = False
classifier utilities = 3.4628721427112237
new classifier utility = [3.46287215]
new classifier is better = False
classifier utilities = 3.4628721427112237
new classifier utility = [3.46287215]
new classifier is better = False
classifier utilities = 3.4628721427112237
new classifier utility = [3.46287215]
new classifier is better = False
classifier utilities = 3.4628721427112237
new classifier utility = [3.46287215]
new classifier is better = False
classifier utilities = 3.4628721427112237
new classifier utility = [3.46287215]
new classifier is better = False
classifier utilities = 3.4628721427112237
new classifier utility = [3.46287215]
new classifier is better = False
classifier utilities = 3.4628721427112237
new classifier utility = [3.46287215]
new classifier is better = False
classifier utilities = 3.4628721427112237
new classifier utility = [3.46287215]
new classifier is better = False
classifier utilities = 3.4628721427112237
new classifier utility = [3.46287215]
new classifier is better = False
classifier utilities = 3.4628721427112237
new classifier utility = [3.46287215]
new classifier is better = False
classifier utilities = 3.4628721427112237
new classifier utility = [3.46287215]
new classifier is better = False
classifier utilities = 3.4628721427112237
new classifier utility = [3.46287215]
new classifier is better = False
classifier utilities = 3.4628721427112237
new classifier utility = [3.46287215]
new classifier is better = False
classifier utilities = 3.4628721427112237
new classifier utility = [3.46287215]
new classifier is better = False
classifier utilities = 3.4628721427112237
new classifier utility = [3.46287215]
new classifier is better = False
classifier utilities = 3.4628721427112237
new classifier utility = [3.46287215]
new classifier is better = False
classifier utilities = 3.4628721427112237
new classifier utility = [3.46287215]
new classifier is better = False
classifier utilities = 3.4628721427112237
new classifier utility = [3.46287215]
new classifier is better = False
classifier utilities = 3.4628721427112237
new classifier utility = [3.46287215]
new classifier is better = False
classifier utilities = 3.4628721427112237
new classifier utility = [3.46287215]
new classifier is better = False
classifier utilities = 3.4628721427112237
new classifier utility = [3.46287215]
new classifier is better = False
classifier utilities = 3.4628721427112237
new classifier utility = [3.46287215]
new classifier is better = False
classifier utilities = 3.4628721427112237
new classifier utility = [3.46287215]
new classifier is better = False
classifier utilities = 3.4628721427112237
new classifier utility = [3.46287215]
new classifier is better = False
classifier utilities = [6.92574431 3.46287216 6.9257443  3.46287214 3.46287215]
new classifier utility = [3.46287216]
classifires probs: [-3.86266958e-10  2.98785048e-01 -4.19126221e-10  3.54927739e-01
  3.46287214e-01]
____iterstion: 6
positive data: [[8.53553389 1.46446611 3.01810343 6.65386502]]
positive support: [2.08730224e-09 1.68148301e-09 2.44552822e-09 1.00000000e+00]
classifires probs: [0.0405414  0.31951593 0.04049508 0.30948837 0.28995923]
BR point: [3.01716458]
BR value: 3.764154207343765
BR point: [3.01716458]
BR value: 3.764154207343765
Points utilities = [[3.70995701 3.60057327 3.76125489 3.89760247]]
new point utility = 3.764154207343765
new point = [3.01716458]
3
classifier utilities = 3.897602484897989
new classifier utility = [0.]
new classifier is better = True
classifier utilities = 3.897602484897989
new classifier utility = [0.]
new classifier is better = True
classifier utilities = 3.897602484897989
new classifier utility = [0.]
new classifier is better = True
classifier utilities = [3.89760252 3.8976025  3.89760251 3.89760248 3.89760249]
new classifier utility = [2.97693748e-08]
classifier added
classifires probs: [0.0405414  0.31951593 0.04049508 0.30948837 0.28995923]
____iterstion: 7
positive data: [[8.53553389 1.46446611 3.01810343 6.65386502]]
positive support: [3.46287217e-01 2.46493539e-09 6.53712791e-01 3.27148141e-09]
classifires probs: [-8.37781509e-10  1.29270289e-01 -7.29772985e-10  3.42453560e-01
  3.46287214e-01  1.81988937e-01]
BR point: [2.93917305]
BR value: 3.6874889497786487
BR point: [2.93917305]
BR value: 3.6874889497786487
Points utilities = [[3.46287212 3.11259225 3.46287213 3.18828194]]
new point utility = 3.6874889497786487
new point = [2.93917305]
point added
3
classifier utilities = 3.4628721648691196
new classifier utility = [0.]
new classifier is better = True
classifier utilities = 3.4628721648691196
new classifier utility = [0.]
new classifier is better = True
classifier utilities = 3.4628721648691196
new classifier utility = [0.]
new classifier is better = True
classifier utilities = [6.92574437 3.4628722  6.92574434 3.46287216 3.46287218 3.46287219]
new classifier utility = [1.2750934e-08]
classifier added
classifires probs: [-8.37781509e-10  1.29270289e-01 -7.29772985e-10  3.42453560e-01
  3.46287214e-01  1.81988937e-01]
____iterstion: 8
positive data: [[8.53553389 1.46446611 3.01810343 6.65386502 2.93917305]]
positive support: [8.61424910e-10 2.80451429e-01 1.43308914e-09 7.19548572e-01
 4.24524132e-10]
classifires probs: [-2.29412738e-10 -2.54521526e-10  6.76534055e-02  1.36403140e-01
  1.77626490e-01  2.80451429e-01  3.37865536e-01]
BR point: [6.73689031]
BR value: 3.0540491599436552
BR point: [6.73689031]
BR value: 3.0540491599436552
Points utilities = [[2.45279896 2.80451429 2.56655399 2.80451429 2.35140974]]
new point utility = 3.0540491599436552
new point = [6.73689031]
point added
3
classifier utilities = 2.804514290614395
new classifier utility = [2.80451429]
new classifier is better = False
classifier utilities = 2.804514290614395
new classifier utility = [0.]
new classifier is better = True
classifier utilities = 2.804514290614395
new classifier utility = [0.]
new classifier is better = True
classifier utilities = 2.804514290614395
new classifier utility = [0.]
new classifier is better = True
classifier utilities = 2.804514290614395
new classifier utility = [0.]
new classifier is better = True
classifier utilities = [5.6090286  5.60902859 2.80451431 2.8045143  2.8045143  2.8045143
 2.80451429]
new classifier utility = [9.98608663e-09]
classifier added
classifires probs: [-2.29412738e-10 -2.54521526e-10  6.76534055e-02  1.36403140e-01
  1.77626490e-01  2.80451429e-01  3.37865536e-01]
____iterstion: 9
positive data: [[8.53553389 1.46446611 3.01810343 6.65386502 2.93917305 6.73689031]]
positive support: [2.06673852e-09 1.98907089e-09 1.71934006e-08 4.81392042e-09
 4.29367202e-01 5.70632784e-01]
classifires probs: [-5.96530912e-10  2.63870011e-02  1.33231014e-02 -6.52645061e-10
  1.99021338e-01  1.84931124e-01  3.58288346e-01  2.18049090e-01]
BR point: [2.74044838]
BR value: 2.791160516279943
BR point: [2.74044838]
BR value: 2.791160516279943
Points utilities = [[2.12344439 2.11318125 2.34503591 2.32694579 2.42199157 2.42199157]]
new point utility = 2.791160516279943
new point = [2.74044838]
point added
3
classifier utilities = 2.421991589579249
new classifier utility = [2.42199157]
new classifier is better = False
classifier utilities = 2.421991589579249
new classifier utility = [2.42199157]
new classifier is better = False
classifier utilities = 2.421991589579249
new classifier utility = [0.]
new classifier is better = True
classifier utilities = 2.421991589579249
new classifier utility = [0.]
new classifier is better = True
classifier utilities = 2.421991589579249
new classifier utility = [0.]
new classifier is better = True
classifier utilities = 2.421991589579249
new classifier utility = [0.]
new classifier is better = True
classifier utilities = [4.84398323 2.42199163 2.4219917  4.84398319 2.42199161 2.42199162
 2.42199159 2.4219916 ]
new classifier utility = [0.]
classifier added
classifires probs: [-5.96530912e-10  2.63870011e-02  1.33231014e-02 -6.52645061e-10
  1.99021338e-01  1.84931124e-01  3.58288346e-01  2.18049090e-01]
____iterstion: 10
positive data: [[8.53553389 1.46446611 3.01810343 6.65386502 2.93917305 6.73689031
  2.74044838]]
positive support: [0.07024573 0.06767999 0.09860831 0.19234569 0.07956637 0.29230505
 0.19924885]
classifires probs: [-2.37800998e-10 -1.83775179e-10 -2.21840662e-10 -1.40260090e-10
 -1.74800136e-10 -2.08935270e-10 -9.02053315e-11  1.41453899e-11
  1.00000000e+00]
BR point: [3.67294705]
BR value: 2.619223840038871
BR point: [3.67294705]
BR value: 2.619223840038871
Points utilities = [[-6.34441796e-09 -6.30511447e-09 -5.18317145e-09 -4.08734710e-09
  -4.26800671e-09 -3.67100884e-09 -4.00677216e-09]]
new point utility = 2.619223840038871
new point = [3.67294705]
point added
3
classifires probs: [-2.37800998e-10 -1.83775179e-10 -2.21840662e-10 -1.40260090e-10
 -1.74800136e-10 -2.08935270e-10 -9.02053315e-11  1.41453899e-11
  1.00000000e+00]
____iterstion: 11
positive data: [[8.53553389 1.46446611 3.01810343 6.65386502 2.93917305 6.73689031
  2.74044838 3.67294705]]
positive support: [2.27061883e-10 1.98303970e-10 1.67720961e-10 1.08859654e-09
 1.39873988e-10 3.81609683e-01 3.77179621e-10 6.18390317e-01]
classifires probs: [-9.08508006e-11  1.71322806e-02 -8.95197228e-11 -9.06541852e-11
  1.26947562e-01  1.00983302e-01  2.54662122e-01  9.54867747e-02
  4.04787960e-01]
BR point: [3.77097331]
BR value: 2.2707862494852935
BR point: [3.77097331]
BR value: 2.2707862494852935
Points utilities = [[1.26947562 1.18115582 1.1315025  1.55413766 1.20489663 1.61970266
  1.38855144 1.61970266]]
new point utility = 2.2707862494852935
new point = [3.77097331]
point added
3
classifier utilities = 1.619702659173203
new classifier utility = [3.23940532]
new classifier is better = False
classifier utilities = 1.619702659173203
new classifier utility = [3.23940532]
new classifier is better = False
classifier utilities = 1.619702659173203
new classifier utility = [3.23940532]
new classifier is better = False
classifier utilities = 1.619702659173203
new classifier utility = [3.23940532]
new classifier is better = False
classifier utilities = 1.619702659173203
new classifier utility = [3.23940532]
new classifier is better = False
classifier utilities = 1.619702659173203
new classifier utility = [3.23940532]
new classifier is better = False
classifier utilities = 1.619702659173203
new classifier utility = [3.23940532]
new classifier is better = False
classifier utilities = 1.619702659173203
new classifier utility = [3.23940532]
new classifier is better = False
classifier utilities = 1.619702659173203
new classifier utility = [3.23940532]
new classifier is better = False
classifier utilities = 1.619702659173203
new classifier utility = [3.23940532]
new classifier is better = False
classifier utilities = 1.619702659173203
new classifier utility = [3.23940532]
new classifier is better = False
classifier utilities = 1.619702659173203
new classifier utility = [3.23940532]
new classifier is better = False
classifier utilities = 1.619702659173203
new classifier utility = [3.23940532]
new classifier is better = False
classifier utilities = 1.619702659173203
new classifier utility = [3.23940532]
new classifier is better = False
classifier utilities = 1.619702659173203
new classifier utility = [3.23940532]
new classifier is better = False
classifier utilities = 1.619702659173203
new classifier utility = [3.23940532]
new classifier is better = False
classifier utilities = 1.619702659173203
new classifier utility = [3.23940532]
new classifier is better = False
classifier utilities = 1.619702659173203
new classifier utility = [3.23940532]
new classifier is better = False
classifier utilities = 1.619702659173203
new classifier utility = [3.23940532]
new classifier is better = False
classifier utilities = 1.619702659173203
new classifier utility = [3.23940532]
new classifier is better = False
classifier utilities = 1.619702659173203
new classifier utility = [3.23940532]
new classifier is better = False
classifier utilities = 1.619702659173203
new classifier utility = [3.23940532]
new classifier is better = False
classifier utilities = 1.619702659173203
new classifier utility = [3.23940532]
new classifier is better = False
classifier utilities = 1.619702659173203
new classifier utility = [3.23940532]
new classifier is better = False
classifier utilities = 1.619702659173203
new classifier utility = [3.23940532]
new classifier is better = False
classifier utilities = 1.619702659173203
new classifier utility = [3.23940532]
new classifier is better = False
classifier utilities = 1.619702659173203
new classifier utility = [3.23940532]
new classifier is better = False
classifier utilities = 1.619702659173203
new classifier utility = [3.23940532]
new classifier is better = False
classifier utilities = 1.619702659173203
new classifier utility = [3.23940532]
new classifier is better = False
classifier utilities = 1.619702659173203
new classifier utility = [3.23940532]
new classifier is better = False
classifier utilities = 1.619702659173203
new classifier utility = [3.23940532]
new classifier is better = False
classifier utilities = 1.619702659173203
new classifier utility = [3.23940532]
new classifier is better = False
classifier utilities = 1.619702659173203
new classifier utility = [3.23940532]
new classifier is better = False
classifier utilities = 1.619702659173203
new classifier utility = [3.23940532]
new classifier is better = False
classifier utilities = 1.619702659173203
new classifier utility = [3.23940532]
new classifier is better = False
classifier utilities = 1.619702659173203
new classifier utility = [3.23940532]
new classifier is better = False
classifier utilities = 1.619702659173203
new classifier utility = [3.23940532]
new classifier is better = False
classifier utilities = 1.619702659173203
new classifier utility = [3.23940532]
new classifier is better = False
classifier utilities = 1.619702659173203
new classifier utility = [3.23940532]
new classifier is better = False
classifier utilities = 1.619702659173203
new classifier utility = [3.23940532]
new classifier is better = False
classifier utilities = 1.619702659173203
new classifier utility = [3.23940532]
new classifier is better = False
classifier utilities = 1.619702659173203
new classifier utility = [3.23940532]
new classifier is better = False
classifier utilities = 1.619702659173203
new classifier utility = [3.23940532]
new classifier is better = False
classifier utilities = 1.619702659173203
new classifier utility = [3.23940532]
new classifier is better = False
classifier utilities = 1.619702659173203
new classifier utility = [3.23940532]
new classifier is better = False
classifier utilities = 1.619702659173203
new classifier utility = [3.23940532]
new classifier is better = False
classifier utilities = 1.619702659173203
new classifier utility = [3.23940532]
new classifier is better = False
classifier utilities = 1.619702659173203
new classifier utility = [3.23940532]
new classifier is better = False
classifier utilities = 1.619702659173203
new classifier utility = [3.23940532]
new classifier is better = False
classifier utilities = 1.619702659173203
new classifier utility = [3.23940532]
new classifier is better = False
classifier utilities = 1.619702659173203
new classifier utility = [3.23940532]
new classifier is better = False
classifier utilities = 1.619702659173203
new classifier utility = [3.23940532]
new classifier is better = False
classifier utilities = 1.619702659173203
new classifier utility = [3.23940532]
new classifier is better = False
classifier utilities = 1.619702659173203
new classifier utility = [3.23940532]
new classifier is better = False
classifier utilities = 1.619702659173203
new classifier utility = [3.23940532]
new classifier is better = False
classifier utilities = 1.619702659173203
new classifier utility = [3.23940532]
new classifier is better = False
classifier utilities = 1.619702659173203
new classifier utility = [3.23940532]
new classifier is better = False
classifier utilities = 1.619702659173203
new classifier utility = [3.23940532]
new classifier is better = False
classifier utilities = 1.619702659173203
new classifier utility = [3.23940532]
new classifier is better = False
classifier utilities = 1.619702659173203
new classifier utility = [3.23940532]
new classifier is better = False
classifier utilities = 1.619702659173203
new classifier utility = [3.23940532]
new classifier is better = False
classifier utilities = 1.619702659173203
new classifier utility = [3.23940532]
new classifier is better = False
classifier utilities = 1.619702659173203
new classifier utility = [3.23940532]
new classifier is better = False
classifier utilities = 1.619702659173203
new classifier utility = [3.23940532]
new classifier is better = False
classifier utilities = 1.619702659173203
new classifier utility = [3.23940532]
new classifier is better = False
classifier utilities = 1.619702659173203
new classifier utility = [3.23940532]
new classifier is better = False
classifier utilities = 1.619702659173203
new classifier utility = [3.23940532]
new classifier is better = False
classifier utilities = 1.619702659173203
new classifier utility = [3.23940532]
new classifier is better = False
classifier utilities = 1.619702659173203
new classifier utility = [3.23940532]
new classifier is better = False
classifier utilities = 1.619702659173203
new classifier utility = [3.23940532]
new classifier is better = False
classifier utilities = 1.619702659173203
new classifier utility = [3.23940532]
new classifier is better = False
classifier utilities = 1.619702659173203
new classifier utility = [3.23940532]
new classifier is better = False
classifier utilities = 1.619702659173203
new classifier utility = [3.23940532]
new classifier is better = False
classifier utilities = 1.619702659173203
new classifier utility = [3.23940532]
new classifier is better = False
classifier utilities = 1.619702659173203
new classifier utility = [3.23940532]
new classifier is better = False
classifier utilities = 1.619702659173203
new classifier utility = [3.23940532]
new classifier is better = False
classifier utilities = 1.619702659173203
new classifier utility = [3.23940532]
new classifier is better = False
classifier utilities = 1.619702659173203
new classifier utility = [3.23940532]
new classifier is better = False
classifier utilities = 1.619702659173203
new classifier utility = [3.23940532]
new classifier is better = False
classifier utilities = 1.619702659173203
new classifier utility = [3.23940532]
new classifier is better = False
classifier utilities = 1.619702659173203
new classifier utility = [3.23940532]
new classifier is better = False
classifier utilities = 1.619702659173203
new classifier utility = [3.23940532]
new classifier is better = False
classifier utilities = 1.619702659173203
new classifier utility = [3.23940532]
new classifier is better = False
classifier utilities = 1.619702659173203
new classifier utility = [3.23940532]
new classifier is better = False
classifier utilities = 1.619702659173203
new classifier utility = [3.23940532]
new classifier is better = False
classifier utilities = 1.619702659173203
new classifier utility = [3.23940532]
new classifier is better = False
classifier utilities = 1.619702659173203
new classifier utility = [3.23940532]
new classifier is better = False
classifier utilities = 1.619702659173203
new classifier utility = [3.23940532]
new classifier is better = False
classifier utilities = 1.619702659173203
new classifier utility = [3.23940532]
new classifier is better = False
classifier utilities = 1.619702659173203
new classifier utility = [3.23940532]
new classifier is better = False
classifier utilities = 1.619702659173203
new classifier utility = [3.23940532]
new classifier is better = False
classifier utilities = 1.619702659173203
new classifier utility = [3.23940532]
new classifier is better = False
classifier utilities = 1.619702659173203
new classifier utility = [3.23940532]
new classifier is better = False
classifier utilities = 1.619702659173203
new classifier utility = [3.23940532]
new classifier is better = False
classifier utilities = 1.619702659173203
new classifier utility = [3.23940532]
new classifier is better = False
classifier utilities = 1.619702659173203
new classifier utility = [3.23940532]
new classifier is better = False
classifier utilities = 1.619702659173203
new classifier utility = [3.23940532]
new classifier is better = False
classifier utilities = 1.619702659173203
new classifier utility = [3.23940532]
new classifier is better = False
classifier utilities = 1.619702659173203
new classifier utility = [3.23940532]
new classifier is better = False
classifier utilities = 1.619702659173203
new classifier utility = [3.23940532]
new classifier is better = False
classifier utilities = [3.23940533 1.61970267 3.23940532 3.23940532 1.61970266 1.61970267
 1.61970266 1.61970266 1.61970266]
new classifier utility = [3.23940533]
classifires probs: [-9.08508006e-11  1.71322806e-02 -8.95197228e-11 -9.06541852e-11
  1.26947562e-01  1.00983302e-01  2.54662122e-01  9.54867747e-02
  4.04787960e-01]
____iterstion: 12
positive data: [[8.53553389 1.46446611 3.01810343 6.65386502 2.93917305 6.73689031
  2.74044838 3.67294705 3.77097331]]
positive support: [1.41937387e-11 1.36343459e-11 2.89527863e-11 1.41308378e-11
 7.39492987e-12 7.39972606e-12 7.34845087e-12 5.24239648e-12
 1.00000000e+00]
classifires probs: [0.06745682 0.06641063 0.04520338 0.06169642 0.09233902 0.06947764
 0.19429489 0.09330183 0.30981936]
BR point: [3.77502636]
BR value: 2.2567890529087893
BR point: [3.77502636]
BR value: 2.2567890529087893
Points utilities = [[2.04999221 2.03345095 2.13768302 2.05560008 2.02135734 1.95662643
  1.92839405 1.86846547 2.27078625]]
new point utility = 2.2567890529087893
new point = [3.77502636]
3
classifier utilities = 2.270786249765849
new classifier utility = [0.]
new classifier is better = True
classifier utilities = 2.270786249765849
new classifier utility = [0.]
new classifier is better = True
classifier utilities = 2.270786249765849
new classifier utility = [0.]
new classifier is better = True
classifier utilities = [2.27078625 2.27078625 2.27078625 2.27078625 2.27078625 2.27078625
 2.27078625 2.27078625 2.27078625]
new classifier utility = [2.28421143e-10]
classifier added
classifires probs: [0.06745682 0.06641063 0.04520338 0.06169642 0.09233902 0.06947764
 0.19429489 0.09330183 0.30981936]
____iterstion: 13
positive data: [[8.53553389 1.46446611 3.01810343 6.65386502 2.93917305 6.73689031
  2.74044838 3.67294705 3.77097331]]
positive support: [1.85056296e-01 1.64783467e-10 2.69360323e-10 2.61485256e-10
 1.98632830e-10 6.06789927e-11 1.46890770e-10 3.93510780e-11
 8.14943704e-01]
classifires probs: [-6.94191033e-11  5.03403914e-02 -8.96485758e-11  3.58916301e-02
 -3.53209080e-11  9.38573436e-02  1.58322860e-01  9.46771809e-02
  3.81854298e-01  1.85056296e-01]
BR point: [8.5355339]
BR value: 1.8505629573608016
BR point: [8.5355339]
BR value: 1.8505629573608016
Points utilities = [[1.85056296 1.44197735 1.45550376 1.67445358 1.54991401 1.60977545
  1.55283918 1.71983697 1.85056296]]
new point utility = 1.8505629573608016
new point = [8.5355339]
3
classifier utilities = 1.8505629585575454
new classifier utility = [1.85056296]
new classifier is better = False
classifier utilities = 1.8505629585575454
new classifier utility = [1.85056296]
new classifier is better = False
classifier utilities = 1.8505629585575454
new classifier utility = [1.85056296]
new classifier is better = False
classifier utilities = 1.8505629585575454
new classifier utility = [1.85056296]
new classifier is better = False
classifier utilities = 1.8505629585575454
new classifier utility = [1.85056296]
new classifier is better = False
classifier utilities = 1.8505629585575454
new classifier utility = [1.85056296]
new classifier is better = False
classifier utilities = 1.8505629585575454
new classifier utility = [1.85056296]
new classifier is better = False
classifier utilities = 1.8505629585575454
new classifier utility = [1.85056296]
new classifier is better = False
classifier utilities = 1.8505629585575454
new classifier utility = [1.85056296]
new classifier is better = False
classifier utilities = 1.8505629585575454
new classifier utility = [1.85056296]
new classifier is better = False
classifier utilities = 1.8505629585575454
new classifier utility = [1.85056296]
new classifier is better = False
classifier utilities = 1.8505629585575454
new classifier utility = [1.85056296]
new classifier is better = False
classifier utilities = 1.8505629585575454
new classifier utility = [1.85056296]
new classifier is better = False
classifier utilities = 1.8505629585575454
new classifier utility = [1.85056296]
new classifier is better = False
classifier utilities = 1.8505629585575454
new classifier utility = [1.85056296]
new classifier is better = False
classifier utilities = 1.8505629585575454
new classifier utility = [1.85056296]
new classifier is better = False
classifier utilities = 1.8505629585575454
new classifier utility = [1.85056296]
new classifier is better = False
classifier utilities = 1.8505629585575454
new classifier utility = [1.85056296]
new classifier is better = False
classifier utilities = 1.8505629585575454
new classifier utility = [1.85056296]
new classifier is better = False
classifier utilities = 1.8505629585575454
new classifier utility = [1.85056296]
new classifier is better = False
classifier utilities = 1.8505629585575454
new classifier utility = [1.85056296]
new classifier is better = False
classifier utilities = 1.8505629585575454
new classifier utility = [1.85056296]
new classifier is better = False
classifier utilities = 1.8505629585575454
new classifier utility = [1.85056296]
new classifier is better = False
classifier utilities = 1.8505629585575454
new classifier utility = [1.85056296]
new classifier is better = False
classifier utilities = 1.8505629585575454
new classifier utility = [1.85056296]
new classifier is better = False
classifier utilities = 1.8505629585575454
new classifier utility = [1.85056296]
new classifier is better = False
classifier utilities = 1.8505629585575454
new classifier utility = [1.85056296]
new classifier is better = False
classifier utilities = 1.8505629585575454
new classifier utility = [1.85056296]
new classifier is better = False
classifier utilities = 1.8505629585575454
new classifier utility = [1.85056296]
new classifier is better = False
classifier utilities = 1.8505629585575454
new classifier utility = [1.85056296]
new classifier is better = False
classifier utilities = 1.8505629585575454
new classifier utility = [1.85056296]
new classifier is better = False
classifier utilities = 1.8505629585575454
new classifier utility = [1.85056296]
new classifier is better = False
classifier utilities = 1.8505629585575454
new classifier utility = [1.85056296]
new classifier is better = False
classifier utilities = 1.8505629585575454
new classifier utility = [1.85056296]
new classifier is better = False
classifier utilities = 1.8505629585575454
new classifier utility = [1.85056296]
new classifier is better = False
classifier utilities = 1.8505629585575454
new classifier utility = [1.85056296]
new classifier is better = False
classifier utilities = 1.8505629585575454
new classifier utility = [1.85056296]
new classifier is better = False
classifier utilities = 1.8505629585575454
new classifier utility = [1.85056296]
new classifier is better = False
classifier utilities = 1.8505629585575454
new classifier utility = [1.85056296]
new classifier is better = False
classifier utilities = 1.8505629585575454
new classifier utility = [1.85056296]
new classifier is better = False
classifier utilities = 1.8505629585575454
new classifier utility = [1.85056296]
new classifier is better = False
classifier utilities = 1.8505629585575454
new classifier utility = [1.85056296]
new classifier is better = False
classifier utilities = 1.8505629585575454
new classifier utility = [1.85056296]
new classifier is better = False
classifier utilities = 1.8505629585575454
new classifier utility = [1.85056296]
new classifier is better = False
classifier utilities = 1.8505629585575454
new classifier utility = [1.85056296]
new classifier is better = False
classifier utilities = 1.8505629585575454
new classifier utility = [1.85056296]
new classifier is better = False
classifier utilities = 1.8505629585575454
new classifier utility = [1.85056296]
new classifier is better = False
classifier utilities = 1.8505629585575454
new classifier utility = [1.85056296]
new classifier is better = False
classifier utilities = 1.8505629585575454
new classifier utility = [1.85056296]
new classifier is better = False
classifier utilities = 1.8505629585575454
new classifier utility = [1.85056296]
new classifier is better = False
classifier utilities = 1.8505629585575454
new classifier utility = [1.85056296]
new classifier is better = False
classifier utilities = 1.8505629585575454
new classifier utility = [1.85056296]
new classifier is better = False
classifier utilities = 1.8505629585575454
new classifier utility = [1.85056296]
new classifier is better = False
classifier utilities = 1.8505629585575454
new classifier utility = [1.85056296]
new classifier is better = False
classifier utilities = 1.8505629585575454
new classifier utility = [1.85056296]
new classifier is better = False
classifier utilities = 1.8505629585575454
new classifier utility = [1.85056296]
new classifier is better = False
classifier utilities = 1.8505629585575454
new classifier utility = [1.85056296]
new classifier is better = False
classifier utilities = 1.8505629585575454
new classifier utility = [1.85056296]
new classifier is better = False
classifier utilities = 1.8505629585575454
new classifier utility = [1.85056296]
new classifier is better = False
classifier utilities = 1.8505629585575454
new classifier utility = [1.85056296]
new classifier is better = False
classifier utilities = 1.8505629585575454
new classifier utility = [1.85056296]
new classifier is better = False
classifier utilities = 1.8505629585575454
new classifier utility = [1.85056296]
new classifier is better = False
classifier utilities = 1.8505629585575454
new classifier utility = [1.85056296]
new classifier is better = False
classifier utilities = 1.8505629585575454
new classifier utility = [1.85056296]
new classifier is better = False
classifier utilities = 1.8505629585575454
new classifier utility = [1.85056296]
new classifier is better = False
classifier utilities = 1.8505629585575454
new classifier utility = [1.85056296]
new classifier is better = False
classifier utilities = 1.8505629585575454
new classifier utility = [1.85056296]
new classifier is better = False
classifier utilities = 1.8505629585575454
new classifier utility = [1.85056296]
new classifier is better = False
classifier utilities = 1.8505629585575454
new classifier utility = [1.85056296]
new classifier is better = False
classifier utilities = 1.8505629585575454
new classifier utility = [1.85056296]
new classifier is better = False
classifier utilities = 1.8505629585575454
new classifier utility = [1.85056296]
new classifier is better = False
classifier utilities = 1.8505629585575454
new classifier utility = [1.85056296]
new classifier is better = False
classifier utilities = 1.8505629585575454
new classifier utility = [1.85056296]
new classifier is better = False
classifier utilities = 1.8505629585575454
new classifier utility = [1.85056296]
new classifier is better = False
classifier utilities = 1.8505629585575454
new classifier utility = [1.85056296]
new classifier is better = False
classifier utilities = 1.8505629585575454
new classifier utility = [1.85056296]
new classifier is better = False
classifier utilities = 1.8505629585575454
new classifier utility = [1.85056296]
new classifier is better = False
classifier utilities = 1.8505629585575454
new classifier utility = [1.85056296]
new classifier is better = False
classifier utilities = 1.8505629585575454
new classifier utility = [1.85056296]
new classifier is better = False
classifier utilities = 1.8505629585575454
new classifier utility = [1.85056296]
new classifier is better = False
classifier utilities = 1.8505629585575454
new classifier utility = [1.85056296]
new classifier is better = False
classifier utilities = 1.8505629585575454
new classifier utility = [1.85056296]
new classifier is better = False
classifier utilities = 1.8505629585575454
new classifier utility = [1.85056296]
new classifier is better = False
classifier utilities = 1.8505629585575454
new classifier utility = [1.85056296]
new classifier is better = False
classifier utilities = 1.8505629585575454
new classifier utility = [1.85056296]
new classifier is better = False
classifier utilities = 1.8505629585575454
new classifier utility = [1.85056296]
new classifier is better = False
classifier utilities = 1.8505629585575454
new classifier utility = [1.85056296]
new classifier is better = False
classifier utilities = 1.8505629585575454
new classifier utility = [1.85056296]
new classifier is better = False
classifier utilities = 1.8505629585575454
new classifier utility = [1.85056296]
new classifier is better = False
classifier utilities = 1.8505629585575454
new classifier utility = [1.85056296]
new classifier is better = False
classifier utilities = 1.8505629585575454
new classifier utility = [1.85056296]
new classifier is better = False
classifier utilities = 1.8505629585575454
new classifier utility = [1.85056296]
new classifier is better = False
classifier utilities = 1.8505629585575454
new classifier utility = [1.85056296]
new classifier is better = False
classifier utilities = 1.8505629585575454
new classifier utility = [1.85056296]
new classifier is better = False
classifier utilities = 1.8505629585575454
new classifier utility = [1.85056296]
new classifier is better = False
classifier utilities = 1.8505629585575454
new classifier utility = [1.85056296]
new classifier is better = False
classifier utilities = 1.8505629585575454
new classifier utility = [1.85056296]
new classifier is better = False
classifier utilities = 1.8505629585575454
new classifier utility = [1.85056296]
new classifier is better = False
classifier utilities = 1.8505629585575454
new classifier utility = [1.85056296]
new classifier is better = False
classifier utilities = 1.8505629585575454
new classifier utility = [1.85056296]
new classifier is better = False
classifier utilities = [3.70112592 1.85056296 3.70112592 1.85056296 3.70112592 1.85056296
 1.85056296 1.85056296 1.85056296 1.85056296]
new classifier utility = [1.85056296]
classifires probs: [-6.94191033e-11  5.03403914e-02 -8.96485758e-11  3.58916301e-02
 -3.53209080e-11  9.38573436e-02  1.58322860e-01  9.46771809e-02
  3.81854298e-01  1.85056296e-01]
Objective = 1.8505629572807312
Number of iterations = 14
Support of attacker = 2
Support of classifier = 7
Size of game = (9, 10)
