NEW RUN________________________________________
____iterstion: 0
Points utilities = [[10.]]
new point utility = 9.999999998021366
new point = [1.4644661]
3
classifier utilities = [10.00000001]
new classifier utility = [0.]
classifier added
____iterstion: 1
Points utilities = [[-2.63694171e-10]]
new point utility = 10.000000000232056
new point = [1.46446608]
point added
3
____iterstion: 2
Points utilities = [[ 8.84063832 10.        ]]
new point utility = 9.99999999651659
new point = [1.46446609]
3
classifier utilities = [10.00000002 10.00000002]
new classifier utility = [0.]
classifier added
____iterstion: 3
Points utilities = [[6.35698524 9.5       ]]
new point utility = 9.9257084535855
new point = [1.31524671]
point added
3
____iterstion: 4
Points utilities = [[8.86559667 9.63971733 9.92570844]]
new point utility = 9.925708545296114
new point = [1.31524681]
3
classifier utilities = [9.92570861 9.9257086  9.92570844]
new classifier utility = [0.]
classifier added
____iterstion: 5
Points utilities = [[8.24290055 9.71364784 9.71364784]]
new point utility = 9.713647837791061
new point = [1.46446608]
3
Objective = 9.713647838310125
Number of iterations = 6
Support of attacker = 2
Support of classifier = 4
Size of game = (3, 4)
NEW RUN________________________________________
____iterstion: 0
Points utilities = [[10.]]
new point utility = 9.999999998021366
new point = [1.4644661]
3
classifier utilities = [10.00000001]
new classifier utility = [0.]
classifier added
____iterstion: 1
Points utilities = [[-2.63694171e-10]]
new point utility = 10.000000000232056
new point = [1.46446608]
point added
3
____iterstion: 2
Points utilities = [[ 8.84063832 10.        ]]
new point utility = 9.99999999651659
new point = [1.46446609]
3
classifier utilities = [10.00000002 10.00000002]
new classifier utility = [0.]
classifier added
____iterstion: 3
Points utilities = [[3.94367585 8.99999997]]
new point utility = 9.927296190069564
new point = [1.31681773]
point added
3
____iterstion: 4
Points utilities = [[8.6508532  9.45007589 9.92729618]]
new point utility = 9.927296220142082
new point = [1.31681777]
3
classifier utilities = [9.92729632 9.92729631 9.92729624]
new classifier utility = [0.]
classifier added
____iterstion: 5
Points utilities = [[8.4615375  9.74291721 9.74291721]]
new point utility = 9.742917209633807
new point = [1.46446609]
3
Objective = 9.74291721124246
Number of iterations = 6
Support of attacker = 2
Support of classifier = 4
Size of game = (3, 4)
