NEW RUN________________________________________
BH init time = 0.0014 s
BH expand time = 0.0000 s
BH points time = 0.0000 s
BH n_points time = 0.0000 s
BH threads time = 0.0021 s
---------------------------- iteration: 0
Size of game = (1, 1)
Objective = 0
Support of attacker = 0
Support of classifier = 0
init time = 0.6049 s
NFG time = 0
plot time = 0
BR time = 0
Train time = 0
Matrix update time = 0
BH init time = 0.0014 s
BH expand time = 0.0079 s
BH points time = 0.0001 s
BH n_points time = 0.0000 s
BH threads time = 0.0621 s
Points utilities = [[10.]]
new point utility = 9.999999998021366
new point = [4.99999998]
training classifiers...
classifier utilities = [10.00000001]
new classifier utility = [0.]
classifier added
ending training classifiers
---------------------------- iteration: 1
Size of game = (1, 2)
Objective = 9.999999998229708
Support of attacker = 1
Support of classifier = 1
init time = 0.6049 s
NFG time = 0.0063 s
plot time = 0.0000 s
BR time = 0.0687 s
Train time = 0.1191 s
Matrix update time = 0.0007 s
BH init time = 0.0014 s
BH expand time = 0.0156 s
BH points time = 0.0002 s
BH n_points time = 0.0001 s
BH threads time = 1.6719 s
Points utilities = [[-2.63694171e-10]]
new point utility = 7.652654929406328
new point = [2.57752963]
added new point
training classifiers...
ending training classifiers
---------------------------- iteration: 2
Size of game = (2, 2)
Objective = -2.338272939174942e-10
Support of attacker = 1
Support of classifier = 1
init time = 0.6049 s
NFG time = 0.0084 s
plot time = 0.0000 s
BR time = 1.6868 s
Train time = 0.1221 s
Matrix update time = 0.0016 s
BH init time = 0.0014 s
BH expand time = 0.0156 s
BH points time = 0.0003 s
BH n_points time = 0.0001 s
BH threads time = 2.4097 s
Points utilities = [[7.02298391 7.65265493]]
new point utility = 7.652655678600466
new point = [2.57753002]
training classifiers...
classifier utilities = [7.65265494 7.65265493]
new classifier utility = [0.]
classifier added
ending training classifiers
---------------------------- iteration: 3
Size of game = (2, 3)
Objective = 7.652654928021144
Support of attacker = 1
Support of classifier = 2
init time = 0.6049 s
NFG time = 0.0102 s
plot time = 0.0000 s
BR time = 2.4253 s
Train time = 0.2421 s
Matrix update time = 0.0024 s
BH init time = 0.0014 s
BH expand time = 0.0236 s
BH points time = 0.0003 s
BH n_points time = 0.0001 s
BH threads time = 4.7145 s
Points utilities = [[-1.14164916e-09 -1.94821805e-09]]
new point utility = 5.983844718501223
new point = [1.83134284]
added new point
training classifiers...
ending training classifiers
---------------------------- iteration: 4
Size of game = (3, 3)
Objective = -1.173272234408313e-09
Support of attacker = 2
Support of classifier = 1
init time = 0.6049 s
NFG time = 0.0118 s
plot time = 0.0000 s
BR time = 4.7388 s
Train time = 0.2492 s
Matrix update time = 0.0043 s
BH init time = 0.0014 s
BH expand time = 0.0236 s
BH points time = 0.0004 s
BH n_points time = 0.0001 s
BH threads time = 5.3872 s
Points utilities = [[5.4635938  5.5796419  5.98384472]]
new point utility = 5.983447513375511
new point = [1.83118615]
training classifiers...
classifier utilities = [5.98384473 5.98384473 5.98384472]
new classifier utility = [0.]
classifier added
ending training classifiers
---------------------------- iteration: 5
Size of game = (3, 4)
Objective = 5.983844716415452
Support of attacker = 1
Support of classifier = 3
init time = 0.6049 s
NFG time = 0.0133 s
plot time = 0.0000 s
BR time = 5.4141 s
Train time = 0.3636 s
Matrix update time = 0.0051 s
BH init time = 0.0014 s
BH expand time = 0.0325 s
BH points time = 0.0399 s
BH n_points time = 0.0002 s
BH threads time = 7.8201 s
Points utilities = [[2.06849898 3.38145015 5.38546023]]
new point utility = 5.385460107823334
new point = [1.83134278]
training classifiers...
ending training classifiers
Size of game = (3, 4)
Objective = 5.385460234240036
Number of iterations = 6
Support of attacker = 1
Support of classifier = 4
init time = 0.6049 s
NFG time = 0.0151 s
plot time = 0.0000 s
BR time = 7.8961 s
Train time = 0.3673 s
Matrix update time = 0.0056 s
