NEW RUN________________________________________
positive data: [[10. 10. 10.]]
positive utility: 10.0
____iterstion: 0
positive data: [[10.]
 [10.]
 [10.]]
positive support: [1.]
classifires probs: [1.]
BR point: [10. 10. 10.]
BR value: 9.999999998021366
BR point: [10. 10. 10.]
BR value: 9.999999998021366
Points utilities = [[10.]]
new point utility = 9.999999998021366
new point = [10. 10. 10.]
3
classifier utilities = 10.000000006757414
new classifier utility = [0.]
new classifier is better = True
classifier utilities = 10.000000006757414
new classifier utility = [0.]
new classifier is better = True
classifier utilities = [10.00000001]
new classifier utility = [0.]
classifier added
classifires probs: [1.]
____iterstion: 1
positive data: [[10.]
 [10.]
 [10.]]
positive support: [1.]
classifires probs: [-2.63694171e-11  1.00000000e+00]
BR point: [ 6.38870279 10.         10.        ]
BR value: 8.796234264677993
BR point: [ 6.38870279 10.         10.        ]
BR value: 8.796234264677993
Points utilities = [[-2.63694171e-10]]
new point utility = 8.796234264677993
new point = [ 6.38870279 10.         10.        ]
point added
3
classifires probs: [-2.63694171e-11  1.00000000e+00]
____iterstion: 2
positive data: [[10.          6.38870279]
 [10.         10.        ]
 [10.         10.        ]]
positive support: [5.47183529e-10 1.00000000e+00]
classifires probs: [0.80445797 0.19554203]
BR point: [ 6.38870938 10.         10.        ]
BR value: 8.79623645940966
BR point: [ 6.38870938 10.         10.        ]
BR value: 8.79623645940966
Points utilities = [[8.04457973 8.79623426]]
new point utility = 8.79623645940966
new point = [ 6.38870938 10.         10.        ]
3
classifier utilities = 8.796234272674006
new classifier utility = [0.]
new classifier is better = True
classifier utilities = 8.796234272674006
new classifier utility = [0.]
new classifier is better = True
classifier utilities = [8.79623428 8.79623427]
new classifier utility = [0.]
classifier added
classifires probs: [0.80445797 0.19554203]
____iterstion: 3
positive data: [[10.          6.38870279]
 [10.         10.        ]
 [10.         10.        ]]
positive support: [0.55396079 0.44603922]
classifires probs: [-1.29391359e-10 -1.51803679e-10  1.00000000e+00]
BR point: [10.         10.          4.97948295]
BR value: 8.32649431853676
BR point: [10.         10.          4.97948295]
BR value: 8.32649431853676
Points utilities = [[-1.29391359e-09 -2.47345743e-09]]
new point utility = 8.32649431853676
new point = [10.         10.          4.97948295]
point added
3
classifires probs: [-1.29391359e-10 -1.51803679e-10  1.00000000e+00]
____iterstion: 4
positive data: [[10.          6.38870279 10.        ]
 [10.         10.         10.        ]
 [10.         10.          4.97948295]]
positive support: [3.63587875e-10 1.01954265e-09 1.00000000e+00]
classifires probs: [0.76452009 0.12303401 0.11244589]
BR point: [10.         10.          4.97947078]
BR value: 8.326490257172182
BR point: [10.         10.          4.97947078]
BR value: 8.326490257172182
Points utilities = [[7.64520095 7.80713387 8.32649431]]
new point utility = 8.326490257172182
new point = [10.         10.          4.97947078]
3
classifier utilities = 8.326494334207988
new classifier utility = [0.]
new classifier is better = True
classifier utilities = 8.326494334207988
new classifier utility = [0.]
new classifier is better = True
classifier utilities = [8.32649435 8.32649434 8.32649433]
new classifier utility = [8.96813596e-09]
classifier added
classifires probs: [0.76452009 0.12303401 0.11244589]
____iterstion: 5
positive data: [[10.          6.38870279 10.        ]
 [10.         10.         10.        ]
 [10.         10.          4.97948295]]
positive support: [3.47474948e-11 4.86283146e-01 5.13716855e-01]
classifires probs: [-7.18599378e-11 -5.00595831e-11  5.13716854e-01  4.86283146e-01]
BR point: [ 3.29134447 10.         10.        ]
BR value: 7.763781489711296
BR point: [ 3.29134447 10.         10.        ]
BR value: 7.763781489711296
Points utilities = [[-7.18599378e-10  4.27746047e+00  4.27746047e+00]]
new point utility = 7.763781489711296
new point = [ 3.29134447 10.         10.        ]
point added
3
classifier utilities = 4.277460471150871
new classifier utility = [0.]
new classifier is better = True
classifier utilities = 4.277460471150871
new classifier utility = [0.]
new classifier is better = True
classifier utilities = [8.55492094 8.55492094 4.27746047 4.27746047]
new classifier utility = [0.]
classifier added
classifires probs: [-7.18599378e-11 -5.00595831e-11  5.13716854e-01  4.86283146e-01]
____iterstion: 6
positive data: [[10.          6.38870279 10.          3.29134447]
 [10.         10.         10.         10.        ]
 [10.         10.          4.97948295 10.        ]]
positive support: [1.52266483e-10 1.54505872e-09 2.90175133e-10 1.00000033e+00]
classifires probs: [0.68277295 0.09610479 0.10953823 0.08164679 0.02993723]
BR point: [ 3.29128845 10.         10.        ]
BR value: 7.763762816087593
BR point: [ 3.29128845 10.         10.        ]
BR value: 7.763762816087593
Points utilities = [[6.8277295  7.56937541 7.39739059 7.76378149]]
new point utility = 7.763762816087593
new point = [ 3.29128845 10.         10.        ]
3
classifier utilities = 7.763784083551377
new classifier utility = [0.]
new classifier is better = True
classifier utilities = 7.763784083551377
new classifier utility = [0.]
new classifier is better = True
classifier utilities = [7.7637841  7.7637841  7.76378408 7.76378409 7.76378414]
new classifier utility = [2.4161416e-09]
classifier added
classifires probs: [0.68277295 0.09610479 0.10953823 0.08164679 0.02993723]
____iterstion: 7
positive data: [[10.          6.38870279 10.          3.29134447]
 [10.         10.         10.         10.        ]
 [10.         10.          4.97948295 10.        ]]
positive support: [2.85634886e-10 1.76437276e-09 4.82513886e-01 5.17486109e-01]
classifires probs: [-2.93034451e-11  1.56284473e-10  1.33432043e-10  3.58818281e-01
  1.58667833e-01  4.82513885e-01]
BR point: [10.          2.44943667 10.        ]
BR value: 7.483145557775181
BR point: [10.          2.44943667 10.        ]
BR value: 7.483145557775181
Points utilities = [[-2.93034451e-10  3.15624966e+00  4.01764913e+00  4.01764913e+00]]
new point utility = 7.483145557775181
new point = [10.          2.44943667 10.        ]
point added
3
classifier utilities = 4.017649090854593
new classifier utility = [0.]
new classifier is better = True
classifier utilities = 4.017649090854593
new classifier utility = [0.]
new classifier is better = True
classifier utilities = [8.03529823 8.03529822 8.03529821 4.01764909 4.01764911 4.01764913]
new classifier utility = [0.]
classifier added
classifires probs: [-2.93034451e-11  1.56284473e-10  1.33432043e-10  3.58818281e-01
  1.58667833e-01  4.82513885e-01]
____iterstion: 8
positive data: [[10.          6.38870279 10.          3.29134447 10.        ]
 [10.         10.         10.         10.          2.44943667]
 [10.         10.          4.97948295 10.         10.        ]]
positive support: [3.92177796e-09 1.45350395e-08 1.50080903e-08 1.25701565e-08
 1.00000001e+00]
classifires probs: [0.69185746 0.06081516 0.05388399 0.05702936 0.05272584 0.04917933
 0.03450886]
BR point: [10.          2.44944952 10.        ]
BR value: 7.483149819746474
BR point: [10.          2.44944952 10.        ]
BR value: 7.483149819746474
Points utilities = [[6.91857464 7.12232836 7.12528047 7.11404471 7.48314554]]
new point utility = 7.483149819746474
new point = [10.          2.44944952 10.        ]
3
classifier utilities = 7.483145703842298
new classifier utility = [0.]
new classifier is better = True
classifier utilities = 7.483145703842298
new classifier utility = [0.]
new classifier is better = True
classifier utilities = [7.483146   7.48314596 7.48314583 7.48314583 7.4831457  7.48314573
 7.48314576]
new classifier utility = [3.50410339e-07]
classifier added
classifires probs: [0.69185746 0.06081516 0.05388399 0.05702936 0.05272584 0.04917933
 0.03450886]
____iterstion: 9
positive data: [[10.          6.38870279 10.          3.29134447 10.        ]
 [10.         10.         10.         10.          2.44943667]
 [10.         10.          4.97948295 10.         10.        ]]
positive support: [2.44134417e-10 4.59670173e-01 1.50865655e-08 1.13326080e-08
 5.40329812e-01]
classifires probs: [-4.17046064e-10 -3.92267198e-10  7.27411643e-03 -3.93530388e-10
  4.43430007e-02  7.79931707e-03  4.80913375e-01  4.59670191e-01]
BR point: [10.         10.          1.33854031]
BR value: 7.11284677125406
BR point: [10.         10.          1.33854031]
BR value: 7.11284677125406
Points utilities = [[-4.17046064e-09  4.04336668e+00  3.95295009e+00  3.96952293e+00
   4.04336668e+00]]
new point utility = 7.11284677125406
new point = [10.         10.          1.33854031]
point added
3
classifier utilities = 4.0433667154386805
new classifier utility = [0.]
new classifier is better = True
classifier utilities = 4.0433667154386805
new classifier utility = [0.]
new classifier is better = True
classifier utilities = [8.08673337 8.08673337 4.04336684 8.08673324 4.04336672 4.04336676
 4.04336672 4.04336674]
new classifier utility = [8.79838925e-08]
classifier added
classifires probs: [-4.17046064e-10 -3.92267198e-10  7.27411643e-03 -3.93530388e-10
  4.43430007e-02  7.79931707e-03  4.80913375e-01  4.59670191e-01]
____iterstion: 10
positive data: [[10.          6.38870279 10.          3.29134447 10.         10.        ]
 [10.         10.         10.         10.          2.44943667 10.        ]
 [10.         10.          4.97948295 10.         10.          1.33854031]]
positive support: [8.72432701e-11 3.50916782e-09 8.61311818e-09 3.19589101e-01
 3.31574466e-01 3.48836425e-01]
classifires probs: [ 4.27799585e-10 -5.00098215e-10 -4.25493648e-10  3.02327158e-01
 -3.61707217e-10  3.25392615e-01  3.54291651e-02  2.16227173e-01
  1.20623890e-01]
BR point: [10.         10.          0.36996231]
BR value: 6.789987434241539
BR point: [10.         10.          0.36996231]
BR value: 6.789987434241539
Points utilities = [[4.27799585e-09 4.56132537e+00 4.50979408e+00 4.96244003e+00
  4.96244003e+00 4.96244003e+00]]
new point utility = 6.789987434241539
new point = [10.         10.          0.36996231]
point added
3
classifier utilities = 4.96243997149712
new classifier utility = [0.]
new classifier is better = True
classifier utilities = 4.96243997149712
new classifier utility = [0.]
new classifier is better = True
classifier utilities = [7.44366008 7.44366008 7.44366005 4.96243997 7.44366    4.9624401
 4.96244008 4.96244008 4.96244001]
new classifier utility = [0.]
classifier added
classifires probs: [ 4.27799585e-10 -5.00098215e-10 -4.25493648e-10  3.02327158e-01
 -3.61707217e-10  3.25392615e-01  3.54291651e-02  2.16227173e-01
  1.20623890e-01]
____iterstion: 11
positive data: [[10.          6.38870279 10.          3.29134447 10.         10.
  10.        ]
 [10.         10.         10.         10.          2.44943667 10.
  10.        ]
 [10.         10.          4.97948295 10.         10.          1.33854031
   0.36996231]]
positive support: [0.35908157 0.11206034 0.09750381 0.08915549 0.10008453 0.10610538
 0.1360089 ]
classifires probs: [-3.17420224e-12 -1.56235085e-12 -2.05684506e-12 -1.81015158e-12
 -2.49795274e-12 -2.32273829e-12 -3.17928446e-12 -3.35384956e-12
 -2.02595413e-12  1.00000000e+00]
BR point: [ 1.18497717 10.         10.        ]
BR value: 7.061659056736501
BR point: [ 1.18497717 10.         10.        ]
BR value: 7.061659056736501
Points utilities = [[-3.17420224e-11 -8.70875944e-11 -1.03831268e-10 -1.27957260e-10
  -1.24246596e-10 -1.43488719e-10 -1.49266527e-10]]
new point utility = 7.061659056736501
new point = [ 1.18497717 10.         10.        ]
point added
3
classifires probs: [-3.17420224e-12 -1.56235085e-12 -2.05684506e-12 -1.81015158e-12
 -2.49795274e-12 -2.32273829e-12 -3.17928446e-12 -3.35384956e-12
 -2.02595413e-12  1.00000000e+00]
____iterstion: 12
positive data: [[10.          6.38870279 10.          3.29134447 10.         10.
  10.          1.18497717]
 [10.         10.         10.         10.          2.44943667 10.
  10.         10.        ]
 [10.         10.          4.97948295 10.         10.          1.33854031
   0.36996231 10.        ]]
positive support: [2.05633248e-10 2.14136811e-10 7.89449913e-09 2.22977879e-10
 4.85510779e-01 2.66701256e-09 2.29328778e-09 5.14489189e-01]
classifires probs: [-1.66089054e-10 -1.83720607e-10 -1.87495526e-10 -9.87218207e-11
 -1.86804569e-10  4.33480907e-02  4.42162659e-01  1.44021730e-03
  2.17644203e-02  4.91284613e-01]
BR point: [ 0.49769928 10.         10.        ]
BR value: 6.536387715198421
BR point: [ 0.49769928 10.         10.        ]
BR value: 6.536387715198421
Points utilities = [[-1.66089054e-09  1.26684848e-02  3.72929587e-01  1.80155730e-01
   3.63314767e+00  3.61841460e+00  3.45417108e+00  3.63314767e+00]]
new point utility = 6.536387715198421
new point = [ 0.49769928 10.         10.        ]
point added
3
classifier utilities = 3.6331472428068476
new classifier utility = [0.]
new classifier is better = True
classifier utilities = 3.6331472428068476
new classifier utility = [0.]
new classifier is better = True
classifier utilities = [7.26629518 7.26629518 7.26629517 7.26629509 7.26629511 3.63314793
 3.63314794 3.63314735 3.63314728 3.63314724]
new classifier utility = [3.45414469e-08]
classifier added
classifires probs: [-1.66089054e-10 -1.83720607e-10 -1.87495526e-10 -9.87218207e-11
 -1.86804569e-10  4.33480907e-02  4.42162659e-01  1.44021730e-03
  2.17644203e-02  4.91284613e-01]
____iterstion: 13
positive data: [[10.          6.38870279 10.          3.29134447 10.         10.
  10.          1.18497717  0.49769928]
 [10.         10.         10.         10.          2.44943667 10.
  10.         10.         10.        ]
 [10.         10.          4.97948295 10.         10.          1.33854031
   0.36996231 10.         10.        ]]
positive support: [2.39826576e-10 2.56946916e-10 8.78367014e-10 2.48315620e-10
 8.09763799e-10 4.98194372e-01 4.85451858e-09 5.01805606e-01
 2.36350819e-08]
classifires probs: [-5.98679101e-11 -6.03816016e-11 -7.33096810e-11  1.08409380e-02
 -6.69168178e-11  2.96327804e-01  8.93605322e-03 -7.04147728e-11
 -7.26419568e-11  4.90964688e-01  1.92930517e-01]
BR point: [ 8.03627578  0.05948007 10.        ]
BR value: 6.031918615739701
BR point: [ 8.03627578  0.05948007 10.        ]
BR value: 6.031918615739701
Points utilities = [[-5.98679101e-10  9.53594287e-02  2.46737177e+00  8.41666707e-02
   2.36545819e+00  3.54358024e+00  3.45634337e+00  3.54358024e+00
   3.48967645e+00]]
new point utility = 6.031918615739701
new point = [ 8.03627578  0.05948007 10.        ]
point added
3
classifier utilities = 3.5435802615910883
new classifier utility = [0.]
new classifier is better = True
classifier utilities = 3.5435802615910883
new classifier utility = [0.]
new classifier is better = True
classifier utilities = [7.08716055 7.08716054 7.08716054 3.5435803  7.08716053 3.54358028
 3.54358043 7.08716054 7.08716057 3.54358026 3.54358026]
new classifier utility = [6.05958038e-09]
classifier added
classifires probs: [-5.98679101e-11 -6.03816016e-11 -7.33096810e-11  1.08409380e-02
 -6.69168178e-11  2.96327804e-01  8.93605322e-03 -7.04147728e-11
 -7.26419568e-11  4.90964688e-01  1.92930517e-01]
____iterstion: 14
positive data: [[10.          6.38870279 10.          3.29134447 10.         10.
  10.          1.18497717  0.49769928  8.03627578]
 [10.         10.         10.         10.          2.44943667 10.
  10.         10.         10.          0.05948007]
 [10.         10.          4.97948295 10.         10.          1.33854031
   0.36996231 10.         10.         10.        ]]
positive support: [9.28356641e-10 3.95400528e-09 3.12585095e-09 1.89671655e-08
 2.29761535e-01 2.41723039e-01 1.44414552e-08 2.43475205e-01
 2.21572083e-08 2.85040184e-01]
classifires probs: [-6.34532280e-10 -4.73085995e-10 -5.11807659e-10 -6.74872808e-10
 -5.48498684e-10 -4.30692465e-10  2.60140882e-11  3.25107986e-01
  1.04811680e-01  5.70307979e-02  5.35264494e-02  4.59523089e-01]
BR point: [10.          4.16181485  4.96989566]
BR value: 6.013537934256171
BR point: [10.          4.16181485  4.96989566]
BR value: 6.013537934256171
Points utilities = [[-6.34532280e-09  2.85972599e+00  2.70700978e+00  3.33780233e+00
   3.43867814e+00  3.43867813e+00  3.28259303e+00  3.43867814e+00
   3.32712137e+00  3.43867813e+00]]
new point utility = 6.013537934256171
new point = [10.          4.16181485  4.96989566]
point added
3
classifier utilities = 3.438678176946379
new classifier utility = [0.]
new classifier is better = True
classifier utilities = 3.438678176946379
new classifier utility = [0.]
new classifier is better = True
classifier utilities = [6.87735649 6.87735648 6.87735645 5.15801752 6.87735642 5.15801726
 5.15801743 3.43867828 3.43867824 3.43867823 3.43867823 3.43867818]
new classifier utility = [0.]
classifier added
classifires probs: [-6.34532280e-10 -4.73085995e-10 -5.11807659e-10 -6.74872808e-10
 -5.48498684e-10 -4.30692465e-10  2.60140882e-11  3.25107986e-01
  1.04811680e-01  5.70307979e-02  5.35264494e-02  4.59523089e-01]
____iterstion: 15
positive data: [[10.          6.38870279 10.          3.29134447 10.         10.
  10.          1.18497717  0.49769928  8.03627578 10.        ]
 [10.         10.         10.         10.          2.44943667 10.
  10.         10.         10.          0.05948007  4.16181485]
 [10.         10.          4.97948295 10.         10.          1.33854031
   0.36996231 10.         10.         10.          4.96989566]]
positive support: [0.25814117 0.07793001 0.06965025 0.06368587 0.04997034 0.04593989
 0.06071623 0.07484077 0.07072235 0.1257345  0.10266861]
classifires probs: [-6.83259970e-12 -3.30476118e-12 -4.93348101e-12 -5.06360424e-12
 -1.79964250e-12 -4.32928799e-12 -4.52399948e-12 -6.09072777e-12
  2.19875075e-12 -7.82361821e-12 -6.81046592e-12 -6.36841455e-12
  1.00000000e+00]
